This is pdfTeX, Version 3.14159265-2.6-1.40.21 (TeX Live 2020) (preloaded format=pdflatex 2021.3.22)  8 APR 2021 15:58
entering extended mode
 restricted \write18 enabled.
 %&-line parsing enabled.
**jacksontorres.tex
(./jacksontorres.tex
LaTeX2e <2020-10-01> patch level 4
L3 programming layer <2021-02-18> (./abntex2.cls
Document Class: abntex2 2018/11/24 v-1.9.7 abnTeX2
(/Users/jacksontorres/Library/TinyTeX/texmf-dist/tex/latex/base/ifthen.sty
Package: ifthen 2014/09/29 v1.1c Standard LaTeX ifthen package (DPC)
) (/Users/jacksontorres/Library/TinyTeX/texmf-dist/tex/latex/memoir/memoir.cls
Document Class: memoir 2021/03/23 v3.7o configurable book, report, article docu
ment class
\onelineskip=\skip47
\lxvchars=\skip48
\xlvchars=\skip49
\@memcnta=\count179
\c@@memmarkcntra=\count180
(/Users/jacksontorres/Library/TinyTeX/texmf-dist/tex/generic/iftex/iftex.sty
Package: iftex 2020/03/06 v1.0d TeX engine tests
)
\stockheight=\skip50
\stockwidth=\skip51
\trimtop=\skip52
\trimedge=\skip53
(/Users/jacksontorres/Library/TinyTeX/texmf-dist/tex/latex/memoir/mem12.clo
File: mem12.clo 2010/10/19 v0.4b memoir class 12pt size option
)
\binding=\skip54
\spinemargin=\skip55
\foremargin=\skip56
\uppermargin=\skip57
\lowermargin=\skip58
\headdrop=\skip59
\normalrulethickness=\skip60
\mem@maxheadheight=\skip61
\mem@maxfootheight=\skip62
\headwidth=\skip63
\c@storedpagenumber=\count181
\memPD=\dimen138
\m@mabparskip=\skip64
\thanksmarkwidth=\skip65
\thanksmarksep=\skip66
\droptitle=\skip67
\c@book=\count182
\c@part=\count183
\c@chapter=\count184
\c@section=\count185
\c@subsection=\count186
\c@subsubsection=\count187
\c@paragraph=\count188
\c@subparagraph=\count189
\beforechapskip=\skip68
\midchapskip=\skip69
\afterchapskip=\skip70
\chapindent=\skip71
\bottomsectionskip=\skip72
\secindent=\skip73
\beforesecskip=\skip74
\aftersecskip=\skip75
\subsecindent=\skip76
\beforesubsecskip=\skip77
\aftersubsecskip=\skip78
\subsubsecindent=\skip79
\beforesubsubsecskip=\skip80
\aftersubsubsecskip=\skip81
\paraindent=\skip82
\beforeparaskip=\skip83
\afterparaskip=\skip84
\subparaindent=\skip85
\beforesubparaskip=\skip86
\aftersubparaskip=\skip87
\pfbreakskip=\skip88
\c@@ppsavesec=\count190
\c@@ppsaveapp=\count191
\ragrparindent=\dimen139
\everylistparindent=\dimen140
\parsepi=\skip89
\topsepi=\skip90
\itemsepi=\skip91
\parsepii=\skip92
\topsepii=\skip93
\topsepiii=\skip94
\itemsepii=\skip95
\itemsepiii=\skip96
\partopsepii=\skip97
\partopsepiii=\skip98
\m@msavetopsep=\skip99
\m@msavepartopsep=\skip100
\@enLab=\toks15
\abstitleskip=\skip101
\absleftindent=\skip102
\abs@leftindent=\dimen141
\absrightindent=\skip103
\absparindent=\skip104
\absparsep=\skip105
\c@vslineno=\count192
\c@poemline=\count193
\c@modulo@vs=\count194
\c@memfvsline=\count195
\vleftskip=\skip106
\vrightskip=\skip107
\stanzaskip=\skip108
\versewidth=\skip109
\vgap=\skip110
\vindent=\skip111
\vleftmargin=\dimen142
\c@verse=\count196
\c@chrsinstr=\count197
\beforepoemtitleskip=\skip112
\afterpoemtitleskip=\skip113
\c@poem=\count198
\beforePoemTitleskip=\skip114
\midPoemTitleskip=\skip115
\afterPoemTitleskip=\skip116
(/Users/jacksontorres/Library/TinyTeX/texmf-dist/tex/latex/tools/array.sty
Package: array 2020/10/01 v2.5c Tabular extension package (FMi)
\col@sep=\dimen143
\ar@mcellbox=\box47
\extrarowheight=\dimen144
\NC@list=\toks16
\extratabsurround=\skip117
\backup@length=\skip118
\ar@cellbox=\box48
) (/Users/jacksontorres/Library/TinyTeX/texmf-dist/tex/latex/tools/dcolumn.sty
Package: dcolumn 2014/10/28 v1.06 decimal alignment package (DPC)
) (/Users/jacksontorres/Library/TinyTeX/texmf-dist/tex/latex/tools/delarray.sty
Package: delarray 2014/10/28 v1.01 array delimiter package (DPC)
) (/Users/jacksontorres/Library/TinyTeX/texmf-dist/tex/latex/tools/tabularx.sty
Package: tabularx 2020/01/15 v2.11c `tabularx' package (DPC)
\TX@col@width=\dimen145
\TX@old@table=\dimen146
\TX@old@col=\dimen147
\TX@target=\dimen148
\TX@delta=\dimen149
\TX@cols=\count199
\TX@ftn=\toks17
)
\heavyrulewidth=\dimen150
\lightrulewidth=\dimen151
\cmidrulewidth=\dimen152
\belowrulesep=\dimen153
\belowbottomsep=\dimen154
\aboverulesep=\dimen155
\abovetopsep=\dimen156
\cmidrulesep=\dimen157
\cmidrulekern=\dimen158
\defaultaddspace=\dimen159
\@cmidla=\count266
\@cmidlb=\count267
\@aboverulesep=\dimen160
\@belowrulesep=\dimen161
\@thisruleclass=\count268
\@lastruleclass=\count269
\@thisrulewidth=\dimen162
\ctableftskip=\skip119
\ctabrightskip=\skip120
\abovecolumnspenalty=\count270
\@linestogo=\count271
\@cellstogo=\count272
\@cellsincolumn=\count273
\crtok=\toks18
\@mincolumnwidth=\dimen163
\c@newflo@tctr=\count274
\mem@margin@floatbox=\box49
\@contcwidth=\skip121
\@contindw=\skip122
\abovecaptionskip=\skip123
\belowcaptionskip=\skip124
\subfloattopskip=\skip125
\subfloatcapskip=\skip126
\subfloatcaptopadj=\skip127
\subfloatbottomskip=\skip128
\subfloatlabelskip=\skip129
\subfloatcapmargin=\dimen164
\c@@contsubnum=\count275
\m@mscap@capbox=\box50
\m@mscap@fbox=\box51
\sidecapsep=\dimen165
\sidecapwidth=\dimen166
\m@m@tempdima=\dimen167
\m@mscapraise=\dimen168
\sidecapraise=\dimen169
\m@mscapmainwidth=\dimen170
\m@mscaplkern=\dimen171
\beforeepigraphskip=\skip130
\afterepigraphskip=\skip131
\epigraphwidth=\skip132
\epigraphrule=\skip133
LaTeX Info: Redefining \em on input line 7650.
LaTeX Info: Redefining \emph on input line 7658.
\tocentryskip=\skip134
\tocbaseline=\skip135
\cftparskip=\skip136
\cftbeforebookskip=\skip137
\cftbookindent=\dimen172
\cftbooknumwidth=\dimen173
\cftbeforepartskip=\skip138
\cftpartindent=\skip139
\cftpartnumwidth=\skip140
\cftbeforechapterskip=\skip141
\cftchapterindent=\skip142
\cftchapternumwidth=\skip143
\cftbeforesectionskip=\skip144
\cftsectionindent=\skip145
\cftsectionnumwidth=\skip146
\cftbeforesubsectionskip=\skip147
\cftsubsectionindent=\skip148
\cftsubsectionnumwidth=\skip149
\cftbeforesubsubsectionskip=\skip150
\cftsubsubsectionindent=\skip151
\cftsubsubsectionnumwidth=\skip152
\cftbeforeparagraphskip=\skip153
\cftparagraphindent=\skip154
\cftparagraphnumwidth=\skip155
\cftbeforesubparagraphskip=\skip156
\cftsubparagraphindent=\skip157
\cftsubparagraphnumwidth=\skip158
\prechapterprecisshift=\dimen174
\c@maxsecnumdepth=\count276
\bibindent=\dimen175
\bibitemsep=\skip159
\indexcolsep=\skip160
\indexrule=\skip161
\indexmarkstyle=\toks19
\@indexbox=\insert252
\glossarycolsep=\dimen176
\glossaryrule=\dimen177
\sideparvshift=\skip162
\sideins=\insert251
\sidebartopsep=\skip163
\sidebarhsep=\skip164
\sidebarvsep=\skip165
\sidebarwidth=\skip166
\footmarkwidth=\skip167
\footmarksep=\skip168
\footparindent=\skip169
\footinsdim=\skip170
\footinsv@r=\insert250
\@mpfootinsv@r=\insert249
\m@m@k=\count277
\m@m@h=\dimen178
\m@mipn@skip=\skip171
\sidefootins=\insert248
\sidefootadjust=\skip172
\sidefootheight=\skip173
\sidefoothsep=\skip174
\sidefootvsep=\skip175
\sidefootwidth=\skip176
\m@mdownsf=\skip177
\c@sidefootnote=\count278
\sidefootmarkwidth=\skip178
\sidefootmarksep=\skip179
\sidefootparindent=\skip180
\c@pagenote=\count279
\c@pagenoteshadow=\count280
\mem@pn@lastkern=\skip181
\every@verbatim=\toks20
\afterevery@verbatim=\toks21
\verbatim@line=\toks22
\tab@position=\count281
\verbatim@in@stream=\read2
\verbatimindent=\skip182
\verbatim@out=\write3
\bvboxsep=\skip183
\c@memfbvline=\count282
\c@bvlinectr=\count283
\bvnumlength=\skip184
\fb@frw=\dimen179
\fb@frh=\dimen180
\FrameRule=\dimen181
\FrameSep=\dimen182
\c@cp@cntr=\count284
\c@ism@mctr=\count285
\c@xsm@mctr=\count286
\c@csm@mctr=\count287
\c@ksm@mctr=\count288
\c@xksm@mctr=\count289
\c@cksm@mctr=\count290
\c@msm@mctr=\count291
\c@xmsm@mctr=\count292
\c@cmsm@mctr=\count293
\c@bsm@mctr=\count294
\c@workm@mctr=\count295
\c@sheetsequence=\count296
\c@lastsheet=\count297
\c@lastpage=\count298

(/Users/jacksontorres/Library/TinyTeX/texmf-dist/tex/latex/textcase/textcase.st
y
Package: textcase 2019/09/14 v1.00 Text only upper/lower case changing (DPC)
)
\c@figure=\count299
\c@lofdepth=\count300
\cftbeforefigureskip=\skip185
\cftfigureindent=\skip186
\cftfigurenumwidth=\skip187
\c@table=\count301
\c@lotdepth=\count302
\cftbeforetableskip=\skip188
\cfttableindent=\skip189
\cfttablenumwidth=\skip190
Package abstract [2008/07/23] emulated by memoir.
Package appendix [2008/07/23] emulated by memoir.
Package booktabs [2016/05/16] emulated by memoir.
Package ccaption [2008/07/23] emulated by memoir.
Package changepage [2008/07/23] emulated by memoir.
Package chngcntr [2008/07/23] emulated by memoir.
Package chngpage [2008/07/23] emulated by memoir.
Package crop emulated by memoir.
Package enumerate [2008/07/23] emulated by memoir.
Package epigraph [2008/07/23] emulated by memoir.
Package ifmtarg [2008/07/23] emulated by memoir.
Package index [2008/07/23] emulated by memoir.
Package makeidx [2008/07/23] emulated by memoir.
Package moreverb [2008/07/23] emulated by memoir.
Package needspace [2008/07/23] emulated by memoir.
Package newfile [2008/07/23] emulated by memoir.
Package nextpage [2008/07/23] emulated by memoir.
Package pagenote [2008/07/23] emulated by memoir.
Package parskip [2008/07/23] emulated by memoir.
Package patchcmd [2008/07/23] emulated by memoir.
Package setspace [2008/07/23] emulated by memoir.
Package shortvrb [2008/07/23] emulated by memoir.
Package showidx [2008/07/23] emulated by memoir.
Package titleref [2008/07/23] emulated by memoir.
Package titling [2008/07/23] emulated by memoir.
Package tocbibind [2008/07/23] emulated by memoir.
Package tocloft [2008/07/23] emulated by memoir.
Package tocvsec2 [2008/07/23] emulated by memoir.
Package verbatim [2008/07/23] emulated by memoir.
Package verse [2008/07/23] emulated by memoir.
)
(/Users/jacksontorres/Library/TinyTeX/texmf-dist/tex/latex/hyperref/hyperref.st
y
Package: hyperref 2021-02-27 v7.00k Hypertext links for LaTeX

(/Users/jacksontorres/Library/TinyTeX/texmf-dist/tex/generic/ltxcmds/ltxcmds.st
y
Package: ltxcmds 2020-05-10 v1.25 LaTeX kernel commands for general use (HO)
)
(/Users/jacksontorres/Library/TinyTeX/texmf-dist/tex/generic/pdftexcmds/pdftexc
mds.sty
Package: pdftexcmds 2020-06-27 v0.33 Utility functions of pdfTeX for LuaTeX (HO
)

(/Users/jacksontorres/Library/TinyTeX/texmf-dist/tex/generic/infwarerr/infwarer
r.sty
Package: infwarerr 2019/12/03 v1.5 Providing info/warning/error messages (HO)
)
Package pdftexcmds Info: \pdf@primitive is available.
Package pdftexcmds Info: \pdf@ifprimitive is available.
Package pdftexcmds Info: \pdfdraftmode found.
) (/Users/jacksontorres/Library/TinyTeX/texmf-dist/tex/latex/graphics/keyval.st
y
Package: keyval 2014/10/28 v1.15 key=value parser (DPC)
\KV@toks@=\toks23
)
(/Users/jacksontorres/Library/TinyTeX/texmf-dist/tex/generic/kvsetkeys/kvsetkey
s.sty
Package: kvsetkeys 2019/12/15 v1.18 Key value parser (HO)
)
(/Users/jacksontorres/Library/TinyTeX/texmf-dist/tex/generic/kvdefinekeys/kvdef
inekeys.sty
Package: kvdefinekeys 2019-12-19 v1.6 Define keys (HO)
)
(/Users/jacksontorres/Library/TinyTeX/texmf-dist/tex/generic/pdfescape/pdfescap
e.sty
Package: pdfescape 2019/12/09 v1.15 Implements pdfTeX's escape features (HO)
) (/Users/jacksontorres/Library/TinyTeX/texmf-dist/tex/latex/hycolor/hycolor.st
y
Package: hycolor 2020-01-27 v1.10 Color options for hyperref/bookmark (HO)
)
(/Users/jacksontorres/Library/TinyTeX/texmf-dist/tex/latex/letltxmacro/letltxma
cro.sty
Package: letltxmacro 2019/12/03 v1.6 Let assignment for LaTeX macros (HO)
) (/Users/jacksontorres/Library/TinyTeX/texmf-dist/tex/latex/auxhook/auxhook.st
y
Package: auxhook 2019-12-17 v1.6 Hooks for auxiliary files (HO)
)
(/Users/jacksontorres/Library/TinyTeX/texmf-dist/tex/latex/kvoptions/kvoptions.
sty
Package: kvoptions 2020-10-07 v3.14 Key value format for package options (HO)
)
\@linkdim=\dimen183
\Hy@linkcounter=\count303
\Hy@pagecounter=\count304
(/Users/jacksontorres/Library/TinyTeX/texmf-dist/tex/latex/hyperref/pd1enc.def
File: pd1enc.def 2021-02-27 v7.00k Hyperref: PDFDocEncoding definition (HO)
Now handling font encoding PD1 ...
... no UTF-8 mapping file for font encoding PD1
)
(/Users/jacksontorres/Library/TinyTeX/texmf-dist/tex/latex/hyperref/hyperref-la
ngpatches.def
File: hyperref-langpatches.def 2021-02-27 v7.00k Hyperref: patches for babel la
nguages
)
(/Users/jacksontorres/Library/TinyTeX/texmf-dist/tex/generic/intcalc/intcalc.st
y
Package: intcalc 2019/12/15 v1.3 Expandable calculations with integers (HO)
)
(/Users/jacksontorres/Library/TinyTeX/texmf-dist/tex/generic/etexcmds/etexcmds.
sty
Package: etexcmds 2019/12/15 v1.7 Avoid name clashes with e-TeX commands (HO)
)
\Hy@SavedSpaceFactor=\count305
(/Users/jacksontorres/Library/TinyTeX/texmf-dist/tex/latex/hyperref/puenc.def
File: puenc.def 2021-02-27 v7.00k Hyperref: PDF Unicode definition (HO)
Now handling font encoding PU ...
... no UTF-8 mapping file for font encoding PU
)
Package hyperref Info: Option `unicode' set `true' on input line 4073.
Package hyperref Info: Hyper figures OFF on input line 4192.
Package hyperref Info: Link nesting OFF on input line 4197.
Package hyperref Info: Hyper index ON on input line 4200.
Package hyperref Info: Plain pages OFF on input line 4207.
Package hyperref Info: Backreferencing OFF on input line 4212.
Package hyperref Info: Implicit mode ON; LaTeX internals redefined.
Package hyperref Info: Bookmarks ON on input line 4445.
\c@Hy@tempcnt=\count306
(/Users/jacksontorres/Library/TinyTeX/texmf-dist/tex/latex/url/url.sty
\Urlmuskip=\muskip16
Package: url 2013/09/16  ver 3.4  Verb mode for urls, etc.
)
LaTeX Info: Redefining \url on input line 4804.
\XeTeXLinkMargin=\dimen184
(/Users/jacksontorres/Library/TinyTeX/texmf-dist/tex/generic/bitset/bitset.sty
Package: bitset 2019/12/09 v1.3 Handle bit-vector datatype (HO)

(/Users/jacksontorres/Library/TinyTeX/texmf-dist/tex/generic/bigintcalc/bigintc
alc.sty
Package: bigintcalc 2019/12/15 v1.5 Expandable calculations on big integers (HO
)
))
\Fld@menulength=\count307
\Field@Width=\dimen185
\Fld@charsize=\dimen186
Package hyperref Info: Hyper figures OFF on input line 6075.
Package hyperref Info: Link nesting OFF on input line 6080.
Package hyperref Info: Hyper index ON on input line 6083.
Package hyperref Info: backreferencing OFF on input line 6090.
Package hyperref Info: Link coloring OFF on input line 6095.
Package hyperref Info: Link coloring with OCG OFF on input line 6100.
Package hyperref Info: PDF/A mode OFF on input line 6105.
LaTeX Info: Redefining \ref on input line 6145.
LaTeX Info: Redefining \pageref on input line 6149.

(/Users/jacksontorres/Library/TinyTeX/texmf-dist/tex/latex/base/atbegshi-ltx.st
y
Package: atbegshi-ltx 2020/08/17 v1.0a Emulation of the original atbegshi packa
ge
with kernel methods
)
\Hy@abspage=\count308
\c@Item=\count309
\c@Hfootnote=\count310
) (/Users/jacksontorres/Library/TinyTeX/texmf-dist/tex/latex/memoir/memhfixc.st
y
Package: memhfixc 2019/10/24 v1.18 nameref/hyperref package fixes for memoir cl
ass
\c@memhycontfloat=\count311
\c@Hpagenote=\count312
)
Package hyperref Info: Driver (autodetected): hpdftex.

(/Users/jacksontorres/Library/TinyTeX/texmf-dist/tex/latex/hyperref/hpdftex.def
File: hpdftex.def 2021-02-27 v7.00k Hyperref driver for pdfTeX

(/Users/jacksontorres/Library/TinyTeX/texmf-dist/tex/latex/base/atveryend-ltx.s
ty
Package: atveryend-ltx 2020/08/19 v1.0a Emulation of the original atvery packag
e
with kernel methods
)
\Fld@listcount=\count313
\c@bookmark@seq@number=\count314

(/Users/jacksontorres/Library/TinyTeX/texmf-dist/tex/latex/rerunfilecheck/rerun
filecheck.sty
Package: rerunfilecheck 2019/12/05 v1.9 Rerun checks for auxiliary files (HO)

(/Users/jacksontorres/Library/TinyTeX/texmf-dist/tex/generic/uniquecounter/uniq
uecounter.sty
Package: uniquecounter 2019/12/15 v1.4 Provide unlimited unique counter (HO)
)
Package uniquecounter Info: New unique counter `rerunfilecheck' on input line 2
86.
)
\Hy@SectionHShift=\skip191
)
(/Users/jacksontorres/Library/TinyTeX/texmf-dist/tex/latex/bookmark/bookmark.st
y
Package: bookmark 2020-11-06 v1.29 PDF bookmarks (HO)

(/Users/jacksontorres/Library/TinyTeX/texmf-dist/tex/latex/bookmark/bkm-pdftex.
def
File: bkm-pdftex.def 2020-11-06 v1.29 bookmark driver for pdfTeX (HO)
\BKM@id=\count315
)) (/Users/jacksontorres/Library/TinyTeX/texmf-dist/tex/generic/babel/babel.sty
Package: babel 2021/03/03 3.55 The Babel package
(/Users/jacksontorres/Library/TinyTeX/texmf-dist/tex/generic/babel/babel.def
File: babel.def 2021/03/03 3.55 Babel common definitions
\babel@savecnt=\count316
\U@D=\dimen187
\l@babelnohyphens=\language6

(/Users/jacksontorres/Library/TinyTeX/texmf-dist/tex/generic/babel/txtbabel.def
)
\bbl@readstream=\read3
)
\bbl@dirlevel=\count317

(/Users/jacksontorres/Library/TinyTeX/texmf-dist/tex/generic/babel-english/engl
ish.ldf
Language: english 2017/06/06 v3.3r English support from the babel system
Package babel Info: \l@british = using hyphenrules for english
(babel)             (\language0) on input line 82.
Package babel Info: \l@UKenglish = using hyphenrules for english
(babel)             (\language0) on input line 83.
Package babel Info: \l@canadian = using hyphenrules for english
(babel)             (\language0) on input line 102.
Package babel Info: \l@australian = using hyphenrules for english
(babel)             (\language0) on input line 105.
Package babel Info: \l@newzealand = using hyphenrules for english
(babel)             (\language0) on input line 108.
)
(/Users/jacksontorres/Library/TinyTeX/texmf-dist/tex/generic/babel-portuges/bra
zil.ldf
Language: portuges 2021/02/04 v1.2s Portuguese support from the babel system
Package babel Info: \l@brazil = using hyphenrules for portuguese
(babel)             (\language4) on input line 111.
Package babel Info: Making " an active character on input line 143.
))
(/Users/jacksontorres/Library/TinyTeX/texmf-dist/tex/latex/enumitem/enumitem.st
y
Package: enumitem 2019/06/20 v3.9 Customized lists
\labelindent=\skip192
\enit@outerparindent=\dimen188
\enit@toks=\toks24
\enit@inbox=\box52
\enit@count@id=\count318
\enitdp@description=\count319
) (/Users/jacksontorres/Library/TinyTeX/texmf-dist/tex/latex/tools/calc.sty
Package: calc 2017/05/25 v4.3 Infix arithmetic (KKT,FJ)
\calc@Acount=\count320
\calc@Bcount=\count321
\calc@Adimen=\dimen189
\calc@Bdimen=\dimen190
\calc@Askip=\skip193
\calc@Bskip=\skip194
LaTeX Info: Redefining \setlength on input line 80.
LaTeX Info: Redefining \addtolength on input line 81.
\calc@Ccount=\count322
\calc@Cskip=\skip195
)

******************************************************
Stock height and width: 845.04684pt by 597.50787pt
Top and edge trims: 0pt and 0pt
Page height and width: 845.04684pt by 597.50787pt
Text height and width: 708pt by 455pt
Spine and edge margins: 85.35826pt and 56.9055pt
Upper and lower margins: 85.35826pt and 51.68858pt
Headheight and headsep: 14.5pt and 19.8738pt
Footskip: 30pt
Columnsep and columnseprule: 10pt and 0pt
Marginparsep and marginparwidth: 7pt and 42.9055pt
Sidecapsep and sidecapwidth: 7pt and 42pt
Sidebarhsep and sidebarwidth: 7pt and 42pt
Sidebarvsep and sidebartopsep: 14.5pt and 0pt
Sidebarheight: 590.14995pt
Sidefoothsep and sidefootwidth: 7pt and 42pt
Sidefootvsep and sidefootheight: 14.5pt and 590.14995pt
******************************************************

\c@abntex@bookmarkcounter=\count323
\cftlastnumwidth=\skip196
\chapternamenumlength=\skip197
\ABNTEXcitacaorecuo=\skip198
\c@alineasi=\count324
\c@alineasii=\count325
\enitdp@alineas=\count326
\c@subalineasi=\count327
\enitdp@subalineas=\count328
\c@incisosi=\count329
\enitdp@incisos=\count330
\ABNTEXsignwidth=\skip199
\ABNTEXsignthickness=\skip256
\ABNTEXsignskip=\skip257

(/Users/jacksontorres/Library/TinyTeX/texmf-dist/tex/latex/datatool/datatool.st
y
Package: datatool 2019/09/27 v2.32 (NLCT)
(/Users/jacksontorres/Library/TinyTeX/texmf-dist/tex/latex/xkeyval/xkeyval.sty
Package: xkeyval 2020/11/20 v2.8 package option processing (HA)

(/Users/jacksontorres/Library/TinyTeX/texmf-dist/tex/generic/xkeyval/xkeyval.te
x
(/Users/jacksontorres/Library/TinyTeX/texmf-dist/tex/generic/xkeyval/xkvutils.t
ex
\XKV@toks=\toks25
\XKV@tempa@toks=\toks26
)
\XKV@depth=\count331
File: xkeyval.tex 2014/12/03 v2.7a key=value parser (HA)
)) (/Users/jacksontorres/Library/TinyTeX/texmf-dist/tex/latex/xfor/xfor.sty
Package: xfor 2009/02/05 v1.05 (NLCT)
) (/Users/jacksontorres/Library/TinyTeX/texmf-dist/tex/latex/substr/substr.sty
Package: substr 2009/10/20 v1.2 Handle substrings
\c@su@anzahl=\count332
)
(/Users/jacksontorres/Library/TinyTeX/texmf-dist/tex/latex/etoolbox/etoolbox.st
y
Package: etoolbox 2020/10/05 v2.5k e-TeX tools for LaTeX (JAW)
\etb@tempcnta=\count333
)
(/Users/jacksontorres/Library/TinyTeX/texmf-dist/tex/latex/datatool/datatool-ba
se.sty
Package: datatool-base 2019/09/27 v2.32 (NLCT)
(/Users/jacksontorres/Library/TinyTeX/texmf-dist/tex/latex/amsmath/amsmath.sty
Package: amsmath 2020/09/23 v2.17i AMS math features
\@mathmargin=\skip258
For additional information on amsmath, use the `?' option.
(/Users/jacksontorres/Library/TinyTeX/texmf-dist/tex/latex/amsmath/amstext.sty
Package: amstext 2000/06/29 v2.01 AMS text
(/Users/jacksontorres/Library/TinyTeX/texmf-dist/tex/latex/amsmath/amsgen.sty
File: amsgen.sty 1999/11/30 v2.0 generic functions
\@emptytoks=\toks27
\ex@=\dimen191
)) (/Users/jacksontorres/Library/TinyTeX/texmf-dist/tex/latex/amsmath/amsbsy.st
y
Package: amsbsy 1999/11/29 v1.2d Bold Symbols
\pmbraise@=\dimen192
) (/Users/jacksontorres/Library/TinyTeX/texmf-dist/tex/latex/amsmath/amsopn.sty
Package: amsopn 2016/03/08 v2.02 operator names
)
\inf@bad=\count334
LaTeX Info: Redefining \frac on input line 234.
\uproot@=\count335
\leftroot@=\count336
LaTeX Info: Redefining \overline on input line 399.
\classnum@=\count337
\DOTSCASE@=\count338
LaTeX Info: Redefining \ldots on input line 496.
LaTeX Info: Redefining \dots on input line 499.
LaTeX Info: Redefining \cdots on input line 620.
\Mathstrutbox@=\box53
\strutbox@=\box54
\big@size=\dimen193
LaTeX Font Info:    Redeclaring font encoding OML on input line 743.
LaTeX Font Info:    Redeclaring font encoding OMS on input line 744.
\macc@depth=\count339
\c@MaxMatrixCols=\count340
\dotsspace@=\muskip17
\c@parentequation=\count341
\dspbrk@lvl=\count342
\tag@help=\toks28
\row@=\count343
\column@=\count344
\maxfields@=\count345
\andhelp@=\toks29
\eqnshift@=\dimen194
\alignsep@=\dimen195
\tagshift@=\dimen196
\tagwidth@=\dimen197
\totwidth@=\dimen198
\lineht@=\dimen199
\@envbody=\toks30
\multlinegap=\skip259
\multlinetaggap=\skip260
\mathdisplay@stack=\toks31
LaTeX Info: Redefining \[ on input line 2923.
LaTeX Info: Redefining \] on input line 2924.
)
(/Users/jacksontorres/Library/TinyTeX/texmf-dist/tex/latex/datatool/datatool-fp
.sty
Package: datatool-fp 2019/09/27 v2.32 (NLCT)
(/Users/jacksontorres/Library/TinyTeX/texmf-dist/tex/latex/fp/fp.sty
Package: fp 1995/04/02
`Fixed Point Package', Version 0.8, April 2, 1995 (C) Michael Mehlich (/Users/j
acksontorres/Library/TinyTeX/texmf-dist/tex/latex/fp/defpattern.sty
Package: defpattern 1994/10/12
\actioncount=\count346
) (/Users/jacksontorres/Library/TinyTeX/texmf-dist/tex/latex/fp/fp-basic.sty
Package: fp-basic 1996/05/13
\FP@xs=\count347
\FP@xia=\count348
\FP@xib=\count349
\FP@xfa=\count350
\FP@xfb=\count351
\FP@rega=\count352
\FP@regb=\count353
\FP@regs=\count354
\FP@times=\count355
) (/Users/jacksontorres/Library/TinyTeX/texmf-dist/tex/latex/fp/fp-addons.sty
Package: fp-addons 1995/03/15
) (/Users/jacksontorres/Library/TinyTeX/texmf-dist/tex/latex/fp/fp-snap.sty
Package: fp-snap 1995/04/05
) (/Users/jacksontorres/Library/TinyTeX/texmf-dist/tex/latex/fp/fp-exp.sty
Package: fp-exp 1995/04/03
) (/Users/jacksontorres/Library/TinyTeX/texmf-dist/tex/latex/fp/fp-trigo.sty
Package: fp-trigo 1995/04/14
) (/Users/jacksontorres/Library/TinyTeX/texmf-dist/tex/latex/fp/fp-pas.sty
Package: fp-pas 1994/08/29
) (/Users/jacksontorres/Library/TinyTeX/texmf-dist/tex/latex/fp/fp-random.sty
Package: fp-random 1995/02/23
\FPseed=\count356
) (/Users/jacksontorres/Library/TinyTeX/texmf-dist/tex/latex/fp/fp-eqn.sty
Package: fp-eqn 1995/04/03
) (/Users/jacksontorres/Library/TinyTeX/texmf-dist/tex/latex/fp/fp-upn.sty
Package: fp-upn 1996/10/21
) (/Users/jacksontorres/Library/TinyTeX/texmf-dist/tex/latex/fp/fp-eval.sty
Package: fp-eval 1995/04/03
)))
\@dtl@toks=\toks32
\@dtl@tmpcount=\count357
\dtl@tmplength=\skip261
\dtl@sortresult=\count358
\@dtl@numgrpsepcount=\count359
\@dtl@datatype=\count360
\dtl@codeA=\count361
\dtl@codeB=\count362
\@dtl@foreach@level=\count363
)
\dtlcolumnnum=\count364
\dtlrownum=\count365
\@dtl@before=\toks33
\@dtl@after=\toks34
\@dtl@colhead=\toks35
\dtlcurrentrow=\toks36
\dtlbeforerow=\toks37
\dtlafterrow=\toks38
\dtlforeachlevel=\count366
\c@DTLrowi=\count367
\c@DTLrowii=\count368
\c@DTLrowiii=\count369
\c@DTLrow=\count370
\dtl@rowi=\count371
\dtl@rowii=\count372
\dtl@rowiii=\count373
\@dtl@curi=\toks39
\@dtl@previ=\toks40
\@dtl@nexti=\toks41
\@dtl@curii=\toks42
\@dtl@previi=\toks43
\@dtl@nextii=\toks44
\@dtl@curiii=\toks45
\@dtl@previii=\toks46
\@dtl@nextiii=\toks47
\@dtl@elements=\count374
\@dtl@list=\toks48
\@dtl@rowa=\toks49
\@dtl@rowb=\toks50
\@dtl@toksA=\toks51
\@dtl@toksB=\toks52
\@dtl@write=\write4
\@dtl@read=\read4
\dtl@entrycr=\count375
\dtl@omitlines=\count376
)
(/Users/jacksontorres/Library/TinyTeX/texmf-dist/tex/latex/wallpaper/wallpaper.
sty
Package: wallpaper 2005/01/18, v1.01 easy wallpaper formatting (MHFW)
(/Users/jacksontorres/Library/TinyTeX/texmf-dist/tex/latex/eso-pic/eso-pic.sty
Package: eso-pic 2020/10/14 v3.0a eso-pic (RN)
\ESO@tempdima=\dimen256
\ESO@tempdimb=\dimen257
(/Users/jacksontorres/Library/TinyTeX/texmf-dist/tex/latex/xcolor/xcolor.sty
Package: xcolor 2016/05/11 v2.12 LaTeX color extensions (UK)

(/Users/jacksontorres/Library/TinyTeX/texmf-dist/tex/latex/graphics-cfg/color.c
fg
File: color.cfg 2016/01/02 v1.6 sample color configuration
)
Package xcolor Info: Driver file: pdftex.def on input line 225.

(/Users/jacksontorres/Library/TinyTeX/texmf-dist/tex/latex/graphics-def/pdftex.
def
File: pdftex.def 2020/10/05 v1.2a Graphics/color driver for pdftex
)
Package xcolor Info: Model `cmy' substituted by `cmy0' on input line 1348.
Package xcolor Info: Model `hsb' substituted by `rgb' on input line 1352.
Package xcolor Info: Model `RGB' extended on input line 1364.
Package xcolor Info: Model `HTML' substituted by `rgb' on input line 1366.
Package xcolor Info: Model `Hsb' substituted by `hsb' on input line 1367.
Package xcolor Info: Model `tHsb' substituted by `hsb' on input line 1368.
Package xcolor Info: Model `HSB' substituted by `hsb' on input line 1369.
Package xcolor Info: Model `Gray' substituted by `gray' on input line 1370.
Package xcolor Info: Model `wave' substituted by `hsb' on input line 1371.
))
(/Users/jacksontorres/Library/TinyTeX/texmf-dist/tex/latex/graphics/graphicx.st
y
Package: graphicx 2020/09/09 v1.2b Enhanced LaTeX Graphics (DPC,SPQR)

(/Users/jacksontorres/Library/TinyTeX/texmf-dist/tex/latex/graphics/graphics.st
y
Package: graphics 2020/08/30 v1.4c Standard LaTeX Graphics (DPC,SPQR)
(/Users/jacksontorres/Library/TinyTeX/texmf-dist/tex/latex/graphics/trig.sty
Package: trig 2016/01/03 v1.10 sin cos tan (DPC)
)
(/Users/jacksontorres/Library/TinyTeX/texmf-dist/tex/latex/graphics-cfg/graphic
s.cfg
File: graphics.cfg 2016/06/04 v1.11 sample graphics configuration
)
Package graphics Info: Driver file: pdftex.def on input line 105.
)
\Gin@req@height=\dimen258
\Gin@req@width=\dimen259
)
\wpXoffset=\skip262
\wpYoffset=\skip263
\tileXoffset=\skip264
\tileYoffset=\skip265
\tilewidth=\skip266
\tileheight=\skip267
\tileX=\skip268
\tileY=\skip269
)
Package hyperref Info: Option `colorlinks' set `true' on input line 1634.
\mybox=\box55
\myboxlen=\skip270

(/Users/jacksontorres/Library/TinyTeX/texmf-dist/tex/latex/titlesec/titlesec.st
y
Package: titlesec 2019/10/16 v2.13 Sectioning titles
\ttl@box=\box56
\beforetitleunit=\skip271
\aftertitleunit=\skip272
\ttl@plus=\dimen260
\ttl@minus=\dimen261
\ttl@toksa=\toks53
\titlewidth=\dimen262
\titlewidthlast=\dimen263
\titlewidthfirst=\dimen264
)
\c@qdr=\count377
\c@loqdepth=\count378
\cftbeforeqdrskip=\skip273
\cftqdrindent=\skip274
\cftqdrnumwidth=\skip275
\c@grafico=\count379
\c@loqgdepth=\count380
\cftbeforegraficoskip=\skip276
\cftgraficoindent=\skip277
\cftgraficonumwidth=\skip278
)
(/Users/jacksontorres/Library/TinyTeX/texmf-dist/tex/latex/amsfonts/amssymb.sty
Package: amssymb 2013/01/14 v3.01 AMS font symbols

(/Users/jacksontorres/Library/TinyTeX/texmf-dist/tex/latex/amsfonts/amsfonts.st
y
Package: amsfonts 2013/01/14 v3.01 Basic AMSFonts support
\symAMSa=\mathgroup4
\symAMSb=\mathgroup5
LaTeX Font Info:    Redeclaring math symbol \hbar on input line 98.
LaTeX Font Info:    Overwriting math alphabet `\mathfrak' in version `bold'
(Font)                  U/euf/m/n --> U/euf/b/n on input line 106.
)) (/Users/jacksontorres/Library/TinyTeX/texmf-dist/tex/latex/lm/lmodern.sty
Package: lmodern 2009/10/30 v1.6 Latin Modern Fonts
LaTeX Font Info:    Overwriting symbol font `operators' in version `normal'
(Font)                  OT1/cmr/m/n --> OT1/lmr/m/n on input line 22.
LaTeX Font Info:    Overwriting symbol font `letters' in version `normal'
(Font)                  OML/cmm/m/it --> OML/lmm/m/it on input line 23.
LaTeX Font Info:    Overwriting symbol font `symbols' in version `normal'
(Font)                  OMS/cmsy/m/n --> OMS/lmsy/m/n on input line 24.
LaTeX Font Info:    Overwriting symbol font `largesymbols' in version `normal'
(Font)                  OMX/cmex/m/n --> OMX/lmex/m/n on input line 25.
LaTeX Font Info:    Overwriting symbol font `operators' in version `bold'
(Font)                  OT1/cmr/bx/n --> OT1/lmr/bx/n on input line 26.
LaTeX Font Info:    Overwriting symbol font `letters' in version `bold'
(Font)                  OML/cmm/b/it --> OML/lmm/b/it on input line 27.
LaTeX Font Info:    Overwriting symbol font `symbols' in version `bold'
(Font)                  OMS/cmsy/b/n --> OMS/lmsy/b/n on input line 28.
LaTeX Font Info:    Overwriting symbol font `largesymbols' in version `bold'
(Font)                  OMX/cmex/m/n --> OMX/lmex/m/n on input line 29.
LaTeX Font Info:    Overwriting math alphabet `\mathbf' in version `normal'
(Font)                  OT1/cmr/bx/n --> OT1/lmr/bx/n on input line 31.
LaTeX Font Info:    Overwriting math alphabet `\mathsf' in version `normal'
(Font)                  OT1/cmss/m/n --> OT1/lmss/m/n on input line 32.
LaTeX Font Info:    Overwriting math alphabet `\mathit' in version `normal'
(Font)                  OT1/cmr/m/it --> OT1/lmr/m/it on input line 33.
LaTeX Font Info:    Overwriting math alphabet `\mathtt' in version `normal'
(Font)                  OT1/cmtt/m/n --> OT1/lmtt/m/n on input line 34.
LaTeX Font Info:    Overwriting math alphabet `\mathbf' in version `bold'
(Font)                  OT1/cmr/bx/n --> OT1/lmr/bx/n on input line 35.
LaTeX Font Info:    Overwriting math alphabet `\mathsf' in version `bold'
(Font)                  OT1/cmss/bx/n --> OT1/lmss/bx/n on input line 36.
LaTeX Font Info:    Overwriting math alphabet `\mathit' in version `bold'
(Font)                  OT1/cmr/bx/it --> OT1/lmr/bx/it on input line 37.
LaTeX Font Info:    Overwriting math alphabet `\mathtt' in version `bold'
(Font)                  OT1/cmtt/m/n --> OT1/lmtt/m/n on input line 38.
) (/Users/jacksontorres/Library/TinyTeX/texmf-dist/tex/latex/base/fontenc.sty
Package: fontenc 2020/08/10 v2.0s Standard LaTeX package
LaTeX Font Info:    Trying to load font information for T1+lmr on input line 11
2.
(/Users/jacksontorres/Library/TinyTeX/texmf-dist/tex/latex/lm/t1lmr.fd
File: t1lmr.fd 2009/10/30 v1.6 Font defs for Latin Modern
)) (/Users/jacksontorres/Library/TinyTeX/texmf-dist/tex/latex/base/inputenc.sty
Package: inputenc 2020/08/01 v1.3d Input encoding file
\inpenc@prehook=\toks54
\inpenc@posthook=\toks55
) (/Users/jacksontorres/Library/TinyTeX/texmf-dist/tex/latex/base/textcomp.sty
Package: textcomp 2020/02/02 v2.0n Standard LaTeX package
) (/Users/jacksontorres/Library/TinyTeX/texmf-dist/tex/latex/upquote/upquote.st
y
Package: upquote 2012/04/19 v1.3 upright-quote and grave-accent glyphs in verba
tim
)
(/Users/jacksontorres/Library/TinyTeX/texmf-dist/tex/latex/microtype/microtype.
sty
Package: microtype 2021/03/14 v2.8c Micro-typographical refinements (RS)
\MT@toks=\toks56
\MT@count=\count381
LaTeX Info: Redefining \textls on input line 790.
\MT@outer@kern=\dimen265
LaTeX Info: Redefining \textmicrotypecontext on input line 1374.
\MT@listname@count=\count382

(/Users/jacksontorres/Library/TinyTeX/texmf-dist/tex/latex/microtype/microtype-
pdftex.def
File: microtype-pdftex.def 2021/03/14 v2.8c Definitions specific to pdftex (RS)

LaTeX Info: Redefining \lsstyle on input line 915.
LaTeX Info: Redefining \lslig on input line 915.
\MT@outer@space=\skip279
)
Package microtype Info: Loading configuration file microtype.cfg.

(/Users/jacksontorres/Library/TinyTeX/texmf-dist/tex/latex/microtype/microtype.
cfg
File: microtype.cfg 2021/03/14 v2.8c microtype main configuration file (RS)
)) (/Users/jacksontorres/Library/TinyTeX/texmf-dist/tex/latex/tools/longtable.s
ty
Package: longtable 2020/01/07 v4.13 Multi-page Table package (DPC)
\LTleft=\skip280
\LTright=\skip281
\LTpre=\skip282
\LTpost=\skip283
\LTchunksize=\count383
\LTcapwidth=\dimen266
\LT@head=\box57
\LT@firsthead=\box58
\LT@foot=\box59
\LT@lastfoot=\box60
\LT@cols=\count384
\LT@rows=\count385
\c@LT@tables=\count386
\c@LT@chunks=\count387
\LT@p@ftn=\toks57
)
(/Users/jacksontorres/Library/TinyTeX/texmf-dist/tex/latex/mdwtools/footnote.st
y
Package: footnote 1997/01/28 1.13 Save footnotes around boxes
\fn@notes=\box61
\fn@width=\dimen267
) (./09-packages/00-pacotes.tex
(/Users/jacksontorres/Library/TinyTeX/texmf-dist/tex/latex/csquotes/csquotes.st
y
Package: csquotes 2021-02-22 v5.2l context-sensitive quotations (JAW)
\csq@reset=\count388
\csq@gtype=\count389
\csq@glevel=\count390
\csq@qlevel=\count391
\csq@maxlvl=\count392
\csq@tshold=\count393
\csq@ltx@everypar=\toks58

(/Users/jacksontorres/Library/TinyTeX/texmf-dist/tex/latex/csquotes/csquotes.de
f
File: csquotes.def 2021-02-22 v5.2l csquotes generic definitions (JAW)
)
Package csquotes Info: Trying to load configuration file 'csquotes.cfg'...
Package csquotes Info: ... configuration file loaded successfully.

(/Users/jacksontorres/Library/TinyTeX/texmf-dist/tex/latex/csquotes/csquotes.cf
g
File: csquotes.cfg 
)) (/Users/jacksontorres/Library/TinyTeX/texmf-dist/tex/latex/base/fontenc.sty
Package: fontenc 2020/08/10 v2.0s Standard LaTeX package
)
(/Users/jacksontorres/Library/TinyTeX/texmf-dist/tex/latex/lastpage/lastpage.st
y
Package: lastpage 2015/03/29 v1.2m Refers to last page's name (HMM; JPG)
)
(/Users/jacksontorres/Library/TinyTeX/texmf-dist/tex/latex/tools/indentfirst.st
y
Package: indentfirst 1995/11/23 v1.03 Indent first paragraph (DPC)
)
(/Users/jacksontorres/Library/TinyTeX/texmf-dist/tex/latex/pdfpages/pdfpages.st
y
Package: pdfpages 2021/03/06 v0.5t Insert pages of external PDF documents (AM)
\AM@pagewidth=\dimen268
\AM@pageheight=\dimen269
\AM@fboxrule=\dimen270

(/Users/jacksontorres/Library/TinyTeX/texmf-dist/tex/latex/pdfpages/pppdftex.de
f
File: pppdftex.def 2021/03/06 v0.5t Pdfpages driver for pdfTeX (AM)
)
\pdfpages@includegraphics@status=\count394
\AM@pagebox=\box62
\AM@global@opts=\toks59
\AM@pagecnt=\count395
\AM@toc@title=\toks60
\c@AM@survey=\count396
\AM@templatesizebox=\box63
) (/Users/jacksontorres/Library/TinyTeX/texmf-dist/tex/latex/lipsum/lipsum.sty 
(/Users/jacksontorres/Library/TinyTeX/texmf-dist/tex/latex/l3kernel/expl3.sty
Package: expl3 2021-02-18 L3 programming layer (loader) 

(/Users/jacksontorres/Library/TinyTeX/texmf-dist/tex/latex/l3backend/l3backend-
pdftex.def
File: l3backend-pdftex.def 2021-03-18 L3 backend support: PDF output (pdfTeX)
\l__color_backend_stack_int=\count397
\l__pdf_internal_box=\box64
))
(/Users/jacksontorres/Library/TinyTeX/texmf-dist/tex/latex/l3packages/xparse/xp
arse.sty
(/Users/jacksontorres/Library/TinyTeX/texmf-dist/tex/latex/l3packages/xparse/xp
arse-2020-10-01.sty
(/Users/jacksontorres/Library/TinyTeX/texmf-dist/tex/latex/l3packages/xparse/xp
arse-generic.tex)))
Package: lipsum 2021-03-03 v2.3 150 paragraphs of Lorem Ipsum dummy text

(/Users/jacksontorres/Library/TinyTeX/texmf-dist/tex/latex/lipsum/lipsum.ltd.te
x
File: lipsum.ltd.tex 2021-03-03 v2.3 The Lorem ipsum dummy text
)) (/Users/jacksontorres/Library/TinyTeX/texmf-dist/tex/latex/cancel/cancel.sty
Package: cancel 2013/04/12 v2.2 Cancel math terms
)
(/Users/jacksontorres/Library/TinyTeX/texmf-dist/tex/latex/smartdiagram/smartdi
agram.sty
Package: smartdiagram 2016/12/23 v0.3b Automatic creation of smart diagrams fro
m lists of items.

(/Users/jacksontorres/Library/TinyTeX/texmf-dist/tex/latex/pgf/frontendlayer/ti
kz.sty
(/Users/jacksontorres/Library/TinyTeX/texmf-dist/tex/latex/pgf/basiclayer/pgf.s
ty
(/Users/jacksontorres/Library/TinyTeX/texmf-dist/tex/latex/pgf/utilities/pgfrcs
.sty
(/Users/jacksontorres/Library/TinyTeX/texmf-dist/tex/generic/pgf/utilities/pgfu
til-common.tex
\pgfutil@everybye=\toks61
\pgfutil@tempdima=\dimen271
\pgfutil@tempdimb=\dimen272

(/Users/jacksontorres/Library/TinyTeX/texmf-dist/tex/generic/pgf/utilities/pgfu
til-common-lists.tex))
(/Users/jacksontorres/Library/TinyTeX/texmf-dist/tex/generic/pgf/utilities/pgfu
til-latex.def
\pgfutil@abb=\box65
)
(/Users/jacksontorres/Library/TinyTeX/texmf-dist/tex/generic/pgf/utilities/pgfr
cs.code.tex
(/Users/jacksontorres/Library/TinyTeX/texmf-dist/tex/generic/pgf/pgf.revision.t
ex)
Package: pgfrcs 2020/12/27 v3.1.8b (3.1.8b)
))
Package: pgf 2020/12/27 v3.1.8b (3.1.8b)

(/Users/jacksontorres/Library/TinyTeX/texmf-dist/tex/latex/pgf/basiclayer/pgfco
re.sty
(/Users/jacksontorres/Library/TinyTeX/texmf-dist/tex/latex/pgf/systemlayer/pgfs
ys.sty
(/Users/jacksontorres/Library/TinyTeX/texmf-dist/tex/generic/pgf/systemlayer/pg
fsys.code.tex
Package: pgfsys 2020/12/27 v3.1.8b (3.1.8b)

(/Users/jacksontorres/Library/TinyTeX/texmf-dist/tex/generic/pgf/utilities/pgfk
eys.code.tex
\pgfkeys@pathtoks=\toks62
\pgfkeys@temptoks=\toks63

(/Users/jacksontorres/Library/TinyTeX/texmf-dist/tex/generic/pgf/utilities/pgfk
eysfiltered.code.tex
\pgfkeys@tmptoks=\toks64
))
\pgf@x=\dimen273
\pgf@y=\dimen274
\pgf@xa=\dimen275
\pgf@ya=\dimen276
\pgf@xb=\dimen277
\pgf@yb=\dimen278
\pgf@xc=\dimen279
\pgf@yc=\dimen280
\pgf@xd=\dimen281
\pgf@yd=\dimen282
\w@pgf@writea=\write5
\r@pgf@reada=\read5
\c@pgf@counta=\count398
\c@pgf@countb=\count399
\c@pgf@countc=\count400
\c@pgf@countd=\count401
\t@pgf@toka=\toks65
\t@pgf@tokb=\toks66
\t@pgf@tokc=\toks67
\pgf@sys@id@count=\count402

(/Users/jacksontorres/Library/TinyTeX/texmf-dist/tex/generic/pgf/systemlayer/pg
f.cfg
File: pgf.cfg 2020/12/27 v3.1.8b (3.1.8b)
)
Driver file for pgf: pgfsys-pdftex.def

(/Users/jacksontorres/Library/TinyTeX/texmf-dist/tex/generic/pgf/systemlayer/pg
fsys-pdftex.def
File: pgfsys-pdftex.def 2020/12/27 v3.1.8b (3.1.8b)

(/Users/jacksontorres/Library/TinyTeX/texmf-dist/tex/generic/pgf/systemlayer/pg
fsys-common-pdf.def
File: pgfsys-common-pdf.def 2020/12/27 v3.1.8b (3.1.8b)
)))
(/Users/jacksontorres/Library/TinyTeX/texmf-dist/tex/generic/pgf/systemlayer/pg
fsyssoftpath.code.tex
File: pgfsyssoftpath.code.tex 2020/12/27 v3.1.8b (3.1.8b)
\pgfsyssoftpath@smallbuffer@items=\count403
\pgfsyssoftpath@bigbuffer@items=\count404
)
(/Users/jacksontorres/Library/TinyTeX/texmf-dist/tex/generic/pgf/systemlayer/pg
fsysprotocol.code.tex
File: pgfsysprotocol.code.tex 2020/12/27 v3.1.8b (3.1.8b)
))
(/Users/jacksontorres/Library/TinyTeX/texmf-dist/tex/generic/pgf/basiclayer/pgf
core.code.tex
Package: pgfcore 2020/12/27 v3.1.8b (3.1.8b)

(/Users/jacksontorres/Library/TinyTeX/texmf-dist/tex/generic/pgf/math/pgfmath.c
ode.tex
(/Users/jacksontorres/Library/TinyTeX/texmf-dist/tex/generic/pgf/math/pgfmathca
lc.code.tex
(/Users/jacksontorres/Library/TinyTeX/texmf-dist/tex/generic/pgf/math/pgfmathut
il.code.tex)
(/Users/jacksontorres/Library/TinyTeX/texmf-dist/tex/generic/pgf/math/pgfmathpa
rser.code.tex
\pgfmath@dimen=\dimen283
\pgfmath@count=\count405
\pgfmath@box=\box66
\pgfmath@toks=\toks68
\pgfmath@stack@operand=\toks69
\pgfmath@stack@operation=\toks70
)
(/Users/jacksontorres/Library/TinyTeX/texmf-dist/tex/generic/pgf/math/pgfmathfu
nctions.code.tex
(/Users/jacksontorres/Library/TinyTeX/texmf-dist/tex/generic/pgf/math/pgfmathfu
nctions.basic.code.tex)
(/Users/jacksontorres/Library/TinyTeX/texmf-dist/tex/generic/pgf/math/pgfmathfu
nctions.trigonometric.code.tex)
(/Users/jacksontorres/Library/TinyTeX/texmf-dist/tex/generic/pgf/math/pgfmathfu
nctions.random.code.tex)
(/Users/jacksontorres/Library/TinyTeX/texmf-dist/tex/generic/pgf/math/pgfmathfu
nctions.comparison.code.tex)
(/Users/jacksontorres/Library/TinyTeX/texmf-dist/tex/generic/pgf/math/pgfmathfu
nctions.base.code.tex)
(/Users/jacksontorres/Library/TinyTeX/texmf-dist/tex/generic/pgf/math/pgfmathfu
nctions.round.code.tex)
(/Users/jacksontorres/Library/TinyTeX/texmf-dist/tex/generic/pgf/math/pgfmathfu
nctions.misc.code.tex)
(/Users/jacksontorres/Library/TinyTeX/texmf-dist/tex/generic/pgf/math/pgfmathfu
nctions.integerarithmetics.code.tex)))
(/Users/jacksontorres/Library/TinyTeX/texmf-dist/tex/generic/pgf/math/pgfmathfl
oat.code.tex
\c@pgfmathroundto@lastzeros=\count406
))
(/Users/jacksontorres/Library/TinyTeX/texmf-dist/tex/generic/pgf/math/pgfint.co
de.tex)
(/Users/jacksontorres/Library/TinyTeX/texmf-dist/tex/generic/pgf/basiclayer/pgf
corepoints.code.tex
File: pgfcorepoints.code.tex 2020/12/27 v3.1.8b (3.1.8b)
\pgf@picminx=\dimen284
\pgf@picmaxx=\dimen285
\pgf@picminy=\dimen286
\pgf@picmaxy=\dimen287
\pgf@pathminx=\dimen288
\pgf@pathmaxx=\dimen289
\pgf@pathminy=\dimen290
\pgf@pathmaxy=\dimen291
\pgf@xx=\dimen292
\pgf@xy=\dimen293
\pgf@yx=\dimen294
\pgf@yy=\dimen295
\pgf@zx=\dimen296
\pgf@zy=\dimen297
)
(/Users/jacksontorres/Library/TinyTeX/texmf-dist/tex/generic/pgf/basiclayer/pgf
corepathconstruct.code.tex
File: pgfcorepathconstruct.code.tex 2020/12/27 v3.1.8b (3.1.8b)
\pgf@path@lastx=\dimen298
\pgf@path@lasty=\dimen299
)
(/Users/jacksontorres/Library/TinyTeX/texmf-dist/tex/generic/pgf/basiclayer/pgf
corepathusage.code.tex
File: pgfcorepathusage.code.tex 2020/12/27 v3.1.8b (3.1.8b)
\pgf@shorten@end@additional=\dimen300
\pgf@shorten@start@additional=\dimen301
)
(/Users/jacksontorres/Library/TinyTeX/texmf-dist/tex/generic/pgf/basiclayer/pgf
corescopes.code.tex
File: pgfcorescopes.code.tex 2020/12/27 v3.1.8b (3.1.8b)
\pgfpic=\box67
\pgf@hbox=\box68
\pgf@layerbox@main=\box69
\pgf@picture@serial@count=\count407
)
(/Users/jacksontorres/Library/TinyTeX/texmf-dist/tex/generic/pgf/basiclayer/pgf
coregraphicstate.code.tex
File: pgfcoregraphicstate.code.tex 2020/12/27 v3.1.8b (3.1.8b)
\pgflinewidth=\dimen302
)
(/Users/jacksontorres/Library/TinyTeX/texmf-dist/tex/generic/pgf/basiclayer/pgf
coretransformations.code.tex
File: pgfcoretransformations.code.tex 2020/12/27 v3.1.8b (3.1.8b)
\pgf@pt@x=\dimen303
\pgf@pt@y=\dimen304
\pgf@pt@temp=\dimen305
)
(/Users/jacksontorres/Library/TinyTeX/texmf-dist/tex/generic/pgf/basiclayer/pgf
corequick.code.tex
File: pgfcorequick.code.tex 2020/12/27 v3.1.8b (3.1.8b)
)
(/Users/jacksontorres/Library/TinyTeX/texmf-dist/tex/generic/pgf/basiclayer/pgf
coreobjects.code.tex
File: pgfcoreobjects.code.tex 2020/12/27 v3.1.8b (3.1.8b)
)
(/Users/jacksontorres/Library/TinyTeX/texmf-dist/tex/generic/pgf/basiclayer/pgf
corepathprocessing.code.tex
File: pgfcorepathprocessing.code.tex 2020/12/27 v3.1.8b (3.1.8b)
)
(/Users/jacksontorres/Library/TinyTeX/texmf-dist/tex/generic/pgf/basiclayer/pgf
corearrows.code.tex
File: pgfcorearrows.code.tex 2020/12/27 v3.1.8b (3.1.8b)
\pgfarrowsep=\dimen306
)
(/Users/jacksontorres/Library/TinyTeX/texmf-dist/tex/generic/pgf/basiclayer/pgf
coreshade.code.tex
File: pgfcoreshade.code.tex 2020/12/27 v3.1.8b (3.1.8b)
\pgf@max=\dimen307
\pgf@sys@shading@range@num=\count408
\pgf@shadingcount=\count409
)
(/Users/jacksontorres/Library/TinyTeX/texmf-dist/tex/generic/pgf/basiclayer/pgf
coreimage.code.tex
File: pgfcoreimage.code.tex 2020/12/27 v3.1.8b (3.1.8b)

(/Users/jacksontorres/Library/TinyTeX/texmf-dist/tex/generic/pgf/basiclayer/pgf
coreexternal.code.tex
File: pgfcoreexternal.code.tex 2020/12/27 v3.1.8b (3.1.8b)
\pgfexternal@startupbox=\box70
))
(/Users/jacksontorres/Library/TinyTeX/texmf-dist/tex/generic/pgf/basiclayer/pgf
corelayers.code.tex
File: pgfcorelayers.code.tex 2020/12/27 v3.1.8b (3.1.8b)
)
(/Users/jacksontorres/Library/TinyTeX/texmf-dist/tex/generic/pgf/basiclayer/pgf
coretransparency.code.tex
File: pgfcoretransparency.code.tex 2020/12/27 v3.1.8b (3.1.8b)
)
(/Users/jacksontorres/Library/TinyTeX/texmf-dist/tex/generic/pgf/basiclayer/pgf
corepatterns.code.tex
File: pgfcorepatterns.code.tex 2020/12/27 v3.1.8b (3.1.8b)
)
(/Users/jacksontorres/Library/TinyTeX/texmf-dist/tex/generic/pgf/basiclayer/pgf
corerdf.code.tex
File: pgfcorerdf.code.tex 2020/12/27 v3.1.8b (3.1.8b)
)))
(/Users/jacksontorres/Library/TinyTeX/texmf-dist/tex/generic/pgf/modules/pgfmod
uleshapes.code.tex
File: pgfmoduleshapes.code.tex 2020/12/27 v3.1.8b (3.1.8b)
\pgfnodeparttextbox=\box71
)
(/Users/jacksontorres/Library/TinyTeX/texmf-dist/tex/generic/pgf/modules/pgfmod
uleplot.code.tex
File: pgfmoduleplot.code.tex 2020/12/27 v3.1.8b (3.1.8b)
)
(/Users/jacksontorres/Library/TinyTeX/texmf-dist/tex/latex/pgf/compatibility/pg
fcomp-version-0-65.sty
Package: pgfcomp-version-0-65 2020/12/27 v3.1.8b (3.1.8b)
\pgf@nodesepstart=\dimen308
\pgf@nodesepend=\dimen309
)
(/Users/jacksontorres/Library/TinyTeX/texmf-dist/tex/latex/pgf/compatibility/pg
fcomp-version-1-18.sty
Package: pgfcomp-version-1-18 2020/12/27 v3.1.8b (3.1.8b)
))
(/Users/jacksontorres/Library/TinyTeX/texmf-dist/tex/latex/pgf/utilities/pgffor
.sty
(/Users/jacksontorres/Library/TinyTeX/texmf-dist/tex/latex/pgf/utilities/pgfkey
s.sty
(/Users/jacksontorres/Library/TinyTeX/texmf-dist/tex/generic/pgf/utilities/pgfk
eys.code.tex))
(/Users/jacksontorres/Library/TinyTeX/texmf-dist/tex/latex/pgf/math/pgfmath.sty

(/Users/jacksontorres/Library/TinyTeX/texmf-dist/tex/generic/pgf/math/pgfmath.c
ode.tex))
(/Users/jacksontorres/Library/TinyTeX/texmf-dist/tex/generic/pgf/utilities/pgff
or.code.tex
Package: pgffor 2020/12/27 v3.1.8b (3.1.8b)

(/Users/jacksontorres/Library/TinyTeX/texmf-dist/tex/generic/pgf/math/pgfmath.c
ode.tex)
\pgffor@iter=\dimen310
\pgffor@skip=\dimen311
\pgffor@stack=\toks71
\pgffor@toks=\toks72
))
(/Users/jacksontorres/Library/TinyTeX/texmf-dist/tex/generic/pgf/frontendlayer/
tikz/tikz.code.tex
Package: tikz 2020/12/27 v3.1.8b (3.1.8b)

(/Users/jacksontorres/Library/TinyTeX/texmf-dist/tex/generic/pgf/libraries/pgfl
ibraryplothandlers.code.tex
File: pgflibraryplothandlers.code.tex 2020/12/27 v3.1.8b (3.1.8b)
\pgf@plot@mark@count=\count410
\pgfplotmarksize=\dimen312
)
\tikz@lastx=\dimen313
\tikz@lasty=\dimen314
\tikz@lastxsaved=\dimen315
\tikz@lastysaved=\dimen316
\tikz@lastmovetox=\dimen317
\tikz@lastmovetoy=\dimen318
\tikzleveldistance=\dimen319
\tikzsiblingdistance=\dimen320
\tikz@figbox=\box72
\tikz@figbox@bg=\box73
\tikz@tempbox=\box74
\tikz@tempbox@bg=\box75
\tikztreelevel=\count411
\tikznumberofchildren=\count412
\tikznumberofcurrentchild=\count413
\tikz@fig@count=\count414

(/Users/jacksontorres/Library/TinyTeX/texmf-dist/tex/generic/pgf/modules/pgfmod
ulematrix.code.tex
File: pgfmodulematrix.code.tex 2020/12/27 v3.1.8b (3.1.8b)
\pgfmatrixcurrentrow=\count415
\pgfmatrixcurrentcolumn=\count416
\pgf@matrix@numberofcolumns=\count417
)
\tikz@expandcount=\count418

(/Users/jacksontorres/Library/TinyTeX/texmf-dist/tex/generic/pgf/frontendlayer/
tikz/libraries/tikzlibrarytopaths.code.tex
File: tikzlibrarytopaths.code.tex 2020/12/27 v3.1.8b (3.1.8b)
)))
(/Users/jacksontorres/Library/TinyTeX/texmf-dist/tex/generic/xstring/xstring.st
y
(/Users/jacksontorres/Library/TinyTeX/texmf-dist/tex/generic/xstring/xstring.te
x
\integerpart=\count419
\decimalpart=\count420
)
Package: xstring 2019/02/06 v1.83 String manipulations (CT)
)
(/Users/jacksontorres/Library/TinyTeX/texmf-dist/tex/generic/pgf/frontendlayer/
tikz/libraries/tikzlibrarybackgrounds.code.tex
File: tikzlibrarybackgrounds.code.tex 2020/12/27 v3.1.8b (3.1.8b)
\pgf@layerbox@background=\box76
\pgf@layerboxsaved@background=\box77
)
(/Users/jacksontorres/Library/TinyTeX/texmf-dist/tex/generic/pgf/frontendlayer/
tikz/libraries/tikzlibrarycalc.code.tex
File: tikzlibrarycalc.code.tex 2020/12/27 v3.1.8b (3.1.8b)
)
(/Users/jacksontorres/Library/TinyTeX/texmf-dist/tex/generic/pgf/frontendlayer/
tikz/libraries/tikzlibraryfadings.code.tex
File: tikzlibraryfadings.code.tex 2020/12/27 v3.1.8b (3.1.8b)

(/Users/jacksontorres/Library/TinyTeX/texmf-dist/tex/generic/pgf/libraries/pgfl
ibraryfadings.code.tex
File: pgflibraryfadings.code.tex 2020/12/27 v3.1.8b (3.1.8b)
))
(/Users/jacksontorres/Library/TinyTeX/texmf-dist/tex/generic/pgf/frontendlayer/
tikz/libraries/tikzlibraryshadows.code.tex
File: tikzlibraryshadows.code.tex 2020/12/27 v3.1.8b (3.1.8b)
)
(/Users/jacksontorres/Library/TinyTeX/texmf-dist/tex/generic/pgf/frontendlayer/
tikz/libraries/tikzlibraryshapes.arrows.code.tex
File: tikzlibraryshapes.arrows.code.tex 2020/12/27 v3.1.8b (3.1.8b)

(/Users/jacksontorres/Library/TinyTeX/texmf-dist/tex/generic/pgf/libraries/shap
es/pgflibraryshapes.arrows.code.tex
File: pgflibraryshapes.arrows.code.tex 2020/12/27 v3.1.8b (3.1.8b)
))
(/Users/jacksontorres/Library/TinyTeX/texmf-dist/tex/generic/pgf/frontendlayer/
tikz/libraries/tikzlibraryshapes.symbols.code.tex
File: tikzlibraryshapes.symbols.code.tex 2020/12/27 v3.1.8b (3.1.8b)

(/Users/jacksontorres/Library/TinyTeX/texmf-dist/tex/generic/pgf/libraries/shap
es/pgflibraryshapes.symbols.code.tex
File: pgflibraryshapes.symbols.code.tex 2020/12/27 v3.1.8b (3.1.8b)
))
\pgf@layerbox@smart diagram arrow back=\box78
\pgf@layerboxsaved@smart diagram arrow back=\box79

(/Users/jacksontorres/Library/TinyTeX/texmf-dist/tex/latex/smartdiagram/smartdi
agramlibrarycore.definitions.code.tex)
(/Users/jacksontorres/Library/TinyTeX/texmf-dist/tex/latex/smartdiagram/smartdi
agramlibrarycore.styles.code.tex)
(/Users/jacksontorres/Library/TinyTeX/texmf-dist/tex/latex/smartdiagram/smartdi
agramlibrarycore.commands.code.tex)) (/Users/jacksontorres/Library/TinyTeX/texm
f-dist/tex/latex/float/float.sty
Package: float 2001/11/08 v1.3d Float enhancements (AL)
\c@float@type=\count421
\float@exts=\toks73
\float@box=\box80
\@float@everytoks=\toks74
\@floatcapt=\box81
) (/Users/jacksontorres/Library/TinyTeX/texmf-dist/tex/latex/graphics/lscape.st
y
Package: lscape 2020/05/28 v3.02 Landscape Pages (DPC)
) (/Users/jacksontorres/Library/TinyTeX/texmf-dist/tex/latex/tools/multicol.sty
Package: multicol 2019/12/09 v1.8y multicolumn formatting (FMi)
\c@tracingmulticols=\count422
\mult@box=\box82
\multicol@leftmargin=\dimen321
\c@unbalance=\count423
\c@collectmore=\count424
\doublecol@number=\count425
\multicoltolerance=\count426
\multicolpretolerance=\count427
\full@width=\dimen322
\page@free=\dimen323
\premulticols=\dimen324
\postmulticols=\dimen325
\multicolsep=\skip284
\multicolbaselineskip=\skip285
\partial@page=\box83
\last@line=\box84
\maxbalancingoverflow=\dimen326
\mult@rightbox=\box85
\mult@grightbox=\box86
\mult@gfirstbox=\box87
\mult@firstbox=\box88
\@tempa=\box89
\@tempa=\box90
\@tempa=\box91
\@tempa=\box92
\@tempa=\box93
\@tempa=\box94
\@tempa=\box95
\@tempa=\box96
\@tempa=\box97
\@tempa=\box98
\@tempa=\box99
\@tempa=\box100
\@tempa=\box101
\@tempa=\box102
\@tempa=\box103
\@tempa=\box104
\@tempa=\box105
\@tempa=\box106
\@tempa=\box107
\@tempa=\box108
\@tempa=\box109
\@tempa=\box110
\@tempa=\box111
\@tempa=\box112
\@tempa=\box113
\@tempa=\box114
\@tempa=\box115
\@tempa=\box116
\@tempa=\box117
\@tempa=\box118
\@tempa=\box119
\@tempa=\box120
\@tempa=\box121
\@tempa=\box122
\@tempa=\box123
\@tempa=\box124
\@tempa=\box125
\c@minrows=\count428
\c@columnbadness=\count429
\c@finalcolumnbadness=\count430
\last@try=\dimen327
\multicolovershoot=\dimen328
\multicolundershoot=\dimen329
\mult@nat@firstbox=\box126
\colbreak@box=\box127
\mc@col@check@num=\count431
)
(/Users/jacksontorres/Library/TinyTeX/texmf-dist/tex/latex/multirow/multirow.st
y
Package: multirow 2021/03/15 v2.8 Span multiple rows of a table
\multirow@colwidth=\skip286
\multirow@cntb=\count432
\multirow@dima=\skip287
\bigstrutjot=\dimen330
)
(/Users/jacksontorres/Library/TinyTeX/texmf-dist/tex/latex/newfloat/newfloat.st
y
Package: newfloat 2019/09/02 v1.1l Defining new floating environments (AR)
) (/Users/jacksontorres/Library/TinyTeX/texmf-dist/tex/latex/caption/caption.st
y
Package: caption 2020/10/26 v3.5g Customizing captions (AR)

(/Users/jacksontorres/Library/TinyTeX/texmf-dist/tex/latex/caption/caption3.sty
Package: caption3 2020/10/21 v2.2e caption3 kernel (AR)
\captionmargin=\dimen331
\captionmargin@=\dimen332
\captionwidth=\dimen333
\caption@tempdima=\dimen334
\caption@indent=\dimen335
\caption@parindent=\dimen336
\caption@hangindent=\dimen337
Package caption Info: memoir document class detected.

(/Users/jacksontorres/Library/TinyTeX/texmf-dist/tex/latex/caption/caption-memo
ir.sto
File: caption-memoir.sto 2020/10/10 v2.1 Adaption of the caption package to the
 memoir document class (AR)
))
\c@caption@flags=\count433
\c@continuedfloat=\count434
Package caption Info: changepage package is loaded.
\caption@adjustwidth@hsize=\dimen338
\caption@adjustwidth@linewidth=\dimen339
Package caption Info: float package is loaded.
Package caption Info: hyperref package is loaded.
Package caption Info: longtable package is loaded.

(/Users/jacksontorres/Library/TinyTeX/texmf-dist/tex/latex/caption/ltcaption.st
y
Package: ltcaption 2020/05/30 v1.4b longtable captions (AR)
))
(/Users/jacksontorres/Library/TinyTeX/texmf-dist/tex/latex/biblatex/biblatex.st
y
Package: biblatex 2020/12/31 v3.16 programmable bibliographies (PK/MW)
(/Users/jacksontorres/Library/TinyTeX/texmf-dist/tex/latex/logreq/logreq.sty
Package: logreq 2010/08/04 v1.0 xml request logger
\lrq@indent=\count435
(/Users/jacksontorres/Library/TinyTeX/texmf-dist/tex/latex/logreq/logreq.def
File: logreq.def 2010/08/04 v1.0 logreq spec v1.0
))
\c@tabx@nest=\count436
\c@listtotal=\count437
\c@listcount=\count438
\c@liststart=\count439
\c@liststop=\count440
\c@citecount=\count441
\c@citetotal=\count442
\c@multicitecount=\count443
\c@multicitetotal=\count444
\c@instcount=\count445
\c@maxnames=\count446
\c@minnames=\count447
\c@maxitems=\count448
\c@minitems=\count449
\c@citecounter=\count450
\c@maxcitecounter=\count451
\c@savedcitecounter=\count452
\c@uniquelist=\count453
\c@uniquename=\count454
\c@refsection=\count455
\c@refsegment=\count456
\c@maxextratitle=\count457
\c@maxextratitleyear=\count458
\c@maxextraname=\count459
\c@maxextradate=\count460
\c@maxextraalpha=\count461
\c@abbrvpenalty=\count462
\c@highnamepenalty=\count463
\c@lownamepenalty=\count464
\c@maxparens=\count465
\c@parenlevel=\count466
\blx@tempcnta=\count467
\blx@tempcntb=\count468
\blx@tempcntc=\count469
\blx@maxsection=\count470
\blx@maxsegment@0=\count471
\blx@notetype=\count472
\blx@parenlevel@text=\count473
\blx@parenlevel@foot=\count474
\blx@sectionciteorder@0=\count475
\blx@entrysetcounter=\count476
\blx@biblioinstance=\count477
\labelnumberwidth=\skip288
\labelalphawidth=\skip289
\biblabelsep=\skip290
\bibnamesep=\skip291
\bibinitsep=\skip292
\bibparsep=\skip293
\bibhang=\skip294
\blx@bcfin=\read6
\blx@bcfout=\write6
\blx@langwohyphens=\language7
\c@mincomprange=\count478
\c@maxcomprange=\count479
\c@mincompwidth=\count480
Package biblatex Info: Trying to load biblatex default data model...
Package biblatex Info: ... file 'blx-dm.def' found.
(/Users/jacksontorres/Library/TinyTeX/texmf-dist/tex/latex/biblatex/blx-dm.def
File: blx-dm.def 2020/12/31 v3.16 biblatex localization (PK/MW)
)
Package biblatex Info: Trying to load biblatex style data model...
Package biblatex Info: ... file 'abnt.dbx' not found.
Package biblatex Info: Trying to load biblatex custom data model...
Package biblatex Info: ... file 'biblatex-dm.cfg' not found.
\c@afterword=\count481
\c@savedafterword=\count482
\c@annotator=\count483
\c@savedannotator=\count484
\c@author=\count485
\c@savedauthor=\count486
\c@bookauthor=\count487
\c@savedbookauthor=\count488
\c@commentator=\count489
\c@savedcommentator=\count490
\c@editor=\count491
\c@savededitor=\count492
\c@editora=\count493
\c@savededitora=\count494
\c@editorb=\count495
\c@savededitorb=\count496
\c@editorc=\count497
\c@savededitorc=\count498
\c@foreword=\count499
\c@savedforeword=\count500
\c@holder=\count501
\c@savedholder=\count502
\c@introduction=\count503
\c@savedintroduction=\count504
\c@namea=\count505
\c@savednamea=\count506
\c@nameb=\count507
\c@savednameb=\count508
\c@namec=\count509
\c@savednamec=\count510
\c@translator=\count511
\c@savedtranslator=\count512
\c@shortauthor=\count513
\c@savedshortauthor=\count514
\c@shorteditor=\count515
\c@savedshorteditor=\count516
\c@labelname=\count517
\c@savedlabelname=\count518
\c@institution=\count519
\c@savedinstitution=\count520
\c@lista=\count521
\c@savedlista=\count522
\c@listb=\count523
\c@savedlistb=\count524
\c@listc=\count525
\c@savedlistc=\count526
\c@listd=\count527
\c@savedlistd=\count528
\c@liste=\count529
\c@savedliste=\count530
\c@listf=\count531
\c@savedlistf=\count532
\c@location=\count533
\c@savedlocation=\count534
\c@organization=\count535
\c@savedorganization=\count536
\c@origlocation=\count537
\c@savedoriglocation=\count538
\c@origpublisher=\count539
\c@savedorigpublisher=\count540
\c@publisher=\count541
\c@savedpublisher=\count542
\c@language=\count543
\c@savedlanguage=\count544
\c@origlanguage=\count545
\c@savedoriglanguage=\count546
\c@pageref=\count547
\c@savedpageref=\count548
\shorthandwidth=\skip295
\shortjournalwidth=\skip296
\shortserieswidth=\skip297
\shorttitlewidth=\skip298
\shortauthorwidth=\skip299
\shorteditorwidth=\skip300
\locallabelnumberwidth=\skip301
\locallabelalphawidth=\skip302
\localshorthandwidth=\skip303
\localshortjournalwidth=\skip304
\localshortserieswidth=\skip305
\localshorttitlewidth=\skip306
\localshortauthorwidth=\skip307
\localshorteditorwidth=\skip308
Package biblatex Info: Trying to load compatibility code...
Package biblatex Info: ... file 'blx-compat.def' found.

(/Users/jacksontorres/Library/TinyTeX/texmf-dist/tex/latex/biblatex/blx-compat.
def
File: blx-compat.def 2020/12/31 v3.16 biblatex compatibility (PK/MW)
)
Package biblatex Info: Trying to load generic definitions...
Package biblatex Info: ... file 'biblatex.def' found.

(/Users/jacksontorres/Library/TinyTeX/texmf-dist/tex/latex/biblatex/biblatex.de
f
File: biblatex.def 2020/12/31 v3.16 biblatex compatibility (PK/MW)
\c@textcitecount=\count549
\c@textcitetotal=\count550
\c@textcitemaxnames=\count551
\c@biburlbigbreakpenalty=\count552
\c@biburlbreakpenalty=\count553
\c@biburlnumpenalty=\count554
\c@biburlucpenalty=\count555
\c@biburllcpenalty=\count556
\biburlbigskip=\muskip18
\biburlnumskip=\muskip19
\biburlucskip=\muskip20
\biburllcskip=\muskip21
\c@smartand=\count557
)
Package biblatex Info: Trying to load bibliography style 'abnt'...
Package biblatex Info: ... file 'abnt.bbx' found.

(/Users/jacksontorres/Library/TinyTeX/texmf-dist/tex/latex/biblatex-abnt/abnt.b
bx
File: abnt.bbx 2018-11-17 v3.4 ABNT BibLaTeX citation style
(/Users/jacksontorres/Library/TinyTeX/texmf-dist/tex/latex/xpatch/xpatch.sty
Package: xpatch 2020/03/25 v0.3a Extending etoolbox patching commands
)
Package biblatex Info: Trying to load bibliography style 'standard'...
Package biblatex Info: ... file 'standard.bbx' found.

(/Users/jacksontorres/Library/TinyTeX/texmf-dist/tex/latex/biblatex/bbx/standar
d.bbx
File: standard.bbx 2020/12/31 v3.16 biblatex bibliography style (PK/MW)
\c@bbx:relatedcount=\count558
\c@bbx:relatedtotal=\count559
))
Package biblatex Info: Trying to load citation style 'abnt'...
Package biblatex Info: ... file 'abnt.cbx' found.

(/Users/jacksontorres/Library/TinyTeX/texmf-dist/tex/latex/biblatex-abnt/abnt.c
bx
File: abnt.cbx 2018-11-17 v3.4 ABNT BibLaTeX citation style
Package biblatex Info: Trying to load citation style 'authoryear-comp'...
Package biblatex Info: ... file 'authoryear-comp.cbx' found.

(/Users/jacksontorres/Library/TinyTeX/texmf-dist/tex/latex/biblatex/cbx/authory
ear-comp.cbx
File: authoryear-comp.cbx 2020/12/31 v3.16 biblatex citation style (PK/MW)
Package biblatex Info: Redefining '\cite'.
Package biblatex Info: Redefining '\parencite'.
Package biblatex Info: Redefining '\footcite'.
Package biblatex Info: Redefining '\footcitetext'.
Package biblatex Info: Redefining '\smartcite'.
Package biblatex Info: Redefining '\textcite'.
Package biblatex Info: Redefining '\textcites'.
Package biblatex Info: Redefining '\cites'.
Package biblatex Info: Redefining '\parencites'.
Package biblatex Info: Redefining '\footcites'.
Package biblatex Info: Redefining '\footcitetexts'.
Package biblatex Info: Redefining '\smartcites'.
)
Package biblatex Info: Redefining '\cite'.
Package biblatex Info: Redefining '\cites'.
Package biblatex Info: Redefining '\footcite'.
Package biblatex Info: Redefining '\footcites'.
Package biblatex Info: Redefining '\citetitle'.
Package biblatex Info: Redefining '\smartcite'.
Package biblatex Info: Redefining '\citeauthor'.
Package biblatex Info: Redefining '\citeyear'.
)
Package biblatex Info: Trying to load configuration file...
Package biblatex Info: ... file 'biblatex.cfg' found.

(/Users/jacksontorres/Library/TinyTeX/texmf-dist/tex/latex/biblatex/biblatex.cf
g
File: biblatex.cfg 
))
Package newfloat Info: New float `quadro' with options ` fileext=loq, listname=
{\textbf {LISTA DE QUADROS}}, name=Quadro, within= none, ' on input line 92.
\c@quadro=\count560
Package newfloat Info: float type `quadro'=4 on input line 92.
Package newfloat Info: \newfloat@listofquadro@hook is already defined on input 
line 92.
Package newfloat Info: \c@loqdepth is already defined on input line 92.
\cftbeforequadroskip=\skip309
\cftquadroindent=\skip310
\cftquadronumwidth=\skip311
(/Users/jacksontorres/Library/TinyTeX/texmf-dist/tex/latex/tools/varioref.sty
Package: varioref 2020/08/11 v1.6e package for extended references (FMi)
\c@vrcnt=\count561
) (/Users/jacksontorres/Library/TinyTeX/texmf-dist/tex/latex/wrapfig/wrapfig.st
y
\wrapoverhang=\dimen340
\WF@size=\dimen341
\c@WF@wrappedlines=\count562
\WF@box=\box128
\WF@everypar=\toks75
Package: wrapfig 2003/01/31  v 3.6
)
(/Users/jacksontorres/Library/TinyTeX/texmf-dist/tex/latex/colortbl/colortbl.st
y
Package: colortbl 2020/01/04 v1.0e Color table columns (DPC)
\everycr=\toks76
\minrowclearance=\skip312
)
(/Users/jacksontorres/Library/TinyTeX/texmf-dist/tex/latex/pdflscape/pdflscape.
sty
Package: pdflscape 2019/12/05 v0.12 Display of landscape pages in PDF (HO)
Package pdflscape Info: Auto-detected driver: pdftex on input line 81.
) (/Users/jacksontorres/Library/TinyTeX/texmf-dist/tex/latex/tabu/tabu.sty
Package: tabu 2019/01/11 v2.9 - flexible LaTeX tabulars (FC+tabu-fixed)

(/Users/jacksontorres/Library/TinyTeX/texmf-dist/tex/latex/varwidth/varwidth.st
y
Package: varwidth 2009/03/30 ver 0.92;  Variable-width minipages
\@vwid@box=\box129
\sift@deathcycles=\count563
\@vwid@loff=\dimen342
\@vwid@roff=\dimen343
)
\c@taburow=\count564
\tabu@nbcols=\count565
\tabu@cnt=\count566
\tabu@Xcol=\count567
\tabu@alloc=\count568
\tabu@nested=\count569
\tabu@target=\dimen344
\tabu@spreadtarget=\dimen345
\tabu@naturalX=\dimen346
\tabucolX=\dimen347
\tabu@Xsum=\dimen348
\extrarowdepth=\dimen349
\abovetabulinesep=\dimen350
\belowtabulinesep=\dimen351
\tabustrutrule=\dimen352
\tabu@thebody=\toks77
\tabu@footnotes=\toks78
\tabu@box=\box130
\tabu@arstrutbox=\box131
\tabu@hleads=\box132
\tabu@vleads=\box133
\tabu@cellskip=\skip313
)
(/Users/jacksontorres/Library/TinyTeX/texmf-dist/tex/latex/threeparttable/three
parttable.sty
Package: threeparttable 2003/06/13  v 3.0
\@tempboxb=\box134
)
(/Users/jacksontorres/Library/TinyTeX/texmf-dist/tex/latex/threeparttablex/thre
eparttablex.sty
Package: threeparttablex 2013/07/23 v0.3 by daleif
(/Users/jacksontorres/Library/TinyTeX/texmf-dist/tex/latex/environ/environ.sty
Package: environ 2014/05/04 v0.3 A new way to define environments

(/Users/jacksontorres/Library/TinyTeX/texmf-dist/tex/latex/trimspaces/trimspace
s.sty
Package: trimspaces 2009/09/17 v1.1 Trim spaces around a token list
))
\TPTL@width=\skip314
) (/Users/jacksontorres/Library/TinyTeX/texmf-dist/tex/generic/ulem/ulem.sty
\UL@box=\box135
\UL@hyphenbox=\box136
\UL@skip=\skip315
\UL@hook=\toks79
\UL@height=\dimen353
\UL@pe=\count570
\UL@pixel=\dimen354
\ULC@box=\box137
Package: ulem 2019/11/18
\ULdepth=\dimen355
)
(/Users/jacksontorres/Library/TinyTeX/texmf-dist/tex/latex/makecell/makecell.st
y
Package: makecell 2009/08/03 V0.1e Managing of Tab Column Heads and Cells
\rotheadsize=\dimen356
\c@nlinenum=\count571
\TeXr@lab=\toks80
)) (./00-input/00-dados.tex)
\jacksontorres@idxfile=\write7
\openout7 = `jacksontorres.idx'.

Writing index file jacksontorres.idx 
(/Users/jacksontorres/Library/TinyTeX/texmf-dist/tex/latex/psnfss/helvet.sty
Package: helvet 2020/03/25 PSNFSS-v9.3 (WaS) 
)
   defining Unicode char U+0301 (decimal 769)
   defining Unicode char U+0303 (decimal 771)
   defining Unicode char U+0327 (decimal 807)
Package csquotes Info: Checking for multilingual support...
Package csquotes Info: ... found 'babel' package.
Package csquotes Info: Adjusting default style.
Package csquotes Info: Redefining alias 'default' -> 'brazil'.
LaTeX Font Info:    Trying to load font information for T1+phv on input line 11
2.
(/Users/jacksontorres/Library/TinyTeX/texmf-dist/tex/latex/psnfss/t1phv.fd
File: t1phv.fd 2020/03/25 scalable font definitions for T1/phv.
)

LaTeX Warning: Unused global option(s):
    [portugues].

(./jacksontorres.aux)
\openout1 = `jacksontorres.aux'.

LaTeX Font Info:    Checking defaults for OML/cmm/m/it on input line 112.
LaTeX Font Info:    ... okay on input line 112.
LaTeX Font Info:    Checking defaults for OMS/cmsy/m/n on input line 112.
LaTeX Font Info:    ... okay on input line 112.
LaTeX Font Info:    Checking defaults for OT1/cmr/m/n on input line 112.
LaTeX Font Info:    ... okay on input line 112.
LaTeX Font Info:    Checking defaults for T1/cmr/m/n on input line 112.
LaTeX Font Info:    ... okay on input line 112.
LaTeX Font Info:    Checking defaults for TS1/cmr/m/n on input line 112.
LaTeX Font Info:    ... okay on input line 112.
LaTeX Font Info:    Checking defaults for OMX/cmex/m/n on input line 112.
LaTeX Font Info:    ... okay on input line 112.
LaTeX Font Info:    Checking defaults for U/cmr/m/n on input line 112.
LaTeX Font Info:    ... okay on input line 112.
LaTeX Font Info:    Checking defaults for PD1/pdf/m/n on input line 112.
LaTeX Font Info:    ... okay on input line 112.
LaTeX Font Info:    Checking defaults for PU/pdf/m/n on input line 112.
LaTeX Font Info:    ... okay on input line 112.
Package hyperref Info: Link coloring OFF on input line 112.

(/Users/jacksontorres/Library/TinyTeX/texmf-dist/tex/latex/hyperref/nameref.sty
Package: nameref 2021-04-02 v2.47 Cross-referencing by name of section

(/Users/jacksontorres/Library/TinyTeX/texmf-dist/tex/latex/refcount/refcount.st
y
Package: refcount 2019/12/15 v3.6 Data extraction from label references (HO)
)
(/Users/jacksontorres/Library/TinyTeX/texmf-dist/tex/generic/gettitlestring/get
titlestring.sty
Package: gettitlestring 2019/12/15 v1.6 Cleanup title references (HO)
)
\c@section@level=\count572
LaTeX Info: Redefining \Ref on input line 520.
)
Redoing nameref's sectioning
Redoing nameref's label
LaTeX Info: Redefining \nameref on input line 112.
LaTeX Info: Redefining \ref on input line 112.
LaTeX Info: Redefining \pageref on input line 112.
LaTeX Info: Redefining \nameref on input line 112.
LaTeX Info: Redefining \Ref on input line 112.
\myptabbox=\box138
\myptabboxwidth=\skip316

(/Users/jacksontorres/Library/TinyTeX/texmf-dist/tex/latex/epstopdf-pkg/epstopd
f-base.sty
Package: epstopdf-base 2020-01-24 v2.11 Base part for package epstopdf
Package epstopdf-base Info: Redefining graphics rule for `.eps' on input line 4
85.

(/Users/jacksontorres/Library/TinyTeX/texmf-dist/tex/latex/latexconfig/epstopdf
-sys.cfg
File: epstopdf-sys.cfg 2010/07/13 v1.3 Configuration of (r)epstopdf for TeX Liv
e
))
LaTeX Info: Redefining \microtypecontext on input line 112.
Package microtype Info: Generating PDF output.
Package microtype Info: Character protrusion enabled (level 2).
Package microtype Info: Using protrusion set `basicmath'.
Package microtype Info: Automatic font expansion enabled (level 2),
(microtype)             stretch: 20, shrink: 20, step: 1, non-selected.
Package microtype Info: Using default expansion set `alltext-nott'.
LaTeX Info: Redefining \showhyphens on input line 112.
Package microtype Info: No adjustment of tracking.
Package microtype Info: No adjustment of interword spacing.
Package microtype Info: No adjustment of character kerning.
Package microtype Info: Loading generic protrusion settings for font family
(microtype)             `phv' (encoding: T1).
(microtype)             For optimal results, create family-specific settings.
(microtype)             See the microtype manual for details.
Package lastpage Info: Please have a look at the pageslts package at
(lastpage)             https://www.ctan.org/pkg/pageslts
(lastpage)             ! on input line 112.
Package newfloat Info: `float' package detected.
Package newfloat Info: `wrapfig' package detected.
Package caption Info: Begin \AtBeginDocument code.
Package caption Info: threeparttable package is loaded.
Package caption Info: wrapfig package is loaded.
Package caption Info: End \AtBeginDocument code.
Package biblatex Info: Trying to load language 'brazil' -> 'brazil-abnt'...
Package biblatex Info: ... file 'brazil-abnt.lbx' found.

(/Users/jacksontorres/Library/TinyTeX/texmf-dist/tex/latex/biblatex-abnt/brazil
-abnt.lbx
File: brazil-abnt.lbx 2018-11-17 v3.4 ABNT BibLaTeX citation style
Package biblatex Info: Trying to load language 'brazilian-abnt' -> 'brazilian-a
bnt-abnt'...
Package biblatex Info: ... file 'brazilian-abnt-abnt.lbx' found.
(./brazilian-abnt-abnt.lbx
File: brazilian-abnt.lbx 2018-11-17 v3.4 ABNT BibLaTeX citation style
Package biblatex Info: Trying to load language 'brazilian' -> 'brazilian-abnt'.
..
Package biblatex Info: ... file 'brazilian-abnt.lbx' found.

(/Users/jacksontorres/Library/TinyTeX/texmf-dist/tex/latex/biblatex-abnt/brazil
ian-abnt.lbx
File: brazilian-abnt.lbx 2018-11-17 v3.4 ABNT BibLaTeX citation style
Package biblatex Info: Trying to load language 'brazilian'...
Package biblatex Info: ... file 'brazilian.lbx' found.

(/Users/jacksontorres/Library/TinyTeX/texmf-dist/tex/latex/biblatex/lbx/brazili
an.lbx
File: brazilian.lbx 2020/12/31 v3.16 biblatex localization (PK/MW)
)))
Package biblatex Info: Trying to load language 'brazilian-abnt' -> 'brazilian-a
bnt-abnt'...
Package biblatex Info: ... file 'brazilian-abnt-abnt.lbx' found.
(./brazilian-abnt-abnt.lbx
File: brazilian-abnt.lbx 2018-11-17 v3.4 ABNT BibLaTeX citation style
Package biblatex Info: Trying to load language 'brazilian' -> 'brazilian-abnt'.
..
Package biblatex Info: ... file 'brazilian-abnt.lbx' found.

(/Users/jacksontorres/Library/TinyTeX/texmf-dist/tex/latex/biblatex-abnt/brazil
ian-abnt.lbx
File: brazilian-abnt.lbx 2018-11-17 v3.4 ABNT BibLaTeX citation style
Package biblatex Info: Trying to load language 'brazilian'...
Package biblatex Info: ... file 'brazilian.lbx' found.

(/Users/jacksontorres/Library/TinyTeX/texmf-dist/tex/latex/biblatex/lbx/brazili
an.lbx
File: brazilian.lbx 2020/12/31 v3.16 biblatex localization (PK/MW)
)
Package biblatex Info: Trying to load language 'brazil'...
Package biblatex Info: ... file 'brazil.lbx' found.

(/Users/jacksontorres/Library/TinyTeX/texmf-dist/tex/latex/biblatex/lbx/brazil.
lbx
File: brazil.lbx 2020/12/31 v3.16 biblatex localization (PK/MW)
Package biblatex Info: Trying to load language 'brazilian'...
Package biblatex Info: ... file 'brazilian.lbx' found.

(/Users/jacksontorres/Library/TinyTeX/texmf-dist/tex/latex/biblatex/lbx/brazili
an.lbx
File: brazilian.lbx 2020/12/31 v3.16 biblatex localization (PK/MW)
)))
Package biblatex Info: Trying to load language 'brazil'...
Package biblatex Info: ... file 'brazil.lbx' found.

(/Users/jacksontorres/Library/TinyTeX/texmf-dist/tex/latex/biblatex/lbx/brazil.
lbx
File: brazil.lbx 2020/12/31 v3.16 biblatex localization (PK/MW)
Package biblatex Info: Trying to load language 'brazilian' -> 'brazilian-abnt'.
..
Package biblatex Info: ... file 'brazilian-abnt.lbx' found.

(/Users/jacksontorres/Library/TinyTeX/texmf-dist/tex/latex/biblatex-abnt/brazil
ian-abnt.lbx
File: brazilian-abnt.lbx 2018-11-17 v3.4 ABNT BibLaTeX citation style
Package biblatex Info: Trying to load language 'brazilian'...
Package biblatex Info: ... file 'brazilian.lbx' found.

(/Users/jacksontorres/Library/TinyTeX/texmf-dist/tex/latex/biblatex/lbx/brazili
an.lbx
File: brazilian.lbx 2020/12/31 v3.16 biblatex localization (PK/MW)
)
Package biblatex Info: Trying to load language 'brazil'...
Package biblatex Info: ... file 'brazil.lbx' found.

(/Users/jacksontorres/Library/TinyTeX/texmf-dist/tex/latex/biblatex/lbx/brazil.
lbx
File: brazil.lbx 2020/12/31 v3.16 biblatex localization (PK/MW)
Package biblatex Info: Trying to load language 'brazilian'...
Package biblatex Info: ... file 'brazilian.lbx' found.

(/Users/jacksontorres/Library/TinyTeX/texmf-dist/tex/latex/biblatex/lbx/brazili
an.lbx
File: brazilian.lbx 2020/12/31 v3.16 biblatex localization (PK/MW)
))))))
Package biblatex Info: Trying to load language 'english' -> 'english-abnt'...
Package biblatex Info: ... file 'english-abnt.lbx' found.

(/Users/jacksontorres/Library/TinyTeX/texmf-dist/tex/latex/biblatex-abnt/englis
h-abnt.lbx
File: english-abnt.lbx 2018-11-17 v3.4 ABNT BibLaTeX citation style
Package biblatex Info: Trying to load language 'english'...
Package biblatex Info: ... file 'english.lbx' found.

(/Users/jacksontorres/Library/TinyTeX/texmf-dist/tex/latex/biblatex/lbx/english
.lbx
File: english.lbx 2020/12/31 v3.16 biblatex localization (PK/MW)
)
Package biblatex Info: Trying to load language 'english'...
Package biblatex Info: ... file 'english.lbx' found.

(/Users/jacksontorres/Library/TinyTeX/texmf-dist/tex/latex/biblatex/lbx/english
.lbx
File: english.lbx 2020/12/31 v3.16 biblatex localization (PK/MW)
)
Package biblatex Info: Trying to load language 'english'...
Package biblatex Info: ... file 'english.lbx' found.

(/Users/jacksontorres/Library/TinyTeX/texmf-dist/tex/latex/biblatex/lbx/english
.lbx
File: english.lbx 2020/12/31 v3.16 biblatex localization (PK/MW)
))
Package biblatex Info: Input encoding 'utf8' detected.
Package biblatex Info: Automatic encoding selection.
(biblatex)             Assuming data encoding 'utf8'.
Package biblatex Info: Document encoding is UTF8 ....
Package biblatex Info: ... and expl3
(biblatex)             2021-02-18 L3 programming layer (loader) 
(biblatex)             is new enough (at least 2020/04/06),
(biblatex)             setting 'casechanger=expl3'.

(/Users/jacksontorres/Library/TinyTeX/texmf-dist/tex/latex/biblatex/blx-case-ex
pl3.sty
Package: blx-case-expl3 2020/12/31 v3.16 expl3 case changing code for biblatex
)
\openout6 = `jacksontorres.bcf'.

Package biblatex Info: Trying to load bibliographic data...
Package biblatex Info: ... file 'jacksontorres.bbl' found.
(./jacksontorres.bbl

Package biblatex Warning: Biber reported the following issues
(biblatex)                with 'decreto:1921':
(biblatex)                - Overwriting field 'year' with year value from field
 'date' for entry 'decreto:1921'.

)
Package biblatex Info: Reference section=0 on input line 112.
Package biblatex Info: Reference segment=0 on input line 112.
LaTeX Font Info:    Font shape `T1/phv/m/it' in size <12> not available
(Font)              Font shape `T1/phv/m/sl' tried instead on input line 115.
<11-importedfigures/capaufpr.jpg, id=34, 502.5174pt x 569.4876pt>
File: 11-importedfigures/capaufpr.jpg Graphic file (type jpg)
<use 11-importedfigures/capaufpr.jpg>
Package pdftex.def Info: 11-importedfigures/capaufpr.jpg  used on input line 11
5.
(pdftex.def)             Requested size: 597.52005pt x 677.15121pt.
[1

{/Users/jacksontorres/Library/TinyTeX/texmf-var/fonts/map/pdftex/updmap/pdftex.
map} <./11-importedfigures/capaufpr.jpg>]
LaTeX Font Info:    Trying to load font information for TS1+phv on input line 1
19.
(/Users/jacksontorres/Library/TinyTeX/texmf-dist/tex/latex/psnfss/ts1phv.fd
File: ts1phv.fd 2020/03/25 scalable font definitions for TS1/phv.
)
LaTeX Font Info:    Trying to load font information for OT1+lmr on input line 1
19.
(/Users/jacksontorres/Library/TinyTeX/texmf-dist/tex/latex/lm/ot1lmr.fd
File: ot1lmr.fd 2009/10/30 v1.6 Font defs for Latin Modern
)
(/Users/jacksontorres/Library/TinyTeX/texmf-dist/tex/latex/microtype/mt-cmr.cfg
File: mt-cmr.cfg 2013/05/19 v2.2 microtype config. file: Computer Modern Roman 
(RS)
)
LaTeX Font Info:    Trying to load font information for OML+lmm on input line 1
19.
(/Users/jacksontorres/Library/TinyTeX/texmf-dist/tex/latex/lm/omllmm.fd
File: omllmm.fd 2009/10/30 v1.6 Font defs for Latin Modern
)
LaTeX Font Info:    Trying to load font information for OMS+lmsy on input line 
119.
(/Users/jacksontorres/Library/TinyTeX/texmf-dist/tex/latex/lm/omslmsy.fd
File: omslmsy.fd 2009/10/30 v1.6 Font defs for Latin Modern
)
LaTeX Font Info:    Trying to load font information for OMX+lmex on input line 
119.
(/Users/jacksontorres/Library/TinyTeX/texmf-dist/tex/latex/lm/omxlmex.fd
File: omxlmex.fd 2009/10/30 v1.6 Font defs for Latin Modern
)
LaTeX Font Info:    External font `lmex10' loaded for size
(Font)              <12> on input line 119.
LaTeX Font Info:    External font `lmex10' loaded for size
(Font)              <8> on input line 119.
LaTeX Font Info:    External font `lmex10' loaded for size
(Font)              <6> on input line 119.
LaTeX Font Info:    Trying to load font information for U+msa on input line 119
.
(/Users/jacksontorres/Library/TinyTeX/texmf-dist/tex/latex/amsfonts/umsa.fd
File: umsa.fd 2013/01/14 v3.01 AMS symbols A
)
(/Users/jacksontorres/Library/TinyTeX/texmf-dist/tex/latex/microtype/mt-msa.cfg
File: mt-msa.cfg 2006/02/04 v1.1 microtype config. file: AMS symbols (a) (RS)
)
LaTeX Font Info:    Trying to load font information for U+msb on input line 119
.
(/Users/jacksontorres/Library/TinyTeX/texmf-dist/tex/latex/amsfonts/umsb.fd
File: umsb.fd 2013/01/14 v3.01 AMS symbols B
)
(/Users/jacksontorres/Library/TinyTeX/texmf-dist/tex/latex/microtype/mt-msb.cfg
File: mt-msb.cfg 2005/06/01 v1.0 microtype config. file: AMS symbols (b) (RS)
)pdfTeX warning (ext4): destination with the same identifier (name{page.1}) has
 been already used, duplicate ignored
<to be read again> 
                   \relax 
l.119 
       [1



]
LaTeX Font Info:    Font shape `T1/phv/m/it' in size <10> not available
(Font)              Font shape `T1/phv/m/sl' tried instead on input line 121.

Underfull \hbox (badness 10000) in paragraph at lines 121--121

 []


Underfull \hbox (badness 10000) in paragraph at lines 121--121

 []


Overfull \hbox (16.34634pt too wide) in paragraph at lines 121--121
[]  [] 
 []


Underfull \hbox (badness 10000) in paragraph at lines 121--121

 []


Underfull \hbox (badness 10000) in paragraph at lines 121--121

 []


Underfull \hbox (badness 10000) in paragraph at lines 121--121

 []

LaTeX Font Info:    External font `lmex10' loaded for size
(Font)              <10> on input line 121.
LaTeX Font Info:    External font `lmex10' loaded for size
(Font)              <7> on input line 121.
LaTeX Font Info:    External font `lmex10' loaded for size
(Font)              <5> on input line 121.
[2] [3

] [4

] [5

] [6

] [7

] [8

] [9

] [10

] (./jacksontorres.lof) [11

] (./jacksontorres.loqg) [12

] (./jacksontorres.loq) [13

] (./jacksontorres.lot) [14

] (./jacksontorres.toc) [15

] [16


] [17] [18] [19] [20] [21

] [22]
Underfull \hbox (badness 10000) in paragraph at lines 379--390
[][]
 []

[23] [24] [25]
<12-exportedfigures/bank.evolution-1.pdf, id=489, 356.33125pt x 200.75pt>
File: 12-exportedfigures/bank.evolution-1.pdf Graphic file (type pdf)
<use 12-exportedfigures/bank.evolution-1.pdf>
Package pdftex.def Info: 12-exportedfigures/bank.evolution-1.pdf  used on input
 line 456.
(pdftex.def)             Requested size: 356.34666pt x 200.75868pt.
<12-exportedfigures/concetration-1.pdf, id=493, 424.58624pt x 277.035pt>
File: 12-exportedfigures/concetration-1.pdf Graphic file (type pdf)
<use 12-exportedfigures/concetration-1.pdf>
Package pdftex.def Info: 12-exportedfigures/concetration-1.pdf  used on input l
ine 470.
(pdftex.def)             Requested size: 424.5852pt x 277.03432pt.
[26 <./12-exportedfigures/bank.evolution-1.pdf>] [27 <./12-exportedfigures/conc
etration-1.pdf>] [28]
<12-exportedfigures/capital.graphic-1.pdf, id=558, 427.5975pt x 273.02pt>
File: 12-exportedfigures/capital.graphic-1.pdf Graphic file (type pdf)
<use 12-exportedfigures/capital.graphic-1.pdf>
Package pdftex.def Info: 12-exportedfigures/capital.graphic-1.pdf  used on inpu
t line 546.
(pdftex.def)             Requested size: 427.59645pt x 273.01933pt.
[29 <./12-exportedfigures/capital.graphic-1.pdf>]
<12-exportedfigures/credit.gdp-1.pdf, id=573, 427.5975pt x 277.035pt>
File: 12-exportedfigures/credit.gdp-1.pdf Graphic file (type pdf)
<use 12-exportedfigures/credit.gdp-1.pdf>
Package pdftex.def Info: 12-exportedfigures/credit.gdp-1.pdf  used on input lin
e 560.
(pdftex.def)             Requested size: 427.59645pt x 277.03432pt.
[30 <./12-exportedfigures/credit.gdp-1.pdf>]
<12-exportedfigures/balance.credit-1.pdf, id=591, 427.5975pt x 277.035pt>
File: 12-exportedfigures/balance.credit-1.pdf Graphic file (type pdf)
<use 12-exportedfigures/balance.credit-1.pdf>
Package pdftex.def Info: 12-exportedfigures/balance.credit-1.pdf  used on input
 line 576.
(pdftex.def)             Requested size: 427.59645pt x 277.03432pt.
[31 <./12-exportedfigures/balance.credit-1.pdf>]
<12-exportedfigures/money.base.d-1.pdf, id=609, 427.5975pt x 271.0125pt>
File: 12-exportedfigures/money.base.d-1.pdf Graphic file (type pdf)
<use 12-exportedfigures/money.base.d-1.pdf>
Package pdftex.def Info: 12-exportedfigures/money.base.d-1.pdf  used on input l
ine 613.
(pdftex.def)             Requested size: 427.59645pt x 271.01183pt.
<12-exportedfigures/base.moneybase.e-1.pdf, id=611, 355.3275pt x 134.5025pt>
File: 12-exportedfigures/base.moneybase.e-1.pdf Graphic file (type pdf)
<use 12-exportedfigures/base.moneybase.e-1.pdf>
Package pdftex.def Info: 12-exportedfigures/base.moneybase.e-1.pdf  used on inp
ut line 627.
(pdftex.def)             Requested size: 355.33203pt x 134.5042pt.
<12-exportedfigures/base.components-1.pdf, id=613, 355.3275pt x 134.5025pt>
File: 12-exportedfigures/base.components-1.pdf Graphic file (type pdf)
<use 12-exportedfigures/base.components-1.pdf>
Package pdftex.def Info: 12-exportedfigures/base.components-1.pdf  used on inpu
t line 641.
(pdftex.def)             Requested size: 355.33203pt x 134.5042pt.
[32] [33 <./12-exportedfigures/money.base.d-1.pdf> <./12-exportedfigures/base.m
oneybase.e-1.pdf>]
<12-exportedfigures/m1-1.pdf, id=652, 427.5975pt x 270.00874pt>
File: 12-exportedfigures/m1-1.pdf Graphic file (type pdf)
<use 12-exportedfigures/m1-1.pdf>
Package pdftex.def Info: 12-exportedfigures/m1-1.pdf  used on input line 665.
(pdftex.def)             Requested size: 427.59645pt x 270.00807pt.
[34 <./12-exportedfigures/base.components-1.pdf>] [35 <./12-exportedfigures/m1-
1.pdf>]
<12-exportedfigures/m2m3m4-1.pdf, id=700, 427.5975pt x 268.00125pt>
File: 12-exportedfigures/m2m3m4-1.pdf Graphic file (type pdf)
<use 12-exportedfigures/m2m3m4-1.pdf>
Package pdftex.def Info: 12-exportedfigures/m2m3m4-1.pdf  used on input line 70
7.
(pdftex.def)             Requested size: 427.59645pt x 268.00058pt.
[36] [37 <./12-exportedfigures/m2m3m4-1.pdf>] [38] [39] [40] [41] [42]
LaTeX Font Info:    Font shape `T1/phv/m/it' in size <10.95> not available
(Font)              Font shape `T1/phv/m/sl' tried instead on input line 871.
<12-exportedfigures/diagram.spread.otic-1.pdf, id=817, 595.22375pt x 206.7725pt
>
File: 12-exportedfigures/diagram.spread.otic-1.pdf Graphic file (type pdf)
<use 12-exportedfigures/diagram.spread.otic-1.pdf>
Package pdftex.def Info: 12-exportedfigures/diagram.spread.otic-1.pdf  used on 
input line 874.
(pdftex.def)             Requested size: 454.99956pt x 158.06055pt.
[43 <./12-exportedfigures/diagram.spread.otic-1.pdf>]
<12-exportedfigures/diagram.spread.carac-1.pdf, id=852, 399.4925pt x 194.7275pt
>
File: 12-exportedfigures/diagram.spread.carac-1.pdf Graphic file (type pdf)
<use 12-exportedfigures/diagram.spread.carac-1.pdf>
Package pdftex.def Info: 12-exportedfigures/diagram.spread.carac-1.pdf  used on
 input line 900.
(pdftex.def)             Requested size: 399.5037pt x 194.73294pt.
[44 <./12-exportedfigures/diagram.spread.carac-1.pdf>] [45]
<12-exportedfigures/average spread-1.pdf, id=932, 427.5975pt x 263.98625pt>
File: 12-exportedfigures/average spread-1.pdf Graphic file (type pdf)
<use 12-exportedfigures/average spread-1.pdf>
Package pdftex.def Info: 12-exportedfigures/average spread-1.pdf  used on input
 line 962.
(pdftex.def)             Requested size: 427.59645pt x 263.9856pt.
[46 <./12-exportedfigures/average spread-1.pdf>]

LaTeX Warning: Reference `tab:spread.s' on page 47 undefined on input line 976.


<12-exportedfigures/spread.2019.moc-1.pdf, id=955, 427.5975pt x 268.00125pt>
File: 12-exportedfigures/spread.2019.moc-1.pdf Graphic file (type pdf)
<use 12-exportedfigures/spread.2019.moc-1.pdf>
Package pdftex.def Info: 12-exportedfigures/spread.2019.moc-1.pdf  used on inpu
t line 987.
(pdftex.def)             Requested size: 427.59645pt x 268.00058pt.
<12-exportedfigures/spread 2019 icc-1.pdf, id=959, 427.5975pt x 268.00125pt>
File: 12-exportedfigures/spread 2019 icc-1.pdf Graphic file (type pdf)
<use 12-exportedfigures/spread 2019 icc-1.pdf>
Package pdftex.def Info: 12-exportedfigures/spread 2019 icc-1.pdf  used on inpu
t line 1003.
(pdftex.def)             Requested size: 427.59645pt x 268.00058pt.
[47] [48 <./12-exportedfigures/spread.2019.moc-1.pdf> <./12-exportedfigures/spr
ead 2019 icc-1.pdf>]
<12-exportedfigures/diagram.spread.dim-1.pdf, id=985, 232.87pt x 246.9225pt>
File: 12-exportedfigures/diagram.spread.dim-1.pdf Graphic file (type pdf)
<use 12-exportedfigures/diagram.spread.dim-1.pdf>
Package pdftex.def Info: 12-exportedfigures/diagram.spread.dim-1.pdf  used on i
nput line 1019.
(pdftex.def)             Requested size: 232.86942pt x 246.92188pt.
<12-exportedfigures/ICC-1.pdf, id=988, 427.5975pt x 277.035pt>
File: 12-exportedfigures/ICC-1.pdf Graphic file (type pdf)
<use 12-exportedfigures/ICC-1.pdf>
Package pdftex.def Info: 12-exportedfigures/ICC-1.pdf  used on input line 1035.

(pdftex.def)             Requested size: 427.59645pt x 277.03432pt.
[49 <./12-exportedfigures/diagram.spread.dim-1.pdf>] [50 <./12-exportedfigures/
ICC-1.pdf>] [51]
Overfull \hbox (2.24474pt too wide) in paragraph at lines 1115--1115
[]\T1/phv/m/n/10 (-20) AFANASIEFF, 
 []


Overfull \hbox (2.24474pt too wide) in paragraph at lines 1115--1115
[]\T1/phv/m/n/10 (-20) AFANASIEFF, 
 []

[52] [53] [54] [55] [56

] [57] [58] [59] [60] [61]
Overfull \hbox (1.10425pt too wide) in paragraph at lines 1460--1460
[]\T1/phv/m/n/10 (-20) BM12_TJOVER12|  
 []


Overfull \hbox (19.82597pt too wide) in paragraph at lines 1460--1460
[]\T1/phv/m/n/10 (-20) PRECOS12_IPCAG12|  
 []

[62] [63]

Package caption Warning: \captionsetup{type*=...} or \captionof
(caption)                outside box or environment on input line 1481.
See the caption package documentation for explanation.


Package caption Warning: The option `hypcap=true' will be ignored for this
(caption)                particular \caption on input line 1481.
See the caption package documentation for explanation.

[64] [65] [66] [67] [68]

LaTeX Warning: Command \' invalid in math mode on input line 1661.


LaTeX Warning: Command \' invalid in math mode on input line 1661.

[69]
LaTeX Font Info:    Trying to load font information for T1+lmtt on input line 1
691.
(/Users/jacksontorres/Library/TinyTeX/texmf-dist/tex/latex/lm/t1lmtt.fd
File: t1lmtt.fd 2009/10/30 v1.6 Font defs for Latin Modern
) [70] [71] [72

]
<12-exportedfigures/chart.correlation-1.pdf, id=1262, 320.19624pt x 288.07625pt
>
File: 12-exportedfigures/chart.correlation-1.pdf Graphic file (type pdf)
<use 12-exportedfigures/chart.correlation-1.pdf>
Package pdftex.def Info: 12-exportedfigures/chart.correlation-1.pdf  used on in
put line 1813.
(pdftex.def)             Requested size: 320.20033pt x 288.07993pt.
<12-exportedfigures/influence.plot-1.pdf, id=1264, 408.52625pt x 230.8625pt>
File: 12-exportedfigures/influence.plot-1.pdf Graphic file (type pdf)
<use 12-exportedfigures/influence.plot-1.pdf>
Package pdftex.def Info: 12-exportedfigures/influence.plot-1.pdf  used on input
 line 1829.
(pdftex.def)             Requested size: 408.52525pt x 230.86192pt.
[73] [74 <./12-exportedfigures/chart.correlation-1.pdf> <./12-exportedfigures/i
nfluence.plot-1.pdf>]
<12-exportedfigures/fit.01-1.pdf, id=1290, 421.575pt x 280.04625pt>
File: 12-exportedfigures/fit.01-1.pdf Graphic file (type pdf)
<use 12-exportedfigures/fit.01-1.pdf>
Package pdftex.def Info: 12-exportedfigures/fit.01-1.pdf  used on input line 18
43.
(pdftex.def)             Requested size: 421.58038pt x 280.04982pt.
<12-exportedfigures/hist.SprEp-1.pdf, id=1292, 424.58624pt x 216.81pt>
File: 12-exportedfigures/hist.SprEp-1.pdf Graphic file (type pdf)
<use 12-exportedfigures/hist.SprEp-1.pdf>
Package pdftex.def Info: 12-exportedfigures/hist.SprEp-1.pdf  used on input lin
e 1857.
(pdftex.def)             Requested size: 424.60463pt x 216.81938pt.
<12-exportedfigures/hist.residuals-1.pdf, id=1294, 424.58624pt x 216.81pt>
File: 12-exportedfigures/hist.residuals-1.pdf Graphic file (type pdf)
<use 12-exportedfigures/hist.residuals-1.pdf>
Package pdftex.def Info: 12-exportedfigures/hist.residuals-1.pdf  used on input
 line 1871.
(pdftex.def)             Requested size: 424.60463pt x 216.81938pt.
<12-exportedfigures/erros.disp-1.pdf, id=1296, 404.51125pt x 212.795pt>
File: 12-exportedfigures/erros.disp-1.pdf Graphic file (type pdf)
<use 12-exportedfigures/erros.disp-1.pdf>
Package pdftex.def Info: 12-exportedfigures/erros.disp-1.pdf  used on input lin
e 1884.
(pdftex.def)             Requested size: 404.51642pt x 212.7977pt.
[75 <./12-exportedfigures/fit.01-1.pdf>] [76 <./12-exportedfigures/hist.SprEp-1
.pdf> <./12-exportedfigures/hist.residuals-1.pdf>] [77 <./12-exportedfigures/er
ros.disp-1.pdf>]
Overfull \hbox (18.40427pt too wide) in paragraph at lines 1930--1930
 []\T1/phv/m/n/10 (-20) VARIVEIS.EXPLICATIVAS|
 []

[78]
Overfull \hbox (23.7059pt too wide) in paragraph at lines 2189--2189
[]\T1/phv/m/n/10 (-20) Hiptese.Alternativa|  
 []


Underfull \hbox (badness 10000) in paragraph at lines 2183--2193
[][]
 []

[79] [80]

Package caption Warning: The option `hypcap=true' will be ignored for this
(caption)                particular \caption on input line 2360.
See the caption package documentation for explanation.

[81] [82]
<12-exportedfigures/stability.plot-1.pdf, id=1377, 423.5825pt x 277.035pt>
File: 12-exportedfigures/stability.plot-1.pdf Graphic file (type pdf)
<use 12-exportedfigures/stability.plot-1.pdf>
Package pdftex.def Info: 12-exportedfigures/stability.plot-1.pdf  used on input
 line 2459.
(pdftex.def)             Requested size: 423.58147pt x 277.03432pt.

Overfull \hbox (4.8395pt too wide) in paragraph at lines 2478--2478
 []\T1/phv/m/n/12 (-20) nof_instruments|
 []

<12-exportedfigures/impulse.plot-1.pdf, id=1379, 410.53375pt x 279.0425pt>
File: 12-exportedfigures/impulse.plot-1.pdf Graphic file (type pdf)
<use 12-exportedfigures/impulse.plot-1.pdf>
Package pdftex.def Info: 12-exportedfigures/impulse.plot-1.pdf  used on input l
ine 2493.
(pdftex.def)             Requested size: 410.53275pt x 279.04181pt.
[83] [84 <./12-exportedfigures/stability.plot-1.pdf> <./12-exportedfigures/impu
lse.plot-1.pdf>] [85] [86] [87] [88] [89] [90

]

Package biblatex Warning: No driver for entry type ''.
(biblatex)                Using fallback driver on input line 2509.

[91

] [92] [93] [94] [95] [96]

Package biblatex Warning: No driver for entry type ''.
(biblatex)                Using fallback driver on input line 2509.

[97] 
AED: lastpage setting LastPage
[98]
\tf@lof=\write8
\openout8 = `jacksontorres.lof'.

\tf@loqg=\write9
\openout9 = `jacksontorres.loqg'.

\tf@loq=\write10
\openout10 = `jacksontorres.loq'.

\tf@lot=\write11
\openout11 = `jacksontorres.lot'.

\tf@toc=\write12
\openout12 = `jacksontorres.toc'.

(./jacksontorres.aux)

LaTeX Warning: There were undefined references.

Package logreq Info: Writing requests to 'jacksontorres.run.xml'.
\openout1 = `jacksontorres.run.xml'.

 ) 
Here is how much of TeX's memory you used:
 43744 strings out of 480962
 792489 string characters out of 5905694
 1870802 words of memory out of 5000000
 59245 multiletter control sequences out of 15000+600000
 483848 words of font info for 358 fonts, out of 8000000 for 9000
 16 hyphenation exceptions out of 8191
 117i,16n,120p,1158b,4232s stack positions out of 5000i,500n,10000p,200000b,80000s
{/Users/jacksontorres/Library/TinyTeX/texmf-dist/fonts/enc/dvips/lm/lm-ec.enc
}{/Users/jacksontorres/Library/TinyTeX/texmf-dist/fonts/enc/dvips/lm/lm-mathsy.
enc}{/Users/jacksontorres/Library/TinyTeX/texmf-dist/fonts/enc/dvips/lm/lm-rm.e
nc}{/Users/jacksontorres/Library/TinyTeX/texmf-dist/fonts/enc/dvips/lm/lm-mathi
t.enc}{/Users/jacksontorres/Library/TinyTeX/texmf-dist/fonts/enc/dvips/lm/lm-ma
thex.enc}{/Users/jacksontorres/Library/TinyTeX/texmf-dist/fonts/enc/dvips/base/
8r.enc}</Users/jacksontorres/Library/TinyTeX/texmf-dist/fonts/type1/public/lm/l
mex10.pfb></Users/jacksontorres/Library/TinyTeX/texmf-dist/fonts/type1/public/l
m/lmmi10.pfb></Users/jacksontorres/Library/TinyTeX/texmf-dist/fonts/type1/publi
c/lm/lmmi12.pfb></Users/jacksontorres/Library/TinyTeX/texmf-dist/fonts/type1/pu
blic/lm/lmmi6.pfb></Users/jacksontorres/Library/TinyTeX/texmf-dist/fonts/type1/
public/lm/lmmi8.pfb></Users/jacksontorres/Library/TinyTeX/texmf-dist/fonts/type
1/public/lm/lmr10.pfb></Users/jacksontorres/Library/TinyTeX/texmf-dist/fonts/ty
pe1/public/lm/lmr12.pfb></Users/jacksontorres/Library/TinyTeX/texmf-dist/fonts/
type1/public/lm/lmr6.pfb></Users/jacksontorres/Library/TinyTeX/texmf-dist/fonts
/type1/public/lm/lmr7.pfb></Users/jacksontorres/Library/TinyTeX/texmf-dist/font
s/type1/public/lm/lmr8.pfb></Users/jacksontorres/Library/TinyTeX/texmf-dist/fon
ts/type1/public/lm/lmsy10.pfb></Users/jacksontorres/Library/TinyTeX/texmf-dist/
fonts/type1/public/lm/lmsy6.pfb></Users/jacksontorres/Library/TinyTeX/texmf-dis
t/fonts/type1/public/lm/lmsy8.pfb></Users/jacksontorres/Library/TinyTeX/texmf-d
ist/fonts/type1/public/lm/lmtt12.pfb></Users/jacksontorres/Library/TinyTeX/texm
f-dist/fonts/type1/urw/helvetic/uhvb8a.pfb></Users/jacksontorres/Library/TinyTe
X/texmf-dist/fonts/type1/urw/helvetic/uhvr8a.pfb></Users/jacksontorres/Library/
TinyTeX/texmf-dist/fonts/type1/urw/helvetic/uhvro8a.pfb>
Output written on jacksontorres.pdf (99 pages, 5293400 bytes).
PDF statistics:
 1735 PDF objects out of 2073 (max. 8388607)
 1499 compressed objects within 15 object streams
 345 named destinations out of 1000 (max. 500000)
 61899 words of extra memory for PDF output out of 61914 (max. 10000000)

