This is pdfTeX, Version 3.14159265-2.6-1.40.21 (TeX Live 2020) (preloaded format=pdflatex 2021.3.22)  30 JUN 2021 11:14
entering extended mode
 restricted \write18 enabled.
 %&-line parsing enabled.
**02-final_presentation-V1.tex
(./02-final_presentation-V1.tex
LaTeX2e <2020-10-01> patch level 4
L3 programming layer <2021-02-18> (/Users/jacksontorres/Library/TinyTeX/texmf-d
ist/tex/latex/beamer/beamer.cls
Document Class: beamer 2021/03/19 v3.62 A class for typesetting presentations

(/Users/jacksontorres/Library/TinyTeX/texmf-dist/tex/latex/beamer/beamerbasemod
es.sty
(/Users/jacksontorres/Library/TinyTeX/texmf-dist/tex/latex/etoolbox/etoolbox.st
y
Package: etoolbox 2020/10/05 v2.5k e-TeX tools for LaTeX (JAW)
\etb@tempcnta=\count179
)
\beamer@tempbox=\box47
\beamer@tempcount=\count180
\c@beamerpauses=\count181

(/Users/jacksontorres/Library/TinyTeX/texmf-dist/tex/latex/beamer/beamerbasedec
ode.sty
\beamer@slideinframe=\count182
\beamer@minimum=\count183
\beamer@decode@box=\box48
)
\beamer@commentbox=\box49
\beamer@modecount=\count184
) (/Users/jacksontorres/Library/TinyTeX/texmf-dist/tex/generic/iftex/ifpdf.sty
Package: ifpdf 2019/10/25 v3.4 ifpdf legacy package. Use iftex instead.
(/Users/jacksontorres/Library/TinyTeX/texmf-dist/tex/generic/iftex/iftex.sty
Package: iftex 2020/03/06 v1.0d TeX engine tests
))
\headdp=\dimen138
\footheight=\dimen139
\sidebarheight=\dimen140
\beamer@tempdim=\dimen141
\beamer@finalheight=\dimen142
\beamer@animht=\dimen143
\beamer@animdp=\dimen144
\beamer@animwd=\dimen145
\beamer@leftmargin=\dimen146
\beamer@rightmargin=\dimen147
\beamer@leftsidebar=\dimen148
\beamer@rightsidebar=\dimen149
\beamer@boxsize=\dimen150
\beamer@vboxoffset=\dimen151
\beamer@descdefault=\dimen152
\beamer@descriptionwidth=\dimen153
\beamer@lastskip=\skip47
\beamer@areabox=\box50
\beamer@animcurrent=\box51
\beamer@animshowbox=\box52
\beamer@sectionbox=\box53
\beamer@logobox=\box54
\beamer@linebox=\box55
\beamer@sectioncount=\count185
\beamer@subsubsectionmax=\count186
\beamer@subsectionmax=\count187
\beamer@sectionmax=\count188
\beamer@totalheads=\count189
\beamer@headcounter=\count190
\beamer@partstartpage=\count191
\beamer@sectionstartpage=\count192
\beamer@subsectionstartpage=\count193
\beamer@animationtempa=\count194
\beamer@animationtempb=\count195
\beamer@xpos=\count196
\beamer@ypos=\count197
\beamer@ypos@offset=\count198
\beamer@showpartnumber=\count199
\beamer@currentsubsection=\count266
\beamer@coveringdepth=\count267
\beamer@sectionadjust=\count268
\beamer@tocsectionnumber=\count269

(/Users/jacksontorres/Library/TinyTeX/texmf-dist/tex/latex/beamer/beamerbaseopt
ions.sty (/Users/jacksontorres/Library/TinyTeX/texmf-dist/tex/latex/graphics/ke
yval.sty
Package: keyval 2014/10/28 v1.15 key=value parser (DPC)
\KV@toks@=\toks15
))
\beamer@paperwidth=\skip48
\beamer@paperheight=\skip49

(/Users/jacksontorres/Library/TinyTeX/texmf-dist/tex/latex/geometry/geometry.st
y
Package: geometry 2020/01/02 v5.9 Page Geometry
(/Users/jacksontorres/Library/TinyTeX/texmf-dist/tex/generic/iftex/ifvtex.sty
Package: ifvtex 2019/10/25 v1.7 ifvtex legacy package. Use iftex instead.
)
\Gm@cnth=\count270
\Gm@cntv=\count271
\c@Gm@tempcnt=\count272
\Gm@bindingoffset=\dimen154
\Gm@wd@mp=\dimen155
\Gm@odd@mp=\dimen156
\Gm@even@mp=\dimen157
\Gm@layoutwidth=\dimen158
\Gm@layoutheight=\dimen159
\Gm@layouthoffset=\dimen160
\Gm@layoutvoffset=\dimen161
\Gm@dimlist=\toks16
) (/Users/jacksontorres/Library/TinyTeX/texmf-dist/tex/latex/base/size11.clo
File: size11.clo 2020/04/10 v1.4m Standard LaTeX file (size option)
)
(/Users/jacksontorres/Library/TinyTeX/texmf-dist/tex/latex/pgf/basiclayer/pgfco
re.sty
(/Users/jacksontorres/Library/TinyTeX/texmf-dist/tex/latex/graphics/graphicx.st
y
Package: graphicx 2020/09/09 v1.2b Enhanced LaTeX Graphics (DPC,SPQR)

(/Users/jacksontorres/Library/TinyTeX/texmf-dist/tex/latex/graphics/graphics.st
y
Package: graphics 2020/08/30 v1.4c Standard LaTeX Graphics (DPC,SPQR)
(/Users/jacksontorres/Library/TinyTeX/texmf-dist/tex/latex/graphics/trig.sty
Package: trig 2016/01/03 v1.10 sin cos tan (DPC)
)
(/Users/jacksontorres/Library/TinyTeX/texmf-dist/tex/latex/graphics-cfg/graphic
s.cfg
File: graphics.cfg 2016/06/04 v1.11 sample graphics configuration
)
Package graphics Info: Driver file: pdftex.def on input line 105.

(/Users/jacksontorres/Library/TinyTeX/texmf-dist/tex/latex/graphics-def/pdftex.
def
File: pdftex.def 2020/10/05 v1.2a Graphics/color driver for pdftex
))
\Gin@req@height=\dimen162
\Gin@req@width=\dimen163
)
(/Users/jacksontorres/Library/TinyTeX/texmf-dist/tex/latex/pgf/systemlayer/pgfs
ys.sty
(/Users/jacksontorres/Library/TinyTeX/texmf-dist/tex/latex/pgf/utilities/pgfrcs
.sty
(/Users/jacksontorres/Library/TinyTeX/texmf-dist/tex/generic/pgf/utilities/pgfu
til-common.tex
\pgfutil@everybye=\toks17
\pgfutil@tempdima=\dimen164
\pgfutil@tempdimb=\dimen165

(/Users/jacksontorres/Library/TinyTeX/texmf-dist/tex/generic/pgf/utilities/pgfu
til-common-lists.tex))
(/Users/jacksontorres/Library/TinyTeX/texmf-dist/tex/generic/pgf/utilities/pgfu
til-latex.def
\pgfutil@abb=\box56
)
(/Users/jacksontorres/Library/TinyTeX/texmf-dist/tex/generic/pgf/utilities/pgfr
cs.code.tex
(/Users/jacksontorres/Library/TinyTeX/texmf-dist/tex/generic/pgf/pgf.revision.t
ex)
Package: pgfrcs 2020/12/27 v3.1.8b (3.1.8b)
))
(/Users/jacksontorres/Library/TinyTeX/texmf-dist/tex/generic/pgf/systemlayer/pg
fsys.code.tex
Package: pgfsys 2020/12/27 v3.1.8b (3.1.8b)

(/Users/jacksontorres/Library/TinyTeX/texmf-dist/tex/generic/pgf/utilities/pgfk
eys.code.tex
\pgfkeys@pathtoks=\toks18
\pgfkeys@temptoks=\toks19

(/Users/jacksontorres/Library/TinyTeX/texmf-dist/tex/generic/pgf/utilities/pgfk
eysfiltered.code.tex
\pgfkeys@tmptoks=\toks20
))
\pgf@x=\dimen166
\pgf@y=\dimen167
\pgf@xa=\dimen168
\pgf@ya=\dimen169
\pgf@xb=\dimen170
\pgf@yb=\dimen171
\pgf@xc=\dimen172
\pgf@yc=\dimen173
\pgf@xd=\dimen174
\pgf@yd=\dimen175
\w@pgf@writea=\write3
\r@pgf@reada=\read2
\c@pgf@counta=\count273
\c@pgf@countb=\count274
\c@pgf@countc=\count275
\c@pgf@countd=\count276
\t@pgf@toka=\toks21
\t@pgf@tokb=\toks22
\t@pgf@tokc=\toks23
\pgf@sys@id@count=\count277

(/Users/jacksontorres/Library/TinyTeX/texmf-dist/tex/generic/pgf/systemlayer/pg
f.cfg
File: pgf.cfg 2020/12/27 v3.1.8b (3.1.8b)
)
Driver file for pgf: pgfsys-pdftex.def

(/Users/jacksontorres/Library/TinyTeX/texmf-dist/tex/generic/pgf/systemlayer/pg
fsys-pdftex.def
File: pgfsys-pdftex.def 2020/12/27 v3.1.8b (3.1.8b)

(/Users/jacksontorres/Library/TinyTeX/texmf-dist/tex/generic/pgf/systemlayer/pg
fsys-common-pdf.def
File: pgfsys-common-pdf.def 2020/12/27 v3.1.8b (3.1.8b)
)))
(/Users/jacksontorres/Library/TinyTeX/texmf-dist/tex/generic/pgf/systemlayer/pg
fsyssoftpath.code.tex
File: pgfsyssoftpath.code.tex 2020/12/27 v3.1.8b (3.1.8b)
\pgfsyssoftpath@smallbuffer@items=\count278
\pgfsyssoftpath@bigbuffer@items=\count279
)
(/Users/jacksontorres/Library/TinyTeX/texmf-dist/tex/generic/pgf/systemlayer/pg
fsysprotocol.code.tex
File: pgfsysprotocol.code.tex 2020/12/27 v3.1.8b (3.1.8b)
)) (/Users/jacksontorres/Library/TinyTeX/texmf-dist/tex/latex/xcolor/xcolor.sty
Package: xcolor 2016/05/11 v2.12 LaTeX color extensions (UK)

(/Users/jacksontorres/Library/TinyTeX/texmf-dist/tex/latex/graphics-cfg/color.c
fg
File: color.cfg 2016/01/02 v1.6 sample color configuration
)
Package xcolor Info: Driver file: pdftex.def on input line 225.
Package xcolor Info: Model `cmy' substituted by `cmy0' on input line 1348.
Package xcolor Info: Model `hsb' substituted by `rgb' on input line 1352.
Package xcolor Info: Model `RGB' extended on input line 1364.
Package xcolor Info: Model `HTML' substituted by `rgb' on input line 1366.
Package xcolor Info: Model `Hsb' substituted by `hsb' on input line 1367.
Package xcolor Info: Model `tHsb' substituted by `hsb' on input line 1368.
Package xcolor Info: Model `HSB' substituted by `hsb' on input line 1369.
Package xcolor Info: Model `Gray' substituted by `gray' on input line 1370.
Package xcolor Info: Model `wave' substituted by `hsb' on input line 1371.
)
(/Users/jacksontorres/Library/TinyTeX/texmf-dist/tex/generic/pgf/basiclayer/pgf
core.code.tex
Package: pgfcore 2020/12/27 v3.1.8b (3.1.8b)

(/Users/jacksontorres/Library/TinyTeX/texmf-dist/tex/generic/pgf/math/pgfmath.c
ode.tex
(/Users/jacksontorres/Library/TinyTeX/texmf-dist/tex/generic/pgf/math/pgfmathca
lc.code.tex
(/Users/jacksontorres/Library/TinyTeX/texmf-dist/tex/generic/pgf/math/pgfmathut
il.code.tex)
(/Users/jacksontorres/Library/TinyTeX/texmf-dist/tex/generic/pgf/math/pgfmathpa
rser.code.tex
\pgfmath@dimen=\dimen176
\pgfmath@count=\count280
\pgfmath@box=\box57
\pgfmath@toks=\toks24
\pgfmath@stack@operand=\toks25
\pgfmath@stack@operation=\toks26
)
(/Users/jacksontorres/Library/TinyTeX/texmf-dist/tex/generic/pgf/math/pgfmathfu
nctions.code.tex
(/Users/jacksontorres/Library/TinyTeX/texmf-dist/tex/generic/pgf/math/pgfmathfu
nctions.basic.code.tex)
(/Users/jacksontorres/Library/TinyTeX/texmf-dist/tex/generic/pgf/math/pgfmathfu
nctions.trigonometric.code.tex)
(/Users/jacksontorres/Library/TinyTeX/texmf-dist/tex/generic/pgf/math/pgfmathfu
nctions.random.code.tex)
(/Users/jacksontorres/Library/TinyTeX/texmf-dist/tex/generic/pgf/math/pgfmathfu
nctions.comparison.code.tex)
(/Users/jacksontorres/Library/TinyTeX/texmf-dist/tex/generic/pgf/math/pgfmathfu
nctions.base.code.tex)
(/Users/jacksontorres/Library/TinyTeX/texmf-dist/tex/generic/pgf/math/pgfmathfu
nctions.round.code.tex)
(/Users/jacksontorres/Library/TinyTeX/texmf-dist/tex/generic/pgf/math/pgfmathfu
nctions.misc.code.tex)
(/Users/jacksontorres/Library/TinyTeX/texmf-dist/tex/generic/pgf/math/pgfmathfu
nctions.integerarithmetics.code.tex)))
(/Users/jacksontorres/Library/TinyTeX/texmf-dist/tex/generic/pgf/math/pgfmathfl
oat.code.tex
\c@pgfmathroundto@lastzeros=\count281
))
(/Users/jacksontorres/Library/TinyTeX/texmf-dist/tex/generic/pgf/math/pgfint.co
de.tex)
(/Users/jacksontorres/Library/TinyTeX/texmf-dist/tex/generic/pgf/basiclayer/pgf
corepoints.code.tex
File: pgfcorepoints.code.tex 2020/12/27 v3.1.8b (3.1.8b)
\pgf@picminx=\dimen177
\pgf@picmaxx=\dimen178
\pgf@picminy=\dimen179
\pgf@picmaxy=\dimen180
\pgf@pathminx=\dimen181
\pgf@pathmaxx=\dimen182
\pgf@pathminy=\dimen183
\pgf@pathmaxy=\dimen184
\pgf@xx=\dimen185
\pgf@xy=\dimen186
\pgf@yx=\dimen187
\pgf@yy=\dimen188
\pgf@zx=\dimen189
\pgf@zy=\dimen190
)
(/Users/jacksontorres/Library/TinyTeX/texmf-dist/tex/generic/pgf/basiclayer/pgf
corepathconstruct.code.tex
File: pgfcorepathconstruct.code.tex 2020/12/27 v3.1.8b (3.1.8b)
\pgf@path@lastx=\dimen191
\pgf@path@lasty=\dimen192
)
(/Users/jacksontorres/Library/TinyTeX/texmf-dist/tex/generic/pgf/basiclayer/pgf
corepathusage.code.tex
File: pgfcorepathusage.code.tex 2020/12/27 v3.1.8b (3.1.8b)
\pgf@shorten@end@additional=\dimen193
\pgf@shorten@start@additional=\dimen194
)
(/Users/jacksontorres/Library/TinyTeX/texmf-dist/tex/generic/pgf/basiclayer/pgf
corescopes.code.tex
File: pgfcorescopes.code.tex 2020/12/27 v3.1.8b (3.1.8b)
\pgfpic=\box58
\pgf@hbox=\box59
\pgf@layerbox@main=\box60
\pgf@picture@serial@count=\count282
)
(/Users/jacksontorres/Library/TinyTeX/texmf-dist/tex/generic/pgf/basiclayer/pgf
coregraphicstate.code.tex
File: pgfcoregraphicstate.code.tex 2020/12/27 v3.1.8b (3.1.8b)
\pgflinewidth=\dimen195
)
(/Users/jacksontorres/Library/TinyTeX/texmf-dist/tex/generic/pgf/basiclayer/pgf
coretransformations.code.tex
File: pgfcoretransformations.code.tex 2020/12/27 v3.1.8b (3.1.8b)
\pgf@pt@x=\dimen196
\pgf@pt@y=\dimen197
\pgf@pt@temp=\dimen198
)
(/Users/jacksontorres/Library/TinyTeX/texmf-dist/tex/generic/pgf/basiclayer/pgf
corequick.code.tex
File: pgfcorequick.code.tex 2020/12/27 v3.1.8b (3.1.8b)
)
(/Users/jacksontorres/Library/TinyTeX/texmf-dist/tex/generic/pgf/basiclayer/pgf
coreobjects.code.tex
File: pgfcoreobjects.code.tex 2020/12/27 v3.1.8b (3.1.8b)
)
(/Users/jacksontorres/Library/TinyTeX/texmf-dist/tex/generic/pgf/basiclayer/pgf
corepathprocessing.code.tex
File: pgfcorepathprocessing.code.tex 2020/12/27 v3.1.8b (3.1.8b)
)
(/Users/jacksontorres/Library/TinyTeX/texmf-dist/tex/generic/pgf/basiclayer/pgf
corearrows.code.tex
File: pgfcorearrows.code.tex 2020/12/27 v3.1.8b (3.1.8b)
\pgfarrowsep=\dimen199
)
(/Users/jacksontorres/Library/TinyTeX/texmf-dist/tex/generic/pgf/basiclayer/pgf
coreshade.code.tex
File: pgfcoreshade.code.tex 2020/12/27 v3.1.8b (3.1.8b)
\pgf@max=\dimen256
\pgf@sys@shading@range@num=\count283
\pgf@shadingcount=\count284
)
(/Users/jacksontorres/Library/TinyTeX/texmf-dist/tex/generic/pgf/basiclayer/pgf
coreimage.code.tex
File: pgfcoreimage.code.tex 2020/12/27 v3.1.8b (3.1.8b)

(/Users/jacksontorres/Library/TinyTeX/texmf-dist/tex/generic/pgf/basiclayer/pgf
coreexternal.code.tex
File: pgfcoreexternal.code.tex 2020/12/27 v3.1.8b (3.1.8b)
\pgfexternal@startupbox=\box61
))
(/Users/jacksontorres/Library/TinyTeX/texmf-dist/tex/generic/pgf/basiclayer/pgf
corelayers.code.tex
File: pgfcorelayers.code.tex 2020/12/27 v3.1.8b (3.1.8b)
)
(/Users/jacksontorres/Library/TinyTeX/texmf-dist/tex/generic/pgf/basiclayer/pgf
coretransparency.code.tex
File: pgfcoretransparency.code.tex 2020/12/27 v3.1.8b (3.1.8b)
)
(/Users/jacksontorres/Library/TinyTeX/texmf-dist/tex/generic/pgf/basiclayer/pgf
corepatterns.code.tex
File: pgfcorepatterns.code.tex 2020/12/27 v3.1.8b (3.1.8b)
)
(/Users/jacksontorres/Library/TinyTeX/texmf-dist/tex/generic/pgf/basiclayer/pgf
corerdf.code.tex
File: pgfcorerdf.code.tex 2020/12/27 v3.1.8b (3.1.8b)
)))
(/Users/jacksontorres/Library/TinyTeX/texmf-dist/tex/latex/pgf/utilities/xxcolo
r.sty
Package: xxcolor 2003/10/24 ver 0.1
\XC@nummixins=\count285
\XC@countmixins=\count286
)
(/Users/jacksontorres/Library/TinyTeX/texmf-dist/tex/latex/base/atbegshi-ltx.st
y
Package: atbegshi-ltx 2020/08/17 v1.0a Emulation of the original atbegshi packa
ge
with kernel methods
)
(/Users/jacksontorres/Library/TinyTeX/texmf-dist/tex/latex/hyperref/hyperref.st
y
Package: hyperref 2021-02-27 v7.00k Hypertext links for LaTeX

(/Users/jacksontorres/Library/TinyTeX/texmf-dist/tex/generic/ltxcmds/ltxcmds.st
y
Package: ltxcmds 2020-05-10 v1.25 LaTeX kernel commands for general use (HO)
)
(/Users/jacksontorres/Library/TinyTeX/texmf-dist/tex/generic/pdftexcmds/pdftexc
mds.sty
Package: pdftexcmds 2020-06-27 v0.33 Utility functions of pdfTeX for LuaTeX (HO
)

(/Users/jacksontorres/Library/TinyTeX/texmf-dist/tex/generic/infwarerr/infwarer
r.sty
Package: infwarerr 2019/12/03 v1.5 Providing info/warning/error messages (HO)
)
Package pdftexcmds Info: \pdf@primitive is available.
Package pdftexcmds Info: \pdf@ifprimitive is available.
Package pdftexcmds Info: \pdfdraftmode found.
)
(/Users/jacksontorres/Library/TinyTeX/texmf-dist/tex/generic/kvsetkeys/kvsetkey
s.sty
Package: kvsetkeys 2019/12/15 v1.18 Key value parser (HO)
)
(/Users/jacksontorres/Library/TinyTeX/texmf-dist/tex/generic/kvdefinekeys/kvdef
inekeys.sty
Package: kvdefinekeys 2019-12-19 v1.6 Define keys (HO)
)
(/Users/jacksontorres/Library/TinyTeX/texmf-dist/tex/generic/pdfescape/pdfescap
e.sty
Package: pdfescape 2019/12/09 v1.15 Implements pdfTeX's escape features (HO)
) (/Users/jacksontorres/Library/TinyTeX/texmf-dist/tex/latex/hycolor/hycolor.st
y
Package: hycolor 2020-01-27 v1.10 Color options for hyperref/bookmark (HO)
)
(/Users/jacksontorres/Library/TinyTeX/texmf-dist/tex/latex/letltxmacro/letltxma
cro.sty
Package: letltxmacro 2019/12/03 v1.6 Let assignment for LaTeX macros (HO)
) (/Users/jacksontorres/Library/TinyTeX/texmf-dist/tex/latex/auxhook/auxhook.st
y
Package: auxhook 2019-12-17 v1.6 Hooks for auxiliary files (HO)
)
(/Users/jacksontorres/Library/TinyTeX/texmf-dist/tex/latex/kvoptions/kvoptions.
sty
Package: kvoptions 2020-10-07 v3.14 Key value format for package options (HO)
)
\@linkdim=\dimen257
\Hy@linkcounter=\count287
\Hy@pagecounter=\count288
(/Users/jacksontorres/Library/TinyTeX/texmf-dist/tex/latex/hyperref/pd1enc.def
File: pd1enc.def 2021-02-27 v7.00k Hyperref: PDFDocEncoding definition (HO)
Now handling font encoding PD1 ...
... no UTF-8 mapping file for font encoding PD1
)
(/Users/jacksontorres/Library/TinyTeX/texmf-dist/tex/latex/hyperref/hyperref-la
ngpatches.def
File: hyperref-langpatches.def 2021-02-27 v7.00k Hyperref: patches for babel la
nguages
)
(/Users/jacksontorres/Library/TinyTeX/texmf-dist/tex/generic/intcalc/intcalc.st
y
Package: intcalc 2019/12/15 v1.3 Expandable calculations with integers (HO)
)
(/Users/jacksontorres/Library/TinyTeX/texmf-dist/tex/generic/etexcmds/etexcmds.
sty
Package: etexcmds 2019/12/15 v1.7 Avoid name clashes with e-TeX commands (HO)
)
\Hy@SavedSpaceFactor=\count289
(/Users/jacksontorres/Library/TinyTeX/texmf-dist/tex/latex/hyperref/puenc.def
File: puenc.def 2021-02-27 v7.00k Hyperref: PDF Unicode definition (HO)
Now handling font encoding PU ...
... no UTF-8 mapping file for font encoding PU
)
Package hyperref Info: Option `unicode' set `true' on input line 4073.
Package hyperref Info: Option `bookmarks' set `true' on input line 4073.
Package hyperref Info: Option `bookmarksopen' set `true' on input line 4073.
Package hyperref Info: Option `implicit' set `false' on input line 4073.
Package hyperref Info: Hyper figures OFF on input line 4192.
Package hyperref Info: Link nesting OFF on input line 4197.
Package hyperref Info: Hyper index ON on input line 4200.
Package hyperref Info: Plain pages OFF on input line 4207.
Package hyperref Info: Backreferencing OFF on input line 4212.
Package hyperref Info: Implicit mode OFF; no redefinition of LaTeX internals.
Package hyperref Info: Bookmarks ON on input line 4445.
\c@Hy@tempcnt=\count290
(/Users/jacksontorres/Library/TinyTeX/texmf-dist/tex/latex/url/url.sty
\Urlmuskip=\muskip16
Package: url 2013/09/16  ver 3.4  Verb mode for urls, etc.
)
LaTeX Info: Redefining \url on input line 4804.
\XeTeXLinkMargin=\dimen258
(/Users/jacksontorres/Library/TinyTeX/texmf-dist/tex/generic/bitset/bitset.sty
Package: bitset 2019/12/09 v1.3 Handle bit-vector datatype (HO)

(/Users/jacksontorres/Library/TinyTeX/texmf-dist/tex/generic/bigintcalc/bigintc
alc.sty
Package: bigintcalc 2019/12/15 v1.5 Expandable calculations on big integers (HO
)
))
\Fld@menulength=\count291
\Field@Width=\dimen259
\Fld@charsize=\dimen260
Package hyperref Info: Hyper figures OFF on input line 6075.
Package hyperref Info: Link nesting OFF on input line 6080.
Package hyperref Info: Hyper index ON on input line 6083.
Package hyperref Info: backreferencing OFF on input line 6090.
Package hyperref Info: Link coloring OFF on input line 6095.
Package hyperref Info: Link coloring with OCG OFF on input line 6100.
Package hyperref Info: PDF/A mode OFF on input line 6105.
LaTeX Info: Redefining \ref on input line 6145.
LaTeX Info: Redefining \pageref on input line 6149.
\Hy@abspage=\count292

Package hyperref Message: Stopped early.

)
Package hyperref Info: Driver (autodetected): hpdftex.

(/Users/jacksontorres/Library/TinyTeX/texmf-dist/tex/latex/hyperref/hpdftex.def
File: hpdftex.def 2021-02-27 v7.00k Hyperref driver for pdfTeX

(/Users/jacksontorres/Library/TinyTeX/texmf-dist/tex/latex/base/atveryend-ltx.s
ty
Package: atveryend-ltx 2020/08/19 v1.0a Emulation of the original atvery packag
e
with kernel methods
)
\Fld@listcount=\count293
\c@bookmark@seq@number=\count294

(/Users/jacksontorres/Library/TinyTeX/texmf-dist/tex/latex/rerunfilecheck/rerun
filecheck.sty
Package: rerunfilecheck 2019/12/05 v1.9 Rerun checks for auxiliary files (HO)

(/Users/jacksontorres/Library/TinyTeX/texmf-dist/tex/generic/uniquecounter/uniq
uecounter.sty
Package: uniquecounter 2019/12/15 v1.4 Provide unlimited unique counter (HO)
)
Package uniquecounter Info: New unique counter `rerunfilecheck' on input line 2
86.
))
(/Users/jacksontorres/Library/TinyTeX/texmf-dist/tex/latex/beamer/beamerbasereq
uires.sty
(/Users/jacksontorres/Library/TinyTeX/texmf-dist/tex/latex/beamer/beamerbasecom
patibility.sty)
(/Users/jacksontorres/Library/TinyTeX/texmf-dist/tex/latex/beamer/beamerbasefon
t.sty
(/Users/jacksontorres/Library/TinyTeX/texmf-dist/tex/latex/amsfonts/amssymb.sty
Package: amssymb 2013/01/14 v3.01 AMS font symbols

(/Users/jacksontorres/Library/TinyTeX/texmf-dist/tex/latex/amsfonts/amsfonts.st
y
Package: amsfonts 2013/01/14 v3.01 Basic AMSFonts support
\@emptytoks=\toks27
\symAMSa=\mathgroup4
\symAMSb=\mathgroup5
LaTeX Font Info:    Redeclaring math symbol \hbar on input line 98.
LaTeX Font Info:    Overwriting math alphabet `\mathfrak' in version `bold'
(Font)                  U/euf/m/n --> U/euf/b/n on input line 106.
)))
(/Users/jacksontorres/Library/TinyTeX/texmf-dist/tex/latex/beamer/beamerbasetra
nslator.sty
(/Users/jacksontorres/Library/TinyTeX/texmf-dist/tex/latex/translator/translato
r.sty
Package: translator 2020-08-03 v1.12c Easy translation of strings in LaTeX
))
(/Users/jacksontorres/Library/TinyTeX/texmf-dist/tex/latex/beamer/beamerbasemis
c.sty)
(/Users/jacksontorres/Library/TinyTeX/texmf-dist/tex/latex/beamer/beamerbasetwo
screens.sty)
(/Users/jacksontorres/Library/TinyTeX/texmf-dist/tex/latex/beamer/beamerbaseove
rlay.sty
\beamer@argscount=\count295
\beamer@lastskipcover=\skip50
\beamer@trivlistdepth=\count296
)
(/Users/jacksontorres/Library/TinyTeX/texmf-dist/tex/latex/beamer/beamerbasetit
le.sty)
(/Users/jacksontorres/Library/TinyTeX/texmf-dist/tex/latex/beamer/beamerbasesec
tion.sty
\c@lecture=\count297
\c@part=\count298
\c@section=\count299
\c@subsection=\count300
\c@subsubsection=\count301
)
(/Users/jacksontorres/Library/TinyTeX/texmf-dist/tex/latex/beamer/beamerbasefra
me.sty
\beamer@framebox=\box62
\beamer@frametitlebox=\box63
\beamer@zoombox=\box64
\beamer@zoomcount=\count302
\beamer@zoomframecount=\count303
\beamer@frametextheight=\dimen261
\c@subsectionslide=\count304
\beamer@frametopskip=\skip51
\beamer@framebottomskip=\skip52
\beamer@frametopskipautobreak=\skip53
\beamer@framebottomskipautobreak=\skip54
\beamer@envbody=\toks28
\framewidth=\dimen262
\c@framenumber=\count305
)
(/Users/jacksontorres/Library/TinyTeX/texmf-dist/tex/latex/beamer/beamerbasever
batim.sty
\beamer@verbatimfileout=\write4
)
(/Users/jacksontorres/Library/TinyTeX/texmf-dist/tex/latex/beamer/beamerbasefra
mesize.sty
\beamer@splitbox=\box65
\beamer@autobreakcount=\count306
\beamer@autobreaklastheight=\dimen263
\beamer@frametitletoks=\toks29
\beamer@framesubtitletoks=\toks30
)
(/Users/jacksontorres/Library/TinyTeX/texmf-dist/tex/latex/beamer/beamerbasefra
mecomponents.sty
\beamer@footins=\box66
)
(/Users/jacksontorres/Library/TinyTeX/texmf-dist/tex/latex/beamer/beamerbasecol
or.sty)
(/Users/jacksontorres/Library/TinyTeX/texmf-dist/tex/latex/beamer/beamerbasenot
es.sty
\beamer@frameboxcopy=\box67
)
(/Users/jacksontorres/Library/TinyTeX/texmf-dist/tex/latex/beamer/beamerbasetoc
.sty)
(/Users/jacksontorres/Library/TinyTeX/texmf-dist/tex/latex/beamer/beamerbasetem
plates.sty
\beamer@sbttoks=\toks31

(/Users/jacksontorres/Library/TinyTeX/texmf-dist/tex/latex/beamer/beamerbaseaux
templates.sty
(/Users/jacksontorres/Library/TinyTeX/texmf-dist/tex/latex/beamer/beamerbasebox
es.sty
\bmb@box=\box68
\bmb@colorbox=\box69
\bmb@boxwidth=\dimen264
\bmb@boxheight=\dimen265
\bmb@prevheight=\dimen266
\bmb@temp=\dimen267
\bmb@dima=\dimen268
\bmb@dimb=\dimen269
\bmb@prevheight=\dimen270
)
\beamer@blockheadheight=\dimen271
))
(/Users/jacksontorres/Library/TinyTeX/texmf-dist/tex/latex/beamer/beamerbaseloc
alstructure.sty (/Users/jacksontorres/Library/TinyTeX/texmf-dist/tex/latex/tool
s/enumerate.sty
Package: enumerate 2015/07/23 v3.00 enumerate extensions (DPC)
\@enLab=\toks32
)
\beamer@bibiconwidth=\skip55
\c@figure=\count307
\c@table=\count308
\abovecaptionskip=\skip56
\belowcaptionskip=\skip57
)
(/Users/jacksontorres/Library/TinyTeX/texmf-dist/tex/latex/beamer/beamerbasenav
igation.sty
\beamer@section@min@dim=\dimen272
)
(/Users/jacksontorres/Library/TinyTeX/texmf-dist/tex/latex/beamer/beamerbasethe
orems.sty (/Users/jacksontorres/Library/TinyTeX/texmf-dist/tex/latex/amsmath/am
smath.sty
Package: amsmath 2020/09/23 v2.17i AMS math features
\@mathmargin=\skip58
For additional information on amsmath, use the `?' option.
(/Users/jacksontorres/Library/TinyTeX/texmf-dist/tex/latex/amsmath/amstext.sty
Package: amstext 2000/06/29 v2.01 AMS text
(/Users/jacksontorres/Library/TinyTeX/texmf-dist/tex/latex/amsmath/amsgen.sty
File: amsgen.sty 1999/11/30 v2.0 generic functions
\@emptytoks=\toks33
\ex@=\dimen273
)) (/Users/jacksontorres/Library/TinyTeX/texmf-dist/tex/latex/amsmath/amsbsy.st
y
Package: amsbsy 1999/11/29 v1.2d Bold Symbols
\pmbraise@=\dimen274
) (/Users/jacksontorres/Library/TinyTeX/texmf-dist/tex/latex/amsmath/amsopn.sty
Package: amsopn 2016/03/08 v2.02 operator names
)
\inf@bad=\count309
LaTeX Info: Redefining \frac on input line 234.
\uproot@=\count310
\leftroot@=\count311
LaTeX Info: Redefining \overline on input line 399.
\classnum@=\count312
\DOTSCASE@=\count313
LaTeX Info: Redefining \ldots on input line 496.
LaTeX Info: Redefining \dots on input line 499.
LaTeX Info: Redefining \cdots on input line 620.
\Mathstrutbox@=\box70
\strutbox@=\box71
\big@size=\dimen275
LaTeX Font Info:    Redeclaring font encoding OML on input line 743.
LaTeX Font Info:    Redeclaring font encoding OMS on input line 744.
\macc@depth=\count314
\c@MaxMatrixCols=\count315
\dotsspace@=\muskip17
\c@parentequation=\count316
\dspbrk@lvl=\count317
\tag@help=\toks34
\row@=\count318
\column@=\count319
\maxfields@=\count320
\andhelp@=\toks35
\eqnshift@=\dimen276
\alignsep@=\dimen277
\tagshift@=\dimen278
\tagwidth@=\dimen279
\totwidth@=\dimen280
\lineht@=\dimen281
\@envbody=\toks36
\multlinegap=\skip59
\multlinetaggap=\skip60
\mathdisplay@stack=\toks37
LaTeX Info: Redefining \[ on input line 2923.
LaTeX Info: Redefining \] on input line 2924.
) (/Users/jacksontorres/Library/TinyTeX/texmf-dist/tex/latex/amscls/amsthm.sty
Package: amsthm 2020/05/29 v2.20.6
\thm@style=\toks38
\thm@bodyfont=\toks39
\thm@headfont=\toks40
\thm@notefont=\toks41
\thm@headpunct=\toks42
\thm@preskip=\skip61
\thm@postskip=\skip62
\thm@headsep=\skip63
\dth@everypar=\toks43
)
\c@theorem=\count321
)
(/Users/jacksontorres/Library/TinyTeX/texmf-dist/tex/latex/beamer/beamerbasethe
mes.sty))
(/Users/jacksontorres/Library/TinyTeX/texmf-dist/tex/latex/beamer/beamerthemede
fault.sty
(/Users/jacksontorres/Library/TinyTeX/texmf-dist/tex/latex/beamer/beamerfontthe
medefault.sty)
(/Users/jacksontorres/Library/TinyTeX/texmf-dist/tex/latex/beamer/beamercolorth
emedefault.sty)
(/Users/jacksontorres/Library/TinyTeX/texmf-dist/tex/latex/beamer/beamerinnerth
emedefault.sty
\beamer@dima=\dimen282
\beamer@dimb=\dimen283
)
(/Users/jacksontorres/Library/TinyTeX/texmf-dist/tex/latex/beamer/beamerouterth
emedefault.sty)))
(/Users/jacksontorres/Library/TinyTeX/texmf-dist/tex/latex/pgf/utilities/pgfpag
es.sty
Package: pgfpages 2011/01/05 ver 0.02
(/Users/jacksontorres/Library/TinyTeX/texmf-dist/tex/latex/tools/calc.sty
Package: calc 2017/05/25 v4.3 Infix arithmetic (KKT,FJ)
\calc@Acount=\count322
\calc@Bcount=\count323
\calc@Adimen=\dimen284
\calc@Bdimen=\dimen285
\calc@Askip=\skip64
\calc@Bskip=\skip65
LaTeX Info: Redefining \setlength on input line 80.
LaTeX Info: Redefining \addtolength on input line 81.
\calc@Ccount=\count324
\calc@Cskip=\skip66
)
\pgf@logicalpages=\count325
\pgf@firstshipout=\count326
\pgf@lastshipout=\count327
\pgf@currentshipout=\count328
\pgf@cpn=\count329
\pgf@shipoutnextto=\count330
\pgfphysicalheight=\dimen286
\pgfphysicalwidth=\dimen287
\pgfpages@shipoutbox=\box72
) (/Users/jacksontorres/Library/TinyTeX/texmf-dist/tex/latex/lm/lmodern.sty
Package: lmodern 2009/10/30 v1.6 Latin Modern Fonts
LaTeX Font Info:    Overwriting symbol font `operators' in version `normal'
(Font)                  OT1/cmr/m/n --> OT1/lmr/m/n on input line 22.
LaTeX Font Info:    Overwriting symbol font `letters' in version `normal'
(Font)                  OML/cmm/m/it --> OML/lmm/m/it on input line 23.
LaTeX Font Info:    Overwriting symbol font `symbols' in version `normal'
(Font)                  OMS/cmsy/m/n --> OMS/lmsy/m/n on input line 24.
LaTeX Font Info:    Overwriting symbol font `largesymbols' in version `normal'
(Font)                  OMX/cmex/m/n --> OMX/lmex/m/n on input line 25.
LaTeX Font Info:    Overwriting symbol font `operators' in version `bold'
(Font)                  OT1/cmr/bx/n --> OT1/lmr/bx/n on input line 26.
LaTeX Font Info:    Overwriting symbol font `letters' in version `bold'
(Font)                  OML/cmm/b/it --> OML/lmm/b/it on input line 27.
LaTeX Font Info:    Overwriting symbol font `symbols' in version `bold'
(Font)                  OMS/cmsy/b/n --> OMS/lmsy/b/n on input line 28.
LaTeX Font Info:    Overwriting symbol font `largesymbols' in version `bold'
(Font)                  OMX/cmex/m/n --> OMX/lmex/m/n on input line 29.
LaTeX Font Info:    Overwriting math alphabet `\mathbf' in version `normal'
(Font)                  OT1/cmr/bx/n --> OT1/lmr/bx/n on input line 31.
LaTeX Font Info:    Overwriting math alphabet `\mathsf' in version `normal'
(Font)                  OT1/cmss/m/n --> OT1/lmss/m/n on input line 32.
LaTeX Font Info:    Overwriting math alphabet `\mathit' in version `normal'
(Font)                  OT1/cmr/m/it --> OT1/lmr/m/it on input line 33.
LaTeX Font Info:    Overwriting math alphabet `\mathtt' in version `normal'
(Font)                  OT1/cmtt/m/n --> OT1/lmtt/m/n on input line 34.
LaTeX Font Info:    Overwriting math alphabet `\mathbf' in version `bold'
(Font)                  OT1/cmr/bx/n --> OT1/lmr/bx/n on input line 35.
LaTeX Font Info:    Overwriting math alphabet `\mathsf' in version `bold'
(Font)                  OT1/cmss/bx/n --> OT1/lmss/bx/n on input line 36.
LaTeX Font Info:    Overwriting math alphabet `\mathit' in version `bold'
(Font)                  OT1/cmr/bx/it --> OT1/lmr/bx/it on input line 37.
LaTeX Font Info:    Overwriting math alphabet `\mathtt' in version `bold'
(Font)                  OT1/cmtt/m/n --> OT1/lmtt/m/n on input line 38.
) (/Users/jacksontorres/Library/TinyTeX/texmf-dist/tex/latex/base/fontenc.sty
Package: fontenc 2020/08/10 v2.0s Standard LaTeX package
LaTeX Font Info:    Trying to load font information for T1+lmss on input line 1
12.
(/Users/jacksontorres/Library/TinyTeX/texmf-dist/tex/latex/lm/t1lmss.fd
File: t1lmss.fd 2009/10/30 v1.6 Font defs for Latin Modern
)) (/Users/jacksontorres/Library/TinyTeX/texmf-dist/tex/latex/base/inputenc.sty
Package: inputenc 2020/08/01 v1.3d Input encoding file
\inpenc@prehook=\toks44
\inpenc@posthook=\toks45
) (/Users/jacksontorres/Library/TinyTeX/texmf-dist/tex/latex/base/textcomp.sty
Package: textcomp 2020/02/02 v2.0n Standard LaTeX package
) (/Users/jacksontorres/Library/TinyTeX/texmf-dist/tex/latex/upquote/upquote.st
y
Package: upquote 2012/04/19 v1.3 upright-quote and grave-accent glyphs in verba
tim
)
(/Users/jacksontorres/Library/TinyTeX/texmf-dist/tex/latex/microtype/microtype.
sty
Package: microtype 2021/03/14 v2.8c Micro-typographical refinements (RS)
\MT@toks=\toks46
\MT@count=\count331
LaTeX Info: Redefining \textls on input line 790.
\MT@outer@kern=\dimen288
LaTeX Info: Redefining \textmicrotypecontext on input line 1374.
\MT@listname@count=\count332

(/Users/jacksontorres/Library/TinyTeX/texmf-dist/tex/latex/microtype/microtype-
pdftex.def
File: microtype-pdftex.def 2021/03/14 v2.8c Definitions specific to pdftex (RS)

LaTeX Info: Redefining \lsstyle on input line 915.
LaTeX Info: Redefining \lslig on input line 915.
\MT@outer@space=\skip67
)
Package microtype Info: Loading configuration file microtype.cfg.

(/Users/jacksontorres/Library/TinyTeX/texmf-dist/tex/latex/microtype/microtype.
cfg
File: microtype.cfg 2021/03/14 v2.8c microtype main configuration file (RS)
))
(/Users/jacksontorres/Library/TinyTeX/texmf-dist/tex/latex/bookmark/bookmark.st
y
Package: bookmark 2020-11-06 v1.29 PDF bookmarks (HO)

(/Users/jacksontorres/Library/TinyTeX/texmf-dist/tex/latex/bookmark/bkm-pdftex.
def
File: bkm-pdftex.def 2020-11-06 v1.29 bookmark driver for pdfTeX (HO)
\BKM@id=\count333
)) (/Users/jacksontorres/Library/TinyTeX/texmf-dist/tex/latex/tools/longtable.s
ty
Package: longtable 2020/01/07 v4.13 Multi-page Table package (DPC)
\LTleft=\skip68
\LTright=\skip69
\LTpre=\skip70
\LTpost=\skip71
\LTchunksize=\count334
\LTcapwidth=\dimen289
\LT@head=\box73
\LT@firsthead=\box74
\LT@foot=\box75
\LT@lastfoot=\box76
\LT@cols=\count335
\LT@rows=\count336
\c@LT@tables=\count337
\c@LT@chunks=\count338
\LT@p@ftn=\toks47
)
(/Users/jacksontorres/Library/TinyTeX/texmf-dist/tex/latex/booktabs/booktabs.st
y
Package: booktabs 2020/01/12 v1.61803398 Publication quality tables
\heavyrulewidth=\dimen290
\lightrulewidth=\dimen291
\cmidrulewidth=\dimen292
\belowrulesep=\dimen293
\belowbottomsep=\dimen294
\aboverulesep=\dimen295
\abovetopsep=\dimen296
\cmidrulesep=\dimen297
\cmidrulekern=\dimen298
\defaultaddspace=\dimen299
\@cmidla=\count339
\@cmidlb=\count340
\@aboverulesep=\dimen300
\@belowrulesep=\dimen301
\@thisruleclass=\count341
\@lastruleclass=\count342
\@thisrulewidth=\dimen302
) (/Users/jacksontorres/Library/TinyTeX/texmf-dist/tex/latex/tools/array.sty
Package: array 2020/10/01 v2.5c Tabular extension package (FMi)
\col@sep=\dimen303
\ar@mcellbox=\box77
\extrarowheight=\dimen304
\NC@list=\toks48
\extratabsurround=\skip72
\backup@length=\skip73
\ar@cellbox=\box78
) (/Users/jacksontorres/Library/TinyTeX/texmf-dist/tex/latex/caption/caption.st
y
Package: caption 2020/10/26 v3.5g Customizing captions (AR)

(/Users/jacksontorres/Library/TinyTeX/texmf-dist/tex/latex/caption/caption3.sty
Package: caption3 2020/10/21 v2.2e caption3 kernel (AR)
\captionmargin=\dimen305
\captionmargin@=\dimen306
\captionwidth=\dimen307
\caption@tempdima=\dimen308
\caption@indent=\dimen309
\caption@parindent=\dimen310
\caption@hangindent=\dimen311
Package caption Info: beamer document class detected.

(/Users/jacksontorres/Library/TinyTeX/texmf-dist/tex/latex/caption/caption-beam
er.sto
File: caption-beamer.sto 2020/08/22 v2.0 Adaption of the caption package to the
 beamer document classes (AR)
))
\c@caption@flags=\count343
\c@continuedfloat=\count344
Package caption Info: hyperref package is loaded.
Package caption Info: Hyperref support is turned off
(caption)             because hyperref has stopped early.
Package caption Info: longtable package is loaded.

(/Users/jacksontorres/Library/TinyTeX/texmf-dist/tex/latex/caption/ltcaption.st
y
Package: ltcaption 2020/05/30 v1.4b longtable captions (AR)
)) (./packages.tex (/Users/jacksontorres/Library/TinyTeX/texmf-dist/tex/latex/b
ase/fontenc.sty
Package: fontenc 2020/08/10 v2.0s Standard LaTeX package
) (/Users/jacksontorres/Library/TinyTeX/texmf-dist/tex/generic/babel/babel.sty
Package: babel 2021/03/03 3.55 The Babel package
(/Users/jacksontorres/Library/TinyTeX/texmf-dist/tex/generic/babel/babel.def
File: babel.def 2021/03/03 3.55 Babel common definitions
\babel@savecnt=\count345
\U@D=\dimen312
\l@babelnohyphens=\language6

(/Users/jacksontorres/Library/TinyTeX/texmf-dist/tex/generic/babel/txtbabel.def
)
\bbl@readstream=\read3
)
LaTeX Info: Redefining \textlatin on input line 717.
\bbl@dirlevel=\count346

(/Users/jacksontorres/Library/TinyTeX/texmf-dist/tex/generic/babel-portuges/bra
zil.ldf
Language: portuges 2021/02/04 v1.2s Portuguese support from the babel system
Package babel Info: \l@brazil = using hyphenrules for portuguese
(babel)             (\language4) on input line 111.
Package babel Info: Making " an active character on input line 143.
))
(/Users/jacksontorres/Library/TinyTeX/texmf-dist/tex/latex/beamer/beamercolorth
emeorchid.sty)
(/Users/jacksontorres/Library/TinyTeX/texmf-dist/tex/latex/beamer/beamerfontthe
meserif.sty)
(/Users/jacksontorres/Library/TinyTeX/texmf-dist/tex/latex/wallpaper/wallpaper.
sty
Package: wallpaper 2005/01/18, v1.01 easy wallpaper formatting (MHFW)
(/Users/jacksontorres/Library/TinyTeX/texmf-dist/tex/latex/base/ifthen.sty
Package: ifthen 2014/09/29 v1.1c Standard LaTeX ifthen package (DPC)
) (/Users/jacksontorres/Library/TinyTeX/texmf-dist/tex/latex/eso-pic/eso-pic.st
y
Package: eso-pic 2020/10/14 v3.0a eso-pic (RN)
\ESO@tempdima=\dimen313
\ESO@tempdimb=\dimen314
)
\wpXoffset=\skip74
\wpYoffset=\skip75
\tileXoffset=\skip76
\tileYoffset=\skip77
\tilewidth=\skip78
\tileheight=\skip79
\tileX=\skip80
\tileY=\skip81
)
(/Users/jacksontorres/Library/TinyTeX/texmf-dist/tex/latex/pgf/frontendlayer/ti
kz.sty
(/Users/jacksontorres/Library/TinyTeX/texmf-dist/tex/latex/pgf/basiclayer/pgf.s
ty
Package: pgf 2020/12/27 v3.1.8b (3.1.8b)

(/Users/jacksontorres/Library/TinyTeX/texmf-dist/tex/generic/pgf/modules/pgfmod
uleshapes.code.tex
File: pgfmoduleshapes.code.tex 2020/12/27 v3.1.8b (3.1.8b)
\pgfnodeparttextbox=\box79
)
(/Users/jacksontorres/Library/TinyTeX/texmf-dist/tex/generic/pgf/modules/pgfmod
uleplot.code.tex
File: pgfmoduleplot.code.tex 2020/12/27 v3.1.8b (3.1.8b)
)
(/Users/jacksontorres/Library/TinyTeX/texmf-dist/tex/latex/pgf/compatibility/pg
fcomp-version-0-65.sty
Package: pgfcomp-version-0-65 2020/12/27 v3.1.8b (3.1.8b)
\pgf@nodesepstart=\dimen315
\pgf@nodesepend=\dimen316
)
(/Users/jacksontorres/Library/TinyTeX/texmf-dist/tex/latex/pgf/compatibility/pg
fcomp-version-1-18.sty
Package: pgfcomp-version-1-18 2020/12/27 v3.1.8b (3.1.8b)
))
(/Users/jacksontorres/Library/TinyTeX/texmf-dist/tex/latex/pgf/utilities/pgffor
.sty
(/Users/jacksontorres/Library/TinyTeX/texmf-dist/tex/latex/pgf/utilities/pgfkey
s.sty
(/Users/jacksontorres/Library/TinyTeX/texmf-dist/tex/generic/pgf/utilities/pgfk
eys.code.tex))
(/Users/jacksontorres/Library/TinyTeX/texmf-dist/tex/latex/pgf/math/pgfmath.sty

(/Users/jacksontorres/Library/TinyTeX/texmf-dist/tex/generic/pgf/math/pgfmath.c
ode.tex))
(/Users/jacksontorres/Library/TinyTeX/texmf-dist/tex/generic/pgf/utilities/pgff
or.code.tex
Package: pgffor 2020/12/27 v3.1.8b (3.1.8b)

(/Users/jacksontorres/Library/TinyTeX/texmf-dist/tex/generic/pgf/math/pgfmath.c
ode.tex)
\pgffor@iter=\dimen317
\pgffor@skip=\dimen318
\pgffor@stack=\toks49
\pgffor@toks=\toks50
))
(/Users/jacksontorres/Library/TinyTeX/texmf-dist/tex/generic/pgf/frontendlayer/
tikz/tikz.code.tex
Package: tikz 2020/12/27 v3.1.8b (3.1.8b)

(/Users/jacksontorres/Library/TinyTeX/texmf-dist/tex/generic/pgf/libraries/pgfl
ibraryplothandlers.code.tex
File: pgflibraryplothandlers.code.tex 2020/12/27 v3.1.8b (3.1.8b)
\pgf@plot@mark@count=\count347
\pgfplotmarksize=\dimen319
)
\tikz@lastx=\dimen320
\tikz@lasty=\dimen321
\tikz@lastxsaved=\dimen322
\tikz@lastysaved=\dimen323
\tikz@lastmovetox=\dimen324
\tikz@lastmovetoy=\dimen325
\tikzleveldistance=\dimen326
\tikzsiblingdistance=\dimen327
\tikz@figbox=\box80
\tikz@figbox@bg=\box81
\tikz@tempbox=\box82
\tikz@tempbox@bg=\box83
\tikztreelevel=\count348
\tikznumberofchildren=\count349
\tikznumberofcurrentchild=\count350
\tikz@fig@count=\count351

(/Users/jacksontorres/Library/TinyTeX/texmf-dist/tex/generic/pgf/modules/pgfmod
ulematrix.code.tex
File: pgfmodulematrix.code.tex 2020/12/27 v3.1.8b (3.1.8b)
\pgfmatrixcurrentrow=\count352
\pgfmatrixcurrentcolumn=\count353
\pgf@matrix@numberofcolumns=\count354
)
\tikz@expandcount=\count355

(/Users/jacksontorres/Library/TinyTeX/texmf-dist/tex/generic/pgf/frontendlayer/
tikz/libraries/tikzlibrarytopaths.code.tex
File: tikzlibrarytopaths.code.tex 2020/12/27 v3.1.8b (3.1.8b)
)))
(/Users/jacksontorres/Library/TinyTeX/texmf-dist/tex/latex/biblatex/biblatex.st
y
Package: biblatex 2020/12/31 v3.16 programmable bibliographies (PK/MW)
(/Users/jacksontorres/Library/TinyTeX/texmf-dist/tex/latex/logreq/logreq.sty
Package: logreq 2010/08/04 v1.0 xml request logger
\lrq@indent=\count356
(/Users/jacksontorres/Library/TinyTeX/texmf-dist/tex/latex/logreq/logreq.def
File: logreq.def 2010/08/04 v1.0 logreq spec v1.0
))
\c@tabx@nest=\count357
\c@listtotal=\count358
\c@listcount=\count359
\c@liststart=\count360
\c@liststop=\count361
\c@citecount=\count362
\c@citetotal=\count363
\c@multicitecount=\count364
\c@multicitetotal=\count365
\c@instcount=\count366
\c@maxnames=\count367
\c@minnames=\count368
\c@maxitems=\count369
\c@minitems=\count370
\c@citecounter=\count371
\c@maxcitecounter=\count372
\c@savedcitecounter=\count373
\c@uniquelist=\count374
\c@uniquename=\count375
\c@refsection=\count376
\c@refsegment=\count377
\c@maxextratitle=\count378
\c@maxextratitleyear=\count379
\c@maxextraname=\count380
\c@maxextradate=\count381
\c@maxextraalpha=\count382
\c@abbrvpenalty=\count383
\c@highnamepenalty=\count384
\c@lownamepenalty=\count385
\c@maxparens=\count386
\c@parenlevel=\count387
\blx@tempcnta=\count388
\blx@tempcntb=\count389
\blx@tempcntc=\count390
\blx@maxsection=\count391
\blx@maxsegment@0=\count392
\blx@notetype=\count393
\blx@parenlevel@text=\count394
\blx@parenlevel@foot=\count395
\blx@sectionciteorder@0=\count396
\blx@entrysetcounter=\count397
\blx@biblioinstance=\count398
\labelnumberwidth=\skip82
\labelalphawidth=\skip83
\biblabelsep=\skip84
\bibitemsep=\skip85
\bibnamesep=\skip86
\bibinitsep=\skip87
\bibparsep=\skip88
\bibhang=\skip89
\blx@bcfin=\read4
\blx@bcfout=\write5
\blx@langwohyphens=\language7
\c@mincomprange=\count399
\c@maxcomprange=\count400
\c@mincompwidth=\count401
Package biblatex Info: Trying to load biblatex default data model...
Package biblatex Info: ... file 'blx-dm.def' found.
(/Users/jacksontorres/Library/TinyTeX/texmf-dist/tex/latex/biblatex/blx-dm.def
File: blx-dm.def 2020/12/31 v3.16 biblatex localization (PK/MW)
)
Package biblatex Info: Trying to load biblatex style data model...
Package biblatex Info: ... file 'abnt.dbx' not found.
Package biblatex Info: Trying to load biblatex custom data model...
Package biblatex Info: ... file 'biblatex-dm.cfg' not found.
\c@afterword=\count402
\c@savedafterword=\count403
\c@annotator=\count404
\c@savedannotator=\count405
\c@author=\count406
\c@savedauthor=\count407
\c@bookauthor=\count408
\c@savedbookauthor=\count409
\c@commentator=\count410
\c@savedcommentator=\count411
\c@editor=\count412
\c@savededitor=\count413
\c@editora=\count414
\c@savededitora=\count415
\c@editorb=\count416
\c@savededitorb=\count417
\c@editorc=\count418
\c@savededitorc=\count419
\c@foreword=\count420
\c@savedforeword=\count421
\c@holder=\count422
\c@savedholder=\count423
\c@introduction=\count424
\c@savedintroduction=\count425
\c@namea=\count426
\c@savednamea=\count427
\c@nameb=\count428
\c@savednameb=\count429
\c@namec=\count430
\c@savednamec=\count431
\c@translator=\count432
\c@savedtranslator=\count433
\c@shortauthor=\count434
\c@savedshortauthor=\count435
\c@shorteditor=\count436
\c@savedshorteditor=\count437
\c@labelname=\count438
\c@savedlabelname=\count439
\c@institution=\count440
\c@savedinstitution=\count441
\c@lista=\count442
\c@savedlista=\count443
\c@listb=\count444
\c@savedlistb=\count445
\c@listc=\count446
\c@savedlistc=\count447
\c@listd=\count448
\c@savedlistd=\count449
\c@liste=\count450
\c@savedliste=\count451
\c@listf=\count452
\c@savedlistf=\count453
\c@location=\count454
\c@savedlocation=\count455
\c@organization=\count456
\c@savedorganization=\count457
\c@origlocation=\count458
\c@savedoriglocation=\count459
\c@origpublisher=\count460
\c@savedorigpublisher=\count461
\c@publisher=\count462
\c@savedpublisher=\count463
\c@language=\count464
\c@savedlanguage=\count465
\c@origlanguage=\count466
\c@savedoriglanguage=\count467
\c@pageref=\count468
\c@savedpageref=\count469
\shorthandwidth=\skip90
\shortjournalwidth=\skip91
\shortserieswidth=\skip92
\shorttitlewidth=\skip93
\shortauthorwidth=\skip94
\shorteditorwidth=\skip95
\locallabelnumberwidth=\skip96
\locallabelalphawidth=\skip97
\localshorthandwidth=\skip98
\localshortjournalwidth=\skip99
\localshortserieswidth=\skip100
\localshorttitlewidth=\skip101
\localshortauthorwidth=\skip102
\localshorteditorwidth=\skip103
Package biblatex Info: Trying to load compatibility code...
Package biblatex Info: ... file 'blx-compat.def' found.

(/Users/jacksontorres/Library/TinyTeX/texmf-dist/tex/latex/biblatex/blx-compat.
def
File: blx-compat.def 2020/12/31 v3.16 biblatex compatibility (PK/MW)
)
Package biblatex Info: Trying to load generic definitions...
Package biblatex Info: ... file 'biblatex.def' found.

(/Users/jacksontorres/Library/TinyTeX/texmf-dist/tex/latex/biblatex/biblatex.de
f
File: biblatex.def 2020/12/31 v3.16 biblatex compatibility (PK/MW)
\c@textcitecount=\count470
\c@textcitetotal=\count471
\c@textcitemaxnames=\count472
\c@biburlbigbreakpenalty=\count473
\c@biburlbreakpenalty=\count474
\c@biburlnumpenalty=\count475
\c@biburlucpenalty=\count476
\c@biburllcpenalty=\count477
\biburlbigskip=\muskip18
\biburlnumskip=\muskip19
\biburlucskip=\muskip20
\biburllcskip=\muskip21
\c@smartand=\count478
)
Package biblatex Info: Trying to load bibliography style 'abnt'...
Package biblatex Info: ... file 'abnt.bbx' found.

(/Users/jacksontorres/Library/TinyTeX/texmf-dist/tex/latex/biblatex-abnt/abnt.b
bx
File: abnt.bbx 2018-11-17 v3.4 ABNT BibLaTeX citation style

(/Users/jacksontorres/Library/TinyTeX/texmf-dist/tex/latex/l3packages/xparse/xp
arse.sty (/Users/jacksontorres/Library/TinyTeX/texmf-dist/tex/latex/l3kernel/ex
pl3.sty
Package: expl3 2021-02-18 L3 programming layer (loader) 

(/Users/jacksontorres/Library/TinyTeX/texmf-dist/tex/latex/l3backend/l3backend-
pdftex.def
File: l3backend-pdftex.def 2021-03-18 L3 backend support: PDF output (pdfTeX)
\l__color_backend_stack_int=\count479
\l__pdf_internal_box=\box84
))
(/Users/jacksontorres/Library/TinyTeX/texmf-dist/tex/latex/l3packages/xparse/xp
arse-2020-10-01.sty
(/Users/jacksontorres/Library/TinyTeX/texmf-dist/tex/latex/l3packages/xparse/xp
arse-generic.tex))) (/Users/jacksontorres/Library/TinyTeX/texmf-dist/tex/latex/
xpatch/xpatch.sty
Package: xpatch 2020/03/25 v0.3a Extending etoolbox patching commands
)
Package biblatex Info: Trying to load bibliography style 'standard'...
Package biblatex Info: ... file 'standard.bbx' found.

(/Users/jacksontorres/Library/TinyTeX/texmf-dist/tex/latex/biblatex/bbx/standar
d.bbx
File: standard.bbx 2020/12/31 v3.16 biblatex bibliography style (PK/MW)
\c@bbx:relatedcount=\count480
\c@bbx:relatedtotal=\count481
))
Package biblatex Info: Trying to load citation style 'abnt'...
Package biblatex Info: ... file 'abnt.cbx' found.

(/Users/jacksontorres/Library/TinyTeX/texmf-dist/tex/latex/biblatex-abnt/abnt.c
bx
File: abnt.cbx 2018-11-17 v3.4 ABNT BibLaTeX citation style
Package biblatex Info: Trying to load citation style 'authoryear-comp'...
Package biblatex Info: ... file 'authoryear-comp.cbx' found.

(/Users/jacksontorres/Library/TinyTeX/texmf-dist/tex/latex/biblatex/cbx/authory
ear-comp.cbx
File: authoryear-comp.cbx 2020/12/31 v3.16 biblatex citation style (PK/MW)
Package biblatex Info: Redefining '\cite'.
Package biblatex Info: Redefining '\parencite'.
Package biblatex Info: Redefining '\footcite'.
Package biblatex Info: Redefining '\footcitetext'.
Package biblatex Info: Redefining '\smartcite'.
Package biblatex Info: Redefining '\textcite'.
Package biblatex Info: Redefining '\textcites'.
Package biblatex Info: Redefining '\cites'.
Package biblatex Info: Redefining '\parencites'.
Package biblatex Info: Redefining '\footcites'.
Package biblatex Info: Redefining '\footcitetexts'.
Package biblatex Info: Redefining '\smartcites'.
)
Package biblatex Info: Redefining '\cite'.
Package biblatex Info: Redefining '\cites'.
Package biblatex Info: Redefining '\footcite'.
Package biblatex Info: Redefining '\footcites'.
Package biblatex Info: Redefining '\citetitle'.
Package biblatex Info: Redefining '\smartcite'.
Package biblatex Info: Redefining '\citeauthor'.
Package biblatex Info: Redefining '\citeyear'.
)
Package biblatex Info: Trying to load configuration file...
Package biblatex Info: ... file 'biblatex.cfg' found.

(/Users/jacksontorres/Library/TinyTeX/texmf-dist/tex/latex/biblatex/biblatex.cf
g
File: biblatex.cfg 
)))
(/Users/jacksontorres/Library/TinyTeX/texmf-dist/tex/latex/pdfpages/pdfpages.st
y
Package: pdfpages 2021/03/06 v0.5t Insert pages of external PDF documents (AM)
\AM@pagewidth=\dimen328
\AM@pageheight=\dimen329
\AM@fboxrule=\dimen330

(/Users/jacksontorres/Library/TinyTeX/texmf-dist/tex/latex/pdfpages/pppdftex.de
f
File: pppdftex.def 2021/03/06 v0.5t Pdfpages driver for pdfTeX (AM)
)
\pdfpages@includegraphics@status=\count482
\AM@pagebox=\box85
\AM@global@opts=\toks51
\AM@pagecnt=\count483
\AM@toc@title=\toks52
\c@AM@survey=\count484
\AM@templatesizebox=\box86
) (./preamble.tex) (/Users/jacksontorres/Library/TinyTeX/texmf-dist/tex/latex/p
snfss/helvet.sty
Package: helvet 2020/03/25 PSNFSS-v9.3 (WaS) 
)
\@indexfile=\write6
\openout6 = `02-final_presentation-V1.idx'.

Writing index file 02-final_presentation-V1.idx
   defining Unicode char U+0301 (decimal 769)
   defining Unicode char U+0303 (decimal 771)
   defining Unicode char U+0327 (decimal 807)
   defining Unicode char U+0302 (decimal 770)
\cslhangindent=\skip104
\csllabelwidth=\skip105

Package biblatex Warning: 'babel/polyglossia' detected but 'csquotes' missing.
(biblatex)                Loading 'csquotes' recommended.

\@quotelevel=\count485
\@quotereset=\count486
LaTeX Font Info:    Trying to load font information for T1+phv on input line 13
5.
(/Users/jacksontorres/Library/TinyTeX/texmf-dist/tex/latex/psnfss/t1phv.fd
File: t1phv.fd 2020/03/25 scalable font definitions for T1/phv.
) (./02-final_presentation-V1.aux)
\openout1 = `02-final_presentation-V1.aux'.

LaTeX Font Info:    Checking defaults for OML/cmm/m/it on input line 135.
LaTeX Font Info:    ... okay on input line 135.
LaTeX Font Info:    Checking defaults for OMS/cmsy/m/n on input line 135.
LaTeX Font Info:    ... okay on input line 135.
LaTeX Font Info:    Checking defaults for OT1/cmr/m/n on input line 135.
LaTeX Font Info:    ... okay on input line 135.
LaTeX Font Info:    Checking defaults for T1/cmr/m/n on input line 135.
LaTeX Font Info:    ... okay on input line 135.
LaTeX Font Info:    Checking defaults for TS1/cmr/m/n on input line 135.
LaTeX Font Info:    ... okay on input line 135.
LaTeX Font Info:    Checking defaults for OMX/cmex/m/n on input line 135.
LaTeX Font Info:    ... okay on input line 135.
LaTeX Font Info:    Checking defaults for U/cmr/m/n on input line 135.
LaTeX Font Info:    ... okay on input line 135.
LaTeX Font Info:    Checking defaults for PD1/pdf/m/n on input line 135.
LaTeX Font Info:    ... okay on input line 135.
LaTeX Font Info:    Checking defaults for PU/pdf/m/n on input line 135.
LaTeX Font Info:    ... okay on input line 135.
*geometry* driver: auto-detecting
*geometry* detected driver: pdftex
*geometry* verbose mode - [ preamble ] result:
* driver: pdftex
* paper: custom
* layout: <same size as paper>
* layoutoffset:(h,v)=(0.0pt,0.0pt)
* modes: includehead includefoot 
* h-part:(L,W,R)=(28.45274pt, 398.3386pt, 28.45274pt)
* v-part:(T,H,B)=(0.0pt, 256.0748pt, 0.0pt)
* \paperwidth=455.24408pt
* \paperheight=256.0748pt
* \textwidth=398.3386pt
* \textheight=227.62207pt
* \oddsidemargin=-43.81725pt
* \evensidemargin=-43.81725pt
* \topmargin=-72.26999pt
* \headheight=14.22636pt
* \headsep=0.0pt
* \topskip=11.0pt
* \footskip=14.22636pt
* \marginparwidth=4.0pt
* \marginparsep=10.0pt
* \columnsep=10.0pt
* \skip\footins=10.0pt plus 4.0pt minus 2.0pt
* \hoffset=0.0pt
* \voffset=0.0pt
* \mag=1000
* \@twocolumnfalse
* \@twosidefalse
* \@mparswitchfalse
* \@reversemarginfalse
* (1in=72.27pt=25.4mm, 1cm=28.453pt)


(/Users/jacksontorres/Library/TinyTeX/texmf-dist/tex/latex/epstopdf-pkg/epstopd
f-base.sty
Package: epstopdf-base 2020-01-24 v2.11 Base part for package epstopdf
(/Users/jacksontorres/Library/TinyTeX/texmf-dist/tex/latex/grfext/grfext.sty
Package: grfext 2019/12/03 v1.3 Manage graphics extensions (HO)
)
Package epstopdf-base Info: Redefining graphics rule for `.eps' on input line 4
85.
Package grfext Info: Graphics extension search list:
(grfext)             [.pdf,.png,.jpg,.mps,.jpeg,.jbig2,.jb2,.PDF,.PNG,.JPG,.JPE
G,.JBIG2,.JB2,.eps]
(grfext)             \AppendGraphicsExtensions on input line 504.

(/Users/jacksontorres/Library/TinyTeX/texmf-dist/tex/latex/latexconfig/epstopdf
-sys.cfg
File: epstopdf-sys.cfg 2010/07/13 v1.3 Configuration of (r)epstopdf for TeX Liv
e
))
Package hyperref Info: Link coloring OFF on input line 135.

(/Users/jacksontorres/Library/TinyTeX/texmf-dist/tex/latex/hyperref/nameref.sty
Package: nameref 2021-04-02 v2.47 Cross-referencing by name of section

(/Users/jacksontorres/Library/TinyTeX/texmf-dist/tex/latex/refcount/refcount.st
y
Package: refcount 2019/12/15 v3.6 Data extraction from label references (HO)
)
(/Users/jacksontorres/Library/TinyTeX/texmf-dist/tex/generic/gettitlestring/get
titlestring.sty
Package: gettitlestring 2019/12/15 v1.6 Cleanup title references (HO)
)
\c@section@level=\count487
)
LaTeX Info: Redefining \ref on input line 135.
LaTeX Info: Redefining \pageref on input line 135.
LaTeX Info: Redefining \nameref on input line 135.

(/Users/jacksontorres/Library/TinyTeX/texmf-dist/tex/latex/translator/translato
r-basic-dictionary-English.dict
Dictionary: translator-basic-dictionary, Language: English 
)
(/Users/jacksontorres/Library/TinyTeX/texmf-dist/tex/latex/translator/translato
r-bibliography-dictionary-English.dict
Dictionary: translator-bibliography-dictionary, Language: English 
)
(/Users/jacksontorres/Library/TinyTeX/texmf-dist/tex/latex/translator/translato
r-environment-dictionary-English.dict
Dictionary: translator-environment-dictionary, Language: English 
)
(/Users/jacksontorres/Library/TinyTeX/texmf-dist/tex/latex/translator/translato
r-months-dictionary-English.dict
Dictionary: translator-months-dictionary, Language: English 
)
(/Users/jacksontorres/Library/TinyTeX/texmf-dist/tex/latex/translator/translato
r-numbers-dictionary-English.dict
Dictionary: translator-numbers-dictionary, Language: English 
)
(/Users/jacksontorres/Library/TinyTeX/texmf-dist/tex/latex/translator/translato
r-theorem-dictionary-English.dict
Dictionary: translator-theorem-dictionary, Language: English 
)
LaTeX Info: Redefining \microtypecontext on input line 135.
Package microtype Info: Generating PDF output.
Package microtype Info: Character protrusion enabled (level 2).
Package microtype Info: Using protrusion set `basicmath'.
Package microtype Info: Automatic font expansion enabled (level 2),
(microtype)             stretch: 20, shrink: 20, step: 1, non-selected.
Package microtype Info: Using default expansion set `alltext-nott'.
LaTeX Info: Redefining \showhyphens on input line 135.
Package microtype Info: No adjustment of tracking.
Package microtype Info: No adjustment of interword spacing.
Package microtype Info: No adjustment of character kerning.
Package microtype Info: Loading generic protrusion settings for font family
(microtype)             `phv' (encoding: T1).
(microtype)             For optimal results, create family-specific settings.
(microtype)             See the microtype manual for details.
Package caption Info: Begin \AtBeginDocument code.
Package caption Info: End \AtBeginDocument code.
Package biblatex Info: Trying to load language 'brazil' -> 'brazil-abnt'...
Package biblatex Info: ... file 'brazil-abnt.lbx' found.

(/Users/jacksontorres/Library/TinyTeX/texmf-dist/tex/latex/biblatex-abnt/brazil
-abnt.lbx
File: brazil-abnt.lbx 2018-11-17 v3.4 ABNT BibLaTeX citation style
Package biblatex Info: Trying to load language 'brazilian-abnt' -> 'brazilian-a
bnt-abnt'...
Package biblatex Info: ... file 'brazilian-abnt-abnt.lbx' found.
(./brazilian-abnt-abnt.lbx
File: brazilian-abnt.lbx 2018-11-17 v3.4 ABNT BibLaTeX citation style
Package biblatex Info: Trying to load language 'brazilian' -> 'brazilian-abnt'.
..
Package biblatex Info: ... file 'brazilian-abnt.lbx' found.

(/Users/jacksontorres/Library/TinyTeX/texmf-dist/tex/latex/biblatex-abnt/brazil
ian-abnt.lbx
File: brazilian-abnt.lbx 2018-11-17 v3.4 ABNT BibLaTeX citation style
Package biblatex Info: Trying to load language 'brazilian'...
Package biblatex Info: ... file 'brazilian.lbx' found.

(/Users/jacksontorres/Library/TinyTeX/texmf-dist/tex/latex/biblatex/lbx/brazili
an.lbx
File: brazilian.lbx 2020/12/31 v3.16 biblatex localization (PK/MW)
)))
Package biblatex Info: Trying to load language 'brazilian-abnt' -> 'brazilian-a
bnt-abnt'...
Package biblatex Info: ... file 'brazilian-abnt-abnt.lbx' found.
(./brazilian-abnt-abnt.lbx
File: brazilian-abnt.lbx 2018-11-17 v3.4 ABNT BibLaTeX citation style
Package biblatex Info: Trying to load language 'brazilian' -> 'brazilian-abnt'.
..
Package biblatex Info: ... file 'brazilian-abnt.lbx' found.

(/Users/jacksontorres/Library/TinyTeX/texmf-dist/tex/latex/biblatex-abnt/brazil
ian-abnt.lbx
File: brazilian-abnt.lbx 2018-11-17 v3.4 ABNT BibLaTeX citation style
Package biblatex Info: Trying to load language 'brazilian'...
Package biblatex Info: ... file 'brazilian.lbx' found.

(/Users/jacksontorres/Library/TinyTeX/texmf-dist/tex/latex/biblatex/lbx/brazili
an.lbx
File: brazilian.lbx 2020/12/31 v3.16 biblatex localization (PK/MW)
)
Package biblatex Info: Trying to load language 'brazil'...
Package biblatex Info: ... file 'brazil.lbx' found.

(/Users/jacksontorres/Library/TinyTeX/texmf-dist/tex/latex/biblatex/lbx/brazil.
lbx
File: brazil.lbx 2020/12/31 v3.16 biblatex localization (PK/MW)
Package biblatex Info: Trying to load language 'brazilian'...
Package biblatex Info: ... file 'brazilian.lbx' found.

(/Users/jacksontorres/Library/TinyTeX/texmf-dist/tex/latex/biblatex/lbx/brazili
an.lbx
File: brazilian.lbx 2020/12/31 v3.16 biblatex localization (PK/MW)
)))
Package biblatex Info: Trying to load language 'brazil'...
Package biblatex Info: ... file 'brazil.lbx' found.

(/Users/jacksontorres/Library/TinyTeX/texmf-dist/tex/latex/biblatex/lbx/brazil.
lbx
File: brazil.lbx 2020/12/31 v3.16 biblatex localization (PK/MW)
Package biblatex Info: Trying to load language 'brazilian' -> 'brazilian-abnt'.
..
Package biblatex Info: ... file 'brazilian-abnt.lbx' found.

(/Users/jacksontorres/Library/TinyTeX/texmf-dist/tex/latex/biblatex-abnt/brazil
ian-abnt.lbx
File: brazilian-abnt.lbx 2018-11-17 v3.4 ABNT BibLaTeX citation style
Package biblatex Info: Trying to load language 'brazilian'...
Package biblatex Info: ... file 'brazilian.lbx' found.

(/Users/jacksontorres/Library/TinyTeX/texmf-dist/tex/latex/biblatex/lbx/brazili
an.lbx
File: brazilian.lbx 2020/12/31 v3.16 biblatex localization (PK/MW)
)
Package biblatex Info: Trying to load language 'brazil'...
Package biblatex Info: ... file 'brazil.lbx' found.

(/Users/jacksontorres/Library/TinyTeX/texmf-dist/tex/latex/biblatex/lbx/brazil.
lbx
File: brazil.lbx 2020/12/31 v3.16 biblatex localization (PK/MW)
Package biblatex Info: Trying to load language 'brazilian'...
Package biblatex Info: ... file 'brazilian.lbx' found.

(/Users/jacksontorres/Library/TinyTeX/texmf-dist/tex/latex/biblatex/lbx/brazili
an.lbx
File: brazilian.lbx 2020/12/31 v3.16 biblatex localization (PK/MW)
))))))
Package biblatex Info: Input encoding 'utf8' detected.
Package biblatex Info: Automatic encoding selection.
(biblatex)             Assuming data encoding 'utf8'.
Package biblatex Info: Document encoding is UTF8 ....
Package biblatex Info: ... and expl3
(biblatex)             2021-02-18 L3 programming layer (loader) 
(biblatex)             is new enough (at least 2020/04/06),
(biblatex)             setting 'casechanger=expl3'.

(/Users/jacksontorres/Library/TinyTeX/texmf-dist/tex/latex/biblatex/blx-case-ex
pl3.sty
Package: blx-case-expl3 2020/12/31 v3.16 expl3 case changing code for biblatex
)
\openout5 = `02-final_presentation-V1.bcf'.

Package biblatex Info: Trying to load bibliographic data...
Package biblatex Info: ... file '02-final_presentation-V1.bbl' not found.
No file 02-final_presentation-V1.bbl.
Package biblatex Info: Reference section=0 on input line 135.
Package biblatex Info: Reference segment=0 on input line 135.

(/Users/jacksontorres/Library/TinyTeX/texmf-dist/tex/latex/pdflscape/pdflscape.
sty
Package: pdflscape 2019/12/05 v0.12 Display of landscape pages in PDF (HO)
(/Users/jacksontorres/Library/TinyTeX/texmf-dist/tex/latex/graphics/lscape.sty
Package: lscape 2020/05/28 v3.02 Landscape Pages (DPC)
)
Package pdflscape Info: Auto-detected driver: pdftex on input line 81.
) (./02-final_presentation-V1.nav)
<CapaUFPR.jpg, id=13, 563.10374pt x 317.68687pt>
File: CapaUFPR.jpg Graphic file (type jpg)
<use CapaUFPR.jpg>
Package pdftex.def Info: CapaUFPR.jpg  used on input line 136.
(pdftex.def)             Requested size: 455.24408pt x 256.83534pt.

Overfull \vbox (110.03604pt too high) detected at line 136
 []

<FundoUFPR2.png, id=14, 564.60938pt x 315.42844pt>
File: FundoUFPR2.png Graphic file (type png)
<use FundoUFPR2.png>
Package pdftex.def Info: FundoUFPR2.png  used on input line 136.
(pdftex.def)             Requested size: 458.39076pt x 256.0748pt.
[1

{/Users/jacksontorres/Library/TinyTeX/texmf-var/fonts/map/pdftex/updmap/pdftex.
map} <./FundoUFPR2.png> <./CapaUFPR.jpg>]
File: FundoUFPR2.png Graphic file (type png)
<use FundoUFPR2.png>
Package pdftex.def Info: FundoUFPR2.png  used on input line 182.
(pdftex.def)             Requested size: 458.39076pt x 256.0748pt.
[2

]
LaTeX Font Info:    Font shape `T1/phv/b/it' in size <10.95> not available
(Font)              Font shape `T1/phv/b/sl' tried instead on input line 228.
LaTeX Font Info:    Trying to load font information for OT1+lmr on input line 2
28.
(/Users/jacksontorres/Library/TinyTeX/texmf-dist/tex/latex/lm/ot1lmr.fd
File: ot1lmr.fd 2009/10/30 v1.6 Font defs for Latin Modern
)
(/Users/jacksontorres/Library/TinyTeX/texmf-dist/tex/latex/microtype/mt-cmr.cfg
File: mt-cmr.cfg 2013/05/19 v2.2 microtype config. file: Computer Modern Roman 
(RS)
)
LaTeX Font Info:    Trying to load font information for OML+lmm on input line 2
28.
(/Users/jacksontorres/Library/TinyTeX/texmf-dist/tex/latex/lm/omllmm.fd
File: omllmm.fd 2009/10/30 v1.6 Font defs for Latin Modern
)
LaTeX Font Info:    Trying to load font information for OMS+lmsy on input line 
228.
(/Users/jacksontorres/Library/TinyTeX/texmf-dist/tex/latex/lm/omslmsy.fd
File: omslmsy.fd 2009/10/30 v1.6 Font defs for Latin Modern
)
LaTeX Font Info:    Trying to load font information for OMX+lmex on input line 
228.
(/Users/jacksontorres/Library/TinyTeX/texmf-dist/tex/latex/lm/omxlmex.fd
File: omxlmex.fd 2009/10/30 v1.6 Font defs for Latin Modern
)
LaTeX Font Info:    External font `lmex10' loaded for size
(Font)              <10> on input line 228.
LaTeX Font Info:    External font `lmex10' loaded for size
(Font)              <7> on input line 228.
LaTeX Font Info:    External font `lmex10' loaded for size
(Font)              <5> on input line 228.
LaTeX Font Info:    Trying to load font information for U+msa on input line 228
.
(/Users/jacksontorres/Library/TinyTeX/texmf-dist/tex/latex/amsfonts/umsa.fd
File: umsa.fd 2013/01/14 v3.01 AMS symbols A
)
(/Users/jacksontorres/Library/TinyTeX/texmf-dist/tex/latex/microtype/mt-msa.cfg
File: mt-msa.cfg 2006/02/04 v1.1 microtype config. file: AMS symbols (a) (RS)
)
LaTeX Font Info:    Trying to load font information for U+msb on input line 228
.
(/Users/jacksontorres/Library/TinyTeX/texmf-dist/tex/latex/amsfonts/umsb.fd
File: umsb.fd 2013/01/14 v3.01 AMS symbols B
)
(/Users/jacksontorres/Library/TinyTeX/texmf-dist/tex/latex/microtype/mt-msb.cfg
File: mt-msb.cfg 2005/06/01 v1.0 microtype config. file: AMS symbols (b) (RS)
)
LaTeX Font Info:    Font shape `T1/phv/b/it' in size <10> not available
(Font)              Font shape `T1/phv/b/sl' tried instead on input line 228.
LaTeX Font Info:    External font `lmex10' loaded for size
(Font)              <9> on input line 228.
LaTeX Font Info:    External font `lmex10' loaded for size
(Font)              <6> on input line 228.
LaTeX Font Info:    Font shape `T1/phv/b/it' in size <9> not available
(Font)              Font shape `T1/phv/b/sl' tried instead on input line 228.
File: FundoUFPR2.png Graphic file (type png)
<use FundoUFPR2.png>
Package pdftex.def Info: FundoUFPR2.png  used on input line 228.
(pdftex.def)             Requested size: 458.39076pt x 256.0748pt.
[3

]
LaTeX Font Info:    Font shape `T1/phv/m/it' in size <10.95> not available
(Font)              Font shape `T1/phv/m/sl' tried instead on input line 242.
File: FundoUFPR2.png Graphic file (type png)
<use FundoUFPR2.png>
Package pdftex.def Info: FundoUFPR2.png  used on input line 242.
(pdftex.def)             Requested size: 458.39076pt x 256.0748pt.
[4

]
File: FundoUFPR2.png Graphic file (type png)
<use FundoUFPR2.png>
Package pdftex.def Info: FundoUFPR2.png  used on input line 260.
(pdftex.def)             Requested size: 458.39076pt x 256.0748pt.
[5

]
LaTeX Font Info:    External font `lmex10' loaded for size
(Font)              <10.95> on input line 294.
LaTeX Font Info:    External font `lmex10' loaded for size
(Font)              <8> on input line 294.
File: FundoUFPR2.png Graphic file (type png)
<use FundoUFPR2.png>
Package pdftex.def Info: FundoUFPR2.png  used on input line 294.
(pdftex.def)             Requested size: 458.39076pt x 256.0748pt.
[6

]
LaTeX Font Info:    Font shape `T1/phv/m/it' in size <10> not available
(Font)              Font shape `T1/phv/m/sl' tried instead on input line 362.
File: FundoUFPR2.png Graphic file (type png)
<use FundoUFPR2.png>
Package pdftex.def Info: FundoUFPR2.png  used on input line 362.
(pdftex.def)             Requested size: 458.39076pt x 256.0748pt.
[7

]
<02-final_presentation-V1_files/figure-beamer/diagram.sfn-1.pdf, id=82, 275.027
5pt x 149.55875pt>
File: 02-final_presentation-V1_files/figure-beamer/diagram.sfn-1.pdf Graphic fi
le (type pdf)
<use 02-final_presentation-V1_files/figure-beamer/diagram.sfn-1.pdf>
Package pdftex.def Info: 02-final_presentation-V1_files/figure-beamer/diagram.s
fn-1.pdf  used on input line 367.
(pdftex.def)             Requested size: 275.02682pt x 149.55838pt.
File: FundoUFPR2.png Graphic file (type png)
<use FundoUFPR2.png>
Package pdftex.def Info: FundoUFPR2.png  used on input line 367.
(pdftex.def)             Requested size: 458.39076pt x 256.0748pt.
[8

 <./02-final_presentation-V1_files/figure-beamer/diagram.sfn-1.pdf>]
File: FundoUFPR2.png Graphic file (type png)
<use FundoUFPR2.png>
Package pdftex.def Info: FundoUFPR2.png  used on input line 411.
(pdftex.def)             Requested size: 458.39076pt x 256.0748pt.
[9

]
<02-final_presentation-V1_files/figure-beamer/diagram.otic-1.pdf, id=116, 198.7
425pt x 74.2775pt>
File: 02-final_presentation-V1_files/figure-beamer/diagram.otic-1.pdf Graphic f
ile (type pdf)
<use 02-final_presentation-V1_files/figure-beamer/diagram.otic-1.pdf>
Package pdftex.def Info: 02-final_presentation-V1_files/figure-beamer/diagram.o
tic-1.pdf  used on input line 432.
(pdftex.def)             Requested size: 198.742pt x 74.27731pt.
<02-final_presentation-V1_files/figure-beamer/diagram.carac-1.pdf, id=118, 198.
7425pt x 82.3075pt>
File: 02-final_presentation-V1_files/figure-beamer/diagram.carac-1.pdf Graphic 
file (type pdf)
<use 02-final_presentation-V1_files/figure-beamer/diagram.carac-1.pdf>
Package pdftex.def Info: 02-final_presentation-V1_files/figure-beamer/diagram.c
arac-1.pdf  used on input line 432.
(pdftex.def)             Requested size: 198.742pt x 82.30728pt.
<02-final_presentation-V1_files/figure-beamer/d.spread.dim-1.pdf, id=119, 198.7
425pt x 66.2475pt>
File: 02-final_presentation-V1_files/figure-beamer/d.spread.dim-1.pdf Graphic f
ile (type pdf)
<use 02-final_presentation-V1_files/figure-beamer/d.spread.dim-1.pdf>
Package pdftex.def Info: 02-final_presentation-V1_files/figure-beamer/d.spread.
dim-1.pdf  used on input line 432.
(pdftex.def)             Requested size: 198.742pt x 66.24733pt.
File: FundoUFPR2.png Graphic file (type png)
<use FundoUFPR2.png>
Package pdftex.def Info: FundoUFPR2.png  used on input line 432.
(pdftex.def)             Requested size: 458.39076pt x 256.0748pt.
[10

 <./02-final_presentation-V1_files/figure-beamer/diagram.otic-1.pdf> <./02-fina
l_presentation-V1_files/figure-beamer/diagram.carac-1.pdf> <./02-final_presenta
tion-V1_files/figure-beamer/d.spread.dim-1.pdf>]
<02-final_presentation-V1_files/figure-beamer/diagram.spread.vol.tem.ris-1.pdf,
 id=161, 258.9675pt x 148.555pt>
File: 02-final_presentation-V1_files/figure-beamer/diagram.spread.vol.tem.ris-1
.pdf Graphic file (type pdf)
<use 02-final_presentation-V1_files/figure-beamer/diagram.spread.vol.tem.ris-1.
pdf>
Package pdftex.def Info: 02-final_presentation-V1_files/figure-beamer/diagram.s
pread.vol.tem.ris-1.pdf  used on input line 439.
(pdftex.def)             Requested size: 258.96684pt x 148.55463pt.
File: FundoUFPR2.png Graphic file (type png)
<use FundoUFPR2.png>
Package pdftex.def Info: FundoUFPR2.png  used on input line 439.
(pdftex.def)             Requested size: 458.39076pt x 256.0748pt.
[11

 <./02-final_presentation-V1_files/figure-beamer/diagram.spread.vol.tem.ris-1.p
df>]
File: FundoUFPR2.png Graphic file (type png)
<use FundoUFPR2.png>
Package pdftex.def Info: FundoUFPR2.png  used on input line 470.
(pdftex.def)             Requested size: 458.39076pt x 256.0748pt.
[12

]
<02-final_presentation-V1_files/figure-beamer/spread.icc-1.pdf, id=187, 279.042
5pt x 138.5175pt>
File: 02-final_presentation-V1_files/figure-beamer/spread.icc-1.pdf Graphic fil
e (type pdf)
<use 02-final_presentation-V1_files/figure-beamer/spread.icc-1.pdf>
Package pdftex.def Info: 02-final_presentation-V1_files/figure-beamer/spread.ic
c-1.pdf  used on input line 482.
(pdftex.def)             Requested size: 279.04181pt x 138.51715pt.
File: FundoUFPR2.png Graphic file (type png)
<use FundoUFPR2.png>
Package pdftex.def Info: FundoUFPR2.png  used on input line 482.
(pdftex.def)             Requested size: 458.39076pt x 256.0748pt.
[13

 <./02-final_presentation-V1_files/figure-beamer/spread.icc-1.pdf>]
File: FundoUFPR2.png Graphic file (type png)
<use FundoUFPR2.png>
Package pdftex.def Info: FundoUFPR2.png  used on input line 514.
(pdftex.def)             Requested size: 458.39076pt x 256.0748pt.
[14

]
File: FundoUFPR2.png Graphic file (type png)
<use FundoUFPR2.png>
Package pdftex.def Info: FundoUFPR2.png  used on input line 565.
(pdftex.def)             Requested size: 458.39076pt x 256.0748pt.
[15

]
File: FundoUFPR2.png Graphic file (type png)
<use FundoUFPR2.png>
Package pdftex.def Info: FundoUFPR2.png  used on input line 583.
(pdftex.def)             Requested size: 458.39076pt x 256.0748pt.
[16

]
File: FundoUFPR2.png Graphic file (type png)
<use FundoUFPR2.png>
Package pdftex.def Info: FundoUFPR2.png  used on input line 613.
(pdftex.def)             Requested size: 458.39076pt x 256.0748pt.
[17

]
Overfull \hbox (14.36949pt too wide) in alignment at lines 636--636
 [] [] [] [] 
 []


Overfull \hbox (14.36949pt too wide) in alignment at lines 636--636
 [] [] [] [] 
 []

File: FundoUFPR2.png Graphic file (type png)
<use FundoUFPR2.png>
Package pdftex.def Info: FundoUFPR2.png  used on input line 636.
(pdftex.def)             Requested size: 458.39076pt x 256.0748pt.
[18

]
File: FundoUFPR2.png Graphic file (type png)
<use FundoUFPR2.png>
Package pdftex.def Info: FundoUFPR2.png  used on input line 678.
(pdftex.def)             Requested size: 458.39076pt x 256.0748pt.
[19

]
Overfull \hbox (35.4612pt too wide) detected at line 692
[][][][]
 []

File: FundoUFPR2.png Graphic file (type png)
<use FundoUFPR2.png>
Package pdftex.def Info: FundoUFPR2.png  used on input line 692.
(pdftex.def)             Requested size: 458.39076pt x 256.0748pt.
[20

]
File: FundoUFPR2.png Graphic file (type png)
<use FundoUFPR2.png>
Package pdftex.def Info: FundoUFPR2.png  used on input line 720.
(pdftex.def)             Requested size: 458.39076pt x 256.0748pt.
[21

]
File: FundoUFPR2.png Graphic file (type png)
<use FundoUFPR2.png>
Package pdftex.def Info: FundoUFPR2.png  used on input line 750.
(pdftex.def)             Requested size: 458.39076pt x 256.0748pt.
[22

]

LaTeX Warning: Reference `eq:pvarsys' on page 23 undefined on input line 782.

File: FundoUFPR2.png Graphic file (type png)
<use FundoUFPR2.png>
Package pdftex.def Info: FundoUFPR2.png  used on input line 782.
(pdftex.def)             Requested size: 458.39076pt x 256.0748pt.
[23

]
File: FundoUFPR2.png Graphic file (type png)
<use FundoUFPR2.png>
Package pdftex.def Info: FundoUFPR2.png  used on input line 826.
(pdftex.def)             Requested size: 458.39076pt x 256.0748pt.
[24

]
File: FundoUFPR2.png Graphic file (type png)
<use FundoUFPR2.png>
Package pdftex.def Info: FundoUFPR2.png  used on input line 849.
(pdftex.def)             Requested size: 458.39076pt x 256.0748pt.
[25

]

LaTeX Warning: Command \textemdash invalid in math mode on input line 888.


LaTeX Warning: Command \textemdash invalid in math mode on input line 888.


LaTeX Warning: Command \textemdash invalid in math mode on input line 888.

File: FundoUFPR2.png Graphic file (type png)
<use FundoUFPR2.png>
Package pdftex.def Info: FundoUFPR2.png  used on input line 888.
(pdftex.def)             Requested size: 458.39076pt x 256.0748pt.
[26

]
File: FundoUFPR2.png Graphic file (type png)
<use FundoUFPR2.png>
Package pdftex.def Info: FundoUFPR2.png  used on input line 910.
(pdftex.def)             Requested size: 458.39076pt x 256.0748pt.
[27

]
File: FundoUFPR2.png Graphic file (type png)
<use FundoUFPR2.png>
Package pdftex.def Info: FundoUFPR2.png  used on input line 924.
(pdftex.def)             Requested size: 458.39076pt x 256.0748pt.
[28

]
File: FundoUFPR2.png Graphic file (type png)
<use FundoUFPR2.png>
Package pdftex.def Info: FundoUFPR2.png  used on input line 935.
(pdftex.def)             Requested size: 458.39076pt x 256.0748pt.
[29

]
Overfull \hbox (19.50276pt too wide) detected at line 957
[][][][]
 []

File: FundoUFPR2.png Graphic file (type png)
<use FundoUFPR2.png>
Package pdftex.def Info: FundoUFPR2.png  used on input line 957.
(pdftex.def)             Requested size: 458.39076pt x 256.0748pt.
[30

]
File: FundoUFPR2.png Graphic file (type png)
<use FundoUFPR2.png>
Package pdftex.def Info: FundoUFPR2.png  used on input line 971.
(pdftex.def)             Requested size: 458.39076pt x 256.0748pt.
[31

]
File: FundoUFPR2.png Graphic file (type png)
<use FundoUFPR2.png>
Package pdftex.def Info: FundoUFPR2.png  used on input line 982.
(pdftex.def)             Requested size: 458.39076pt x 256.0748pt.
[32

]
File: FundoUFPR2.png Graphic file (type png)
<use FundoUFPR2.png>
Package pdftex.def Info: FundoUFPR2.png  used on input line 1007.
(pdftex.def)             Requested size: 458.39076pt x 256.0748pt.
[33

]
File: FundoUFPR2.png Graphic file (type png)
<use FundoUFPR2.png>
Package pdftex.def Info: FundoUFPR2.png  used on input line 1036.
(pdftex.def)             Requested size: 458.39076pt x 256.0748pt.
[34

]
File: FundoUFPR2.png Graphic file (type png)
<use FundoUFPR2.png>
Package pdftex.def Info: FundoUFPR2.png  used on input line 1055.
(pdftex.def)             Requested size: 458.39076pt x 256.0748pt.
[35

]
File: FundoUFPR2.png Graphic file (type png)
<use FundoUFPR2.png>
Package pdftex.def Info: FundoUFPR2.png  used on input line 1087.
(pdftex.def)             Requested size: 458.39076pt x 256.0748pt.
[36

]
File: FundoUFPR2.png Graphic file (type png)
<use FundoUFPR2.png>
Package pdftex.def Info: FundoUFPR2.png  used on input line 1099.
(pdftex.def)             Requested size: 458.39076pt x 256.0748pt.
[37

]
File: FundoUFPR2.png Graphic file (type png)
<use FundoUFPR2.png>
Package pdftex.def Info: FundoUFPR2.png  used on input line 1115.
(pdftex.def)             Requested size: 458.39076pt x 256.0748pt.
[38

]
File: FundoUFPR2.png Graphic file (type png)
<use FundoUFPR2.png>
Package pdftex.def Info: FundoUFPR2.png  used on input line 1138.
(pdftex.def)             Requested size: 458.39076pt x 256.0748pt.
[39

]
File: FundoUFPR2.png Graphic file (type png)
<use FundoUFPR2.png>
Package pdftex.def Info: FundoUFPR2.png  used on input line 1161.
(pdftex.def)             Requested size: 458.39076pt x 256.0748pt.
[40

]
File: FundoUFPR2.png Graphic file (type png)
<use FundoUFPR2.png>
Package pdftex.def Info: FundoUFPR2.png  used on input line 1180.
(pdftex.def)             Requested size: 458.39076pt x 256.0748pt.
[41

]
File: FundoUFPR2.png Graphic file (type png)
<use FundoUFPR2.png>
Package pdftex.def Info: FundoUFPR2.png  used on input line 1194.
(pdftex.def)             Requested size: 458.39076pt x 256.0748pt.
[42

]
<02-final_presentation-V1_files/figure-beamer/stability.plot-1.pdf, id=420, 279
.0425pt x 132.495pt>
File: 02-final_presentation-V1_files/figure-beamer/stability.plot-1.pdf Graphic
 file (type pdf)
<use 02-final_presentation-V1_files/figure-beamer/stability.plot-1.pdf>
Package pdftex.def Info: 02-final_presentation-V1_files/figure-beamer/stability
.plot-1.pdf  used on input line 1201.
(pdftex.def)             Requested size: 279.04181pt x 132.49466pt.
File: FundoUFPR2.png Graphic file (type png)
<use FundoUFPR2.png>
Package pdftex.def Info: FundoUFPR2.png  used on input line 1201.
(pdftex.def)             Requested size: 458.39076pt x 256.0748pt.
[43

 <./02-final_presentation-V1_files/figure-beamer/stability.plot-1.pdf>]
File: FundoUFPR2.png Graphic file (type png)
<use FundoUFPR2.png>
Package pdftex.def Info: FundoUFPR2.png  used on input line 1227.
(pdftex.def)             Requested size: 458.39076pt x 256.0748pt.
[44

]
File: FundoUFPR2.png Graphic file (type png)
<use FundoUFPR2.png>
Package pdftex.def Info: FundoUFPR2.png  used on input line 1253.
(pdftex.def)             Requested size: 458.39076pt x 256.0748pt.
[45

]
File: FundoUFPR2.png Graphic file (type png)
<use FundoUFPR2.png>
Package pdftex.def Info: FundoUFPR2.png  used on input line 1281.
(pdftex.def)             Requested size: 458.39076pt x 256.0748pt.
[46

]
File: FundoUFPR2.png Graphic file (type png)
<use FundoUFPR2.png>
Package pdftex.def Info: FundoUFPR2.png  used on input line 1307.
(pdftex.def)             Requested size: 458.39076pt x 256.0748pt.
[47

]
File: FundoUFPR2.png Graphic file (type png)
<use FundoUFPR2.png>
Package pdftex.def Info: FundoUFPR2.png  used on input line 1329.
(pdftex.def)             Requested size: 458.39076pt x 256.0748pt.
[48

]
File: FundoUFPR2.png Graphic file (type png)
<use FundoUFPR2.png>
Package pdftex.def Info: FundoUFPR2.png  used on input line 1361.
(pdftex.def)             Requested size: 458.39076pt x 256.0748pt.
[49

]
File: FundoUFPR2.png Graphic file (type png)
<use FundoUFPR2.png>
Package pdftex.def Info: FundoUFPR2.png  used on input line 1380.
(pdftex.def)             Requested size: 458.39076pt x 256.0748pt.
[50

]
File: FundoUFPR2.png Graphic file (type png)
<use FundoUFPR2.png>
Package pdftex.def Info: FundoUFPR2.png  used on input line 1401.
(pdftex.def)             Requested size: 458.39076pt x 256.0748pt.
[51

]
File: FundoUFPR2.png Graphic file (type png)
<use FundoUFPR2.png>
Package pdftex.def Info: FundoUFPR2.png  used on input line 1418.
(pdftex.def)             Requested size: 458.39076pt x 256.0748pt.
[52

]
File: FundoUFPR2.png Graphic file (type png)
<use FundoUFPR2.png>
Package pdftex.def Info: FundoUFPR2.png  used on input line 1434.
(pdftex.def)             Requested size: 458.39076pt x 256.0748pt.
[53

]
File: FundoUFPR2.png Graphic file (type png)
<use FundoUFPR2.png>
Package pdftex.def Info: FundoUFPR2.png  used on input line 1451.
(pdftex.def)             Requested size: 458.39076pt x 256.0748pt.
[54

]
File: FundoUFPR2.png Graphic file (type png)
<use FundoUFPR2.png>
Package pdftex.def Info: FundoUFPR2.png  used on input line 1469.
(pdftex.def)             Requested size: 458.39076pt x 256.0748pt.
[55

]
File: FundoUFPR2.png Graphic file (type png)
<use FundoUFPR2.png>
Package pdftex.def Info: FundoUFPR2.png  used on input line 1489.
(pdftex.def)             Requested size: 458.39076pt x 256.0748pt.
[56

]
File: FundoUFPR2.png Graphic file (type png)
<use FundoUFPR2.png>
Package pdftex.def Info: FundoUFPR2.png  used on input line 1507.
(pdftex.def)             Requested size: 458.39076pt x 256.0748pt.
[57

]
File: FundoUFPR2.png Graphic file (type png)
<use FundoUFPR2.png>
Package pdftex.def Info: FundoUFPR2.png  used on input line 1525.
(pdftex.def)             Requested size: 458.39076pt x 256.0748pt.
[58

]
File: FundoUFPR2.png Graphic file (type png)
<use FundoUFPR2.png>
Package pdftex.def Info: FundoUFPR2.png  used on input line 1538.
(pdftex.def)             Requested size: 458.39076pt x 256.0748pt.
[59

]
File: FundoUFPR2.png Graphic file (type png)
<use FundoUFPR2.png>
Package pdftex.def Info: FundoUFPR2.png  used on input line 1554.
(pdftex.def)             Requested size: 458.39076pt x 256.0748pt.
[60

]
File: FundoUFPR2.png Graphic file (type png)
<use FundoUFPR2.png>
Package pdftex.def Info: FundoUFPR2.png  used on input line 1571.
(pdftex.def)             Requested size: 458.39076pt x 256.0748pt.
[61

]
File: FundoUFPR2.png Graphic file (type png)
<use FundoUFPR2.png>
Package pdftex.def Info: FundoUFPR2.png  used on input line 1589.
(pdftex.def)             Requested size: 458.39076pt x 256.0748pt.
[62

]
File: FundoUFPR2.png Graphic file (type png)
<use FundoUFPR2.png>
Package pdftex.def Info: FundoUFPR2.png  used on input line 1603.
(pdftex.def)             Requested size: 458.39076pt x 256.0748pt.
[63

]
Overfull \hbox (201.35435pt too wide) in paragraph at lines 1621--1621
\T1/phv/m/n/10.95 (-20) pon%C3%ADvel%20em%20%5Curl%7Bhttps://www.bcb.gov.br/pec
/notastecnicas/port/2002nt26avalgeracaoresultp.pdf%7D% 
 []

File: FundoUFPR2.png Graphic file (type png)
<use FundoUFPR2.png>
Package pdftex.def Info: FundoUFPR2.png  used on input line 1621.
(pdftex.def)             Requested size: 458.39076pt x 256.0748pt.
[64

]
File: FundoUFPR2.png Graphic file (type png)
<use FundoUFPR2.png>
Package pdftex.def Info: FundoUFPR2.png  used on input line 1639.
(pdftex.def)             Requested size: 458.39076pt x 256.0748pt.
[65

]
File: FundoUFPR2.png Graphic file (type png)
<use FundoUFPR2.png>
Package pdftex.def Info: FundoUFPR2.png  used on input line 1653.
(pdftex.def)             Requested size: 458.39076pt x 256.0748pt.
[66

]
File: FundoUFPR2.png Graphic file (type png)
<use FundoUFPR2.png>
Package pdftex.def Info: FundoUFPR2.png  used on input line 1669.
(pdftex.def)             Requested size: 458.39076pt x 256.0748pt.
[67

]
File: FundoUFPR2.png Graphic file (type png)
<use FundoUFPR2.png>
Package pdftex.def Info: FundoUFPR2.png  used on input line 1688.
(pdftex.def)             Requested size: 458.39076pt x 256.0748pt.
[68

]
File: FundoUFPR2.png Graphic file (type png)
<use FundoUFPR2.png>
Package pdftex.def Info: FundoUFPR2.png  used on input line 1703.
(pdftex.def)             Requested size: 458.39076pt x 256.0748pt.
[69

]
File: FundoUFPR2.png Graphic file (type png)
<use FundoUFPR2.png>
Package pdftex.def Info: FundoUFPR2.png  used on input line 1719.
(pdftex.def)             Requested size: 458.39076pt x 256.0748pt.
[70

]
File: FundoUFPR2.png Graphic file (type png)
<use FundoUFPR2.png>
Package pdftex.def Info: FundoUFPR2.png  used on input line 1742.
(pdftex.def)             Requested size: 458.39076pt x 256.0748pt.
[71

]
File: FundoUFPR2.png Graphic file (type png)
<use FundoUFPR2.png>
Package pdftex.def Info: FundoUFPR2.png  used on input line 1759.
(pdftex.def)             Requested size: 458.39076pt x 256.0748pt.
[72

]
File: FundoUFPR2.png Graphic file (type png)
<use FundoUFPR2.png>
Package pdftex.def Info: FundoUFPR2.png  used on input line 1777.
(pdftex.def)             Requested size: 458.39076pt x 256.0748pt.
[73

]
File: FundoUFPR2.png Graphic file (type png)
<use FundoUFPR2.png>
Package pdftex.def Info: FundoUFPR2.png  used on input line 1795.
(pdftex.def)             Requested size: 458.39076pt x 256.0748pt.
[74

]
File: FundoUFPR2.png Graphic file (type png)
<use FundoUFPR2.png>
Package pdftex.def Info: FundoUFPR2.png  used on input line 1812.
(pdftex.def)             Requested size: 458.39076pt x 256.0748pt.
[75

]
File: FundoUFPR2.png Graphic file (type png)
<use FundoUFPR2.png>
Package pdftex.def Info: FundoUFPR2.png  used on input line 1817.
(pdftex.def)             Requested size: 458.39076pt x 256.0748pt.
[76

]
Overfull \vbox (498.89932pt too high) detected at line 1906
 []

File: FundoUFPR2.png Graphic file (type png)
<use FundoUFPR2.png>
Package pdftex.def Info: FundoUFPR2.png  used on input line 1906.
(pdftex.def)             Requested size: 458.39076pt x 256.0748pt.
[77

]
\tf@nav=\write7
\openout7 = `02-final_presentation-V1.nav'.

\tf@toc=\write8
\openout8 = `02-final_presentation-V1.toc'.

\tf@snm=\write9
\openout9 = `02-final_presentation-V1.snm'.

(./02-final_presentation-V1.aux)

LaTeX Warning: There were undefined references.

Package logreq Info: Writing requests to '02-final_presentation-V1.run.xml'.
\openout1 = `02-final_presentation-V1.run.xml'.

 ) 
Here is how much of TeX's memory you used:
 36441 strings out of 480962
 703479 string characters out of 5905694
 1485008 words of memory out of 5000000
 52349 multiletter control sequences out of 15000+600000
 513145 words of font info for 251 fonts, out of 8000000 for 9000
 16 hyphenation exceptions out of 8191
 112i,11n,116p,757b,4103s stack positions out of 5000i,500n,10000p,200000b,80000s
{/Users/jacksontorres/Library/TinyTeX/texmf-dist/fonts/enc/dvips/lm/lm-mathsy
.enc}{/Users/jacksontorres/Library/TinyTeX/texmf-dist/fonts/enc/dvips/lm/lm-rm.
enc}{/Users/jacksontorres/Library/TinyTeX/texmf-dist/fonts/enc/dvips/lm/lm-math
it.enc}{/Users/jacksontorres/Library/TinyTeX/texmf-dist/fonts/enc/dvips/lm/lm-m
athex.enc}{/Users/jacksontorres/Library/TinyTeX/texmf-dist/fonts/enc/dvips/base
/8r.enc}</Users/jacksontorres/Library/TinyTeX/texmf-dist/fonts/type1/public/lm/
lmbx10.pfb></Users/jacksontorres/Library/TinyTeX/texmf-dist/fonts/type1/public/
lm/lmex10.pfb></Users/jacksontorres/Library/TinyTeX/texmf-dist/fonts/type1/publ
ic/lm/lmmi10.pfb></Users/jacksontorres/Library/TinyTeX/texmf-dist/fonts/type1/p
ublic/lm/lmmi6.pfb></Users/jacksontorres/Library/TinyTeX/texmf-dist/fonts/type1
/public/lm/lmmi8.pfb></Users/jacksontorres/Library/TinyTeX/texmf-dist/fonts/typ
e1/public/lm/lmr10.pfb></Users/jacksontorres/Library/TinyTeX/texmf-dist/fonts/t
ype1/public/lm/lmr6.pfb></Users/jacksontorres/Library/TinyTeX/texmf-dist/fonts/
type1/public/lm/lmr8.pfb></Users/jacksontorres/Library/TinyTeX/texmf-dist/fonts
/type1/public/lm/lmsy10.pfb></Users/jacksontorres/Library/TinyTeX/texmf-dist/fo
nts/type1/public/lm/lmsy6.pfb></Users/jacksontorres/Library/TinyTeX/texmf-dist/
fonts/type1/public/lm/lmsy8.pfb></Users/jacksontorres/Library/TinyTeX/texmf-dis
t/fonts/type1/public/amsfonts/symbols/msam10.pfb></Users/jacksontorres/Library/
TinyTeX/texmf-dist/fonts/type1/urw/helvetic/uhvb8a.pfb></Users/jacksontorres/Li
brary/TinyTeX/texmf-dist/fonts/type1/urw/helvetic/uhvbo8a.pfb></Users/jacksonto
rres/Library/TinyTeX/texmf-dist/fonts/type1/urw/helvetic/uhvr8a.pfb></Users/jac
ksontorres/Library/TinyTeX/texmf-dist/fonts/type1/urw/helvetic/uhvro8a.pfb>
Output written on 02-final_presentation-V1.pdf (77 pages, 483677 bytes).
PDF statistics:
 817 PDF objects out of 1000 (max. 8388607)
 680 compressed objects within 7 object streams
 257 named destinations out of 1000 (max. 500000)
 94296 words of extra memory for PDF output out of 106986 (max. 10000000)

