This is pdfTeX, Version 3.14159265-2.6-1.40.21 (TeX Live 2020) (preloaded format=pdflatex 2021.2.24)  1 MAR 2021 15:32
entering extended mode
 restricted \write18 enabled.
 %&-line parsing enabled.
**jacksontorres.tex
(./jacksontorres.tex
LaTeX2e <2020-10-01> patch level 4
L3 programming layer <2021-02-18> (./abntex2.cls
Document Class: abntex2 2018/11/24 v-1.9.7 abnTeX2
(/Users/jacksontorres/Library/TinyTeX/texmf-dist/tex/latex/base/ifthen.sty
Package: ifthen 2014/09/29 v1.1c Standard LaTeX ifthen package (DPC)
) (/Users/jacksontorres/Library/TinyTeX/texmf-dist/tex/latex/memoir/memoir.cls
Document Class: memoir 2020/10/04 v3.7n configurable book, report, article docu
ment class
\onelineskip=\skip47
\lxvchars=\skip48
\xlvchars=\skip49
\@memcnta=\count179
\c@@memmarkcntra=\count180
(/Users/jacksontorres/Library/TinyTeX/texmf-dist/tex/generic/iftex/iftex.sty
Package: iftex 2020/03/06 v1.0d TeX engine tests
)
\stockheight=\skip50
\stockwidth=\skip51
\trimtop=\skip52
\trimedge=\skip53
(/Users/jacksontorres/Library/TinyTeX/texmf-dist/tex/latex/memoir/mem12.clo
File: mem12.clo 2010/10/19 v0.4b memoir class 12pt size option
)
\binding=\skip54
\spinemargin=\skip55
\foremargin=\skip56
\uppermargin=\skip57
\lowermargin=\skip58
\headdrop=\skip59
\normalrulethickness=\skip60
\mem@maxheadheight=\skip61
\mem@maxfootheight=\skip62
\headwidth=\skip63
\c@storedpagenumber=\count181
\memPD=\dimen138
\m@mabparskip=\skip64
\thanksmarkwidth=\skip65
\thanksmarksep=\skip66
\droptitle=\skip67
\c@book=\count182
\c@part=\count183
\c@chapter=\count184
\c@section=\count185
\c@subsection=\count186
\c@subsubsection=\count187
\c@paragraph=\count188
\c@subparagraph=\count189
\beforechapskip=\skip68
\midchapskip=\skip69
\afterchapskip=\skip70
\chapindent=\skip71
\bottomsectionskip=\skip72
\secindent=\skip73
\beforesecskip=\skip74
\aftersecskip=\skip75
\subsecindent=\skip76
\beforesubsecskip=\skip77
\aftersubsecskip=\skip78
\subsubsecindent=\skip79
\beforesubsubsecskip=\skip80
\aftersubsubsecskip=\skip81
\paraindent=\skip82
\beforeparaskip=\skip83
\afterparaskip=\skip84
\subparaindent=\skip85
\beforesubparaskip=\skip86
\aftersubparaskip=\skip87
\pfbreakskip=\skip88
\c@@ppsavesec=\count190
\c@@ppsaveapp=\count191
\ragrparindent=\dimen139
\everylistparindent=\dimen140
\parsepi=\skip89
\topsepi=\skip90
\itemsepi=\skip91
\parsepii=\skip92
\topsepii=\skip93
\topsepiii=\skip94
\itemsepii=\skip95
\itemsepiii=\skip96
\partopsepii=\skip97
\partopsepiii=\skip98
\m@msavetopsep=\skip99
\m@msavepartopsep=\skip100
\@enLab=\toks15
\abstitleskip=\skip101
\absleftindent=\skip102
\abs@leftindent=\dimen141
\absrightindent=\skip103
\absparindent=\skip104
\absparsep=\skip105
\c@vslineno=\count192
\c@poemline=\count193
\c@modulo@vs=\count194
\c@memfvsline=\count195
\vleftskip=\skip106
\vrightskip=\skip107
\stanzaskip=\skip108
\versewidth=\skip109
\vgap=\skip110
\vindent=\skip111
\vleftmargin=\dimen142
\c@verse=\count196
\c@chrsinstr=\count197
\beforepoemtitleskip=\skip112
\afterpoemtitleskip=\skip113
\c@poem=\count198
\beforePoemTitleskip=\skip114
\midPoemTitleskip=\skip115
\afterPoemTitleskip=\skip116
(/Users/jacksontorres/Library/TinyTeX/texmf-dist/tex/latex/tools/array.sty
Package: array 2020/10/01 v2.5c Tabular extension package (FMi)
\col@sep=\dimen143
\ar@mcellbox=\box47
\extrarowheight=\dimen144
\NC@list=\toks16
\extratabsurround=\skip117
\backup@length=\skip118
\ar@cellbox=\box48
) (/Users/jacksontorres/Library/TinyTeX/texmf-dist/tex/latex/tools/dcolumn.sty
Package: dcolumn 2014/10/28 v1.06 decimal alignment package (DPC)
) (/Users/jacksontorres/Library/TinyTeX/texmf-dist/tex/latex/tools/delarray.sty
Package: delarray 2014/10/28 v1.01 array delimiter package (DPC)
) (/Users/jacksontorres/Library/TinyTeX/texmf-dist/tex/latex/tools/tabularx.sty
Package: tabularx 2020/01/15 v2.11c `tabularx' package (DPC)
\TX@col@width=\dimen145
\TX@old@table=\dimen146
\TX@old@col=\dimen147
\TX@target=\dimen148
\TX@delta=\dimen149
\TX@cols=\count199
\TX@ftn=\toks17
)
\heavyrulewidth=\dimen150
\lightrulewidth=\dimen151
\cmidrulewidth=\dimen152
\belowrulesep=\dimen153
\belowbottomsep=\dimen154
\aboverulesep=\dimen155
\abovetopsep=\dimen156
\cmidrulesep=\dimen157
\cmidrulekern=\dimen158
\defaultaddspace=\dimen159
\@cmidla=\count266
\@cmidlb=\count267
\@aboverulesep=\dimen160
\@belowrulesep=\dimen161
\@thisruleclass=\count268
\@lastruleclass=\count269
\@thisrulewidth=\dimen162
\ctableftskip=\skip119
\ctabrightskip=\skip120
\abovecolumnspenalty=\count270
\@linestogo=\count271
\@cellstogo=\count272
\@cellsincolumn=\count273
\crtok=\toks18
\@mincolumnwidth=\dimen163
\c@newflo@tctr=\count274
\mem@margin@floatbox=\box49
\@contcwidth=\skip121
\@contindw=\skip122
\abovecaptionskip=\skip123
\belowcaptionskip=\skip124
\subfloattopskip=\skip125
\subfloatcapskip=\skip126
\subfloatcaptopadj=\skip127
\subfloatbottomskip=\skip128
\subfloatlabelskip=\skip129
\subfloatcapmargin=\dimen164
\c@@contsubnum=\count275
\m@mscap@capbox=\box50
\m@mscap@fbox=\box51
\sidecapsep=\dimen165
\sidecapwidth=\dimen166
\m@m@tempdima=\dimen167
\m@mscapraise=\dimen168
\sidecapraise=\dimen169
\m@mscapmainwidth=\dimen170
\m@mscaplkern=\dimen171
\beforeepigraphskip=\skip130
\afterepigraphskip=\skip131
\epigraphwidth=\skip132
\epigraphrule=\skip133
LaTeX Info: Redefining \em on input line 7678.
LaTeX Info: Redefining \emph on input line 7686.
\tocentryskip=\skip134
\tocbaseline=\skip135
\cftparskip=\skip136
\cftbeforebookskip=\skip137
\cftbookindent=\dimen172
\cftbooknumwidth=\dimen173
\cftbeforepartskip=\skip138
\cftpartindent=\skip139
\cftpartnumwidth=\skip140
\cftbeforechapterskip=\skip141
\cftchapterindent=\skip142
\cftchapternumwidth=\skip143
\cftbeforesectionskip=\skip144
\cftsectionindent=\skip145
\cftsectionnumwidth=\skip146
\cftbeforesubsectionskip=\skip147
\cftsubsectionindent=\skip148
\cftsubsectionnumwidth=\skip149
\cftbeforesubsubsectionskip=\skip150
\cftsubsubsectionindent=\skip151
\cftsubsubsectionnumwidth=\skip152
\cftbeforeparagraphskip=\skip153
\cftparagraphindent=\skip154
\cftparagraphnumwidth=\skip155
\cftbeforesubparagraphskip=\skip156
\cftsubparagraphindent=\skip157
\cftsubparagraphnumwidth=\skip158
\prechapterprecisshift=\dimen174
\c@maxsecnumdepth=\count276
\bibindent=\dimen175
\bibitemsep=\skip159
\indexcolsep=\skip160
\indexrule=\skip161
\indexmarkstyle=\toks19
\@indexbox=\insert252
\glossarycolsep=\dimen176
\glossaryrule=\dimen177
\sideparvshift=\skip162
\sideins=\insert251
\sidebartopsep=\skip163
\sidebarhsep=\skip164
\sidebarvsep=\skip165
\sidebarwidth=\skip166
\footmarkwidth=\skip167
\footmarksep=\skip168
\footparindent=\skip169
\footinsdim=\skip170
\footinsv@r=\insert250
\@mpfootinsv@r=\insert249
\m@m@k=\count277
\m@m@h=\dimen178
\m@mipn@skip=\skip171
\sidefootins=\insert248
\sidefootadjust=\skip172
\sidefootheight=\skip173
\sidefoothsep=\skip174
\sidefootvsep=\skip175
\sidefootwidth=\skip176
\m@mdownsf=\skip177
\c@sidefootnote=\count278
\sidefootmarkwidth=\skip178
\sidefootmarksep=\skip179
\sidefootparindent=\skip180
\c@pagenote=\count279
\c@pagenoteshadow=\count280
\mem@pn@lastkern=\skip181
\every@verbatim=\toks20
\afterevery@verbatim=\toks21
\verbatim@line=\toks22
\tab@position=\count281
\verbatim@in@stream=\read2
\verbatimindent=\skip182
\verbatim@out=\write3
\bvboxsep=\skip183
\c@memfbvline=\count282
\c@bvlinectr=\count283
\bvnumlength=\skip184
\fb@frw=\dimen179
\fb@frh=\dimen180
\FrameRule=\dimen181
\FrameSep=\dimen182
\c@cp@cntr=\count284
\c@ism@mctr=\count285
\c@xsm@mctr=\count286
\c@csm@mctr=\count287
\c@ksm@mctr=\count288
\c@xksm@mctr=\count289
\c@cksm@mctr=\count290
\c@msm@mctr=\count291
\c@xmsm@mctr=\count292
\c@cmsm@mctr=\count293
\c@bsm@mctr=\count294
\c@workm@mctr=\count295
\c@sheetsequence=\count296
\c@lastsheet=\count297
\c@lastpage=\count298

(/Users/jacksontorres/Library/TinyTeX/texmf-dist/tex/latex/textcase/textcase.st
y
Package: textcase 2019/09/14 v1.00 Text only upper/lower case changing (DPC)
)
\c@figure=\count299
\c@lofdepth=\count300
\cftbeforefigureskip=\skip185
\cftfigureindent=\skip186
\cftfigurenumwidth=\skip187
\c@table=\count301
\c@lotdepth=\count302
\cftbeforetableskip=\skip188
\cfttableindent=\skip189
\cfttablenumwidth=\skip190
Package abstract [2008/07/23] emulated by memoir.
Package appendix [2008/07/23] emulated by memoir.
Package booktabs [2016/05/16] emulated by memoir.
Package ccaption [2008/07/23] emulated by memoir.
Package changepage [2008/07/23] emulated by memoir.
Package chngcntr [2008/07/23] emulated by memoir.
Package chngpage [2008/07/23] emulated by memoir.
Package crop emulated by memoir.
Package enumerate [2008/07/23] emulated by memoir.
Package epigraph [2008/07/23] emulated by memoir.
Package ifmtarg [2008/07/23] emulated by memoir.
Package index [2008/07/23] emulated by memoir.
Package makeidx [2008/07/23] emulated by memoir.
Package moreverb [2008/07/23] emulated by memoir.
Package mparhack [2008/07/23] emulated by memoir.
Package needspace [2008/07/23] emulated by memoir.
Package newfile [2008/07/23] emulated by memoir.
Package nextpage [2008/07/23] emulated by memoir.
Package pagenote [2008/07/23] emulated by memoir.
Package parskip [2008/07/23] emulated by memoir.
Package patchcmd [2008/07/23] emulated by memoir.
Package setspace [2008/07/23] emulated by memoir.
Package shortvrb [2008/07/23] emulated by memoir.
Package showidx [2008/07/23] emulated by memoir.
Package titleref [2008/07/23] emulated by memoir.
Package titling [2008/07/23] emulated by memoir.
Package tocbibind [2008/07/23] emulated by memoir.
Package tocloft [2008/07/23] emulated by memoir.
Package tocvsec2 [2008/07/23] emulated by memoir.
Package verbatim [2008/07/23] emulated by memoir.
Package verse [2008/07/23] emulated by memoir.
)
(/Users/jacksontorres/Library/TinyTeX/texmf-dist/tex/latex/hyperref/hyperref.st
y
Package: hyperref 2021-02-10 v7.00j Hypertext links for LaTeX

(/Users/jacksontorres/Library/TinyTeX/texmf-dist/tex/generic/ltxcmds/ltxcmds.st
y
Package: ltxcmds 2020-05-10 v1.25 LaTeX kernel commands for general use (HO)
)
(/Users/jacksontorres/Library/TinyTeX/texmf-dist/tex/generic/pdftexcmds/pdftexc
mds.sty
Package: pdftexcmds 2020-06-27 v0.33 Utility functions of pdfTeX for LuaTeX (HO
)

(/Users/jacksontorres/Library/TinyTeX/texmf-dist/tex/generic/infwarerr/infwarer
r.sty
Package: infwarerr 2019/12/03 v1.5 Providing info/warning/error messages (HO)
)
Package pdftexcmds Info: \pdf@primitive is available.
Package pdftexcmds Info: \pdf@ifprimitive is available.
Package pdftexcmds Info: \pdfdraftmode found.
) (/Users/jacksontorres/Library/TinyTeX/texmf-dist/tex/latex/graphics/keyval.st
y
Package: keyval 2014/10/28 v1.15 key=value parser (DPC)
\KV@toks@=\toks23
)
(/Users/jacksontorres/Library/TinyTeX/texmf-dist/tex/generic/kvsetkeys/kvsetkey
s.sty
Package: kvsetkeys 2019/12/15 v1.18 Key value parser (HO)
)
(/Users/jacksontorres/Library/TinyTeX/texmf-dist/tex/generic/kvdefinekeys/kvdef
inekeys.sty
Package: kvdefinekeys 2019-12-19 v1.6 Define keys (HO)
)
(/Users/jacksontorres/Library/TinyTeX/texmf-dist/tex/generic/pdfescape/pdfescap
e.sty
Package: pdfescape 2019/12/09 v1.15 Implements pdfTeX's escape features (HO)
) (/Users/jacksontorres/Library/TinyTeX/texmf-dist/tex/latex/hycolor/hycolor.st
y
Package: hycolor 2020-01-27 v1.10 Color options for hyperref/bookmark (HO)
)
(/Users/jacksontorres/Library/TinyTeX/texmf-dist/tex/latex/letltxmacro/letltxma
cro.sty
Package: letltxmacro 2019/12/03 v1.6 Let assignment for LaTeX macros (HO)
) (/Users/jacksontorres/Library/TinyTeX/texmf-dist/tex/latex/auxhook/auxhook.st
y
Package: auxhook 2019-12-17 v1.6 Hooks for auxiliary files (HO)
)
(/Users/jacksontorres/Library/TinyTeX/texmf-dist/tex/latex/kvoptions/kvoptions.
sty
Package: kvoptions 2020-10-07 v3.14 Key value format for package options (HO)
)
\@linkdim=\dimen183
\Hy@linkcounter=\count303
\Hy@pagecounter=\count304
(/Users/jacksontorres/Library/TinyTeX/texmf-dist/tex/latex/hyperref/pd1enc.def
File: pd1enc.def 2021-02-10 v7.00j Hyperref: PDFDocEncoding definition (HO)
Now handling font encoding PD1 ...
... no UTF-8 mapping file for font encoding PD1
)
(/Users/jacksontorres/Library/TinyTeX/texmf-dist/tex/latex/hyperref/hyperref-la
ngpatches.def
File: hyperref-langpatches.def 2021-02-10 v7.00j Hyperref: patches for babel la
nguages
)
(/Users/jacksontorres/Library/TinyTeX/texmf-dist/tex/generic/intcalc/intcalc.st
y
Package: intcalc 2019/12/15 v1.3 Expandable calculations with integers (HO)
)
(/Users/jacksontorres/Library/TinyTeX/texmf-dist/tex/generic/etexcmds/etexcmds.
sty
Package: etexcmds 2019/12/15 v1.7 Avoid name clashes with e-TeX commands (HO)
)
\Hy@SavedSpaceFactor=\count305
(/Users/jacksontorres/Library/TinyTeX/texmf-dist/tex/latex/hyperref/puenc.def
File: puenc.def 2021-02-10 v7.00j Hyperref: PDF Unicode definition (HO)
Now handling font encoding PU ...
... no UTF-8 mapping file for font encoding PU
)
Package hyperref Info: Option `unicode' set `true' on input line 4073.
Package hyperref Info: Hyper figures OFF on input line 4192.
Package hyperref Info: Link nesting OFF on input line 4197.
Package hyperref Info: Hyper index ON on input line 4200.
Package hyperref Info: Plain pages OFF on input line 4207.
Package hyperref Info: Backreferencing OFF on input line 4212.
Package hyperref Info: Implicit mode ON; LaTeX internals redefined.
Package hyperref Info: Bookmarks ON on input line 4445.
\c@Hy@tempcnt=\count306
(/Users/jacksontorres/Library/TinyTeX/texmf-dist/tex/latex/url/url.sty
\Urlmuskip=\muskip16
Package: url 2013/09/16  ver 3.4  Verb mode for urls, etc.
)
LaTeX Info: Redefining \url on input line 4804.
\XeTeXLinkMargin=\dimen184
(/Users/jacksontorres/Library/TinyTeX/texmf-dist/tex/generic/bitset/bitset.sty
Package: bitset 2019/12/09 v1.3 Handle bit-vector datatype (HO)

(/Users/jacksontorres/Library/TinyTeX/texmf-dist/tex/generic/bigintcalc/bigintc
alc.sty
Package: bigintcalc 2019/12/15 v1.5 Expandable calculations on big integers (HO
)
))
\Fld@menulength=\count307
\Field@Width=\dimen185
\Fld@charsize=\dimen186
Package hyperref Info: Hyper figures OFF on input line 6075.
Package hyperref Info: Link nesting OFF on input line 6080.
Package hyperref Info: Hyper index ON on input line 6083.
Package hyperref Info: backreferencing OFF on input line 6090.
Package hyperref Info: Link coloring OFF on input line 6095.
Package hyperref Info: Link coloring with OCG OFF on input line 6100.
Package hyperref Info: PDF/A mode OFF on input line 6105.
LaTeX Info: Redefining \ref on input line 6145.
LaTeX Info: Redefining \pageref on input line 6149.

(/Users/jacksontorres/Library/TinyTeX/texmf-dist/tex/latex/base/atbegshi-ltx.st
y
Package: atbegshi-ltx 2020/08/17 v1.0a Emulation of the original atbegshi packa
ge
with kernel methods
)
\Hy@abspage=\count308
\c@Item=\count309
\c@Hfootnote=\count310
) (/Users/jacksontorres/Library/TinyTeX/texmf-dist/tex/latex/memoir/memhfixc.st
y
Package: memhfixc 2019/10/24 v1.18 nameref/hyperref package fixes for memoir cl
ass
\c@memhycontfloat=\count311
\c@Hpagenote=\count312
)
Package hyperref Info: Driver (autodetected): hpdftex.

(/Users/jacksontorres/Library/TinyTeX/texmf-dist/tex/latex/hyperref/hpdftex.def
File: hpdftex.def 2021-02-10 v7.00j Hyperref driver for pdfTeX

(/Users/jacksontorres/Library/TinyTeX/texmf-dist/tex/latex/base/atveryend-ltx.s
ty
Package: atveryend-ltx 2020/08/19 v1.0a Emulation of the original atvery packag
e
with kernel methods
)
\Fld@listcount=\count313
\c@bookmark@seq@number=\count314

(/Users/jacksontorres/Library/TinyTeX/texmf-dist/tex/latex/rerunfilecheck/rerun
filecheck.sty
Package: rerunfilecheck 2019/12/05 v1.9 Rerun checks for auxiliary files (HO)

(/Users/jacksontorres/Library/TinyTeX/texmf-dist/tex/generic/uniquecounter/uniq
uecounter.sty
Package: uniquecounter 2019/12/15 v1.4 Provide unlimited unique counter (HO)
)
Package uniquecounter Info: New unique counter `rerunfilecheck' on input line 2
86.
)
\Hy@SectionHShift=\skip191
)
(/Users/jacksontorres/Library/TinyTeX/texmf-dist/tex/latex/bookmark/bookmark.st
y
Package: bookmark 2020-11-06 v1.29 PDF bookmarks (HO)

(/Users/jacksontorres/Library/TinyTeX/texmf-dist/tex/latex/bookmark/bkm-pdftex.
def
File: bkm-pdftex.def 2020-11-06 v1.29 bookmark driver for pdfTeX (HO)
\BKM@id=\count315
)) (/Users/jacksontorres/Library/TinyTeX/texmf-dist/tex/generic/babel/babel.sty
Package: babel 2021/02/22 3.54 The Babel package
(/Users/jacksontorres/Library/TinyTeX/texmf-dist/tex/generic/babel/babel.def
File: babel.def 2021/02/22 3.54 Babel common definitions
\babel@savecnt=\count316
\U@D=\dimen187
\l@babelnohyphens=\language6

(/Users/jacksontorres/Library/TinyTeX/texmf-dist/tex/generic/babel/txtbabel.def
)
\bbl@readstream=\read3
)
\bbl@dirlevel=\count317

(/Users/jacksontorres/Library/TinyTeX/texmf-dist/tex/generic/babel-english/engl
ish.ldf
Language: english 2017/06/06 v3.3r English support from the babel system
Package babel Info: \l@british = using hyphenrules for english
(babel)             (\language0) on input line 82.
Package babel Info: \l@UKenglish = using hyphenrules for english
(babel)             (\language0) on input line 83.
Package babel Info: \l@canadian = using hyphenrules for english
(babel)             (\language0) on input line 102.
Package babel Info: \l@australian = using hyphenrules for english
(babel)             (\language0) on input line 105.
Package babel Info: \l@newzealand = using hyphenrules for english
(babel)             (\language0) on input line 108.
)
(/Users/jacksontorres/Library/TinyTeX/texmf-dist/tex/generic/babel-french/frenc
h.ldf
Language: french 2020/10/10 v3.5l French support from the babel system
Package babel Info: \l@acadian = using hyphenrules for french
(babel)             (\language3) on input line 91.
Package babel Info: \l@canadien = using hyphenrules for french
(babel)             (\language3) on input line 92.
\FB@nonchar=\count318
Package babel Info: Making : an active character on input line 430.
Package babel Info: Making ; an active character on input line 431.
Package babel Info: Making ! an active character on input line 432.
Package babel Info: Making ? an active character on input line 433.
\FBguill@level=\count319
\FBold@everypar=\toks24
\FB@Mht=\dimen188
\mc@charclass=\count320
\mc@charfam=\count321
\mc@charslot=\count322
\std@mcc=\count323
\dec@mcc=\count324
\listindentFB=\dimen189
\descindentFB=\dimen190
\labelindentFB=\dimen191
\labelwidthFB=\dimen192
\leftmarginFB=\dimen193
\parindentFFN=\dimen194
\FBfnindent=\dimen195
)
(/Users/jacksontorres/Library/TinyTeX/texmf-dist/tex/generic/babel-spanish/span
ish.ldf
Language: spanish.ldf 2016/03/03 v5.0p Spanish support from the babel system
\es@quottoks=\toks25
\es@quotdepth=\count325
Package babel Info: Making " an active character on input line 561.
Package babel Info: Making . an active character on input line 662.
Package babel Info: Making < an active character on input line 707.
Package babel Info: Making > an active character on input line 707.
)
(/Users/jacksontorres/Library/TinyTeX/texmf-dist/tex/generic/babel-portuges/bra
zil.ldf
Language: portuges 2021/02/04 v1.2s Portuguese support from the babel system
Package babel Info: \l@brazil = using hyphenrules for portuguese
(babel)             (\language4) on input line 111.
))
(/Users/jacksontorres/Library/TinyTeX/texmf-dist/tex/latex/carlisle/scalefnt.st
y)
(/Users/jacksontorres/Library/TinyTeX/texmf-dist/tex/latex/enumitem/enumitem.st
y
Package: enumitem 2019/06/20 v3.9 Customized lists
\labelindent=\skip192
\enit@outerparindent=\dimen196
\enit@toks=\toks26
\enit@inbox=\box52
\enit@count@id=\count326
\enitdp@description=\count327
) (/Users/jacksontorres/Library/TinyTeX/texmf-dist/tex/latex/tools/calc.sty
Package: calc 2017/05/25 v4.3 Infix arithmetic (KKT,FJ)
\calc@Acount=\count328
\calc@Bcount=\count329
\calc@Adimen=\dimen197
\calc@Bdimen=\dimen198
\calc@Askip=\skip193
\calc@Bskip=\skip194
LaTeX Info: Redefining \setlength on input line 80.
LaTeX Info: Redefining \addtolength on input line 81.
\calc@Ccount=\count330
\calc@Cskip=\skip195
)

******************************************************
Stock height and width: 845.04684pt by 597.50787pt
Top and edge trims: 0pt and 0pt
Page height and width: 845.04684pt by 597.50787pt
Text height and width: 708pt by 455pt
Spine and edge margins: 85.35826pt and 56.9055pt
Upper and lower margins: 85.35826pt and 51.68858pt
Headheight and headsep: 14.5pt and 19.8738pt
Footskip: 30pt
Columnsep and columnseprule: 10pt and 0pt
Marginparsep and marginparwidth: 7pt and 42.9055pt
Sidecapsep and sidecapwidth: 7pt and 42pt
Sidebarhsep and sidebarwidth: 7pt and 42pt
Sidebarvsep and sidebartopsep: 14.5pt and 0pt
Sidebarheight: 590.14995pt
Sidefoothsep and sidefootwidth: 7pt and 42pt
Sidefootvsep and sidefootheight: 14.5pt and 590.14995pt
******************************************************

\c@abntex@bookmarkcounter=\count331
\cftlastnumwidth=\skip196
\chapternamenumlength=\skip197
\ABNTEXcitacaorecuo=\skip198
\c@alineasi=\count332
\c@alineasii=\count333
\enitdp@alineas=\count334
\c@subalineasi=\count335
\enitdp@subalineas=\count336
\c@incisosi=\count337
\enitdp@incisos=\count338
\ABNTEXsignwidth=\skip199
\ABNTEXsignthickness=\skip256
\ABNTEXsignskip=\skip257

(/Users/jacksontorres/Library/TinyTeX/texmf-dist/tex/latex/datatool/datatool.st
y
Package: datatool 2019/09/27 v2.32 (NLCT)
(/Users/jacksontorres/Library/TinyTeX/texmf-dist/tex/latex/xkeyval/xkeyval.sty
Package: xkeyval 2020/11/20 v2.8 package option processing (HA)

(/Users/jacksontorres/Library/TinyTeX/texmf-dist/tex/generic/xkeyval/xkeyval.te
x
(/Users/jacksontorres/Library/TinyTeX/texmf-dist/tex/generic/xkeyval/xkvutils.t
ex
\XKV@toks=\toks27
\XKV@tempa@toks=\toks28
)
\XKV@depth=\count339
File: xkeyval.tex 2014/12/03 v2.7a key=value parser (HA)
)) (/Users/jacksontorres/Library/TinyTeX/texmf-dist/tex/latex/xfor/xfor.sty
Package: xfor 2009/02/05 v1.05 (NLCT)
) (/Users/jacksontorres/Library/TinyTeX/texmf-dist/tex/latex/substr/substr.sty
Package: substr 2009/10/20 v1.2 Handle substrings
\c@su@anzahl=\count340
)
(/Users/jacksontorres/Library/TinyTeX/texmf-dist/tex/latex/etoolbox/etoolbox.st
y
Package: etoolbox 2020/10/05 v2.5k e-TeX tools for LaTeX (JAW)
\etb@tempcnta=\count341
)
(/Users/jacksontorres/Library/TinyTeX/texmf-dist/tex/latex/datatool/datatool-ba
se.sty
Package: datatool-base 2019/09/27 v2.32 (NLCT)
(/Users/jacksontorres/Library/TinyTeX/texmf-dist/tex/latex/amsmath/amsmath.sty
Package: amsmath 2020/09/23 v2.17i AMS math features
\@mathmargin=\skip258
For additional information on amsmath, use the `?' option.
(/Users/jacksontorres/Library/TinyTeX/texmf-dist/tex/latex/amsmath/amstext.sty
Package: amstext 2000/06/29 v2.01 AMS text
(/Users/jacksontorres/Library/TinyTeX/texmf-dist/tex/latex/amsmath/amsgen.sty
File: amsgen.sty 1999/11/30 v2.0 generic functions
\@emptytoks=\toks29
\ex@=\dimen199
)) (/Users/jacksontorres/Library/TinyTeX/texmf-dist/tex/latex/amsmath/amsbsy.st
y
Package: amsbsy 1999/11/29 v1.2d Bold Symbols
\pmbraise@=\dimen256
) (/Users/jacksontorres/Library/TinyTeX/texmf-dist/tex/latex/amsmath/amsopn.sty
Package: amsopn 2016/03/08 v2.02 operator names
)
\inf@bad=\count342
LaTeX Info: Redefining \frac on input line 234.
\uproot@=\count343
\leftroot@=\count344
LaTeX Info: Redefining \overline on input line 399.
\classnum@=\count345
\DOTSCASE@=\count346
LaTeX Info: Redefining \ldots on input line 496.
LaTeX Info: Redefining \dots on input line 499.
LaTeX Info: Redefining \cdots on input line 620.
\Mathstrutbox@=\box53
\strutbox@=\box54
\big@size=\dimen257
LaTeX Font Info:    Redeclaring font encoding OML on input line 743.
LaTeX Font Info:    Redeclaring font encoding OMS on input line 744.
\macc@depth=\count347
\c@MaxMatrixCols=\count348
\dotsspace@=\muskip17
\c@parentequation=\count349
\dspbrk@lvl=\count350
\tag@help=\toks30
\row@=\count351
\column@=\count352
\maxfields@=\count353
\andhelp@=\toks31
\eqnshift@=\dimen258
\alignsep@=\dimen259
\tagshift@=\dimen260
\tagwidth@=\dimen261
\totwidth@=\dimen262
\lineht@=\dimen263
\@envbody=\toks32
\multlinegap=\skip259
\multlinetaggap=\skip260
\mathdisplay@stack=\toks33
LaTeX Info: Redefining \[ on input line 2923.
LaTeX Info: Redefining \] on input line 2924.
)
(/Users/jacksontorres/Library/TinyTeX/texmf-dist/tex/latex/datatool/datatool-fp
.sty
Package: datatool-fp 2019/09/27 v2.32 (NLCT)
(/Users/jacksontorres/Library/TinyTeX/texmf-dist/tex/latex/fp/fp.sty
Package: fp 1995/04/02
`Fixed Point Package', Version 0.8, April 2, 1995 (C) Michael Mehlich (/Users/j
acksontorres/Library/TinyTeX/texmf-dist/tex/latex/fp/defpattern.sty
Package: defpattern 1994/10/12
\actioncount=\count354
) (/Users/jacksontorres/Library/TinyTeX/texmf-dist/tex/latex/fp/fp-basic.sty
Package: fp-basic 1996/05/13
\FP@xs=\count355
\FP@xia=\count356
\FP@xib=\count357
\FP@xfa=\count358
\FP@xfb=\count359
\FP@rega=\count360
\FP@regb=\count361
\FP@regs=\count362
\FP@times=\count363
) (/Users/jacksontorres/Library/TinyTeX/texmf-dist/tex/latex/fp/fp-addons.sty
Package: fp-addons 1995/03/15
) (/Users/jacksontorres/Library/TinyTeX/texmf-dist/tex/latex/fp/fp-snap.sty
Package: fp-snap 1995/04/05
) (/Users/jacksontorres/Library/TinyTeX/texmf-dist/tex/latex/fp/fp-exp.sty
Package: fp-exp 1995/04/03
) (/Users/jacksontorres/Library/TinyTeX/texmf-dist/tex/latex/fp/fp-trigo.sty
Package: fp-trigo 1995/04/14
) (/Users/jacksontorres/Library/TinyTeX/texmf-dist/tex/latex/fp/fp-pas.sty
Package: fp-pas 1994/08/29
) (/Users/jacksontorres/Library/TinyTeX/texmf-dist/tex/latex/fp/fp-random.sty
Package: fp-random 1995/02/23
\FPseed=\count364
) (/Users/jacksontorres/Library/TinyTeX/texmf-dist/tex/latex/fp/fp-eqn.sty
Package: fp-eqn 1995/04/03
) (/Users/jacksontorres/Library/TinyTeX/texmf-dist/tex/latex/fp/fp-upn.sty
Package: fp-upn 1996/10/21
) (/Users/jacksontorres/Library/TinyTeX/texmf-dist/tex/latex/fp/fp-eval.sty
Package: fp-eval 1995/04/03
)))
\@dtl@toks=\toks34
\@dtl@tmpcount=\count365
\dtl@tmplength=\skip261
\dtl@sortresult=\count366
\@dtl@numgrpsepcount=\count367
\@dtl@datatype=\count368
\dtl@codeA=\count369
\dtl@codeB=\count370
\@dtl@foreach@level=\count371
)
\dtlcolumnnum=\count372
\dtlrownum=\count373
\@dtl@before=\toks35
\@dtl@after=\toks36
\@dtl@colhead=\toks37
\dtlcurrentrow=\toks38
\dtlbeforerow=\toks39
\dtlafterrow=\toks40
\dtlforeachlevel=\count374
\c@DTLrowi=\count375
\c@DTLrowii=\count376
\c@DTLrowiii=\count377
\c@DTLrow=\count378
\dtl@rowi=\count379
\dtl@rowii=\count380
\dtl@rowiii=\count381
\@dtl@curi=\toks41
\@dtl@previ=\toks42
\@dtl@nexti=\toks43
\@dtl@curii=\toks44
\@dtl@previi=\toks45
\@dtl@nextii=\toks46
\@dtl@curiii=\toks47
\@dtl@previii=\toks48
\@dtl@nextiii=\toks49
\@dtl@elements=\count382
\@dtl@list=\toks50
\@dtl@rowa=\toks51
\@dtl@rowb=\toks52
\@dtl@toksA=\toks53
\@dtl@toksB=\toks54
\@dtl@write=\write4
\@dtl@read=\read4
\dtl@entrycr=\count383
\dtl@omitlines=\count384
)
(/Users/jacksontorres/Library/TinyTeX/texmf-dist/tex/latex/wallpaper/wallpaper.
sty
Package: wallpaper 2005/01/18, v1.01 easy wallpaper formatting (MHFW)
(/Users/jacksontorres/Library/TinyTeX/texmf-dist/tex/latex/eso-pic/eso-pic.sty
Package: eso-pic 2020/10/14 v3.0a eso-pic (RN)
\ESO@tempdima=\dimen264
\ESO@tempdimb=\dimen265
(/Users/jacksontorres/Library/TinyTeX/texmf-dist/tex/latex/xcolor/xcolor.sty
Package: xcolor 2016/05/11 v2.12 LaTeX color extensions (UK)

(/Users/jacksontorres/Library/TinyTeX/texmf-dist/tex/latex/graphics-cfg/color.c
fg
File: color.cfg 2016/01/02 v1.6 sample color configuration
)
Package xcolor Info: Driver file: pdftex.def on input line 225.

(/Users/jacksontorres/Library/TinyTeX/texmf-dist/tex/latex/graphics-def/pdftex.
def
File: pdftex.def 2020/10/05 v1.2a Graphics/color driver for pdftex
)
Package xcolor Info: Model `cmy' substituted by `cmy0' on input line 1348.
Package xcolor Info: Model `hsb' substituted by `rgb' on input line 1352.
Package xcolor Info: Model `RGB' extended on input line 1364.
Package xcolor Info: Model `HTML' substituted by `rgb' on input line 1366.
Package xcolor Info: Model `Hsb' substituted by `hsb' on input line 1367.
Package xcolor Info: Model `tHsb' substituted by `hsb' on input line 1368.
Package xcolor Info: Model `HSB' substituted by `hsb' on input line 1369.
Package xcolor Info: Model `Gray' substituted by `gray' on input line 1370.
Package xcolor Info: Model `wave' substituted by `hsb' on input line 1371.
))
(/Users/jacksontorres/Library/TinyTeX/texmf-dist/tex/latex/graphics/graphicx.st
y
Package: graphicx 2020/09/09 v1.2b Enhanced LaTeX Graphics (DPC,SPQR)

(/Users/jacksontorres/Library/TinyTeX/texmf-dist/tex/latex/graphics/graphics.st
y
Package: graphics 2020/08/30 v1.4c Standard LaTeX Graphics (DPC,SPQR)
(/Users/jacksontorres/Library/TinyTeX/texmf-dist/tex/latex/graphics/trig.sty
Package: trig 2016/01/03 v1.10 sin cos tan (DPC)
)
(/Users/jacksontorres/Library/TinyTeX/texmf-dist/tex/latex/graphics-cfg/graphic
s.cfg
File: graphics.cfg 2016/06/04 v1.11 sample graphics configuration
)
Package graphics Info: Driver file: pdftex.def on input line 105.
)
\Gin@req@height=\dimen266
\Gin@req@width=\dimen267
)
\wpXoffset=\skip262
\wpYoffset=\skip263
\tileXoffset=\skip264
\tileYoffset=\skip265
\tilewidth=\skip266
\tileheight=\skip267
\tileX=\skip268
\tileY=\skip269
)
Package hyperref Info: Option `colorlinks' set `true' on input line 1599.
\mybox=\box55
\myboxlen=\skip270
) (/Users/jacksontorres/Library/TinyTeX/texmf-dist/tex/latex/lm/lmodern.sty
Package: lmodern 2009/10/30 v1.6 Latin Modern Fonts
LaTeX Font Info:    Overwriting symbol font `operators' in version `normal'
(Font)                  OT1/cmr/m/n --> OT1/lmr/m/n on input line 22.
LaTeX Font Info:    Overwriting symbol font `letters' in version `normal'
(Font)                  OML/cmm/m/it --> OML/lmm/m/it on input line 23.
LaTeX Font Info:    Overwriting symbol font `symbols' in version `normal'
(Font)                  OMS/cmsy/m/n --> OMS/lmsy/m/n on input line 24.
LaTeX Font Info:    Overwriting symbol font `largesymbols' in version `normal'
(Font)                  OMX/cmex/m/n --> OMX/lmex/m/n on input line 25.
LaTeX Font Info:    Overwriting symbol font `operators' in version `bold'
(Font)                  OT1/cmr/bx/n --> OT1/lmr/bx/n on input line 26.
LaTeX Font Info:    Overwriting symbol font `letters' in version `bold'
(Font)                  OML/cmm/b/it --> OML/lmm/b/it on input line 27.
LaTeX Font Info:    Overwriting symbol font `symbols' in version `bold'
(Font)                  OMS/cmsy/b/n --> OMS/lmsy/b/n on input line 28.
LaTeX Font Info:    Overwriting symbol font `largesymbols' in version `bold'
(Font)                  OMX/cmex/m/n --> OMX/lmex/m/n on input line 29.
LaTeX Font Info:    Overwriting math alphabet `\mathbf' in version `normal'
(Font)                  OT1/cmr/bx/n --> OT1/lmr/bx/n on input line 31.
LaTeX Font Info:    Overwriting math alphabet `\mathsf' in version `normal'
(Font)                  OT1/cmss/m/n --> OT1/lmss/m/n on input line 32.
LaTeX Font Info:    Overwriting math alphabet `\mathit' in version `normal'
(Font)                  OT1/cmr/m/it --> OT1/lmr/m/it on input line 33.
LaTeX Font Info:    Overwriting math alphabet `\mathtt' in version `normal'
(Font)                  OT1/cmtt/m/n --> OT1/lmtt/m/n on input line 34.
LaTeX Font Info:    Overwriting math alphabet `\mathbf' in version `bold'
(Font)                  OT1/cmr/bx/n --> OT1/lmr/bx/n on input line 35.
LaTeX Font Info:    Overwriting math alphabet `\mathsf' in version `bold'
(Font)                  OT1/cmss/bx/n --> OT1/lmss/bx/n on input line 36.
LaTeX Font Info:    Overwriting math alphabet `\mathit' in version `bold'
(Font)                  OT1/cmr/bx/it --> OT1/lmr/bx/it on input line 37.
LaTeX Font Info:    Overwriting math alphabet `\mathtt' in version `bold'
(Font)                  OT1/cmtt/m/n --> OT1/lmtt/m/n on input line 38.
)
(/Users/jacksontorres/Library/TinyTeX/texmf-dist/tex/latex/amsfonts/amssymb.sty
Package: amssymb 2013/01/14 v3.01 AMS font symbols

(/Users/jacksontorres/Library/TinyTeX/texmf-dist/tex/latex/amsfonts/amsfonts.st
y
Package: amsfonts 2013/01/14 v3.01 Basic AMSFonts support
\symAMSa=\mathgroup4
\symAMSb=\mathgroup5
LaTeX Font Info:    Redeclaring math symbol \hbar on input line 98.
LaTeX Font Info:    Overwriting math alphabet `\mathfrak' in version `bold'
(Font)                  U/euf/m/n --> U/euf/b/n on input line 106.
)) (/Users/jacksontorres/Library/TinyTeX/texmf-dist/tex/generic/iftex/ifxetex.s
ty
Package: ifxetex 2019/10/25 v0.7 ifxetex legacy package. Use iftex instead.
)
(/Users/jacksontorres/Library/TinyTeX/texmf-dist/tex/generic/iftex/ifluatex.sty
Package: ifluatex 2019/10/25 v1.5 ifluatex legacy package. Use iftex instead.
) (/Users/jacksontorres/Library/TinyTeX/texmf-dist/tex/latex/base/fixltx2e.sty
Package: fixltx2e 2016/12/29 v2.1a fixes to LaTeX (obsolete)
Applying: [2015/01/01] Old fixltx2e package on input line 46.

Package fixltx2e Warning: fixltx2e is not required with releases after 2015
(fixltx2e)                All fixes are now in the LaTeX kernel.
(fixltx2e)                See the latexrelease package for details.

Already applied: [0000/00/00] Old fixltx2e package on input line 53.
) (/Users/jacksontorres/Library/TinyTeX/texmf-dist/tex/latex/base/fontenc.sty
Package: fontenc 2020/08/10 v2.0s Standard LaTeX package
LaTeX Font Info:    Trying to load font information for T1+lmr on input line 11
2.
(/Users/jacksontorres/Library/TinyTeX/texmf-dist/tex/latex/lm/t1lmr.fd
File: t1lmr.fd 2009/10/30 v1.6 Font defs for Latin Modern
)) (/Users/jacksontorres/Library/TinyTeX/texmf-dist/tex/latex/base/inputenc.sty
Package: inputenc 2020/08/01 v1.3d Input encoding file
\inpenc@prehook=\toks55
\inpenc@posthook=\toks56
) (/Users/jacksontorres/Library/TinyTeX/texmf-dist/tex/latex/base/textcomp.sty
Package: textcomp 2020/02/02 v2.0n Standard LaTeX package
) (/Users/jacksontorres/Library/TinyTeX/texmf-dist/tex/latex/upquote/upquote.st
y
Package: upquote 2012/04/19 v1.3 upright-quote and grave-accent glyphs in verba
tim
)
(/Users/jacksontorres/Library/TinyTeX/texmf-dist/tex/latex/microtype/microtype.
sty
Package: microtype 2021/02/25 v2.8b Micro-typographical refinements (RS)
\MT@toks=\toks57
\MT@count=\count385
LaTeX Info: Redefining \textls on input line 788.
\MT@outer@kern=\dimen268
LaTeX Info: Redefining \textmicrotypecontext on input line 1358.
\MT@listname@count=\count386

(/Users/jacksontorres/Library/TinyTeX/texmf-dist/tex/latex/microtype/microtype-
pdftex.def
File: microtype-pdftex.def 2021/02/25 v2.8b Definitions specific to pdftex (RS)

LaTeX Info: Redefining \lsstyle on input line 915.
LaTeX Info: Redefining \lslig on input line 915.
\MT@outer@space=\skip271
)
Package microtype Info: Loading configuration file microtype.cfg.

(/Users/jacksontorres/Library/TinyTeX/texmf-dist/tex/latex/microtype/microtype.
cfg
File: microtype.cfg 2021/02/25 v2.8b microtype main configuration file (RS)
))
Package hyperref Info: Option `breaklinks' set `true' on input line 34.
(/Users/jacksontorres/Library/TinyTeX/texmf-dist/tex/latex/tools/longtable.sty
Package: longtable 2020/01/07 v4.13 Multi-page Table package (DPC)
\LTleft=\skip272
\LTright=\skip273
\LTpre=\skip274
\LTpost=\skip275
\LTchunksize=\count387
\LTcapwidth=\dimen269
\LT@head=\box56
\LT@firsthead=\box57
\LT@foot=\box58
\LT@lastfoot=\box59
\LT@cols=\count388
\LT@rows=\count389
\c@LT@tables=\count390
\c@LT@chunks=\count391
\LT@p@ftn=\toks58
)
(/Users/jacksontorres/Library/TinyTeX/texmf-dist/tex/latex/mdwtools/footnote.st
y
Package: footnote 1997/01/28 1.13 Save footnotes around boxes
\fn@notes=\box60
\fn@width=\dimen270
) (/Users/jacksontorres/Library/TinyTeX/texmf-dist/tex/latex/grffile/grffile.st
y
Package: grffile 2019/11/11 v2.1 Extended file name support for graphics (legac
y)
Package grffile Info: This package is an empty stub for compatibility on input 
line 40.
) (./00-input/00-dados.tex) (./09-packages/00-pacotes.tex
(/Users/jacksontorres/Library/TinyTeX/texmf-dist/tex/latex/csquotes/csquotes.st
y
Package: csquotes 2021-02-22 v5.2l context-sensitive quotations (JAW)
\csq@reset=\count392
\csq@gtype=\count393
\csq@glevel=\count394
\csq@qlevel=\count395
\csq@maxlvl=\count396
\csq@tshold=\count397
\csq@ltx@everypar=\toks59

(/Users/jacksontorres/Library/TinyTeX/texmf-dist/tex/latex/csquotes/csquotes.de
f
File: csquotes.def 2021-02-22 v5.2l csquotes generic definitions (JAW)
)
Package csquotes Info: Trying to load configuration file 'csquotes.cfg'...
Package csquotes Info: ... configuration file loaded successfully.

(/Users/jacksontorres/Library/TinyTeX/texmf-dist/tex/latex/csquotes/csquotes.cf
g
File: csquotes.cfg 
)) (/Users/jacksontorres/Library/TinyTeX/texmf-dist/tex/latex/base/fontenc.sty
Package: fontenc 2020/08/10 v2.0s Standard LaTeX package
)
(/Users/jacksontorres/Library/TinyTeX/texmf-dist/tex/latex/lastpage/lastpage.st
y
Package: lastpage 2015/03/29 v1.2m Refers to last page's name (HMM; JPG)
)
(/Users/jacksontorres/Library/TinyTeX/texmf-dist/tex/latex/tools/indentfirst.st
y
Package: indentfirst 1995/11/23 v1.03 Indent first paragraph (DPC)
)
(/Users/jacksontorres/Library/TinyTeX/texmf-dist/tex/latex/pdfpages/pdfpages.st
y
Package: pdfpages 2021/02/05 v0.5s Insert pages of external PDF documents (AM)
\AM@pagewidth=\dimen271
\AM@pageheight=\dimen272
\AM@fboxrule=\dimen273

(/Users/jacksontorres/Library/TinyTeX/texmf-dist/tex/latex/pdfpages/pppdftex.de
f
File: pppdftex.def 2021/02/05 v0.5s Pdfpages driver for pdfTeX (AM)
)
\pdfpages@includegraphics@status=\count398
\AM@pagebox=\box61
\AM@global@opts=\toks60
\AM@pagecnt=\count399
\AM@toc@title=\toks61
\c@AM@survey=\count400
\AM@templatesizebox=\box62
) (/Users/jacksontorres/Library/TinyTeX/texmf-dist/tex/latex/lipsum/lipsum.sty 
(/Users/jacksontorres/Library/TinyTeX/texmf-dist/tex/latex/l3kernel/expl3.sty
Package: expl3 2021-02-18 L3 programming layer (loader) 

(/Users/jacksontorres/Library/TinyTeX/texmf-dist/tex/latex/l3backend/l3backend-
pdftex.def
File: l3backend-pdftex.def 2021-02-18 L3 backend support: PDF output (pdfTeX)
\l__color_backend_stack_int=\count401
\l__pdf_internal_box=\box63
))
(/Users/jacksontorres/Library/TinyTeX/texmf-dist/tex/latex/l3packages/xparse/xp
arse.sty
(/Users/jacksontorres/Library/TinyTeX/texmf-dist/tex/latex/l3packages/xparse/xp
arse-2020-10-01.sty
(/Users/jacksontorres/Library/TinyTeX/texmf-dist/tex/latex/l3packages/xparse/xp
arse-generic.tex)))
Package: lipsum 2019/01/02 v2.2 150 paragraphs of Lorem Ipsum dummy text

(/Users/jacksontorres/Library/TinyTeX/texmf-dist/tex/latex/lipsum/lipsum.ltd.te
x
File: lipsum.ltd.tex 2019/01/02 v2.2 The Lorem ipsum dummy text
)) (/Users/jacksontorres/Library/TinyTeX/texmf-dist/tex/latex/cancel/cancel.sty
Package: cancel 2013/04/12 v2.2 Cancel math terms
)
(/Users/jacksontorres/Library/TinyTeX/texmf-dist/tex/latex/smartdiagram/smartdi
agram.sty
Package: smartdiagram 2016/12/23 v0.3b Automatic creation of smart diagrams fro
m lists of items.

(/Users/jacksontorres/Library/TinyTeX/texmf-dist/tex/latex/pgf/frontendlayer/ti
kz.sty
(/Users/jacksontorres/Library/TinyTeX/texmf-dist/tex/latex/pgf/basiclayer/pgf.s
ty
(/Users/jacksontorres/Library/TinyTeX/texmf-dist/tex/latex/pgf/utilities/pgfrcs
.sty
(/Users/jacksontorres/Library/TinyTeX/texmf-dist/tex/generic/pgf/utilities/pgfu
til-common.tex
\pgfutil@everybye=\toks62
\pgfutil@tempdima=\dimen274
\pgfutil@tempdimb=\dimen275

(/Users/jacksontorres/Library/TinyTeX/texmf-dist/tex/generic/pgf/utilities/pgfu
til-common-lists.tex))
(/Users/jacksontorres/Library/TinyTeX/texmf-dist/tex/generic/pgf/utilities/pgfu
til-latex.def
\pgfutil@abb=\box64
)
(/Users/jacksontorres/Library/TinyTeX/texmf-dist/tex/generic/pgf/utilities/pgfr
cs.code.tex
(/Users/jacksontorres/Library/TinyTeX/texmf-dist/tex/generic/pgf/pgf.revision.t
ex)
Package: pgfrcs 2020/12/27 v3.1.8b (3.1.8b)
))
Package: pgf 2020/12/27 v3.1.8b (3.1.8b)

(/Users/jacksontorres/Library/TinyTeX/texmf-dist/tex/latex/pgf/basiclayer/pgfco
re.sty
(/Users/jacksontorres/Library/TinyTeX/texmf-dist/tex/latex/pgf/systemlayer/pgfs
ys.sty
(/Users/jacksontorres/Library/TinyTeX/texmf-dist/tex/generic/pgf/systemlayer/pg
fsys.code.tex
Package: pgfsys 2020/12/27 v3.1.8b (3.1.8b)

(/Users/jacksontorres/Library/TinyTeX/texmf-dist/tex/generic/pgf/utilities/pgfk
eys.code.tex
\pgfkeys@pathtoks=\toks63
\pgfkeys@temptoks=\toks64

(/Users/jacksontorres/Library/TinyTeX/texmf-dist/tex/generic/pgf/utilities/pgfk
eysfiltered.code.tex
\pgfkeys@tmptoks=\toks65
))
\pgf@x=\dimen276
\pgf@y=\dimen277
\pgf@xa=\dimen278
\pgf@ya=\dimen279
\pgf@xb=\dimen280
\pgf@yb=\dimen281
\pgf@xc=\dimen282
\pgf@yc=\dimen283
\pgf@xd=\dimen284
\pgf@yd=\dimen285
\w@pgf@writea=\write5
\r@pgf@reada=\read5
\c@pgf@counta=\count402
\c@pgf@countb=\count403
\c@pgf@countc=\count404
\c@pgf@countd=\count405
\t@pgf@toka=\toks66
\t@pgf@tokb=\toks67
\t@pgf@tokc=\toks68
\pgf@sys@id@count=\count406

(/Users/jacksontorres/Library/TinyTeX/texmf-dist/tex/generic/pgf/systemlayer/pg
f.cfg
File: pgf.cfg 2020/12/27 v3.1.8b (3.1.8b)
)
Driver file for pgf: pgfsys-pdftex.def

(/Users/jacksontorres/Library/TinyTeX/texmf-dist/tex/generic/pgf/systemlayer/pg
fsys-pdftex.def
File: pgfsys-pdftex.def 2020/12/27 v3.1.8b (3.1.8b)

(/Users/jacksontorres/Library/TinyTeX/texmf-dist/tex/generic/pgf/systemlayer/pg
fsys-common-pdf.def
File: pgfsys-common-pdf.def 2020/12/27 v3.1.8b (3.1.8b)
)))
(/Users/jacksontorres/Library/TinyTeX/texmf-dist/tex/generic/pgf/systemlayer/pg
fsyssoftpath.code.tex
File: pgfsyssoftpath.code.tex 2020/12/27 v3.1.8b (3.1.8b)
\pgfsyssoftpath@smallbuffer@items=\count407
\pgfsyssoftpath@bigbuffer@items=\count408
)
(/Users/jacksontorres/Library/TinyTeX/texmf-dist/tex/generic/pgf/systemlayer/pg
fsysprotocol.code.tex
File: pgfsysprotocol.code.tex 2020/12/27 v3.1.8b (3.1.8b)
))
(/Users/jacksontorres/Library/TinyTeX/texmf-dist/tex/generic/pgf/basiclayer/pgf
core.code.tex
Package: pgfcore 2020/12/27 v3.1.8b (3.1.8b)

(/Users/jacksontorres/Library/TinyTeX/texmf-dist/tex/generic/pgf/math/pgfmath.c
ode.tex
(/Users/jacksontorres/Library/TinyTeX/texmf-dist/tex/generic/pgf/math/pgfmathca
lc.code.tex
(/Users/jacksontorres/Library/TinyTeX/texmf-dist/tex/generic/pgf/math/pgfmathut
il.code.tex)
(/Users/jacksontorres/Library/TinyTeX/texmf-dist/tex/generic/pgf/math/pgfmathpa
rser.code.tex
\pgfmath@dimen=\dimen286
\pgfmath@count=\count409
\pgfmath@box=\box65
\pgfmath@toks=\toks69
\pgfmath@stack@operand=\toks70
\pgfmath@stack@operation=\toks71
)
(/Users/jacksontorres/Library/TinyTeX/texmf-dist/tex/generic/pgf/math/pgfmathfu
nctions.code.tex
(/Users/jacksontorres/Library/TinyTeX/texmf-dist/tex/generic/pgf/math/pgfmathfu
nctions.basic.code.tex)
(/Users/jacksontorres/Library/TinyTeX/texmf-dist/tex/generic/pgf/math/pgfmathfu
nctions.trigonometric.code.tex)
(/Users/jacksontorres/Library/TinyTeX/texmf-dist/tex/generic/pgf/math/pgfmathfu
nctions.random.code.tex)
(/Users/jacksontorres/Library/TinyTeX/texmf-dist/tex/generic/pgf/math/pgfmathfu
nctions.comparison.code.tex)
(/Users/jacksontorres/Library/TinyTeX/texmf-dist/tex/generic/pgf/math/pgfmathfu
nctions.base.code.tex)
(/Users/jacksontorres/Library/TinyTeX/texmf-dist/tex/generic/pgf/math/pgfmathfu
nctions.round.code.tex)
(/Users/jacksontorres/Library/TinyTeX/texmf-dist/tex/generic/pgf/math/pgfmathfu
nctions.misc.code.tex)
(/Users/jacksontorres/Library/TinyTeX/texmf-dist/tex/generic/pgf/math/pgfmathfu
nctions.integerarithmetics.code.tex)))
(/Users/jacksontorres/Library/TinyTeX/texmf-dist/tex/generic/pgf/math/pgfmathfl
oat.code.tex
\c@pgfmathroundto@lastzeros=\count410
))
(/Users/jacksontorres/Library/TinyTeX/texmf-dist/tex/generic/pgf/math/pgfint.co
de.tex)
(/Users/jacksontorres/Library/TinyTeX/texmf-dist/tex/generic/pgf/basiclayer/pgf
corepoints.code.tex
File: pgfcorepoints.code.tex 2020/12/27 v3.1.8b (3.1.8b)
\pgf@picminx=\dimen287
\pgf@picmaxx=\dimen288
\pgf@picminy=\dimen289
\pgf@picmaxy=\dimen290
\pgf@pathminx=\dimen291
\pgf@pathmaxx=\dimen292
\pgf@pathminy=\dimen293
\pgf@pathmaxy=\dimen294
\pgf@xx=\dimen295
\pgf@xy=\dimen296
\pgf@yx=\dimen297
\pgf@yy=\dimen298
\pgf@zx=\dimen299
\pgf@zy=\dimen300
)
(/Users/jacksontorres/Library/TinyTeX/texmf-dist/tex/generic/pgf/basiclayer/pgf
corepathconstruct.code.tex
File: pgfcorepathconstruct.code.tex 2020/12/27 v3.1.8b (3.1.8b)
\pgf@path@lastx=\dimen301
\pgf@path@lasty=\dimen302
)
(/Users/jacksontorres/Library/TinyTeX/texmf-dist/tex/generic/pgf/basiclayer/pgf
corepathusage.code.tex
File: pgfcorepathusage.code.tex 2020/12/27 v3.1.8b (3.1.8b)
\pgf@shorten@end@additional=\dimen303
\pgf@shorten@start@additional=\dimen304
)
(/Users/jacksontorres/Library/TinyTeX/texmf-dist/tex/generic/pgf/basiclayer/pgf
corescopes.code.tex
File: pgfcorescopes.code.tex 2020/12/27 v3.1.8b (3.1.8b)
\pgfpic=\box66
\pgf@hbox=\box67
\pgf@layerbox@main=\box68
\pgf@picture@serial@count=\count411
)
(/Users/jacksontorres/Library/TinyTeX/texmf-dist/tex/generic/pgf/basiclayer/pgf
coregraphicstate.code.tex
File: pgfcoregraphicstate.code.tex 2020/12/27 v3.1.8b (3.1.8b)
\pgflinewidth=\dimen305
)
(/Users/jacksontorres/Library/TinyTeX/texmf-dist/tex/generic/pgf/basiclayer/pgf
coretransformations.code.tex
File: pgfcoretransformations.code.tex 2020/12/27 v3.1.8b (3.1.8b)
\pgf@pt@x=\dimen306
\pgf@pt@y=\dimen307
\pgf@pt@temp=\dimen308
)
(/Users/jacksontorres/Library/TinyTeX/texmf-dist/tex/generic/pgf/basiclayer/pgf
corequick.code.tex
File: pgfcorequick.code.tex 2020/12/27 v3.1.8b (3.1.8b)
)
(/Users/jacksontorres/Library/TinyTeX/texmf-dist/tex/generic/pgf/basiclayer/pgf
coreobjects.code.tex
File: pgfcoreobjects.code.tex 2020/12/27 v3.1.8b (3.1.8b)
)
(/Users/jacksontorres/Library/TinyTeX/texmf-dist/tex/generic/pgf/basiclayer/pgf
corepathprocessing.code.tex
File: pgfcorepathprocessing.code.tex 2020/12/27 v3.1.8b (3.1.8b)
)
(/Users/jacksontorres/Library/TinyTeX/texmf-dist/tex/generic/pgf/basiclayer/pgf
corearrows.code.tex
File: pgfcorearrows.code.tex 2020/12/27 v3.1.8b (3.1.8b)
\pgfarrowsep=\dimen309
)
(/Users/jacksontorres/Library/TinyTeX/texmf-dist/tex/generic/pgf/basiclayer/pgf
coreshade.code.tex
File: pgfcoreshade.code.tex 2020/12/27 v3.1.8b (3.1.8b)
\pgf@max=\dimen310
\pgf@sys@shading@range@num=\count412
\pgf@shadingcount=\count413
)
(/Users/jacksontorres/Library/TinyTeX/texmf-dist/tex/generic/pgf/basiclayer/pgf
coreimage.code.tex
File: pgfcoreimage.code.tex 2020/12/27 v3.1.8b (3.1.8b)

(/Users/jacksontorres/Library/TinyTeX/texmf-dist/tex/generic/pgf/basiclayer/pgf
coreexternal.code.tex
File: pgfcoreexternal.code.tex 2020/12/27 v3.1.8b (3.1.8b)
\pgfexternal@startupbox=\box69
))
(/Users/jacksontorres/Library/TinyTeX/texmf-dist/tex/generic/pgf/basiclayer/pgf
corelayers.code.tex
File: pgfcorelayers.code.tex 2020/12/27 v3.1.8b (3.1.8b)
)
(/Users/jacksontorres/Library/TinyTeX/texmf-dist/tex/generic/pgf/basiclayer/pgf
coretransparency.code.tex
File: pgfcoretransparency.code.tex 2020/12/27 v3.1.8b (3.1.8b)
)
(/Users/jacksontorres/Library/TinyTeX/texmf-dist/tex/generic/pgf/basiclayer/pgf
corepatterns.code.tex
File: pgfcorepatterns.code.tex 2020/12/27 v3.1.8b (3.1.8b)
)
(/Users/jacksontorres/Library/TinyTeX/texmf-dist/tex/generic/pgf/basiclayer/pgf
corerdf.code.tex
File: pgfcorerdf.code.tex 2020/12/27 v3.1.8b (3.1.8b)
)))
(/Users/jacksontorres/Library/TinyTeX/texmf-dist/tex/generic/pgf/modules/pgfmod
uleshapes.code.tex
File: pgfmoduleshapes.code.tex 2020/12/27 v3.1.8b (3.1.8b)
\pgfnodeparttextbox=\box70
)
(/Users/jacksontorres/Library/TinyTeX/texmf-dist/tex/generic/pgf/modules/pgfmod
uleplot.code.tex
File: pgfmoduleplot.code.tex 2020/12/27 v3.1.8b (3.1.8b)
)
(/Users/jacksontorres/Library/TinyTeX/texmf-dist/tex/latex/pgf/compatibility/pg
fcomp-version-0-65.sty
Package: pgfcomp-version-0-65 2020/12/27 v3.1.8b (3.1.8b)
\pgf@nodesepstart=\dimen311
\pgf@nodesepend=\dimen312
)
(/Users/jacksontorres/Library/TinyTeX/texmf-dist/tex/latex/pgf/compatibility/pg
fcomp-version-1-18.sty
Package: pgfcomp-version-1-18 2020/12/27 v3.1.8b (3.1.8b)
))
(/Users/jacksontorres/Library/TinyTeX/texmf-dist/tex/latex/pgf/utilities/pgffor
.sty
(/Users/jacksontorres/Library/TinyTeX/texmf-dist/tex/latex/pgf/utilities/pgfkey
s.sty
(/Users/jacksontorres/Library/TinyTeX/texmf-dist/tex/generic/pgf/utilities/pgfk
eys.code.tex))
(/Users/jacksontorres/Library/TinyTeX/texmf-dist/tex/latex/pgf/math/pgfmath.sty

(/Users/jacksontorres/Library/TinyTeX/texmf-dist/tex/generic/pgf/math/pgfmath.c
ode.tex))
(/Users/jacksontorres/Library/TinyTeX/texmf-dist/tex/generic/pgf/utilities/pgff
or.code.tex
Package: pgffor 2020/12/27 v3.1.8b (3.1.8b)

(/Users/jacksontorres/Library/TinyTeX/texmf-dist/tex/generic/pgf/math/pgfmath.c
ode.tex)
\pgffor@iter=\dimen313
\pgffor@skip=\dimen314
\pgffor@stack=\toks72
\pgffor@toks=\toks73
))
(/Users/jacksontorres/Library/TinyTeX/texmf-dist/tex/generic/pgf/frontendlayer/
tikz/tikz.code.tex
Package: tikz 2020/12/27 v3.1.8b (3.1.8b)

(/Users/jacksontorres/Library/TinyTeX/texmf-dist/tex/generic/pgf/libraries/pgfl
ibraryplothandlers.code.tex
File: pgflibraryplothandlers.code.tex 2020/12/27 v3.1.8b (3.1.8b)
\pgf@plot@mark@count=\count414
\pgfplotmarksize=\dimen315
)
\tikz@lastx=\dimen316
\tikz@lasty=\dimen317
\tikz@lastxsaved=\dimen318
\tikz@lastysaved=\dimen319
\tikz@lastmovetox=\dimen320
\tikz@lastmovetoy=\dimen321
\tikzleveldistance=\dimen322
\tikzsiblingdistance=\dimen323
\tikz@figbox=\box71
\tikz@figbox@bg=\box72
\tikz@tempbox=\box73
\tikz@tempbox@bg=\box74
\tikztreelevel=\count415
\tikznumberofchildren=\count416
\tikznumberofcurrentchild=\count417
\tikz@fig@count=\count418

(/Users/jacksontorres/Library/TinyTeX/texmf-dist/tex/generic/pgf/modules/pgfmod
ulematrix.code.tex
File: pgfmodulematrix.code.tex 2020/12/27 v3.1.8b (3.1.8b)
\pgfmatrixcurrentrow=\count419
\pgfmatrixcurrentcolumn=\count420
\pgf@matrix@numberofcolumns=\count421
)
\tikz@expandcount=\count422

(/Users/jacksontorres/Library/TinyTeX/texmf-dist/tex/generic/pgf/frontendlayer/
tikz/libraries/tikzlibrarytopaths.code.tex
File: tikzlibrarytopaths.code.tex 2020/12/27 v3.1.8b (3.1.8b)
)))
(/Users/jacksontorres/Library/TinyTeX/texmf-dist/tex/generic/xstring/xstring.st
y
(/Users/jacksontorres/Library/TinyTeX/texmf-dist/tex/generic/xstring/xstring.te
x
\integerpart=\count423
\decimalpart=\count424
)
Package: xstring 2019/02/06 v1.83 String manipulations (CT)
)
(/Users/jacksontorres/Library/TinyTeX/texmf-dist/tex/generic/pgf/frontendlayer/
tikz/libraries/tikzlibrarybackgrounds.code.tex
File: tikzlibrarybackgrounds.code.tex 2020/12/27 v3.1.8b (3.1.8b)
\pgf@layerbox@background=\box75
\pgf@layerboxsaved@background=\box76
)
(/Users/jacksontorres/Library/TinyTeX/texmf-dist/tex/generic/pgf/frontendlayer/
tikz/libraries/tikzlibrarycalc.code.tex
File: tikzlibrarycalc.code.tex 2020/12/27 v3.1.8b (3.1.8b)
)
(/Users/jacksontorres/Library/TinyTeX/texmf-dist/tex/generic/pgf/frontendlayer/
tikz/libraries/tikzlibraryfadings.code.tex
File: tikzlibraryfadings.code.tex 2020/12/27 v3.1.8b (3.1.8b)

(/Users/jacksontorres/Library/TinyTeX/texmf-dist/tex/generic/pgf/libraries/pgfl
ibraryfadings.code.tex
File: pgflibraryfadings.code.tex 2020/12/27 v3.1.8b (3.1.8b)
))
(/Users/jacksontorres/Library/TinyTeX/texmf-dist/tex/generic/pgf/frontendlayer/
tikz/libraries/tikzlibraryshadows.code.tex
File: tikzlibraryshadows.code.tex 2020/12/27 v3.1.8b (3.1.8b)
)
(/Users/jacksontorres/Library/TinyTeX/texmf-dist/tex/generic/pgf/frontendlayer/
tikz/libraries/tikzlibraryshapes.arrows.code.tex
File: tikzlibraryshapes.arrows.code.tex 2020/12/27 v3.1.8b (3.1.8b)

(/Users/jacksontorres/Library/TinyTeX/texmf-dist/tex/generic/pgf/libraries/shap
es/pgflibraryshapes.arrows.code.tex
File: pgflibraryshapes.arrows.code.tex 2020/12/27 v3.1.8b (3.1.8b)
))
(/Users/jacksontorres/Library/TinyTeX/texmf-dist/tex/generic/pgf/frontendlayer/
tikz/libraries/tikzlibraryshapes.symbols.code.tex
File: tikzlibraryshapes.symbols.code.tex 2020/12/27 v3.1.8b (3.1.8b)

(/Users/jacksontorres/Library/TinyTeX/texmf-dist/tex/generic/pgf/libraries/shap
es/pgflibraryshapes.symbols.code.tex
File: pgflibraryshapes.symbols.code.tex 2020/12/27 v3.1.8b (3.1.8b)
))
\pgf@layerbox@smart diagram arrow back=\box77
\pgf@layerboxsaved@smart diagram arrow back=\box78

(/Users/jacksontorres/Library/TinyTeX/texmf-dist/tex/latex/smartdiagram/smartdi
agramlibrarycore.definitions.code.tex)
(/Users/jacksontorres/Library/TinyTeX/texmf-dist/tex/latex/smartdiagram/smartdi
agramlibrarycore.styles.code.tex)
(/Users/jacksontorres/Library/TinyTeX/texmf-dist/tex/latex/smartdiagram/smartdi
agramlibrarycore.commands.code.tex)) (/Users/jacksontorres/Library/TinyTeX/texm
f-dist/tex/latex/float/float.sty
Package: float 2001/11/08 v1.3d Float enhancements (AL)
\c@float@type=\count425
\float@exts=\toks74
\float@box=\box79
\@float@everytoks=\toks75
\@floatcapt=\box80
) (/Users/jacksontorres/Library/TinyTeX/texmf-dist/tex/latex/graphics/lscape.st
y
Package: lscape 2020/05/28 v3.02 Landscape Pages (DPC)
) (/Users/jacksontorres/Library/TinyTeX/texmf-dist/tex/latex/tools/multicol.sty
Package: multicol 2019/12/09 v1.8y multicolumn formatting (FMi)
\c@tracingmulticols=\count426
\mult@box=\box81
\multicol@leftmargin=\dimen324
\c@unbalance=\count427
\c@collectmore=\count428
\doublecol@number=\count429
\multicoltolerance=\count430
\multicolpretolerance=\count431
\full@width=\dimen325
\page@free=\dimen326
\premulticols=\dimen327
\postmulticols=\dimen328
\multicolsep=\skip276
\multicolbaselineskip=\skip277
\partial@page=\box82
\last@line=\box83
\maxbalancingoverflow=\dimen329
\mult@rightbox=\box84
\mult@grightbox=\box85
\mult@gfirstbox=\box86
\mult@firstbox=\box87
\@tempa=\box88
\@tempa=\box89
\@tempa=\box90
\@tempa=\box91
\@tempa=\box92
\@tempa=\box93
\@tempa=\box94
\@tempa=\box95
\@tempa=\box96
\@tempa=\box97
\@tempa=\box98
\@tempa=\box99
\@tempa=\box100
\@tempa=\box101
\@tempa=\box102
\@tempa=\box103
\@tempa=\box104
\@tempa=\box105
\@tempa=\box106
\@tempa=\box107
\@tempa=\box108
\@tempa=\box109
\@tempa=\box110
\@tempa=\box111
\@tempa=\box112
\@tempa=\box113
\@tempa=\box114
\@tempa=\box115
\@tempa=\box116
\@tempa=\box117
\@tempa=\box118
\@tempa=\box119
\@tempa=\box120
\@tempa=\box121
\@tempa=\box122
\@tempa=\box123
\@tempa=\box124
\c@minrows=\count432
\c@columnbadness=\count433
\c@finalcolumnbadness=\count434
\last@try=\dimen330
\multicolovershoot=\dimen331
\multicolundershoot=\dimen332
\mult@nat@firstbox=\box125
\colbreak@box=\box126
\mc@col@check@num=\count435
)
(/Users/jacksontorres/Library/TinyTeX/texmf-dist/tex/latex/multirow/multirow.st
y
Package: multirow 2021/01/29 v2.7 Span multiple rows of a table
\multirow@colwidth=\skip278
\multirow@cntb=\count436
\multirow@dima=\skip279
\bigstrutjot=\dimen333
)
(/Users/jacksontorres/Library/TinyTeX/texmf-dist/tex/latex/newfloat/newfloat.st
y
Package: newfloat 2019/09/02 v1.1l Defining new floating environments (AR)
)
Class memoir Info: For the caption package to function properly with memoir, we
 will now reset \caption and friends to kernel defaults and then let the
caption package take over. Remember: all caption configuration now goes via the
 caption package interface, not the interface from the memoir class.  on input 
line 50.
(/Users/jacksontorres/Library/TinyTeX/texmf-dist/tex/latex/caption/caption.sty
Package: caption 2020/10/26 v3.5g Customizing captions (AR)

(/Users/jacksontorres/Library/TinyTeX/texmf-dist/tex/latex/caption/caption3.sty
Package: caption3 2020/10/21 v2.2e caption3 kernel (AR)
\captionmargin=\dimen334
\captionmargin@=\dimen335
\captionwidth=\dimen336
\caption@tempdima=\dimen337
\caption@indent=\dimen338
\caption@parindent=\dimen339
\caption@hangindent=\dimen340
Package caption Info: memoir document class detected.
Package caption Info: french babel package is loaded.

(/Users/jacksontorres/Library/TinyTeX/texmf-dist/tex/latex/caption/caption-memo
ir.sto
File: caption-memoir.sto 2020/10/10 v2.1 Adaption of the caption package to the
 memoir document class (AR)
))
\c@caption@flags=\count437
\c@continuedfloat=\count438
Package caption Info: changepage package is loaded.
\caption@adjustwidth@hsize=\dimen341
\caption@adjustwidth@linewidth=\dimen342
Package caption Info: float package is loaded.
Package caption Info: hyperref package is loaded.
Package caption Info: longtable package is loaded.

(/Users/jacksontorres/Library/TinyTeX/texmf-dist/tex/latex/caption/ltcaption.st
y
Package: ltcaption 2020/05/30 v1.4b longtable captions (AR)
))
(/Users/jacksontorres/Library/TinyTeX/texmf-dist/tex/latex/biblatex/biblatex.st
y
Package: biblatex 2020/12/31 v3.16 programmable bibliographies (PK/MW)
(/Users/jacksontorres/Library/TinyTeX/texmf-dist/tex/latex/logreq/logreq.sty
Package: logreq 2010/08/04 v1.0 xml request logger
\lrq@indent=\count439
(/Users/jacksontorres/Library/TinyTeX/texmf-dist/tex/latex/logreq/logreq.def
File: logreq.def 2010/08/04 v1.0 logreq spec v1.0
))
\c@tabx@nest=\count440
\c@listtotal=\count441
\c@listcount=\count442
\c@liststart=\count443
\c@liststop=\count444
\c@citecount=\count445
\c@citetotal=\count446
\c@multicitecount=\count447
\c@multicitetotal=\count448
\c@instcount=\count449
\c@maxnames=\count450
\c@minnames=\count451
\c@maxitems=\count452
\c@minitems=\count453
\c@citecounter=\count454
\c@maxcitecounter=\count455
\c@savedcitecounter=\count456
\c@uniquelist=\count457
\c@uniquename=\count458
\c@refsection=\count459
\c@refsegment=\count460
\c@maxextratitle=\count461
\c@maxextratitleyear=\count462
\c@maxextraname=\count463
\c@maxextradate=\count464
\c@maxextraalpha=\count465
\c@abbrvpenalty=\count466
\c@highnamepenalty=\count467
\c@lownamepenalty=\count468
\c@maxparens=\count469
\c@parenlevel=\count470
\blx@tempcnta=\count471
\blx@tempcntb=\count472
\blx@tempcntc=\count473
\blx@maxsection=\count474
\blx@maxsegment@0=\count475
\blx@notetype=\count476
\blx@parenlevel@text=\count477
\blx@parenlevel@foot=\count478
\blx@sectionciteorder@0=\count479
\blx@entrysetcounter=\count480
\blx@biblioinstance=\count481
\labelnumberwidth=\skip280
\labelalphawidth=\skip281
\biblabelsep=\skip282
\bibnamesep=\skip283
\bibinitsep=\skip284
\bibparsep=\skip285
\bibhang=\skip286
\blx@bcfin=\read6
\blx@bcfout=\write6
\blx@langwohyphens=\language7
\c@mincomprange=\count482
\c@maxcomprange=\count483
\c@mincompwidth=\count484
Package biblatex Info: Trying to load biblatex default data model...
Package biblatex Info: ... file 'blx-dm.def' found.
(/Users/jacksontorres/Library/TinyTeX/texmf-dist/tex/latex/biblatex/blx-dm.def
File: blx-dm.def 2020/12/31 v3.16 biblatex localization (PK/MW)
)
Package biblatex Info: Trying to load biblatex style data model...
Package biblatex Info: ... file 'abnt.dbx' not found.
Package biblatex Info: Trying to load biblatex custom data model...
Package biblatex Info: ... file 'biblatex-dm.cfg' not found.
\c@afterword=\count485
\c@savedafterword=\count486
\c@annotator=\count487
\c@savedannotator=\count488
\c@author=\count489
\c@savedauthor=\count490
\c@bookauthor=\count491
\c@savedbookauthor=\count492
\c@commentator=\count493
\c@savedcommentator=\count494
\c@editor=\count495
\c@savededitor=\count496
\c@editora=\count497
\c@savededitora=\count498
\c@editorb=\count499
\c@savededitorb=\count500
\c@editorc=\count501
\c@savededitorc=\count502
\c@foreword=\count503
\c@savedforeword=\count504
\c@holder=\count505
\c@savedholder=\count506
\c@introduction=\count507
\c@savedintroduction=\count508
\c@namea=\count509
\c@savednamea=\count510
\c@nameb=\count511
\c@savednameb=\count512
\c@namec=\count513
\c@savednamec=\count514
\c@translator=\count515
\c@savedtranslator=\count516
\c@shortauthor=\count517
\c@savedshortauthor=\count518
\c@shorteditor=\count519
\c@savedshorteditor=\count520
\c@labelname=\count521
\c@savedlabelname=\count522
\c@institution=\count523
\c@savedinstitution=\count524
\c@lista=\count525
\c@savedlista=\count526
\c@listb=\count527
\c@savedlistb=\count528
\c@listc=\count529
\c@savedlistc=\count530
\c@listd=\count531
\c@savedlistd=\count532
\c@liste=\count533
\c@savedliste=\count534
\c@listf=\count535
\c@savedlistf=\count536
\c@location=\count537
\c@savedlocation=\count538
\c@organization=\count539
\c@savedorganization=\count540
\c@origlocation=\count541
\c@savedoriglocation=\count542
\c@origpublisher=\count543
\c@savedorigpublisher=\count544
\c@publisher=\count545
\c@savedpublisher=\count546
\c@language=\count547
\c@savedlanguage=\count548
\c@origlanguage=\count549
\c@savedoriglanguage=\count550
\c@pageref=\count551
\c@savedpageref=\count552
\shorthandwidth=\skip287
\shortjournalwidth=\skip288
\shortserieswidth=\skip289
\shorttitlewidth=\skip290
\shortauthorwidth=\skip291
\shorteditorwidth=\skip292
\locallabelnumberwidth=\skip293
\locallabelalphawidth=\skip294
\localshorthandwidth=\skip295
\localshortjournalwidth=\skip296
\localshortserieswidth=\skip297
\localshorttitlewidth=\skip298
\localshortauthorwidth=\skip299
\localshorteditorwidth=\skip300
Package biblatex Info: Trying to load compatibility code...
Package biblatex Info: ... file 'blx-compat.def' found.

(/Users/jacksontorres/Library/TinyTeX/texmf-dist/tex/latex/biblatex/blx-compat.
def
File: blx-compat.def 2020/12/31 v3.16 biblatex compatibility (PK/MW)
)
Package biblatex Info: Trying to load generic definitions...
Package biblatex Info: ... file 'biblatex.def' found.

(/Users/jacksontorres/Library/TinyTeX/texmf-dist/tex/latex/biblatex/biblatex.de
f
File: biblatex.def 2020/12/31 v3.16 biblatex compatibility (PK/MW)
\c@textcitecount=\count553
\c@textcitetotal=\count554
\c@textcitemaxnames=\count555
\c@biburlbigbreakpenalty=\count556
\c@biburlbreakpenalty=\count557
\c@biburlnumpenalty=\count558
\c@biburlucpenalty=\count559
\c@biburllcpenalty=\count560
\biburlbigskip=\muskip18
\biburlnumskip=\muskip19
\biburlucskip=\muskip20
\biburllcskip=\muskip21
\c@smartand=\count561
)
Package biblatex Info: Trying to load bibliography style 'abnt'...
Package biblatex Info: ... file 'abnt.bbx' found.

(/Users/jacksontorres/Library/TinyTeX/texmf-dist/tex/latex/biblatex-abnt/abnt.b
bx
File: abnt.bbx 2018-11-17 v3.4 ABNT BibLaTeX citation style
(/Users/jacksontorres/Library/TinyTeX/texmf-dist/tex/latex/xpatch/xpatch.sty
Package: xpatch 2020/03/25 v0.3a Extending etoolbox patching commands
)
Package biblatex Info: Trying to load bibliography style 'standard'...
Package biblatex Info: ... file 'standard.bbx' found.

(/Users/jacksontorres/Library/TinyTeX/texmf-dist/tex/latex/biblatex/bbx/standar
d.bbx
File: standard.bbx 2020/12/31 v3.16 biblatex bibliography style (PK/MW)
\c@bbx:relatedcount=\count562
\c@bbx:relatedtotal=\count563
))
Package biblatex Info: Trying to load citation style 'abnt'...
Package biblatex Info: ... file 'abnt.cbx' found.

(/Users/jacksontorres/Library/TinyTeX/texmf-dist/tex/latex/biblatex-abnt/abnt.c
bx
File: abnt.cbx 2018-11-17 v3.4 ABNT BibLaTeX citation style
Package biblatex Info: Trying to load citation style 'authoryear-comp'...
Package biblatex Info: ... file 'authoryear-comp.cbx' found.

(/Users/jacksontorres/Library/TinyTeX/texmf-dist/tex/latex/biblatex/cbx/authory
ear-comp.cbx
File: authoryear-comp.cbx 2020/12/31 v3.16 biblatex citation style (PK/MW)
Package biblatex Info: Redefining '\cite'.
Package biblatex Info: Redefining '\parencite'.
Package biblatex Info: Redefining '\footcite'.
Package biblatex Info: Redefining '\footcitetext'.
Package biblatex Info: Redefining '\smartcite'.
Package biblatex Info: Redefining '\textcite'.
Package biblatex Info: Redefining '\textcites'.
Package biblatex Info: Redefining '\cites'.
Package biblatex Info: Redefining '\parencites'.
Package biblatex Info: Redefining '\footcites'.
Package biblatex Info: Redefining '\footcitetexts'.
Package biblatex Info: Redefining '\smartcites'.
)
Package biblatex Info: Redefining '\cite'.
Package biblatex Info: Redefining '\cites'.
Package biblatex Info: Redefining '\footcite'.
Package biblatex Info: Redefining '\footcites'.
Package biblatex Info: Redefining '\citetitle'.
Package biblatex Info: Redefining '\smartcite'.
Package biblatex Info: Redefining '\citeauthor'.
Package biblatex Info: Redefining '\citeyear'.
)
Package biblatex Info: Trying to load configuration file...
Package biblatex Info: ... file 'biblatex.cfg' found.

(/Users/jacksontorres/Library/TinyTeX/texmf-dist/tex/latex/biblatex/biblatex.cf
g
File: biblatex.cfg 
))
Package newfloat Info: New float `quadro' with options ` fileext=loq, listname=
{\textbf {LISTA DE QUADROS}}, name=Quadro, within= none, ' on input line 92.
\c@quadro=\count564
Package newfloat Info: float type `quadro'=4 on input line 92.
Package newfloat Info: \newfloat@listofquadro@hook is already defined on input 
line 92.
\c@loqdepth=\count565
\cftbeforequadroskip=\skip301
\cftquadroindent=\skip302
\cftquadronumwidth=\skip303
(/Users/jacksontorres/Library/TinyTeX/texmf-dist/tex/latex/tools/varioref.sty
Package: varioref 2020/08/11 v1.6e package for extended references (FMi)
\c@vrcnt=\count566
) (/Users/jacksontorres/Library/TinyTeX/texmf-dist/tex/latex/wrapfig/wrapfig.st
y
\wrapoverhang=\dimen343
\WF@size=\dimen344
\c@WF@wrappedlines=\count567
\WF@box=\box127
\WF@everypar=\toks76
Package: wrapfig 2003/01/31  v 3.6
)
(/Users/jacksontorres/Library/TinyTeX/texmf-dist/tex/latex/colortbl/colortbl.st
y
Package: colortbl 2020/01/04 v1.0e Color table columns (DPC)
\everycr=\toks77
\minrowclearance=\skip304
)
(/Users/jacksontorres/Library/TinyTeX/texmf-dist/tex/latex/pdflscape/pdflscape.
sty
Package: pdflscape 2019/12/05 v0.12 Display of landscape pages in PDF (HO)
Package pdflscape Info: Auto-detected driver: pdftex on input line 81.
) (/Users/jacksontorres/Library/TinyTeX/texmf-dist/tex/latex/tabu/tabu.sty
Package: tabu 2019/01/11 v2.9 - flexible LaTeX tabulars (FC+tabu-fixed)

(/Users/jacksontorres/Library/TinyTeX/texmf-dist/tex/latex/varwidth/varwidth.st
y
Package: varwidth 2009/03/30 ver 0.92;  Variable-width minipages
\@vwid@box=\box128
\sift@deathcycles=\count568
\@vwid@loff=\dimen345
\@vwid@roff=\dimen346
)
\c@taburow=\count569
\tabu@nbcols=\count570
\tabu@cnt=\count571
\tabu@Xcol=\count572
\tabu@alloc=\count573
\tabu@nested=\count574
\tabu@target=\dimen347
\tabu@spreadtarget=\dimen348
\tabu@naturalX=\dimen349
\tabucolX=\dimen350
\tabu@Xsum=\dimen351
\extrarowdepth=\dimen352
\abovetabulinesep=\dimen353
\belowtabulinesep=\dimen354
\tabustrutrule=\dimen355
\tabu@thebody=\toks78
\tabu@footnotes=\toks79
\tabu@box=\box129
\tabu@arstrutbox=\box130
\tabu@hleads=\box131
\tabu@vleads=\box132
\tabu@cellskip=\skip305
)
(/Users/jacksontorres/Library/TinyTeX/texmf-dist/tex/latex/threeparttable/three
parttable.sty
Package: threeparttable 2003/06/13  v 3.0
\@tempboxb=\box133
)
(/Users/jacksontorres/Library/TinyTeX/texmf-dist/tex/latex/threeparttablex/thre
eparttablex.sty
Package: threeparttablex 2013/07/23 v0.3 by daleif
(/Users/jacksontorres/Library/TinyTeX/texmf-dist/tex/latex/environ/environ.sty
Package: environ 2014/05/04 v0.3 A new way to define environments

(/Users/jacksontorres/Library/TinyTeX/texmf-dist/tex/latex/trimspaces/trimspace
s.sty
Package: trimspaces 2009/09/17 v1.1 Trim spaces around a token list
))
\TPTL@width=\skip306
) (/Users/jacksontorres/Library/TinyTeX/texmf-dist/tex/generic/ulem/ulem.sty
\UL@box=\box134
\UL@hyphenbox=\box135
\UL@skip=\skip307
\UL@hook=\toks80
\UL@height=\dimen356
\UL@pe=\count575
\UL@pixel=\dimen357
\ULC@box=\box136
Package: ulem 2019/11/18
\ULdepth=\dimen358
)
(/Users/jacksontorres/Library/TinyTeX/texmf-dist/tex/latex/makecell/makecell.st
y
Package: makecell 2009/08/03 V0.1e Managing of Tab Column Heads and Cells
\rotheadsize=\dimen359
\c@nlinenum=\count576
\TeXr@lab=\toks81
))
\jacksontorres@idxfile=\write7
\openout7 = `jacksontorres.idx'.

Writing index file jacksontorres.idx 
(/Users/jacksontorres/Library/TinyTeX/texmf-dist/tex/latex/psnfss/helvet.sty
Package: helvet 2020/03/25 PSNFSS-v9.3 (WaS) 
)
   defining Unicode char U+0301 (decimal 769)
   defining Unicode char U+0303 (decimal 771)
   defining Unicode char U+0327 (decimal 807)
Package csquotes Info: Checking for multilingual support...
Package csquotes Info: ... found 'babel' package.
Package csquotes Info: Adjusting default style.
Package csquotes Info: Redefining alias 'default' -> 'brazil'.
LaTeX Font Info:    Trying to load font information for T1+phv on input line 95
.
(/Users/jacksontorres/Library/TinyTeX/texmf-dist/tex/latex/psnfss/t1phv.fd
File: t1phv.fd 2020/03/25 scalable font definitions for T1/phv.
)

LaTeX Warning: Unused global option(s):
    [portugues].

(./jacksontorres.aux)
\openout1 = `jacksontorres.aux'.

LaTeX Font Info:    Checking defaults for OML/cmm/m/it on input line 95.
LaTeX Font Info:    ... okay on input line 95.
LaTeX Font Info:    Checking defaults for OMS/cmsy/m/n on input line 95.
LaTeX Font Info:    ... okay on input line 95.
LaTeX Font Info:    Checking defaults for OT1/cmr/m/n on input line 95.
LaTeX Font Info:    ... okay on input line 95.
LaTeX Font Info:    Checking defaults for T1/cmr/m/n on input line 95.
LaTeX Font Info:    ... okay on input line 95.
LaTeX Font Info:    Checking defaults for TS1/cmr/m/n on input line 95.
LaTeX Font Info:    ... okay on input line 95.
LaTeX Font Info:    Checking defaults for OMX/cmex/m/n on input line 95.
LaTeX Font Info:    ... okay on input line 95.
LaTeX Font Info:    Checking defaults for U/cmr/m/n on input line 95.
LaTeX Font Info:    ... okay on input line 95.
LaTeX Font Info:    Checking defaults for PD1/pdf/m/n on input line 95.
LaTeX Font Info:    ... okay on input line 95.
LaTeX Font Info:    Checking defaults for PU/pdf/m/n on input line 95.
LaTeX Font Info:    ... okay on input line 95.
Package hyperref Info: Link coloring ON on input line 95.

(/Users/jacksontorres/Library/TinyTeX/texmf-dist/tex/latex/hyperref/nameref.sty
Package: nameref 2021-04-02 v2.47 Cross-referencing by name of section

(/Users/jacksontorres/Library/TinyTeX/texmf-dist/tex/latex/refcount/refcount.st
y
Package: refcount 2019/12/15 v3.6 Data extraction from label references (HO)
)
(/Users/jacksontorres/Library/TinyTeX/texmf-dist/tex/generic/gettitlestring/get
titlestring.sty
Package: gettitlestring 2019/12/15 v1.6 Cleanup title references (HO)
)
\c@section@level=\count577
LaTeX Info: Redefining \Ref on input line 520.
)
Redoing nameref's sectioning
Redoing nameref's label
LaTeX Info: Redefining \nameref on input line 95.
LaTeX Info: Redefining \ref on input line 95.
LaTeX Info: Redefining \pageref on input line 95.
LaTeX Info: Redefining \nameref on input line 95.
LaTeX Info: Redefining \Ref on input line 95.
LaTeX Info: Redefining \degres on input line 95.
LaTeX Info: Redefining \dots on input line 95.
LaTeX Info: Redefining \up on input line 95.
\myptabbox=\box137
\myptabboxwidth=\skip308

(/Users/jacksontorres/Library/TinyTeX/texmf-dist/tex/latex/epstopdf-pkg/epstopd
f-base.sty
Package: epstopdf-base 2020-01-24 v2.11 Base part for package epstopdf
Package epstopdf-base Info: Redefining graphics rule for `.eps' on input line 4
85.

(/Users/jacksontorres/Library/TinyTeX/texmf-dist/tex/latex/latexconfig/epstopdf
-sys.cfg
File: epstopdf-sys.cfg 2010/07/13 v1.3 Configuration of (r)epstopdf for TeX Liv
e
))
LaTeX Info: Redefining \microtypecontext on input line 95.
Package microtype Info: Generating PDF output.
Package microtype Info: Character protrusion enabled (level 2).
Package microtype Info: Using protrusion set `basicmath'.
Package microtype Info: Automatic font expansion enabled (level 2),
(microtype)             stretch: 20, shrink: 20, step: 1, non-selected.
Package microtype Info: Using default expansion set `alltext-nott'.
LaTeX Info: Redefining \showhyphens on input line 95.
Package microtype Info: No adjustment of tracking.
Package microtype Info: No adjustment of interword spacing.
Package microtype Info: No adjustment of character kerning.
Package microtype Info: Loading generic protrusion settings for font family
(microtype)             `phv' (encoding: T1).
(microtype)             For optimal results, create family-specific settings.
(microtype)             See the microtype manual for details.
Package lastpage Info: Please have a look at the pageslts package at
(lastpage)             https://www.ctan.org/pkg/pageslts
(lastpage)             ! on input line 95.
Package newfloat Info: `float' package detected.
Package newfloat Info: `wrapfig' package detected.
Package caption Info: Begin \AtBeginDocument code.
Package caption Info: threeparttable package is loaded.
Package caption Info: wrapfig package is loaded.
Package caption Info: End \AtBeginDocument code.
Package biblatex Info: Trying to load language 'brazil' -> 'brazil-abnt'...
Package biblatex Info: ... file 'brazil-abnt.lbx' found.

(/Users/jacksontorres/Library/TinyTeX/texmf-dist/tex/latex/biblatex-abnt/brazil
-abnt.lbx
File: brazil-abnt.lbx 2018-11-17 v3.4 ABNT BibLaTeX citation style
Package biblatex Info: Trying to load language 'brazilian-abnt' -> 'brazilian-a
bnt-abnt'...
Package biblatex Info: ... file 'brazilian-abnt-abnt.lbx' found.
(./brazilian-abnt-abnt.lbx
File: brazilian-abnt.lbx 2018-11-17 v3.4 ABNT BibLaTeX citation style
Package biblatex Info: Trying to load language 'brazilian' -> 'brazilian-abnt'.
..
Package biblatex Info: ... file 'brazilian-abnt.lbx' found.

(/Users/jacksontorres/Library/TinyTeX/texmf-dist/tex/latex/biblatex-abnt/brazil
ian-abnt.lbx
File: brazilian-abnt.lbx 2018-11-17 v3.4 ABNT BibLaTeX citation style
Package biblatex Info: Trying to load language 'brazilian'...
Package biblatex Info: ... file 'brazilian.lbx' found.

(/Users/jacksontorres/Library/TinyTeX/texmf-dist/tex/latex/biblatex/lbx/brazili
an.lbx
File: brazilian.lbx 2020/12/31 v3.16 biblatex localization (PK/MW)
)))
Package biblatex Info: Trying to load language 'brazilian-abnt' -> 'brazilian-a
bnt-abnt'...
Package biblatex Info: ... file 'brazilian-abnt-abnt.lbx' found.
(./brazilian-abnt-abnt.lbx
File: brazilian-abnt.lbx 2018-11-17 v3.4 ABNT BibLaTeX citation style
Package biblatex Info: Trying to load language 'brazilian' -> 'brazilian-abnt'.
..
Package biblatex Info: ... file 'brazilian-abnt.lbx' found.

(/Users/jacksontorres/Library/TinyTeX/texmf-dist/tex/latex/biblatex-abnt/brazil
ian-abnt.lbx
File: brazilian-abnt.lbx 2018-11-17 v3.4 ABNT BibLaTeX citation style
Package biblatex Info: Trying to load language 'brazilian'...
Package biblatex Info: ... file 'brazilian.lbx' found.

(/Users/jacksontorres/Library/TinyTeX/texmf-dist/tex/latex/biblatex/lbx/brazili
an.lbx
File: brazilian.lbx 2020/12/31 v3.16 biblatex localization (PK/MW)
)
Package biblatex Info: Trying to load language 'brazil'...
Package biblatex Info: ... file 'brazil.lbx' found.

(/Users/jacksontorres/Library/TinyTeX/texmf-dist/tex/latex/biblatex/lbx/brazil.
lbx
File: brazil.lbx 2020/12/31 v3.16 biblatex localization (PK/MW)
Package biblatex Info: Trying to load language 'brazilian'...
Package biblatex Info: ... file 'brazilian.lbx' found.

(/Users/jacksontorres/Library/TinyTeX/texmf-dist/tex/latex/biblatex/lbx/brazili
an.lbx
File: brazilian.lbx 2020/12/31 v3.16 biblatex localization (PK/MW)
)))
Package biblatex Info: Trying to load language 'brazil'...
Package biblatex Info: ... file 'brazil.lbx' found.

(/Users/jacksontorres/Library/TinyTeX/texmf-dist/tex/latex/biblatex/lbx/brazil.
lbx
File: brazil.lbx 2020/12/31 v3.16 biblatex localization (PK/MW)
Package biblatex Info: Trying to load language 'brazilian' -> 'brazilian-abnt'.
..
Package biblatex Info: ... file 'brazilian-abnt.lbx' found.

(/Users/jacksontorres/Library/TinyTeX/texmf-dist/tex/latex/biblatex-abnt/brazil
ian-abnt.lbx
File: brazilian-abnt.lbx 2018-11-17 v3.4 ABNT BibLaTeX citation style
Package biblatex Info: Trying to load language 'brazilian'...
Package biblatex Info: ... file 'brazilian.lbx' found.

(/Users/jacksontorres/Library/TinyTeX/texmf-dist/tex/latex/biblatex/lbx/brazili
an.lbx
File: brazilian.lbx 2020/12/31 v3.16 biblatex localization (PK/MW)
)
Package biblatex Info: Trying to load language 'brazil'...
Package biblatex Info: ... file 'brazil.lbx' found.

(/Users/jacksontorres/Library/TinyTeX/texmf-dist/tex/latex/biblatex/lbx/brazil.
lbx
File: brazil.lbx 2020/12/31 v3.16 biblatex localization (PK/MW)
Package biblatex Info: Trying to load language 'brazilian'...
Package biblatex Info: ... file 'brazilian.lbx' found.

(/Users/jacksontorres/Library/TinyTeX/texmf-dist/tex/latex/biblatex/lbx/brazili
an.lbx
File: brazilian.lbx 2020/12/31 v3.16 biblatex localization (PK/MW)
))))))
Package biblatex Info: Trying to load language 'spanish' -> 'spanish-abnt'...
Package biblatex Info: ... file 'spanish-abnt.lbx' found.

(/Users/jacksontorres/Library/TinyTeX/texmf-dist/tex/latex/biblatex-abnt/spanis
h-abnt.lbx
File: spanish-abnt.lbx 2018-11-17 v3.4 ABNT BibLaTeX citation style
Package biblatex Info: Trying to load language 'spanish'...
Package biblatex Info: ... file 'spanish.lbx' found.

(/Users/jacksontorres/Library/TinyTeX/texmf-dist/tex/latex/biblatex/lbx/spanish
.lbx
File: spanish.lbx 2020/12/31 v3.16 biblatex localization (PK/MW)
)
Package biblatex Info: Trying to load language 'spanish'...
Package biblatex Info: ... file 'spanish.lbx' found.

(/Users/jacksontorres/Library/TinyTeX/texmf-dist/tex/latex/biblatex/lbx/spanish
.lbx
File: spanish.lbx 2020/12/31 v3.16 biblatex localization (PK/MW)
)
Package biblatex Info: Trying to load language 'spanish'...
Package biblatex Info: ... file 'spanish.lbx' found.

(/Users/jacksontorres/Library/TinyTeX/texmf-dist/tex/latex/biblatex/lbx/spanish
.lbx
File: spanish.lbx 2020/12/31 v3.16 biblatex localization (PK/MW)
))

Package biblatex Warning: File 'french-abnt.lbx' not found!
(biblatex)                Ignoring mapping 'french' -> 'french-abnt'.

Package biblatex Info: Trying to load language 'french'...
Package biblatex Info: ... file 'french.lbx' found.

(/Users/jacksontorres/Library/TinyTeX/texmf-dist/tex/latex/biblatex/lbx/french.
lbx
File: french.lbx 2020/12/31 v3.16 biblatex localization (PK/MW)
)
Package biblatex Info: Trying to load language 'english' -> 'english-abnt'...
Package biblatex Info: ... file 'english-abnt.lbx' found.

(/Users/jacksontorres/Library/TinyTeX/texmf-dist/tex/latex/biblatex-abnt/englis
h-abnt.lbx
File: english-abnt.lbx 2018-11-17 v3.4 ABNT BibLaTeX citation style
Package biblatex Info: Trying to load language 'english'...
Package biblatex Info: ... file 'english.lbx' found.

(/Users/jacksontorres/Library/TinyTeX/texmf-dist/tex/latex/biblatex/lbx/english
.lbx
File: english.lbx 2020/12/31 v3.16 biblatex localization (PK/MW)
)
Package biblatex Info: Trying to load language 'english'...
Package biblatex Info: ... file 'english.lbx' found.

(/Users/jacksontorres/Library/TinyTeX/texmf-dist/tex/latex/biblatex/lbx/english
.lbx
File: english.lbx 2020/12/31 v3.16 biblatex localization (PK/MW)
)
Package biblatex Info: Trying to load language 'english'...
Package biblatex Info: ... file 'english.lbx' found.

(/Users/jacksontorres/Library/TinyTeX/texmf-dist/tex/latex/biblatex/lbx/english
.lbx
File: english.lbx 2020/12/31 v3.16 biblatex localization (PK/MW)
))
Package biblatex Info: Input encoding 'utf8' detected.
Package biblatex Info: Automatic encoding selection.
(biblatex)             Assuming data encoding 'utf8'.
Package biblatex Info: Document encoding is UTF8 ....
Package biblatex Info: ... and expl3
(biblatex)             2021-02-18 L3 programming layer (loader) 
(biblatex)             is new enough (at least 2020/04/06),
(biblatex)             setting 'casechanger=expl3'.

(/Users/jacksontorres/Library/TinyTeX/texmf-dist/tex/latex/biblatex/blx-case-ex
pl3.sty
Package: blx-case-expl3 2020/12/31 v3.16 expl3 case changing code for biblatex
)
\openout6 = `jacksontorres.bcf'.

Package biblatex Info: Trying to load bibliographic data...
Package biblatex Info: ... file 'jacksontorres.bbl' found.
(./jacksontorres.bbl

Package biblatex Warning: Biber reported the following issues
(biblatex)                with 'Lei:1455:1905':
(biblatex)                - Overwriting field 'year' with year value from field
 'date' for entry 'Lei:1455:1905'.

)
Package biblatex Info: Reference section=0 on input line 95.
Package biblatex Info: Reference segment=0 on input line 95.
LaTeX Font Info:    Font shape `T1/phv/b/it' in size <12> not available
(Font)              Font shape `T1/phv/b/sl' tried instead on input line 98.
<11-importedfigures/capaufpr.jpg, id=34, 502.5174pt x 569.4876pt>
File: 11-importedfigures/capaufpr.jpg Graphic file (type jpg)
<use 11-importedfigures/capaufpr.jpg>
Package pdftex.def Info: 11-importedfigures/capaufpr.jpg  used on input line 98
.
(pdftex.def)             Requested size: 597.52005pt x 677.15121pt.
[1

{/Users/jacksontorres/Library/TinyTeX/texmf-var/fonts/map/pdftex/updmap/pdftex.
map} <./11-importedfigures/capaufpr.jpg>]
LaTeX Font Info:    Font shape `T1/phv/m/it' in size <12> not available
(Font)              Font shape `T1/phv/m/sl' tried instead on input line 102.
LaTeX Font Info:    Trying to load font information for TS1+phv on input line 1
02.
(/Users/jacksontorres/Library/TinyTeX/texmf-dist/tex/latex/psnfss/ts1phv.fd
File: ts1phv.fd 2020/03/25 scalable font definitions for TS1/phv.
)
LaTeX Font Info:    Trying to load font information for OT1+lmr on input line 1
02.
(/Users/jacksontorres/Library/TinyTeX/texmf-dist/tex/latex/lm/ot1lmr.fd
File: ot1lmr.fd 2009/10/30 v1.6 Font defs for Latin Modern
)
(/Users/jacksontorres/Library/TinyTeX/texmf-dist/tex/latex/microtype/mt-cmr.cfg
File: mt-cmr.cfg 2013/05/19 v2.2 microtype config. file: Computer Modern Roman 
(RS)
)
LaTeX Font Info:    Trying to load font information for OML+lmm on input line 1
02.
(/Users/jacksontorres/Library/TinyTeX/texmf-dist/tex/latex/lm/omllmm.fd
File: omllmm.fd 2009/10/30 v1.6 Font defs for Latin Modern
)
LaTeX Font Info:    Trying to load font information for OMS+lmsy on input line 
102.
(/Users/jacksontorres/Library/TinyTeX/texmf-dist/tex/latex/lm/omslmsy.fd
File: omslmsy.fd 2009/10/30 v1.6 Font defs for Latin Modern
)
LaTeX Font Info:    Trying to load font information for OMX+lmex on input line 
102.
(/Users/jacksontorres/Library/TinyTeX/texmf-dist/tex/latex/lm/omxlmex.fd
File: omxlmex.fd 2009/10/30 v1.6 Font defs for Latin Modern
)
LaTeX Font Info:    External font `lmex10' loaded for size
(Font)              <12> on input line 102.
LaTeX Font Info:    External font `lmex10' loaded for size
(Font)              <8> on input line 102.
LaTeX Font Info:    External font `lmex10' loaded for size
(Font)              <6> on input line 102.
LaTeX Font Info:    Trying to load font information for U+msa on input line 102
.
(/Users/jacksontorres/Library/TinyTeX/texmf-dist/tex/latex/amsfonts/umsa.fd
File: umsa.fd 2013/01/14 v3.01 AMS symbols A
)
(/Users/jacksontorres/Library/TinyTeX/texmf-dist/tex/latex/microtype/mt-msa.cfg
File: mt-msa.cfg 2006/02/04 v1.1 microtype config. file: AMS symbols (a) (RS)
)
LaTeX Font Info:    Trying to load font information for U+msb on input line 102
.
(/Users/jacksontorres/Library/TinyTeX/texmf-dist/tex/latex/amsfonts/umsb.fd
File: umsb.fd 2013/01/14 v3.01 AMS symbols B
)
(/Users/jacksontorres/Library/TinyTeX/texmf-dist/tex/latex/microtype/mt-msb.cfg
File: mt-msb.cfg 2005/06/01 v1.0 microtype config. file: AMS symbols (b) (RS)
)pdfTeX warning (ext4): destination with the same identifier (name{page.1}) has
 been already used, duplicate ignored
<to be read again> 
                   \relax 
l.102 
       [1



] (./jacksontorres.lof) [2] (./jacksontorres.lot) [3

] (./jacksontorres.toc) [4

] [5

] [6] [7]
LaTeX Font Info:    External font `lmex10' loaded for size
(Font)              <10> on input line 276.
LaTeX Font Info:    External font `lmex10' loaded for size
(Font)              <7> on input line 276.
LaTeX Font Info:    External font `lmex10' loaded for size
(Font)              <5> on input line 276.
[8] [9] [10

] [11] [12]
Underfull \hbox (badness 10000) in paragraph at lines 347--357
[][]
 []

[13] [14]
<12-exportedfigures/bank evolution-1.pdf, id=351, 356.33125pt x 199.74625pt>
File: 12-exportedfigures/bank evolution-1.pdf Graphic file (type pdf)
<use 12-exportedfigures/bank evolution-1.pdf>
Package pdftex.def Info: 12-exportedfigures/bank evolution-1.pdf  used on input
 line 421.
(pdftex.def)             Requested size: 356.34666pt x 199.7549pt.
[15]
<12-exportedfigures/concetration-1.pdf, id=360, 353.32pt x 204.765pt>
File: 12-exportedfigures/concetration-1.pdf Graphic file (type pdf)
<use 12-exportedfigures/concetration-1.pdf>
Package pdftex.def Info: 12-exportedfigures/concetration-1.pdf  used on input l
ine 436.
(pdftex.def)             Requested size: 353.32452pt x 204.7676pt.
[16 <./12-exportedfigures/bank evolution-1.pdf> <./12-exportedfigures/concetrat
ion-1.pdf>] [17]
<12-exportedfigures/capital graphic-1.pdf, id=406, 356.33125pt x 201.75375pt>
File: 12-exportedfigures/capital graphic-1.pdf Graphic file (type pdf)
<use 12-exportedfigures/capital graphic-1.pdf>
Package pdftex.def Info: 12-exportedfigures/capital graphic-1.pdf  used on inpu
t line 489.
(pdftex.def)             Requested size: 356.3358pt x 201.75632pt.
[18 <./12-exportedfigures/capital graphic-1.pdf>]
<12-exportedfigures/credit gdp-1.pdf, id=427, 355.3275pt x 204.765pt>
File: 12-exportedfigures/credit gdp-1.pdf Graphic file (type pdf)
<use 12-exportedfigures/credit gdp-1.pdf>
Package pdftex.def Info: 12-exportedfigures/credit gdp-1.pdf  used on input lin
e 511.
(pdftex.def)             Requested size: 355.33745pt x 204.77072pt.
<12-exportedfigures/balance credit-1.pdf, id=432, 355.3275pt x 204.765pt>
File: 12-exportedfigures/balance credit-1.pdf Graphic file (type pdf)
<use 12-exportedfigures/balance credit-1.pdf>
Package pdftex.def Info: 12-exportedfigures/balance credit-1.pdf  used on input
 line 526.
(pdftex.def)             Requested size: 355.33745pt x 204.77072pt.
[19] [20 <./12-exportedfigures/credit gdp-1.pdf> <./12-exportedfigures/balance 
credit-1.pdf>]
<12-exportedfigures/money base.d-1.pdf, id=462, 355.3275pt x 198.7425pt>
File: 12-exportedfigures/money base.d-1.pdf Graphic file (type pdf)
<use 12-exportedfigures/money base.d-1.pdf>
Package pdftex.def Info: 12-exportedfigures/money base.d-1.pdf  used on input l
ine 550.
(pdftex.def)             Requested size: 355.33745pt x 198.74806pt.
[21]
<12-exportedfigures/base moneybase.e-1.pdf, id=469, 360.34625pt x 135.50626pt>
File: 12-exportedfigures/base moneybase.e-1.pdf Graphic file (type pdf)
<use 12-exportedfigures/base moneybase.e-1.pdf>
Package pdftex.def Info: 12-exportedfigures/base moneybase.e-1.pdf  used on inp
ut line 560.
(pdftex.def)             Requested size: 360.34537pt x 135.5059pt.
<12-exportedfigures/base components-1.pdf, id=471, 360.34625pt x 135.50626pt>
File: 12-exportedfigures/base components-1.pdf Graphic file (type pdf)
<use 12-exportedfigures/base components-1.pdf>
Package pdftex.def Info: 12-exportedfigures/base components-1.pdf  used on inpu
t line 570.
(pdftex.def)             Requested size: 360.34537pt x 135.5059pt.
[22 <./12-exportedfigures/money base.d-1.pdf> <./12-exportedfigures/base moneyb
ase.e-1.pdf>] [23 <./12-exportedfigures/base components-1.pdf>]
<12-exportedfigures/m1-1.pdf, id=516, 355.3275pt x 197.73875pt>
File: 12-exportedfigures/m1-1.pdf Graphic file (type pdf)
<use 12-exportedfigures/m1-1.pdf>
Package pdftex.def Info: 12-exportedfigures/m1-1.pdf  used on input line 589.
(pdftex.def)             Requested size: 355.33203pt x 197.74127pt.
[24 <./12-exportedfigures/m1-1.pdf>] [25]
<12-exportedfigures/m2m3m4-1.pdf, id=565, 355.3275pt x 195.73125pt>
File: 12-exportedfigures/m2m3m4-1.pdf Graphic file (type pdf)
<use 12-exportedfigures/m2m3m4-1.pdf>
Package pdftex.def Info: 12-exportedfigures/m2m3m4-1.pdf  used on input line 62
3.
(pdftex.def)             Requested size: 355.33745pt x 195.73672pt.
[26 <./12-exportedfigures/m2m3m4-1.pdf>] [27] [28]
Underfull \hbox (badness 10000) in paragraph at lines 685--686

 []


Underfull \hbox (badness 10000) in paragraph at lines 695--696

 []


Underfull \hbox (badness 10000) in paragraph at lines 700--701

 []

[29] [30] [31]

LaTeX Warning: Reference `fig:diagram' on page 32 undefined on input line 773.

LaTeX Font Info:    Font shape `T1/phv/m/it' in size <10.95> not available
(Font)              Font shape `T1/phv/m/sl' tried instead on input line 776.
<12-exportedfigures/diagram.spread.otic-1.pdf, id=650, 595.22375pt x 206.7725pt
>
File: 12-exportedfigures/diagram.spread.otic-1.pdf Graphic file (type pdf)
<use 12-exportedfigures/diagram.spread.otic-1.pdf>
Package pdftex.def Info: 12-exportedfigures/diagram.spread.otic-1.pdf  used on 
input line 778.
(pdftex.def)             Requested size: 454.99956pt x 158.06055pt.
[32 <./12-exportedfigures/diagram.spread.otic-1.pdf>]
<12-exportedfigures/diagram.spread.carac-1.pdf, id=685, 399.4925pt x 194.7275pt
>
File: 12-exportedfigures/diagram.spread.carac-1.pdf Graphic file (type pdf)
<use 12-exportedfigures/diagram.spread.carac-1.pdf>
Package pdftex.def Info: 12-exportedfigures/diagram.spread.carac-1.pdf  used on
 input line 804.
(pdftex.def)             Requested size: 399.5037pt x 194.73294pt.
[33] [34 <./12-exportedfigures/diagram.spread.carac-1.pdf>]
<12-exportedfigures/average spread-1.pdf, id=763, 355.3275pt x 191.71625pt>
File: 12-exportedfigures/average spread-1.pdf Graphic file (type pdf)
<use 12-exportedfigures/average spread-1.pdf>
Package pdftex.def Info: 12-exportedfigures/average spread-1.pdf  used on input
 line 873.
(pdftex.def)             Requested size: 355.33745pt x 191.72162pt.
[35] [36 <./12-exportedfigures/average spread-1.pdf>]
Underfull \hbox (badness 10000) in paragraph at lines 901--944
[][]
 []

[37]
<12-exportedfigures/spread 2019 moc-1.pdf, id=799, 360.34625pt x 201.75375pt>
File: 12-exportedfigures/spread 2019 moc-1.pdf Graphic file (type pdf)
<use 12-exportedfigures/spread 2019 moc-1.pdf>
Package pdftex.def Info: 12-exportedfigures/spread 2019 moc-1.pdf  used on inpu
t line 960.
(pdftex.def)             Requested size: 360.34537pt x 201.75325pt.
<12-exportedfigures/spread 2019 icc-1.pdf, id=803, 360.34625pt x 201.75375pt>
File: 12-exportedfigures/spread 2019 icc-1.pdf Graphic file (type pdf)
<use 12-exportedfigures/spread 2019 icc-1.pdf>
Package pdftex.def Info: 12-exportedfigures/spread 2019 icc-1.pdf  used on inpu
t line 975.
(pdftex.def)             Requested size: 360.34537pt x 201.75325pt.
[38 <./12-exportedfigures/spread 2019 moc-1.pdf>]
<12-exportedfigures/diagram.spread.dim-1.pdf, id=816, 232.87pt x 246.9225pt>
File: 12-exportedfigures/diagram.spread.dim-1.pdf Graphic file (type pdf)
<use 12-exportedfigures/diagram.spread.dim-1.pdf>
Package pdftex.def Info: 12-exportedfigures/diagram.spread.dim-1.pdf  used on i
nput line 991.
(pdftex.def)             Requested size: 232.86942pt x 246.92188pt.
<12-exportedfigures/ICC-1.pdf, id=819, 355.3275pt x 204.765pt>
File: 12-exportedfigures/ICC-1.pdf Graphic file (type pdf)
<use 12-exportedfigures/ICC-1.pdf>
Package pdftex.def Info: 12-exportedfigures/ICC-1.pdf  used on input line 1006.

(pdftex.def)             Requested size: 355.33745pt x 204.77072pt.
[39 <./12-exportedfigures/spread 2019 icc-1.pdf>] [40 <./12-exportedfigures/dia
gram.spread.dim-1.pdf> <./12-exportedfigures/ICC-1.pdf>] [41] [42]
Overfull \hbox (2.24474pt too wide) in paragraph at lines 1117--1117
[]\T1/phv/m/n/10 (-20) AFANASIEFF, 
 []


Overfull \hbox (2.24474pt too wide) in paragraph at lines 1117--1117
[]\T1/phv/m/n/10 (-20) AFANASIEFF, 
 []

[43] [44] [45] [46] [47

] [48] [49] [50] [51] [52] [53] [54] [55] [56] [57] [58]

LaTeX Warning: Command \' invalid in math mode on input line 1507.


LaTeX Warning: Command \' invalid in math mode on input line 1507.

[59] [60]
Overfull \hbox (2.11206pt too wide) in paragraph at lines 1553--1553
[]\T1/phv/m/n/10 (-20) Periodicidade|  
 []


Overfull \hbox (13.46771pt too wide) in paragraph at lines 1553--1553
[]\T1/phv/m/n/10 (-20) PRECOS12_IPCAG12|  
 []


Overfull \hbox (31.7913pt too wide) in paragraph at lines 1538--1556
[][]
 []

LaTeX Font Info:    Trying to load font information for T1+lmtt on input line 1
559.
(/Users/jacksontorres/Library/TinyTeX/texmf-dist/tex/latex/lm/t1lmtt.fd
File: t1lmtt.fd 2009/10/30 v1.6 Font defs for Latin Modern
) [61] [62] [63

] [64

] [65

]

Package biblatex Warning: No driver for entry type ''.
(biblatex)                Using fallback driver on input line 1624.

[66

] [67] [68] [69]

Package biblatex Warning: No driver for entry type ''.
(biblatex)                Using fallback driver on input line 1624.

[70] [71] 
AED: lastpage setting LastPage
[72]
\tf@lof=\write8
\openout8 = `jacksontorres.lof'.

\tf@lot=\write9
\openout9 = `jacksontorres.lot'.

\tf@toc=\write10
\openout10 = `jacksontorres.toc'.

(./jacksontorres.aux)

LaTeX Warning: There were undefined references.

Package logreq Info: Writing requests to 'jacksontorres.run.xml'.
\openout1 = `jacksontorres.run.xml'.

 ) 
Here is how much of TeX's memory you used:
 44236 strings out of 480963
 802002 string characters out of 5905705
 1869455 words of memory out of 5000000
 59897 multiletter control sequences out of 15000+600000
 489231 words of font info for 360 fonts, out of 8000000 for 9000
 16 hyphenation exceptions out of 8191
 117i,15n,120p,1158b,4244s stack positions out of 5000i,500n,10000p,200000b,80000s
{/Users/jacksontorres/Library/TinyTeX/texmf-dist/fonts/enc/dvips/lm/lm-mathsy
.enc}{/Users/jacksontorres/Library/TinyTeX/texmf-dist/fonts/enc/dvips/lm/lm-ec.
enc}{/Users/jacksontorres/Library/TinyTeX/texmf-dist/fonts/enc/dvips/lm/lm-rm.e
nc}{/Users/jacksontorres/Library/TinyTeX/texmf-dist/fonts/enc/dvips/lm/lm-mathi
t.enc}{/Users/jacksontorres/Library/TinyTeX/texmf-dist/fonts/enc/dvips/lm/lm-ma
thex.enc}{/Users/jacksontorres/Library/TinyTeX/texmf-dist/fonts/enc/dvips/base/
8r.enc}</Users/jacksontorres/Library/TinyTeX/texmf-dist/fonts/type1/public/lm/l
mex10.pfb></Users/jacksontorres/Library/TinyTeX/texmf-dist/fonts/type1/public/l
m/lmmi12.pfb></Users/jacksontorres/Library/TinyTeX/texmf-dist/fonts/type1/publi
c/lm/lmmi6.pfb></Users/jacksontorres/Library/TinyTeX/texmf-dist/fonts/type1/pub
lic/lm/lmmi8.pfb></Users/jacksontorres/Library/TinyTeX/texmf-dist/fonts/type1/p
ublic/lm/lmr12.pfb></Users/jacksontorres/Library/TinyTeX/texmf-dist/fonts/type1
/public/lm/lmr6.pfb></Users/jacksontorres/Library/TinyTeX/texmf-dist/fonts/type
1/public/lm/lmr8.pfb></Users/jacksontorres/Library/TinyTeX/texmf-dist/fonts/typ
e1/public/lm/lmsy10.pfb></Users/jacksontorres/Library/TinyTeX/texmf-dist/fonts/
type1/public/lm/lmsy6.pfb></Users/jacksontorres/Library/TinyTeX/texmf-dist/font
s/type1/public/lm/lmsy8.pfb></Users/jacksontorres/Library/TinyTeX/texmf-dist/fo
nts/type1/public/lm/lmtt12.pfb></Users/jacksontorres/Library/TinyTeX/texmf-dist
/fonts/type1/urw/helvetic/uhvb8a.pfb></Users/jacksontorres/Library/TinyTeX/texm
f-dist/fonts/type1/urw/helvetic/uhvbo8a.pfb></Users/jacksontorres/Library/TinyT
eX/texmf-dist/fonts/type1/urw/helvetic/uhvr8a.pfb></Users/jacksontorres/Library
/TinyTeX/texmf-dist/fonts/type1/urw/helvetic/uhvro8a.pfb>
Output written on jacksontorres.pdf (73 pages, 3510603 bytes).
PDF statistics:
 1384 PDF objects out of 1440 (max. 8388607)
 1202 compressed objects within 13 object streams
 193 named destinations out of 1000 (max. 500000)
 70003 words of extra memory for PDF output out of 74296 (max. 10000000)

