This is pdfTeX, Version 3.14159265-2.6-1.40.21 (TeX Live 2020) (preloaded format=pdflatex 2021.2.24)  2 MAR 2021 16:47
entering extended mode
 restricted \write18 enabled.
 %&-line parsing enabled.
**01-presentation.tex
(./01-presentation.tex
LaTeX2e <2020-10-01> patch level 4
L3 programming layer <2021-02-18> (/Users/jacksontorres/Library/TinyTeX/texmf-d
ist/tex/latex/beamer/beamer.cls
Document Class: beamer 2021/02/09 v3.61 A class for typesetting presentations

(/Users/jacksontorres/Library/TinyTeX/texmf-dist/tex/latex/beamer/beamerbasemod
es.sty
(/Users/jacksontorres/Library/TinyTeX/texmf-dist/tex/latex/etoolbox/etoolbox.st
y
Package: etoolbox 2020/10/05 v2.5k e-TeX tools for LaTeX (JAW)
\etb@tempcnta=\count179
)
\beamer@tempbox=\box47
\beamer@tempcount=\count180
\c@beamerpauses=\count181

(/Users/jacksontorres/Library/TinyTeX/texmf-dist/tex/latex/beamer/beamerbasedec
ode.sty
\beamer@slideinframe=\count182
\beamer@minimum=\count183
\beamer@decode@box=\box48
)
\beamer@commentbox=\box49
\beamer@modecount=\count184
) (/Users/jacksontorres/Library/TinyTeX/texmf-dist/tex/generic/iftex/ifpdf.sty
Package: ifpdf 2019/10/25 v3.4 ifpdf legacy package. Use iftex instead.
(/Users/jacksontorres/Library/TinyTeX/texmf-dist/tex/generic/iftex/iftex.sty
Package: iftex 2020/03/06 v1.0d TeX engine tests
))
\headdp=\dimen138
\footheight=\dimen139
\sidebarheight=\dimen140
\beamer@tempdim=\dimen141
\beamer@finalheight=\dimen142
\beamer@animht=\dimen143
\beamer@animdp=\dimen144
\beamer@animwd=\dimen145
\beamer@leftmargin=\dimen146
\beamer@rightmargin=\dimen147
\beamer@leftsidebar=\dimen148
\beamer@rightsidebar=\dimen149
\beamer@boxsize=\dimen150
\beamer@vboxoffset=\dimen151
\beamer@descdefault=\dimen152
\beamer@descriptionwidth=\dimen153
\beamer@lastskip=\skip47
\beamer@areabox=\box50
\beamer@animcurrent=\box51
\beamer@animshowbox=\box52
\beamer@sectionbox=\box53
\beamer@logobox=\box54
\beamer@linebox=\box55
\beamer@sectioncount=\count185
\beamer@subsubsectionmax=\count186
\beamer@subsectionmax=\count187
\beamer@sectionmax=\count188
\beamer@totalheads=\count189
\beamer@headcounter=\count190
\beamer@partstartpage=\count191
\beamer@sectionstartpage=\count192
\beamer@subsectionstartpage=\count193
\beamer@animationtempa=\count194
\beamer@animationtempb=\count195
\beamer@xpos=\count196
\beamer@ypos=\count197
\beamer@ypos@offset=\count198
\beamer@showpartnumber=\count199
\beamer@currentsubsection=\count266
\beamer@coveringdepth=\count267
\beamer@sectionadjust=\count268
\beamer@tocsectionnumber=\count269

(/Users/jacksontorres/Library/TinyTeX/texmf-dist/tex/latex/beamer/beamerbaseopt
ions.sty (/Users/jacksontorres/Library/TinyTeX/texmf-dist/tex/latex/graphics/ke
yval.sty
Package: keyval 2014/10/28 v1.15 key=value parser (DPC)
\KV@toks@=\toks15
))
\beamer@paperwidth=\skip48
\beamer@paperheight=\skip49

(/Users/jacksontorres/Library/TinyTeX/texmf-dist/tex/latex/geometry/geometry.st
y
Package: geometry 2020/01/02 v5.9 Page Geometry
(/Users/jacksontorres/Library/TinyTeX/texmf-dist/tex/generic/iftex/ifvtex.sty
Package: ifvtex 2019/10/25 v1.7 ifvtex legacy package. Use iftex instead.
)
\Gm@cnth=\count270
\Gm@cntv=\count271
\c@Gm@tempcnt=\count272
\Gm@bindingoffset=\dimen154
\Gm@wd@mp=\dimen155
\Gm@odd@mp=\dimen156
\Gm@even@mp=\dimen157
\Gm@layoutwidth=\dimen158
\Gm@layoutheight=\dimen159
\Gm@layouthoffset=\dimen160
\Gm@layoutvoffset=\dimen161
\Gm@dimlist=\toks16
) (/Users/jacksontorres/Library/TinyTeX/texmf-dist/tex/latex/base/size11.clo
File: size11.clo 2020/04/10 v1.4m Standard LaTeX file (size option)
)
(/Users/jacksontorres/Library/TinyTeX/texmf-dist/tex/latex/pgf/basiclayer/pgfco
re.sty
(/Users/jacksontorres/Library/TinyTeX/texmf-dist/tex/latex/graphics/graphicx.st
y
Package: graphicx 2020/09/09 v1.2b Enhanced LaTeX Graphics (DPC,SPQR)

(/Users/jacksontorres/Library/TinyTeX/texmf-dist/tex/latex/graphics/graphics.st
y
Package: graphics 2020/08/30 v1.4c Standard LaTeX Graphics (DPC,SPQR)
(/Users/jacksontorres/Library/TinyTeX/texmf-dist/tex/latex/graphics/trig.sty
Package: trig 2016/01/03 v1.10 sin cos tan (DPC)
)
(/Users/jacksontorres/Library/TinyTeX/texmf-dist/tex/latex/graphics-cfg/graphic
s.cfg
File: graphics.cfg 2016/06/04 v1.11 sample graphics configuration
)
Package graphics Info: Driver file: pdftex.def on input line 105.

(/Users/jacksontorres/Library/TinyTeX/texmf-dist/tex/latex/graphics-def/pdftex.
def
File: pdftex.def 2020/10/05 v1.2a Graphics/color driver for pdftex
))
\Gin@req@height=\dimen162
\Gin@req@width=\dimen163
)
(/Users/jacksontorres/Library/TinyTeX/texmf-dist/tex/latex/pgf/systemlayer/pgfs
ys.sty
(/Users/jacksontorres/Library/TinyTeX/texmf-dist/tex/latex/pgf/utilities/pgfrcs
.sty
(/Users/jacksontorres/Library/TinyTeX/texmf-dist/tex/generic/pgf/utilities/pgfu
til-common.tex
\pgfutil@everybye=\toks17
\pgfutil@tempdima=\dimen164
\pgfutil@tempdimb=\dimen165

(/Users/jacksontorres/Library/TinyTeX/texmf-dist/tex/generic/pgf/utilities/pgfu
til-common-lists.tex))
(/Users/jacksontorres/Library/TinyTeX/texmf-dist/tex/generic/pgf/utilities/pgfu
til-latex.def
\pgfutil@abb=\box56
)
(/Users/jacksontorres/Library/TinyTeX/texmf-dist/tex/generic/pgf/utilities/pgfr
cs.code.tex
(/Users/jacksontorres/Library/TinyTeX/texmf-dist/tex/generic/pgf/pgf.revision.t
ex)
Package: pgfrcs 2020/12/27 v3.1.8b (3.1.8b)
))
(/Users/jacksontorres/Library/TinyTeX/texmf-dist/tex/generic/pgf/systemlayer/pg
fsys.code.tex
Package: pgfsys 2020/12/27 v3.1.8b (3.1.8b)

(/Users/jacksontorres/Library/TinyTeX/texmf-dist/tex/generic/pgf/utilities/pgfk
eys.code.tex
\pgfkeys@pathtoks=\toks18
\pgfkeys@temptoks=\toks19

(/Users/jacksontorres/Library/TinyTeX/texmf-dist/tex/generic/pgf/utilities/pgfk
eysfiltered.code.tex
\pgfkeys@tmptoks=\toks20
))
\pgf@x=\dimen166
\pgf@y=\dimen167
\pgf@xa=\dimen168
\pgf@ya=\dimen169
\pgf@xb=\dimen170
\pgf@yb=\dimen171
\pgf@xc=\dimen172
\pgf@yc=\dimen173
\pgf@xd=\dimen174
\pgf@yd=\dimen175
\w@pgf@writea=\write3
\r@pgf@reada=\read2
\c@pgf@counta=\count273
\c@pgf@countb=\count274
\c@pgf@countc=\count275
\c@pgf@countd=\count276
\t@pgf@toka=\toks21
\t@pgf@tokb=\toks22
\t@pgf@tokc=\toks23
\pgf@sys@id@count=\count277

(/Users/jacksontorres/Library/TinyTeX/texmf-dist/tex/generic/pgf/systemlayer/pg
f.cfg
File: pgf.cfg 2020/12/27 v3.1.8b (3.1.8b)
)
Driver file for pgf: pgfsys-pdftex.def

(/Users/jacksontorres/Library/TinyTeX/texmf-dist/tex/generic/pgf/systemlayer/pg
fsys-pdftex.def
File: pgfsys-pdftex.def 2020/12/27 v3.1.8b (3.1.8b)

(/Users/jacksontorres/Library/TinyTeX/texmf-dist/tex/generic/pgf/systemlayer/pg
fsys-common-pdf.def
File: pgfsys-common-pdf.def 2020/12/27 v3.1.8b (3.1.8b)
)))
(/Users/jacksontorres/Library/TinyTeX/texmf-dist/tex/generic/pgf/systemlayer/pg
fsyssoftpath.code.tex
File: pgfsyssoftpath.code.tex 2020/12/27 v3.1.8b (3.1.8b)
\pgfsyssoftpath@smallbuffer@items=\count278
\pgfsyssoftpath@bigbuffer@items=\count279
)
(/Users/jacksontorres/Library/TinyTeX/texmf-dist/tex/generic/pgf/systemlayer/pg
fsysprotocol.code.tex
File: pgfsysprotocol.code.tex 2020/12/27 v3.1.8b (3.1.8b)
)) (/Users/jacksontorres/Library/TinyTeX/texmf-dist/tex/latex/xcolor/xcolor.sty
Package: xcolor 2016/05/11 v2.12 LaTeX color extensions (UK)

(/Users/jacksontorres/Library/TinyTeX/texmf-dist/tex/latex/graphics-cfg/color.c
fg
File: color.cfg 2016/01/02 v1.6 sample color configuration
)
Package xcolor Info: Driver file: pdftex.def on input line 225.
Package xcolor Info: Model `cmy' substituted by `cmy0' on input line 1348.
Package xcolor Info: Model `hsb' substituted by `rgb' on input line 1352.
Package xcolor Info: Model `RGB' extended on input line 1364.
Package xcolor Info: Model `HTML' substituted by `rgb' on input line 1366.
Package xcolor Info: Model `Hsb' substituted by `hsb' on input line 1367.
Package xcolor Info: Model `tHsb' substituted by `hsb' on input line 1368.
Package xcolor Info: Model `HSB' substituted by `hsb' on input line 1369.
Package xcolor Info: Model `Gray' substituted by `gray' on input line 1370.
Package xcolor Info: Model `wave' substituted by `hsb' on input line 1371.
)
(/Users/jacksontorres/Library/TinyTeX/texmf-dist/tex/generic/pgf/basiclayer/pgf
core.code.tex
Package: pgfcore 2020/12/27 v3.1.8b (3.1.8b)

(/Users/jacksontorres/Library/TinyTeX/texmf-dist/tex/generic/pgf/math/pgfmath.c
ode.tex
(/Users/jacksontorres/Library/TinyTeX/texmf-dist/tex/generic/pgf/math/pgfmathca
lc.code.tex
(/Users/jacksontorres/Library/TinyTeX/texmf-dist/tex/generic/pgf/math/pgfmathut
il.code.tex)
(/Users/jacksontorres/Library/TinyTeX/texmf-dist/tex/generic/pgf/math/pgfmathpa
rser.code.tex
\pgfmath@dimen=\dimen176
\pgfmath@count=\count280
\pgfmath@box=\box57
\pgfmath@toks=\toks24
\pgfmath@stack@operand=\toks25
\pgfmath@stack@operation=\toks26
)
(/Users/jacksontorres/Library/TinyTeX/texmf-dist/tex/generic/pgf/math/pgfmathfu
nctions.code.tex
(/Users/jacksontorres/Library/TinyTeX/texmf-dist/tex/generic/pgf/math/pgfmathfu
nctions.basic.code.tex)
(/Users/jacksontorres/Library/TinyTeX/texmf-dist/tex/generic/pgf/math/pgfmathfu
nctions.trigonometric.code.tex)
(/Users/jacksontorres/Library/TinyTeX/texmf-dist/tex/generic/pgf/math/pgfmathfu
nctions.random.code.tex)
(/Users/jacksontorres/Library/TinyTeX/texmf-dist/tex/generic/pgf/math/pgfmathfu
nctions.comparison.code.tex)
(/Users/jacksontorres/Library/TinyTeX/texmf-dist/tex/generic/pgf/math/pgfmathfu
nctions.base.code.tex)
(/Users/jacksontorres/Library/TinyTeX/texmf-dist/tex/generic/pgf/math/pgfmathfu
nctions.round.code.tex)
(/Users/jacksontorres/Library/TinyTeX/texmf-dist/tex/generic/pgf/math/pgfmathfu
nctions.misc.code.tex)
(/Users/jacksontorres/Library/TinyTeX/texmf-dist/tex/generic/pgf/math/pgfmathfu
nctions.integerarithmetics.code.tex)))
(/Users/jacksontorres/Library/TinyTeX/texmf-dist/tex/generic/pgf/math/pgfmathfl
oat.code.tex
\c@pgfmathroundto@lastzeros=\count281
))
(/Users/jacksontorres/Library/TinyTeX/texmf-dist/tex/generic/pgf/math/pgfint.co
de.tex)
(/Users/jacksontorres/Library/TinyTeX/texmf-dist/tex/generic/pgf/basiclayer/pgf
corepoints.code.tex
File: pgfcorepoints.code.tex 2020/12/27 v3.1.8b (3.1.8b)
\pgf@picminx=\dimen177
\pgf@picmaxx=\dimen178
\pgf@picminy=\dimen179
\pgf@picmaxy=\dimen180
\pgf@pathminx=\dimen181
\pgf@pathmaxx=\dimen182
\pgf@pathminy=\dimen183
\pgf@pathmaxy=\dimen184
\pgf@xx=\dimen185
\pgf@xy=\dimen186
\pgf@yx=\dimen187
\pgf@yy=\dimen188
\pgf@zx=\dimen189
\pgf@zy=\dimen190
)
(/Users/jacksontorres/Library/TinyTeX/texmf-dist/tex/generic/pgf/basiclayer/pgf
corepathconstruct.code.tex
File: pgfcorepathconstruct.code.tex 2020/12/27 v3.1.8b (3.1.8b)
\pgf@path@lastx=\dimen191
\pgf@path@lasty=\dimen192
)
(/Users/jacksontorres/Library/TinyTeX/texmf-dist/tex/generic/pgf/basiclayer/pgf
corepathusage.code.tex
File: pgfcorepathusage.code.tex 2020/12/27 v3.1.8b (3.1.8b)
\pgf@shorten@end@additional=\dimen193
\pgf@shorten@start@additional=\dimen194
)
(/Users/jacksontorres/Library/TinyTeX/texmf-dist/tex/generic/pgf/basiclayer/pgf
corescopes.code.tex
File: pgfcorescopes.code.tex 2020/12/27 v3.1.8b (3.1.8b)
\pgfpic=\box58
\pgf@hbox=\box59
\pgf@layerbox@main=\box60
\pgf@picture@serial@count=\count282
)
(/Users/jacksontorres/Library/TinyTeX/texmf-dist/tex/generic/pgf/basiclayer/pgf
coregraphicstate.code.tex
File: pgfcoregraphicstate.code.tex 2020/12/27 v3.1.8b (3.1.8b)
\pgflinewidth=\dimen195
)
(/Users/jacksontorres/Library/TinyTeX/texmf-dist/tex/generic/pgf/basiclayer/pgf
coretransformations.code.tex
File: pgfcoretransformations.code.tex 2020/12/27 v3.1.8b (3.1.8b)
\pgf@pt@x=\dimen196
\pgf@pt@y=\dimen197
\pgf@pt@temp=\dimen198
)
(/Users/jacksontorres/Library/TinyTeX/texmf-dist/tex/generic/pgf/basiclayer/pgf
corequick.code.tex
File: pgfcorequick.code.tex 2020/12/27 v3.1.8b (3.1.8b)
)
(/Users/jacksontorres/Library/TinyTeX/texmf-dist/tex/generic/pgf/basiclayer/pgf
coreobjects.code.tex
File: pgfcoreobjects.code.tex 2020/12/27 v3.1.8b (3.1.8b)
)
(/Users/jacksontorres/Library/TinyTeX/texmf-dist/tex/generic/pgf/basiclayer/pgf
corepathprocessing.code.tex
File: pgfcorepathprocessing.code.tex 2020/12/27 v3.1.8b (3.1.8b)
)
(/Users/jacksontorres/Library/TinyTeX/texmf-dist/tex/generic/pgf/basiclayer/pgf
corearrows.code.tex
File: pgfcorearrows.code.tex 2020/12/27 v3.1.8b (3.1.8b)
\pgfarrowsep=\dimen199
)
(/Users/jacksontorres/Library/TinyTeX/texmf-dist/tex/generic/pgf/basiclayer/pgf
coreshade.code.tex
File: pgfcoreshade.code.tex 2020/12/27 v3.1.8b (3.1.8b)
\pgf@max=\dimen256
\pgf@sys@shading@range@num=\count283
\pgf@shadingcount=\count284
)
(/Users/jacksontorres/Library/TinyTeX/texmf-dist/tex/generic/pgf/basiclayer/pgf
coreimage.code.tex
File: pgfcoreimage.code.tex 2020/12/27 v3.1.8b (3.1.8b)

(/Users/jacksontorres/Library/TinyTeX/texmf-dist/tex/generic/pgf/basiclayer/pgf
coreexternal.code.tex
File: pgfcoreexternal.code.tex 2020/12/27 v3.1.8b (3.1.8b)
\pgfexternal@startupbox=\box61
))
(/Users/jacksontorres/Library/TinyTeX/texmf-dist/tex/generic/pgf/basiclayer/pgf
corelayers.code.tex
File: pgfcorelayers.code.tex 2020/12/27 v3.1.8b (3.1.8b)
)
(/Users/jacksontorres/Library/TinyTeX/texmf-dist/tex/generic/pgf/basiclayer/pgf
coretransparency.code.tex
File: pgfcoretransparency.code.tex 2020/12/27 v3.1.8b (3.1.8b)
)
(/Users/jacksontorres/Library/TinyTeX/texmf-dist/tex/generic/pgf/basiclayer/pgf
corepatterns.code.tex
File: pgfcorepatterns.code.tex 2020/12/27 v3.1.8b (3.1.8b)
)
(/Users/jacksontorres/Library/TinyTeX/texmf-dist/tex/generic/pgf/basiclayer/pgf
corerdf.code.tex
File: pgfcorerdf.code.tex 2020/12/27 v3.1.8b (3.1.8b)
)))
(/Users/jacksontorres/Library/TinyTeX/texmf-dist/tex/latex/pgf/utilities/xxcolo
r.sty
Package: xxcolor 2003/10/24 ver 0.1
\XC@nummixins=\count285
\XC@countmixins=\count286
)
(/Users/jacksontorres/Library/TinyTeX/texmf-dist/tex/latex/base/atbegshi-ltx.st
y
Package: atbegshi-ltx 2020/08/17 v1.0a Emulation of the original atbegshi packa
ge
with kernel methods
)
(/Users/jacksontorres/Library/TinyTeX/texmf-dist/tex/latex/hyperref/hyperref.st
y
Package: hyperref 2021-02-10 v7.00j Hypertext links for LaTeX

(/Users/jacksontorres/Library/TinyTeX/texmf-dist/tex/generic/ltxcmds/ltxcmds.st
y
Package: ltxcmds 2020-05-10 v1.25 LaTeX kernel commands for general use (HO)
)
(/Users/jacksontorres/Library/TinyTeX/texmf-dist/tex/generic/pdftexcmds/pdftexc
mds.sty
Package: pdftexcmds 2020-06-27 v0.33 Utility functions of pdfTeX for LuaTeX (HO
)

(/Users/jacksontorres/Library/TinyTeX/texmf-dist/tex/generic/infwarerr/infwarer
r.sty
Package: infwarerr 2019/12/03 v1.5 Providing info/warning/error messages (HO)
)
Package pdftexcmds Info: \pdf@primitive is available.
Package pdftexcmds Info: \pdf@ifprimitive is available.
Package pdftexcmds Info: \pdfdraftmode found.
)
(/Users/jacksontorres/Library/TinyTeX/texmf-dist/tex/generic/kvsetkeys/kvsetkey
s.sty
Package: kvsetkeys 2019/12/15 v1.18 Key value parser (HO)
)
(/Users/jacksontorres/Library/TinyTeX/texmf-dist/tex/generic/kvdefinekeys/kvdef
inekeys.sty
Package: kvdefinekeys 2019-12-19 v1.6 Define keys (HO)
)
(/Users/jacksontorres/Library/TinyTeX/texmf-dist/tex/generic/pdfescape/pdfescap
e.sty
Package: pdfescape 2019/12/09 v1.15 Implements pdfTeX's escape features (HO)
) (/Users/jacksontorres/Library/TinyTeX/texmf-dist/tex/latex/hycolor/hycolor.st
y
Package: hycolor 2020-01-27 v1.10 Color options for hyperref/bookmark (HO)
)
(/Users/jacksontorres/Library/TinyTeX/texmf-dist/tex/latex/letltxmacro/letltxma
cro.sty
Package: letltxmacro 2019/12/03 v1.6 Let assignment for LaTeX macros (HO)
) (/Users/jacksontorres/Library/TinyTeX/texmf-dist/tex/latex/auxhook/auxhook.st
y
Package: auxhook 2019-12-17 v1.6 Hooks for auxiliary files (HO)
)
(/Users/jacksontorres/Library/TinyTeX/texmf-dist/tex/latex/kvoptions/kvoptions.
sty
Package: kvoptions 2020-10-07 v3.14 Key value format for package options (HO)
)
\@linkdim=\dimen257
\Hy@linkcounter=\count287
\Hy@pagecounter=\count288
(/Users/jacksontorres/Library/TinyTeX/texmf-dist/tex/latex/hyperref/pd1enc.def
File: pd1enc.def 2021-02-10 v7.00j Hyperref: PDFDocEncoding definition (HO)
Now handling font encoding PD1 ...
... no UTF-8 mapping file for font encoding PD1
)
(/Users/jacksontorres/Library/TinyTeX/texmf-dist/tex/latex/hyperref/hyperref-la
ngpatches.def
File: hyperref-langpatches.def 2021-02-10 v7.00j Hyperref: patches for babel la
nguages
)
(/Users/jacksontorres/Library/TinyTeX/texmf-dist/tex/generic/intcalc/intcalc.st
y
Package: intcalc 2019/12/15 v1.3 Expandable calculations with integers (HO)
)
(/Users/jacksontorres/Library/TinyTeX/texmf-dist/tex/generic/etexcmds/etexcmds.
sty
Package: etexcmds 2019/12/15 v1.7 Avoid name clashes with e-TeX commands (HO)
)
\Hy@SavedSpaceFactor=\count289
(/Users/jacksontorres/Library/TinyTeX/texmf-dist/tex/latex/hyperref/puenc.def
File: puenc.def 2021-02-10 v7.00j Hyperref: PDF Unicode definition (HO)
Now handling font encoding PU ...
... no UTF-8 mapping file for font encoding PU
)
Package hyperref Info: Option `unicode' set `true' on input line 4073.
Package hyperref Info: Option `bookmarks' set `true' on input line 4073.
Package hyperref Info: Option `bookmarksopen' set `true' on input line 4073.
Package hyperref Info: Option `implicit' set `false' on input line 4073.
Package hyperref Info: Hyper figures OFF on input line 4192.
Package hyperref Info: Link nesting OFF on input line 4197.
Package hyperref Info: Hyper index ON on input line 4200.
Package hyperref Info: Plain pages OFF on input line 4207.
Package hyperref Info: Backreferencing OFF on input line 4212.
Package hyperref Info: Implicit mode OFF; no redefinition of LaTeX internals.
Package hyperref Info: Bookmarks ON on input line 4445.
\c@Hy@tempcnt=\count290
(/Users/jacksontorres/Library/TinyTeX/texmf-dist/tex/latex/url/url.sty
\Urlmuskip=\muskip16
Package: url 2013/09/16  ver 3.4  Verb mode for urls, etc.
)
LaTeX Info: Redefining \url on input line 4804.
\XeTeXLinkMargin=\dimen258
(/Users/jacksontorres/Library/TinyTeX/texmf-dist/tex/generic/bitset/bitset.sty
Package: bitset 2019/12/09 v1.3 Handle bit-vector datatype (HO)

(/Users/jacksontorres/Library/TinyTeX/texmf-dist/tex/generic/bigintcalc/bigintc
alc.sty
Package: bigintcalc 2019/12/15 v1.5 Expandable calculations on big integers (HO
)
))
\Fld@menulength=\count291
\Field@Width=\dimen259
\Fld@charsize=\dimen260
Package hyperref Info: Hyper figures OFF on input line 6075.
Package hyperref Info: Link nesting OFF on input line 6080.
Package hyperref Info: Hyper index ON on input line 6083.
Package hyperref Info: backreferencing OFF on input line 6090.
Package hyperref Info: Link coloring OFF on input line 6095.
Package hyperref Info: Link coloring with OCG OFF on input line 6100.
Package hyperref Info: PDF/A mode OFF on input line 6105.
LaTeX Info: Redefining \ref on input line 6145.
LaTeX Info: Redefining \pageref on input line 6149.
\Hy@abspage=\count292

Package hyperref Message: Stopped early.

)
Package hyperref Info: Driver (autodetected): hpdftex.

(/Users/jacksontorres/Library/TinyTeX/texmf-dist/tex/latex/hyperref/hpdftex.def
File: hpdftex.def 2021-02-10 v7.00j Hyperref driver for pdfTeX

(/Users/jacksontorres/Library/TinyTeX/texmf-dist/tex/latex/base/atveryend-ltx.s
ty
Package: atveryend-ltx 2020/08/19 v1.0a Emulation of the original atvery packag
e
with kernel methods
)
\Fld@listcount=\count293
\c@bookmark@seq@number=\count294

(/Users/jacksontorres/Library/TinyTeX/texmf-dist/tex/latex/rerunfilecheck/rerun
filecheck.sty
Package: rerunfilecheck 2019/12/05 v1.9 Rerun checks for auxiliary files (HO)

(/Users/jacksontorres/Library/TinyTeX/texmf-dist/tex/generic/uniquecounter/uniq
uecounter.sty
Package: uniquecounter 2019/12/15 v1.4 Provide unlimited unique counter (HO)
)
Package uniquecounter Info: New unique counter `rerunfilecheck' on input line 2
86.
))
(/Users/jacksontorres/Library/TinyTeX/texmf-dist/tex/latex/beamer/beamerbasereq
uires.sty
(/Users/jacksontorres/Library/TinyTeX/texmf-dist/tex/latex/beamer/beamerbasecom
patibility.sty)
(/Users/jacksontorres/Library/TinyTeX/texmf-dist/tex/latex/beamer/beamerbasefon
t.sty
(/Users/jacksontorres/Library/TinyTeX/texmf-dist/tex/latex/amsfonts/amssymb.sty
Package: amssymb 2013/01/14 v3.01 AMS font symbols

(/Users/jacksontorres/Library/TinyTeX/texmf-dist/tex/latex/amsfonts/amsfonts.st
y
Package: amsfonts 2013/01/14 v3.01 Basic AMSFonts support
\@emptytoks=\toks27
\symAMSa=\mathgroup4
\symAMSb=\mathgroup5
LaTeX Font Info:    Redeclaring math symbol \hbar on input line 98.
LaTeX Font Info:    Overwriting math alphabet `\mathfrak' in version `bold'
(Font)                  U/euf/m/n --> U/euf/b/n on input line 106.
)))
(/Users/jacksontorres/Library/TinyTeX/texmf-dist/tex/latex/beamer/beamerbasetra
nslator.sty
(/Users/jacksontorres/Library/TinyTeX/texmf-dist/tex/latex/translator/translato
r.sty
Package: translator 2020-08-03 v1.12c Easy translation of strings in LaTeX
))
(/Users/jacksontorres/Library/TinyTeX/texmf-dist/tex/latex/beamer/beamerbasemis
c.sty)
(/Users/jacksontorres/Library/TinyTeX/texmf-dist/tex/latex/beamer/beamerbasetwo
screens.sty)
(/Users/jacksontorres/Library/TinyTeX/texmf-dist/tex/latex/beamer/beamerbaseove
rlay.sty
\beamer@argscount=\count295
\beamer@lastskipcover=\skip50
\beamer@trivlistdepth=\count296
)
(/Users/jacksontorres/Library/TinyTeX/texmf-dist/tex/latex/beamer/beamerbasetit
le.sty)
(/Users/jacksontorres/Library/TinyTeX/texmf-dist/tex/latex/beamer/beamerbasesec
tion.sty
\c@lecture=\count297
\c@part=\count298
\c@section=\count299
\c@subsection=\count300
\c@subsubsection=\count301
)
(/Users/jacksontorres/Library/TinyTeX/texmf-dist/tex/latex/beamer/beamerbasefra
me.sty
\beamer@framebox=\box62
\beamer@frametitlebox=\box63
\beamer@zoombox=\box64
\beamer@zoomcount=\count302
\beamer@zoomframecount=\count303
\beamer@frametextheight=\dimen261
\c@subsectionslide=\count304
\beamer@frametopskip=\skip51
\beamer@framebottomskip=\skip52
\beamer@frametopskipautobreak=\skip53
\beamer@framebottomskipautobreak=\skip54
\beamer@envbody=\toks28
\framewidth=\dimen262
\c@framenumber=\count305
)
(/Users/jacksontorres/Library/TinyTeX/texmf-dist/tex/latex/beamer/beamerbasever
batim.sty
\beamer@verbatimfileout=\write4
)
(/Users/jacksontorres/Library/TinyTeX/texmf-dist/tex/latex/beamer/beamerbasefra
mesize.sty
\beamer@splitbox=\box65
\beamer@autobreakcount=\count306
\beamer@autobreaklastheight=\dimen263
\beamer@frametitletoks=\toks29
\beamer@framesubtitletoks=\toks30
)
(/Users/jacksontorres/Library/TinyTeX/texmf-dist/tex/latex/beamer/beamerbasefra
mecomponents.sty
\beamer@footins=\box66
)
(/Users/jacksontorres/Library/TinyTeX/texmf-dist/tex/latex/beamer/beamerbasecol
or.sty)
(/Users/jacksontorres/Library/TinyTeX/texmf-dist/tex/latex/beamer/beamerbasenot
es.sty
\beamer@frameboxcopy=\box67
)
(/Users/jacksontorres/Library/TinyTeX/texmf-dist/tex/latex/beamer/beamerbasetoc
.sty)
(/Users/jacksontorres/Library/TinyTeX/texmf-dist/tex/latex/beamer/beamerbasetem
plates.sty
\beamer@sbttoks=\toks31

(/Users/jacksontorres/Library/TinyTeX/texmf-dist/tex/latex/beamer/beamerbaseaux
templates.sty
(/Users/jacksontorres/Library/TinyTeX/texmf-dist/tex/latex/beamer/beamerbasebox
es.sty
\bmb@box=\box68
\bmb@colorbox=\box69
\bmb@boxwidth=\dimen264
\bmb@boxheight=\dimen265
\bmb@prevheight=\dimen266
\bmb@temp=\dimen267
\bmb@dima=\dimen268
\bmb@dimb=\dimen269
\bmb@prevheight=\dimen270
)
\beamer@blockheadheight=\dimen271
))
(/Users/jacksontorres/Library/TinyTeX/texmf-dist/tex/latex/beamer/beamerbaseloc
alstructure.sty (/Users/jacksontorres/Library/TinyTeX/texmf-dist/tex/latex/tool
s/enumerate.sty
Package: enumerate 2015/07/23 v3.00 enumerate extensions (DPC)
\@enLab=\toks32
)
\beamer@bibiconwidth=\skip55
\c@figure=\count307
\c@table=\count308
\abovecaptionskip=\skip56
\belowcaptionskip=\skip57
)
(/Users/jacksontorres/Library/TinyTeX/texmf-dist/tex/latex/beamer/beamerbasenav
igation.sty
\beamer@section@min@dim=\dimen272
)
(/Users/jacksontorres/Library/TinyTeX/texmf-dist/tex/latex/beamer/beamerbasethe
orems.sty (/Users/jacksontorres/Library/TinyTeX/texmf-dist/tex/latex/amsmath/am
smath.sty
Package: amsmath 2020/09/23 v2.17i AMS math features
\@mathmargin=\skip58
For additional information on amsmath, use the `?' option.
(/Users/jacksontorres/Library/TinyTeX/texmf-dist/tex/latex/amsmath/amstext.sty
Package: amstext 2000/06/29 v2.01 AMS text
(/Users/jacksontorres/Library/TinyTeX/texmf-dist/tex/latex/amsmath/amsgen.sty
File: amsgen.sty 1999/11/30 v2.0 generic functions
\@emptytoks=\toks33
\ex@=\dimen273
)) (/Users/jacksontorres/Library/TinyTeX/texmf-dist/tex/latex/amsmath/amsbsy.st
y
Package: amsbsy 1999/11/29 v1.2d Bold Symbols
\pmbraise@=\dimen274
) (/Users/jacksontorres/Library/TinyTeX/texmf-dist/tex/latex/amsmath/amsopn.sty
Package: amsopn 2016/03/08 v2.02 operator names
)
\inf@bad=\count309
LaTeX Info: Redefining \frac on input line 234.
\uproot@=\count310
\leftroot@=\count311
LaTeX Info: Redefining \overline on input line 399.
\classnum@=\count312
\DOTSCASE@=\count313
LaTeX Info: Redefining \ldots on input line 496.
LaTeX Info: Redefining \dots on input line 499.
LaTeX Info: Redefining \cdots on input line 620.
\Mathstrutbox@=\box70
\strutbox@=\box71
\big@size=\dimen275
LaTeX Font Info:    Redeclaring font encoding OML on input line 743.
LaTeX Font Info:    Redeclaring font encoding OMS on input line 744.
\macc@depth=\count314
\c@MaxMatrixCols=\count315
\dotsspace@=\muskip17
\c@parentequation=\count316
\dspbrk@lvl=\count317
\tag@help=\toks34
\row@=\count318
\column@=\count319
\maxfields@=\count320
\andhelp@=\toks35
\eqnshift@=\dimen276
\alignsep@=\dimen277
\tagshift@=\dimen278
\tagwidth@=\dimen279
\totwidth@=\dimen280
\lineht@=\dimen281
\@envbody=\toks36
\multlinegap=\skip59
\multlinetaggap=\skip60
\mathdisplay@stack=\toks37
LaTeX Info: Redefining \[ on input line 2923.
LaTeX Info: Redefining \] on input line 2924.
) (/Users/jacksontorres/Library/TinyTeX/texmf-dist/tex/latex/amscls/amsthm.sty
Package: amsthm 2020/05/29 v2.20.6
\thm@style=\toks38
\thm@bodyfont=\toks39
\thm@headfont=\toks40
\thm@notefont=\toks41
\thm@headpunct=\toks42
\thm@preskip=\skip61
\thm@postskip=\skip62
\thm@headsep=\skip63
\dth@everypar=\toks43
)
\c@theorem=\count321
)
(/Users/jacksontorres/Library/TinyTeX/texmf-dist/tex/latex/beamer/beamerbasethe
mes.sty))
(/Users/jacksontorres/Library/TinyTeX/texmf-dist/tex/latex/beamer/beamerthemede
fault.sty
(/Users/jacksontorres/Library/TinyTeX/texmf-dist/tex/latex/beamer/beamerfontthe
medefault.sty)
(/Users/jacksontorres/Library/TinyTeX/texmf-dist/tex/latex/beamer/beamercolorth
emedefault.sty)
(/Users/jacksontorres/Library/TinyTeX/texmf-dist/tex/latex/beamer/beamerinnerth
emedefault.sty
\beamer@dima=\dimen282
\beamer@dimb=\dimen283
)
(/Users/jacksontorres/Library/TinyTeX/texmf-dist/tex/latex/beamer/beamerouterth
emedefault.sty)))
(/Users/jacksontorres/Library/TinyTeX/texmf-dist/tex/latex/pgf/utilities/pgfpag
es.sty
Package: pgfpages 2011/01/05 ver 0.02
(/Users/jacksontorres/Library/TinyTeX/texmf-dist/tex/latex/tools/calc.sty
Package: calc 2017/05/25 v4.3 Infix arithmetic (KKT,FJ)
\calc@Acount=\count322
\calc@Bcount=\count323
\calc@Adimen=\dimen284
\calc@Bdimen=\dimen285
\calc@Askip=\skip64
\calc@Bskip=\skip65
LaTeX Info: Redefining \setlength on input line 80.
LaTeX Info: Redefining \addtolength on input line 81.
\calc@Ccount=\count324
\calc@Cskip=\skip66
)
\pgf@logicalpages=\count325
\pgf@firstshipout=\count326
\pgf@lastshipout=\count327
\pgf@currentshipout=\count328
\pgf@cpn=\count329
\pgf@shipoutnextto=\count330
\pgfphysicalheight=\dimen286
\pgfphysicalwidth=\dimen287
\pgfpages@shipoutbox=\box72
) (/Users/jacksontorres/Library/TinyTeX/texmf-dist/tex/latex/lm/lmodern.sty
Package: lmodern 2009/10/30 v1.6 Latin Modern Fonts
LaTeX Font Info:    Overwriting symbol font `operators' in version `normal'
(Font)                  OT1/cmr/m/n --> OT1/lmr/m/n on input line 22.
LaTeX Font Info:    Overwriting symbol font `letters' in version `normal'
(Font)                  OML/cmm/m/it --> OML/lmm/m/it on input line 23.
LaTeX Font Info:    Overwriting symbol font `symbols' in version `normal'
(Font)                  OMS/cmsy/m/n --> OMS/lmsy/m/n on input line 24.
LaTeX Font Info:    Overwriting symbol font `largesymbols' in version `normal'
(Font)                  OMX/cmex/m/n --> OMX/lmex/m/n on input line 25.
LaTeX Font Info:    Overwriting symbol font `operators' in version `bold'
(Font)                  OT1/cmr/bx/n --> OT1/lmr/bx/n on input line 26.
LaTeX Font Info:    Overwriting symbol font `letters' in version `bold'
(Font)                  OML/cmm/b/it --> OML/lmm/b/it on input line 27.
LaTeX Font Info:    Overwriting symbol font `symbols' in version `bold'
(Font)                  OMS/cmsy/b/n --> OMS/lmsy/b/n on input line 28.
LaTeX Font Info:    Overwriting symbol font `largesymbols' in version `bold'
(Font)                  OMX/cmex/m/n --> OMX/lmex/m/n on input line 29.
LaTeX Font Info:    Overwriting math alphabet `\mathbf' in version `normal'
(Font)                  OT1/cmr/bx/n --> OT1/lmr/bx/n on input line 31.
LaTeX Font Info:    Overwriting math alphabet `\mathsf' in version `normal'
(Font)                  OT1/cmss/m/n --> OT1/lmss/m/n on input line 32.
LaTeX Font Info:    Overwriting math alphabet `\mathit' in version `normal'
(Font)                  OT1/cmr/m/it --> OT1/lmr/m/it on input line 33.
LaTeX Font Info:    Overwriting math alphabet `\mathtt' in version `normal'
(Font)                  OT1/cmtt/m/n --> OT1/lmtt/m/n on input line 34.
LaTeX Font Info:    Overwriting math alphabet `\mathbf' in version `bold'
(Font)                  OT1/cmr/bx/n --> OT1/lmr/bx/n on input line 35.
LaTeX Font Info:    Overwriting math alphabet `\mathsf' in version `bold'
(Font)                  OT1/cmss/bx/n --> OT1/lmss/bx/n on input line 36.
LaTeX Font Info:    Overwriting math alphabet `\mathit' in version `bold'
(Font)                  OT1/cmr/bx/it --> OT1/lmr/bx/it on input line 37.
LaTeX Font Info:    Overwriting math alphabet `\mathtt' in version `bold'
(Font)                  OT1/cmtt/m/n --> OT1/lmtt/m/n on input line 38.
) (/Users/jacksontorres/Library/TinyTeX/texmf-dist/tex/generic/iftex/ifxetex.st
y
Package: ifxetex 2019/10/25 v0.7 ifxetex legacy package. Use iftex instead.
)
(/Users/jacksontorres/Library/TinyTeX/texmf-dist/tex/generic/iftex/ifluatex.sty
Package: ifluatex 2019/10/25 v1.5 ifluatex legacy package. Use iftex instead.
) (/Users/jacksontorres/Library/TinyTeX/texmf-dist/tex/latex/base/fixltx2e.sty
Package: fixltx2e 2016/12/29 v2.1a fixes to LaTeX (obsolete)
Applying: [2015/01/01] Old fixltx2e package on input line 46.

Package fixltx2e Warning: fixltx2e is not required with releases after 2015
(fixltx2e)                All fixes are now in the LaTeX kernel.
(fixltx2e)                See the latexrelease package for details.

Already applied: [0000/00/00] Old fixltx2e package on input line 53.
) (/Users/jacksontorres/Library/TinyTeX/texmf-dist/tex/latex/base/fontenc.sty
Package: fontenc 2020/08/10 v2.0s Standard LaTeX package
LaTeX Font Info:    Trying to load font information for T1+lmss on input line 1
12.
(/Users/jacksontorres/Library/TinyTeX/texmf-dist/tex/latex/lm/t1lmss.fd
File: t1lmss.fd 2009/10/30 v1.6 Font defs for Latin Modern
)) (/Users/jacksontorres/Library/TinyTeX/texmf-dist/tex/latex/base/inputenc.sty
Package: inputenc 2020/08/01 v1.3d Input encoding file
\inpenc@prehook=\toks44
\inpenc@posthook=\toks45
) (/Users/jacksontorres/Library/TinyTeX/texmf-dist/tex/latex/base/textcomp.sty
Package: textcomp 2020/02/02 v2.0n Standard LaTeX package
) (/Users/jacksontorres/Library/TinyTeX/texmf-dist/tex/latex/upquote/upquote.st
y
Package: upquote 2012/04/19 v1.3 upright-quote and grave-accent glyphs in verba
tim
)
(/Users/jacksontorres/Library/TinyTeX/texmf-dist/tex/latex/microtype/microtype.
sty
Package: microtype 2021/02/25 v2.8b Micro-typographical refinements (RS)
\MT@toks=\toks46
\MT@count=\count331
LaTeX Info: Redefining \textls on input line 788.
\MT@outer@kern=\dimen288
LaTeX Info: Redefining \textmicrotypecontext on input line 1358.
\MT@listname@count=\count332

(/Users/jacksontorres/Library/TinyTeX/texmf-dist/tex/latex/microtype/microtype-
pdftex.def
File: microtype-pdftex.def 2021/02/25 v2.8b Definitions specific to pdftex (RS)

LaTeX Info: Redefining \lsstyle on input line 915.
LaTeX Info: Redefining \lslig on input line 915.
\MT@outer@space=\skip67
)
Package microtype Info: Loading configuration file microtype.cfg.

(/Users/jacksontorres/Library/TinyTeX/texmf-dist/tex/latex/microtype/microtype.
cfg
File: microtype.cfg 2021/02/25 v2.8b microtype main configuration file (RS)
))
Package hyperref Info: Option `breaklinks' set `true' on input line 73.
(/Users/jacksontorres/Library/TinyTeX/texmf-dist/tex/latex/tools/longtable.sty
Package: longtable 2020/01/07 v4.13 Multi-page Table package (DPC)
\LTleft=\skip68
\LTright=\skip69
\LTpre=\skip70
\LTpost=\skip71
\LTchunksize=\count333
\LTcapwidth=\dimen289
\LT@head=\box73
\LT@firsthead=\box74
\LT@foot=\box75
\LT@lastfoot=\box76
\LT@cols=\count334
\LT@rows=\count335
\c@LT@tables=\count336
\c@LT@chunks=\count337
\LT@p@ftn=\toks47
)
(/Users/jacksontorres/Library/TinyTeX/texmf-dist/tex/latex/booktabs/booktabs.st
y
Package: booktabs 2020/01/12 v1.61803398 Publication quality tables
\heavyrulewidth=\dimen290
\lightrulewidth=\dimen291
\cmidrulewidth=\dimen292
\belowrulesep=\dimen293
\belowbottomsep=\dimen294
\aboverulesep=\dimen295
\abovetopsep=\dimen296
\cmidrulesep=\dimen297
\cmidrulekern=\dimen298
\defaultaddspace=\dimen299
\@cmidla=\count338
\@cmidlb=\count339
\@aboverulesep=\dimen300
\@belowrulesep=\dimen301
\@thisruleclass=\count340
\@lastruleclass=\count341
\@thisrulewidth=\dimen302
) (/Users/jacksontorres/Library/TinyTeX/texmf-dist/tex/latex/caption/caption.st
y
Package: caption 2020/10/26 v3.5g Customizing captions (AR)

(/Users/jacksontorres/Library/TinyTeX/texmf-dist/tex/latex/caption/caption3.sty
Package: caption3 2020/10/21 v2.2e caption3 kernel (AR)
\captionmargin=\dimen303
\captionmargin@=\dimen304
\captionwidth=\dimen305
\caption@tempdima=\dimen306
\caption@indent=\dimen307
\caption@parindent=\dimen308
\caption@hangindent=\dimen309
Package caption Info: beamer document class detected.

(/Users/jacksontorres/Library/TinyTeX/texmf-dist/tex/latex/caption/caption-beam
er.sto
File: caption-beamer.sto 2020/08/22 v2.0 Adaption of the caption package to the
 beamer document classes (AR)
))
\c@caption@flags=\count342
\c@continuedfloat=\count343
Package caption Info: hyperref package is loaded.
Package caption Info: Hyperref support is turned off
(caption)             because hyperref has stopped early.
Package caption Info: longtable package is loaded.

(/Users/jacksontorres/Library/TinyTeX/texmf-dist/tex/latex/caption/ltcaption.st
y
Package: ltcaption 2020/05/30 v1.4b longtable captions (AR)
)) (./packages.tex (/Users/jacksontorres/Library/TinyTeX/texmf-dist/tex/latex/b
ase/fontenc.sty
Package: fontenc 2020/08/10 v2.0s Standard LaTeX package
) (/Users/jacksontorres/Library/TinyTeX/texmf-dist/tex/generic/babel/babel.sty
Package: babel 2021/02/22 3.54 The Babel package
(/Users/jacksontorres/Library/TinyTeX/texmf-dist/tex/generic/babel/babel.def
File: babel.def 2021/02/22 3.54 Babel common definitions
\babel@savecnt=\count344
\U@D=\dimen310
\l@babelnohyphens=\language6

(/Users/jacksontorres/Library/TinyTeX/texmf-dist/tex/generic/babel/txtbabel.def
)
\bbl@readstream=\read3
)
LaTeX Info: Redefining \textlatin on input line 717.
\bbl@dirlevel=\count345

(/Users/jacksontorres/Library/TinyTeX/texmf-dist/tex/generic/babel-portuges/bra
zil.ldf
Language: portuges 2021/02/04 v1.2s Portuguese support from the babel system
Package babel Info: \l@brazil = using hyphenrules for portuguese
(babel)             (\language4) on input line 111.
Package babel Info: Making " an active character on input line 143.
))
(/Users/jacksontorres/Library/TinyTeX/texmf-dist/tex/latex/beamer/beamercolorth
emeorchid.sty)
(/Users/jacksontorres/Library/TinyTeX/texmf-dist/tex/latex/beamer/beamerfontthe
meserif.sty)
(/Users/jacksontorres/Library/TinyTeX/texmf-dist/tex/latex/wallpaper/wallpaper.
sty
Package: wallpaper 2005/01/18, v1.01 easy wallpaper formatting (MHFW)
(/Users/jacksontorres/Library/TinyTeX/texmf-dist/tex/latex/base/ifthen.sty
Package: ifthen 2014/09/29 v1.1c Standard LaTeX ifthen package (DPC)
) (/Users/jacksontorres/Library/TinyTeX/texmf-dist/tex/latex/eso-pic/eso-pic.st
y
Package: eso-pic 2020/10/14 v3.0a eso-pic (RN)
\ESO@tempdima=\dimen311
\ESO@tempdimb=\dimen312
)
\wpXoffset=\skip72
\wpYoffset=\skip73
\tileXoffset=\skip74
\tileYoffset=\skip75
\tilewidth=\skip76
\tileheight=\skip77
\tileX=\skip78
\tileY=\skip79
)
(/Users/jacksontorres/Library/TinyTeX/texmf-dist/tex/latex/pgf/frontendlayer/ti
kz.sty
(/Users/jacksontorres/Library/TinyTeX/texmf-dist/tex/latex/pgf/basiclayer/pgf.s
ty
Package: pgf 2020/12/27 v3.1.8b (3.1.8b)

(/Users/jacksontorres/Library/TinyTeX/texmf-dist/tex/generic/pgf/modules/pgfmod
uleshapes.code.tex
File: pgfmoduleshapes.code.tex 2020/12/27 v3.1.8b (3.1.8b)
\pgfnodeparttextbox=\box77
)
(/Users/jacksontorres/Library/TinyTeX/texmf-dist/tex/generic/pgf/modules/pgfmod
uleplot.code.tex
File: pgfmoduleplot.code.tex 2020/12/27 v3.1.8b (3.1.8b)
)
(/Users/jacksontorres/Library/TinyTeX/texmf-dist/tex/latex/pgf/compatibility/pg
fcomp-version-0-65.sty
Package: pgfcomp-version-0-65 2020/12/27 v3.1.8b (3.1.8b)
\pgf@nodesepstart=\dimen313
\pgf@nodesepend=\dimen314
)
(/Users/jacksontorres/Library/TinyTeX/texmf-dist/tex/latex/pgf/compatibility/pg
fcomp-version-1-18.sty
Package: pgfcomp-version-1-18 2020/12/27 v3.1.8b (3.1.8b)
))
(/Users/jacksontorres/Library/TinyTeX/texmf-dist/tex/latex/pgf/utilities/pgffor
.sty
(/Users/jacksontorres/Library/TinyTeX/texmf-dist/tex/latex/pgf/utilities/pgfkey
s.sty
(/Users/jacksontorres/Library/TinyTeX/texmf-dist/tex/generic/pgf/utilities/pgfk
eys.code.tex))
(/Users/jacksontorres/Library/TinyTeX/texmf-dist/tex/latex/pgf/math/pgfmath.sty

(/Users/jacksontorres/Library/TinyTeX/texmf-dist/tex/generic/pgf/math/pgfmath.c
ode.tex))
(/Users/jacksontorres/Library/TinyTeX/texmf-dist/tex/generic/pgf/utilities/pgff
or.code.tex
Package: pgffor 2020/12/27 v3.1.8b (3.1.8b)

(/Users/jacksontorres/Library/TinyTeX/texmf-dist/tex/generic/pgf/math/pgfmath.c
ode.tex)
\pgffor@iter=\dimen315
\pgffor@skip=\dimen316
\pgffor@stack=\toks48
\pgffor@toks=\toks49
))
(/Users/jacksontorres/Library/TinyTeX/texmf-dist/tex/generic/pgf/frontendlayer/
tikz/tikz.code.tex
Package: tikz 2020/12/27 v3.1.8b (3.1.8b)

(/Users/jacksontorres/Library/TinyTeX/texmf-dist/tex/generic/pgf/libraries/pgfl
ibraryplothandlers.code.tex
File: pgflibraryplothandlers.code.tex 2020/12/27 v3.1.8b (3.1.8b)
\pgf@plot@mark@count=\count346
\pgfplotmarksize=\dimen317
)
\tikz@lastx=\dimen318
\tikz@lasty=\dimen319
\tikz@lastxsaved=\dimen320
\tikz@lastysaved=\dimen321
\tikz@lastmovetox=\dimen322
\tikz@lastmovetoy=\dimen323
\tikzleveldistance=\dimen324
\tikzsiblingdistance=\dimen325
\tikz@figbox=\box78
\tikz@figbox@bg=\box79
\tikz@tempbox=\box80
\tikz@tempbox@bg=\box81
\tikztreelevel=\count347
\tikznumberofchildren=\count348
\tikznumberofcurrentchild=\count349
\tikz@fig@count=\count350

(/Users/jacksontorres/Library/TinyTeX/texmf-dist/tex/generic/pgf/modules/pgfmod
ulematrix.code.tex
File: pgfmodulematrix.code.tex 2020/12/27 v3.1.8b (3.1.8b)
\pgfmatrixcurrentrow=\count351
\pgfmatrixcurrentcolumn=\count352
\pgf@matrix@numberofcolumns=\count353
)
\tikz@expandcount=\count354

(/Users/jacksontorres/Library/TinyTeX/texmf-dist/tex/generic/pgf/frontendlayer/
tikz/libraries/tikzlibrarytopaths.code.tex
File: tikzlibrarytopaths.code.tex 2020/12/27 v3.1.8b (3.1.8b)
)))
(/Users/jacksontorres/Library/TinyTeX/texmf-dist/tex/latex/biblatex/biblatex.st
y
Package: biblatex 2020/12/31 v3.16 programmable bibliographies (PK/MW)
(/Users/jacksontorres/Library/TinyTeX/texmf-dist/tex/latex/logreq/logreq.sty
Package: logreq 2010/08/04 v1.0 xml request logger
\lrq@indent=\count355
(/Users/jacksontorres/Library/TinyTeX/texmf-dist/tex/latex/logreq/logreq.def
File: logreq.def 2010/08/04 v1.0 logreq spec v1.0
))
\c@tabx@nest=\count356
\c@listtotal=\count357
\c@listcount=\count358
\c@liststart=\count359
\c@liststop=\count360
\c@citecount=\count361
\c@citetotal=\count362
\c@multicitecount=\count363
\c@multicitetotal=\count364
\c@instcount=\count365
\c@maxnames=\count366
\c@minnames=\count367
\c@maxitems=\count368
\c@minitems=\count369
\c@citecounter=\count370
\c@maxcitecounter=\count371
\c@savedcitecounter=\count372
\c@uniquelist=\count373
\c@uniquename=\count374
\c@refsection=\count375
\c@refsegment=\count376
\c@maxextratitle=\count377
\c@maxextratitleyear=\count378
\c@maxextraname=\count379
\c@maxextradate=\count380
\c@maxextraalpha=\count381
\c@abbrvpenalty=\count382
\c@highnamepenalty=\count383
\c@lownamepenalty=\count384
\c@maxparens=\count385
\c@parenlevel=\count386
\blx@tempcnta=\count387
\blx@tempcntb=\count388
\blx@tempcntc=\count389
\blx@maxsection=\count390
\blx@maxsegment@0=\count391
\blx@notetype=\count392
\blx@parenlevel@text=\count393
\blx@parenlevel@foot=\count394
\blx@sectionciteorder@0=\count395
\blx@entrysetcounter=\count396
\blx@biblioinstance=\count397
\labelnumberwidth=\skip80
\labelalphawidth=\skip81
\biblabelsep=\skip82
\bibitemsep=\skip83
\bibnamesep=\skip84
\bibinitsep=\skip85
\bibparsep=\skip86
\bibhang=\skip87
\blx@bcfin=\read4
\blx@bcfout=\write5
\blx@langwohyphens=\language7
\c@mincomprange=\count398
\c@maxcomprange=\count399
\c@mincompwidth=\count400
Package biblatex Info: Trying to load biblatex default data model...
Package biblatex Info: ... file 'blx-dm.def' found.
(/Users/jacksontorres/Library/TinyTeX/texmf-dist/tex/latex/biblatex/blx-dm.def
File: blx-dm.def 2020/12/31 v3.16 biblatex localization (PK/MW)
)
Package biblatex Info: Trying to load biblatex style data model...
Package biblatex Info: ... file 'abnt.dbx' not found.
Package biblatex Info: Trying to load biblatex custom data model...
Package biblatex Info: ... file 'biblatex-dm.cfg' not found.
\c@afterword=\count401
\c@savedafterword=\count402
\c@annotator=\count403
\c@savedannotator=\count404
\c@author=\count405
\c@savedauthor=\count406
\c@bookauthor=\count407
\c@savedbookauthor=\count408
\c@commentator=\count409
\c@savedcommentator=\count410
\c@editor=\count411
\c@savededitor=\count412
\c@editora=\count413
\c@savededitora=\count414
\c@editorb=\count415
\c@savededitorb=\count416
\c@editorc=\count417
\c@savededitorc=\count418
\c@foreword=\count419
\c@savedforeword=\count420
\c@holder=\count421
\c@savedholder=\count422
\c@introduction=\count423
\c@savedintroduction=\count424
\c@namea=\count425
\c@savednamea=\count426
\c@nameb=\count427
\c@savednameb=\count428
\c@namec=\count429
\c@savednamec=\count430
\c@translator=\count431
\c@savedtranslator=\count432
\c@shortauthor=\count433
\c@savedshortauthor=\count434
\c@shorteditor=\count435
\c@savedshorteditor=\count436
\c@labelname=\count437
\c@savedlabelname=\count438
\c@institution=\count439
\c@savedinstitution=\count440
\c@lista=\count441
\c@savedlista=\count442
\c@listb=\count443
\c@savedlistb=\count444
\c@listc=\count445
\c@savedlistc=\count446
\c@listd=\count447
\c@savedlistd=\count448
\c@liste=\count449
\c@savedliste=\count450
\c@listf=\count451
\c@savedlistf=\count452
\c@location=\count453
\c@savedlocation=\count454
\c@organization=\count455
\c@savedorganization=\count456
\c@origlocation=\count457
\c@savedoriglocation=\count458
\c@origpublisher=\count459
\c@savedorigpublisher=\count460
\c@publisher=\count461
\c@savedpublisher=\count462
\c@language=\count463
\c@savedlanguage=\count464
\c@origlanguage=\count465
\c@savedoriglanguage=\count466
\c@pageref=\count467
\c@savedpageref=\count468
\shorthandwidth=\skip88
\shortjournalwidth=\skip89
\shortserieswidth=\skip90
\shorttitlewidth=\skip91
\shortauthorwidth=\skip92
\shorteditorwidth=\skip93
\locallabelnumberwidth=\skip94
\locallabelalphawidth=\skip95
\localshorthandwidth=\skip96
\localshortjournalwidth=\skip97
\localshortserieswidth=\skip98
\localshorttitlewidth=\skip99
\localshortauthorwidth=\skip100
\localshorteditorwidth=\skip101
Package biblatex Info: Trying to load compatibility code...
Package biblatex Info: ... file 'blx-compat.def' found.

(/Users/jacksontorres/Library/TinyTeX/texmf-dist/tex/latex/biblatex/blx-compat.
def
File: blx-compat.def 2020/12/31 v3.16 biblatex compatibility (PK/MW)
)
Package biblatex Info: Trying to load generic definitions...
Package biblatex Info: ... file 'biblatex.def' found.

(/Users/jacksontorres/Library/TinyTeX/texmf-dist/tex/latex/biblatex/biblatex.de
f
File: biblatex.def 2020/12/31 v3.16 biblatex compatibility (PK/MW)
\c@textcitecount=\count469
\c@textcitetotal=\count470
\c@textcitemaxnames=\count471
\c@biburlbigbreakpenalty=\count472
\c@biburlbreakpenalty=\count473
\c@biburlnumpenalty=\count474
\c@biburlucpenalty=\count475
\c@biburllcpenalty=\count476
\biburlbigskip=\muskip18
\biburlnumskip=\muskip19
\biburlucskip=\muskip20
\biburllcskip=\muskip21
\c@smartand=\count477
)
Package biblatex Info: Trying to load bibliography style 'abnt'...
Package biblatex Info: ... file 'abnt.bbx' found.

(/Users/jacksontorres/Library/TinyTeX/texmf-dist/tex/latex/biblatex-abnt/abnt.b
bx
File: abnt.bbx 2018-11-17 v3.4 ABNT BibLaTeX citation style

(/Users/jacksontorres/Library/TinyTeX/texmf-dist/tex/latex/l3packages/xparse/xp
arse.sty (/Users/jacksontorres/Library/TinyTeX/texmf-dist/tex/latex/l3kernel/ex
pl3.sty
Package: expl3 2021-02-18 L3 programming layer (loader) 

(/Users/jacksontorres/Library/TinyTeX/texmf-dist/tex/latex/l3backend/l3backend-
pdftex.def
File: l3backend-pdftex.def 2021-02-18 L3 backend support: PDF output (pdfTeX)
\l__color_backend_stack_int=\count478
\l__pdf_internal_box=\box82
))
(/Users/jacksontorres/Library/TinyTeX/texmf-dist/tex/latex/l3packages/xparse/xp
arse-2020-10-01.sty
(/Users/jacksontorres/Library/TinyTeX/texmf-dist/tex/latex/l3packages/xparse/xp
arse-generic.tex))) (/Users/jacksontorres/Library/TinyTeX/texmf-dist/tex/latex/
xpatch/xpatch.sty
Package: xpatch 2020/03/25 v0.3a Extending etoolbox patching commands
)
Package biblatex Info: Trying to load bibliography style 'standard'...
Package biblatex Info: ... file 'standard.bbx' found.

(/Users/jacksontorres/Library/TinyTeX/texmf-dist/tex/latex/biblatex/bbx/standar
d.bbx
File: standard.bbx 2020/12/31 v3.16 biblatex bibliography style (PK/MW)
\c@bbx:relatedcount=\count479
\c@bbx:relatedtotal=\count480
))
Package biblatex Info: Trying to load citation style 'abnt'...
Package biblatex Info: ... file 'abnt.cbx' found.

(/Users/jacksontorres/Library/TinyTeX/texmf-dist/tex/latex/biblatex-abnt/abnt.c
bx
File: abnt.cbx 2018-11-17 v3.4 ABNT BibLaTeX citation style
Package biblatex Info: Trying to load citation style 'authoryear-comp'...
Package biblatex Info: ... file 'authoryear-comp.cbx' found.

(/Users/jacksontorres/Library/TinyTeX/texmf-dist/tex/latex/biblatex/cbx/authory
ear-comp.cbx
File: authoryear-comp.cbx 2020/12/31 v3.16 biblatex citation style (PK/MW)
Package biblatex Info: Redefining '\cite'.
Package biblatex Info: Redefining '\parencite'.
Package biblatex Info: Redefining '\footcite'.
Package biblatex Info: Redefining '\footcitetext'.
Package biblatex Info: Redefining '\smartcite'.
Package biblatex Info: Redefining '\textcite'.
Package biblatex Info: Redefining '\textcites'.
Package biblatex Info: Redefining '\cites'.
Package biblatex Info: Redefining '\parencites'.
Package biblatex Info: Redefining '\footcites'.
Package biblatex Info: Redefining '\footcitetexts'.
Package biblatex Info: Redefining '\smartcites'.
)
Package biblatex Info: Redefining '\cite'.
Package biblatex Info: Redefining '\cites'.
Package biblatex Info: Redefining '\footcite'.
Package biblatex Info: Redefining '\footcites'.
Package biblatex Info: Redefining '\citetitle'.
Package biblatex Info: Redefining '\smartcite'.
Package biblatex Info: Redefining '\citeauthor'.
Package biblatex Info: Redefining '\citeyear'.
)
Package biblatex Info: Trying to load configuration file...
Package biblatex Info: ... file 'biblatex.cfg' found.

(/Users/jacksontorres/Library/TinyTeX/texmf-dist/tex/latex/biblatex/biblatex.cf
g
File: biblatex.cfg 
)))
(/Users/jacksontorres/Library/TinyTeX/texmf-dist/tex/latex/pdfpages/pdfpages.st
y
Package: pdfpages 2021/02/05 v0.5s Insert pages of external PDF documents (AM)
\AM@pagewidth=\dimen326
\AM@pageheight=\dimen327
\AM@fboxrule=\dimen328

(/Users/jacksontorres/Library/TinyTeX/texmf-dist/tex/latex/pdfpages/pppdftex.de
f
File: pppdftex.def 2021/02/05 v0.5s Pdfpages driver for pdfTeX (AM)
)
\pdfpages@includegraphics@status=\count481
\AM@pagebox=\box83
\AM@global@opts=\toks50
\AM@pagecnt=\count482
\AM@toc@title=\toks51
\c@AM@survey=\count483
\AM@templatesizebox=\box84
) (./preamble.tex) (/Users/jacksontorres/Library/TinyTeX/texmf-dist/tex/latex/p
snfss/helvet.sty
Package: helvet 2020/03/25 PSNFSS-v9.3 (WaS) 
)
\@indexfile=\write6
\openout6 = `01-presentation.idx'.

Writing index file 01-presentation.idx
   defining Unicode char U+0301 (decimal 769)
   defining Unicode char U+0303 (decimal 771)
   defining Unicode char U+0327 (decimal 807)
   defining Unicode char U+0302 (decimal 770)

Package biblatex Warning: 'babel/polyglossia' detected but 'csquotes' missing.
(biblatex)                Loading 'csquotes' recommended.

\@quotelevel=\count484
\@quotereset=\count485
LaTeX Font Info:    Trying to load font information for T1+phv on input line 10
7.
(/Users/jacksontorres/Library/TinyTeX/texmf-dist/tex/latex/psnfss/t1phv.fd
File: t1phv.fd 2020/03/25 scalable font definitions for T1/phv.
) (./01-presentation.aux)
\openout1 = `01-presentation.aux'.

LaTeX Font Info:    Checking defaults for OML/cmm/m/it on input line 107.
LaTeX Font Info:    ... okay on input line 107.
LaTeX Font Info:    Checking defaults for OMS/cmsy/m/n on input line 107.
LaTeX Font Info:    ... okay on input line 107.
LaTeX Font Info:    Checking defaults for OT1/cmr/m/n on input line 107.
LaTeX Font Info:    ... okay on input line 107.
LaTeX Font Info:    Checking defaults for T1/cmr/m/n on input line 107.
LaTeX Font Info:    ... okay on input line 107.
LaTeX Font Info:    Checking defaults for TS1/cmr/m/n on input line 107.
LaTeX Font Info:    ... okay on input line 107.
LaTeX Font Info:    Checking defaults for OMX/cmex/m/n on input line 107.
LaTeX Font Info:    ... okay on input line 107.
LaTeX Font Info:    Checking defaults for U/cmr/m/n on input line 107.
LaTeX Font Info:    ... okay on input line 107.
LaTeX Font Info:    Checking defaults for PD1/pdf/m/n on input line 107.
LaTeX Font Info:    ... okay on input line 107.
LaTeX Font Info:    Checking defaults for PU/pdf/m/n on input line 107.
LaTeX Font Info:    ... okay on input line 107.
*geometry* driver: auto-detecting
*geometry* detected driver: pdftex
*geometry* verbose mode - [ preamble ] result:
* driver: pdftex
* paper: custom
* layout: <same size as paper>
* layoutoffset:(h,v)=(0.0pt,0.0pt)
* modes: includehead includefoot 
* h-part:(L,W,R)=(28.45274pt, 398.3386pt, 28.45274pt)
* v-part:(T,H,B)=(0.0pt, 256.0748pt, 0.0pt)
* \paperwidth=455.24408pt
* \paperheight=256.0748pt
* \textwidth=398.3386pt
* \textheight=227.62207pt
* \oddsidemargin=-43.81725pt
* \evensidemargin=-43.81725pt
* \topmargin=-72.26999pt
* \headheight=14.22636pt
* \headsep=0.0pt
* \topskip=11.0pt
* \footskip=14.22636pt
* \marginparwidth=4.0pt
* \marginparsep=10.0pt
* \columnsep=10.0pt
* \skip\footins=10.0pt plus 4.0pt minus 2.0pt
* \hoffset=0.0pt
* \voffset=0.0pt
* \mag=1000
* \@twocolumnfalse
* \@twosidefalse
* \@mparswitchfalse
* \@reversemarginfalse
* (1in=72.27pt=25.4mm, 1cm=28.453pt)


(/Users/jacksontorres/Library/TinyTeX/texmf-dist/tex/latex/epstopdf-pkg/epstopd
f-base.sty
Package: epstopdf-base 2020-01-24 v2.11 Base part for package epstopdf
(/Users/jacksontorres/Library/TinyTeX/texmf-dist/tex/latex/grfext/grfext.sty
Package: grfext 2019/12/03 v1.3 Manage graphics extensions (HO)
)
Package epstopdf-base Info: Redefining graphics rule for `.eps' on input line 4
85.
Package grfext Info: Graphics extension search list:
(grfext)             [.pdf,.png,.jpg,.mps,.jpeg,.jbig2,.jb2,.PDF,.PNG,.JPG,.JPE
G,.JBIG2,.JB2,.eps]
(grfext)             \AppendGraphicsExtensions on input line 504.

(/Users/jacksontorres/Library/TinyTeX/texmf-dist/tex/latex/latexconfig/epstopdf
-sys.cfg
File: epstopdf-sys.cfg 2010/07/13 v1.3 Configuration of (r)epstopdf for TeX Liv
e
))
Package hyperref Info: Link coloring OFF on input line 107.

(/Users/jacksontorres/Library/TinyTeX/texmf-dist/tex/latex/hyperref/nameref.sty
Package: nameref 2021-04-02 v2.47 Cross-referencing by name of section

(/Users/jacksontorres/Library/TinyTeX/texmf-dist/tex/latex/refcount/refcount.st
y
Package: refcount 2019/12/15 v3.6 Data extraction from label references (HO)
)
(/Users/jacksontorres/Library/TinyTeX/texmf-dist/tex/generic/gettitlestring/get
titlestring.sty
Package: gettitlestring 2019/12/15 v1.6 Cleanup title references (HO)
)
\c@section@level=\count486
)
LaTeX Info: Redefining \ref on input line 107.
LaTeX Info: Redefining \pageref on input line 107.
LaTeX Info: Redefining \nameref on input line 107.
(./01-presentation.out) (./01-presentation.out)
\@outlinefile=\write7
\openout7 = `01-presentation.out'.


(/Users/jacksontorres/Library/TinyTeX/texmf-dist/tex/latex/translator/translato
r-basic-dictionary-English.dict
Dictionary: translator-basic-dictionary, Language: English 
)
(/Users/jacksontorres/Library/TinyTeX/texmf-dist/tex/latex/translator/translato
r-bibliography-dictionary-English.dict
Dictionary: translator-bibliography-dictionary, Language: English 
)
(/Users/jacksontorres/Library/TinyTeX/texmf-dist/tex/latex/translator/translato
r-environment-dictionary-English.dict
Dictionary: translator-environment-dictionary, Language: English 
)
(/Users/jacksontorres/Library/TinyTeX/texmf-dist/tex/latex/translator/translato
r-months-dictionary-English.dict
Dictionary: translator-months-dictionary, Language: English 
)
(/Users/jacksontorres/Library/TinyTeX/texmf-dist/tex/latex/translator/translato
r-numbers-dictionary-English.dict
Dictionary: translator-numbers-dictionary, Language: English 
)
(/Users/jacksontorres/Library/TinyTeX/texmf-dist/tex/latex/translator/translato
r-theorem-dictionary-English.dict
Dictionary: translator-theorem-dictionary, Language: English 
)
LaTeX Info: Redefining \microtypecontext on input line 107.
Package microtype Info: Generating PDF output.
Package microtype Info: Character protrusion enabled (level 2).
Package microtype Info: Using protrusion set `basicmath'.
Package microtype Info: Automatic font expansion enabled (level 2),
(microtype)             stretch: 20, shrink: 20, step: 1, non-selected.
Package microtype Info: Using default expansion set `alltext-nott'.
LaTeX Info: Redefining \showhyphens on input line 107.
Package microtype Info: No adjustment of tracking.
Package microtype Info: No adjustment of interword spacing.
Package microtype Info: No adjustment of character kerning.
Package microtype Info: Loading generic protrusion settings for font family
(microtype)             `phv' (encoding: T1).
(microtype)             For optimal results, create family-specific settings.
(microtype)             See the microtype manual for details.
Package caption Info: Begin \AtBeginDocument code.
Package caption Info: End \AtBeginDocument code.
Package biblatex Info: Trying to load language 'brazil' -> 'brazil-abnt'...
Package biblatex Info: ... file 'brazil-abnt.lbx' found.

(/Users/jacksontorres/Library/TinyTeX/texmf-dist/tex/latex/biblatex-abnt/brazil
-abnt.lbx
File: brazil-abnt.lbx 2018-11-17 v3.4 ABNT BibLaTeX citation style
Package biblatex Info: Trying to load language 'brazilian-abnt' -> 'brazilian-a
bnt-abnt'...
Package biblatex Info: ... file 'brazilian-abnt-abnt.lbx' found.
(./brazilian-abnt-abnt.lbx
File: brazilian-abnt.lbx 2018-11-17 v3.4 ABNT BibLaTeX citation style
Package biblatex Info: Trying to load language 'brazilian' -> 'brazilian-abnt'.
..
Package biblatex Info: ... file 'brazilian-abnt.lbx' found.

(/Users/jacksontorres/Library/TinyTeX/texmf-dist/tex/latex/biblatex-abnt/brazil
ian-abnt.lbx
File: brazilian-abnt.lbx 2018-11-17 v3.4 ABNT BibLaTeX citation style
Package biblatex Info: Trying to load language 'brazilian'...
Package biblatex Info: ... file 'brazilian.lbx' found.

(/Users/jacksontorres/Library/TinyTeX/texmf-dist/tex/latex/biblatex/lbx/brazili
an.lbx
File: brazilian.lbx 2020/12/31 v3.16 biblatex localization (PK/MW)
)))
Package biblatex Info: Trying to load language 'brazilian-abnt' -> 'brazilian-a
bnt-abnt'...
Package biblatex Info: ... file 'brazilian-abnt-abnt.lbx' found.
(./brazilian-abnt-abnt.lbx
File: brazilian-abnt.lbx 2018-11-17 v3.4 ABNT BibLaTeX citation style
Package biblatex Info: Trying to load language 'brazilian' -> 'brazilian-abnt'.
..
Package biblatex Info: ... file 'brazilian-abnt.lbx' found.

(/Users/jacksontorres/Library/TinyTeX/texmf-dist/tex/latex/biblatex-abnt/brazil
ian-abnt.lbx
File: brazilian-abnt.lbx 2018-11-17 v3.4 ABNT BibLaTeX citation style
Package biblatex Info: Trying to load language 'brazilian'...
Package biblatex Info: ... file 'brazilian.lbx' found.

(/Users/jacksontorres/Library/TinyTeX/texmf-dist/tex/latex/biblatex/lbx/brazili
an.lbx
File: brazilian.lbx 2020/12/31 v3.16 biblatex localization (PK/MW)
)
Package biblatex Info: Trying to load language 'brazil'...
Package biblatex Info: ... file 'brazil.lbx' found.

(/Users/jacksontorres/Library/TinyTeX/texmf-dist/tex/latex/biblatex/lbx/brazil.
lbx
File: brazil.lbx 2020/12/31 v3.16 biblatex localization (PK/MW)
Package biblatex Info: Trying to load language 'brazilian'...
Package biblatex Info: ... file 'brazilian.lbx' found.

(/Users/jacksontorres/Library/TinyTeX/texmf-dist/tex/latex/biblatex/lbx/brazili
an.lbx
File: brazilian.lbx 2020/12/31 v3.16 biblatex localization (PK/MW)
)))
Package biblatex Info: Trying to load language 'brazil'...
Package biblatex Info: ... file 'brazil.lbx' found.

(/Users/jacksontorres/Library/TinyTeX/texmf-dist/tex/latex/biblatex/lbx/brazil.
lbx
File: brazil.lbx 2020/12/31 v3.16 biblatex localization (PK/MW)
Package biblatex Info: Trying to load language 'brazilian' -> 'brazilian-abnt'.
..
Package biblatex Info: ... file 'brazilian-abnt.lbx' found.

(/Users/jacksontorres/Library/TinyTeX/texmf-dist/tex/latex/biblatex-abnt/brazil
ian-abnt.lbx
File: brazilian-abnt.lbx 2018-11-17 v3.4 ABNT BibLaTeX citation style
Package biblatex Info: Trying to load language 'brazilian'...
Package biblatex Info: ... file 'brazilian.lbx' found.

(/Users/jacksontorres/Library/TinyTeX/texmf-dist/tex/latex/biblatex/lbx/brazili
an.lbx
File: brazilian.lbx 2020/12/31 v3.16 biblatex localization (PK/MW)
)
Package biblatex Info: Trying to load language 'brazil'...
Package biblatex Info: ... file 'brazil.lbx' found.

(/Users/jacksontorres/Library/TinyTeX/texmf-dist/tex/latex/biblatex/lbx/brazil.
lbx
File: brazil.lbx 2020/12/31 v3.16 biblatex localization (PK/MW)
Package biblatex Info: Trying to load language 'brazilian'...
Package biblatex Info: ... file 'brazilian.lbx' found.

(/Users/jacksontorres/Library/TinyTeX/texmf-dist/tex/latex/biblatex/lbx/brazili
an.lbx
File: brazilian.lbx 2020/12/31 v3.16 biblatex localization (PK/MW)
))))))
Package biblatex Info: Input encoding 'utf8' detected.
Package biblatex Info: Automatic encoding selection.
(biblatex)             Assuming data encoding 'utf8'.
Package biblatex Info: Document encoding is UTF8 ....
Package biblatex Info: ... and expl3
(biblatex)             2021-02-18 L3 programming layer (loader) 
(biblatex)             is new enough (at least 2020/04/06),
(biblatex)             setting 'casechanger=expl3'.

(/Users/jacksontorres/Library/TinyTeX/texmf-dist/tex/latex/biblatex/blx-case-ex
pl3.sty
Package: blx-case-expl3 2020/12/31 v3.16 expl3 case changing code for biblatex
)
\openout5 = `01-presentation.bcf'.

Package biblatex Info: Trying to load bibliographic data...
Package biblatex Info: ... file '01-presentation.bbl' not found.
No file 01-presentation.bbl.
Package biblatex Info: Reference section=0 on input line 107.
Package biblatex Info: Reference segment=0 on input line 107.

(/Users/jacksontorres/Library/TinyTeX/texmf-dist/tex/latex/pdflscape/pdflscape.
sty
Package: pdflscape 2019/12/05 v0.12 Display of landscape pages in PDF (HO)
(/Users/jacksontorres/Library/TinyTeX/texmf-dist/tex/latex/graphics/lscape.sty
Package: lscape 2020/05/28 v3.02 Landscape Pages (DPC)
)
Package pdflscape Info: Auto-detected driver: pdftex on input line 81.
) (./01-presentation.nav)
<CapaUFPR.jpg, id=13, 563.10374pt x 317.68687pt>
File: CapaUFPR.jpg Graphic file (type jpg)
<use CapaUFPR.jpg>
Package pdftex.def Info: CapaUFPR.jpg  used on input line 108.
(pdftex.def)             Requested size: 455.24408pt x 256.83534pt.
LaTeX Font Info:    Font shape `T1/phv/m/it' in size <14.4> not available
(Font)              Font shape `T1/phv/m/sl' tried instead on input line 108.

Overfull \vbox (93.40018pt too high) detected at line 108
 []

<FundoUFPR2.png, id=14, 564.60938pt x 315.42844pt>
File: FundoUFPR2.png Graphic file (type png)
<use FundoUFPR2.png>
Package pdftex.def Info: FundoUFPR2.png  used on input line 108.
(pdftex.def)             Requested size: 458.39076pt x 256.0748pt.
[1

{/Users/jacksontorres/Library/TinyTeX/texmf-var/fonts/map/pdftex/updmap/pdftex.
map} <./FundoUFPR2.png> <./CapaUFPR.jpg>]
File: FundoUFPR2.png Graphic file (type png)
<use FundoUFPR2.png>
Package pdftex.def Info: FundoUFPR2.png  used on input line 145.
(pdftex.def)             Requested size: 458.39076pt x 256.0748pt.
[2

]
LaTeX Font Info:    Font shape `T1/phv/m/it' in size <10.95> not available
(Font)              Font shape `T1/phv/m/sl' tried instead on input line 190.
LaTeX Font Info:    Trying to load font information for OT1+lmr on input line 1
90.
(/Users/jacksontorres/Library/TinyTeX/texmf-dist/tex/latex/lm/ot1lmr.fd
File: ot1lmr.fd 2009/10/30 v1.6 Font defs for Latin Modern
)
(/Users/jacksontorres/Library/TinyTeX/texmf-dist/tex/latex/microtype/mt-cmr.cfg
File: mt-cmr.cfg 2013/05/19 v2.2 microtype config. file: Computer Modern Roman 
(RS)
)
LaTeX Font Info:    Trying to load font information for OML+lmm on input line 1
90.
(/Users/jacksontorres/Library/TinyTeX/texmf-dist/tex/latex/lm/omllmm.fd
File: omllmm.fd 2009/10/30 v1.6 Font defs for Latin Modern
)
LaTeX Font Info:    Trying to load font information for OMS+lmsy on input line 
190.
(/Users/jacksontorres/Library/TinyTeX/texmf-dist/tex/latex/lm/omslmsy.fd
File: omslmsy.fd 2009/10/30 v1.6 Font defs for Latin Modern
)
LaTeX Font Info:    Trying to load font information for OMX+lmex on input line 
190.
(/Users/jacksontorres/Library/TinyTeX/texmf-dist/tex/latex/lm/omxlmex.fd
File: omxlmex.fd 2009/10/30 v1.6 Font defs for Latin Modern
)
LaTeX Font Info:    External font `lmex10' loaded for size
(Font)              <10.95> on input line 190.
LaTeX Font Info:    External font `lmex10' loaded for size
(Font)              <8> on input line 190.
LaTeX Font Info:    External font `lmex10' loaded for size
(Font)              <6> on input line 190.
LaTeX Font Info:    Trying to load font information for U+msa on input line 190
.
(/Users/jacksontorres/Library/TinyTeX/texmf-dist/tex/latex/amsfonts/umsa.fd
File: umsa.fd 2013/01/14 v3.01 AMS symbols A
)
(/Users/jacksontorres/Library/TinyTeX/texmf-dist/tex/latex/microtype/mt-msa.cfg
File: mt-msa.cfg 2006/02/04 v1.1 microtype config. file: AMS symbols (a) (RS)
)
LaTeX Font Info:    Trying to load font information for U+msb on input line 190
.
(/Users/jacksontorres/Library/TinyTeX/texmf-dist/tex/latex/amsfonts/umsb.fd
File: umsb.fd 2013/01/14 v3.01 AMS symbols B
)
(/Users/jacksontorres/Library/TinyTeX/texmf-dist/tex/latex/microtype/mt-msb.cfg
File: mt-msb.cfg 2005/06/01 v1.0 microtype config. file: AMS symbols (b) (RS)
)
File: FundoUFPR2.png Graphic file (type png)
<use FundoUFPR2.png>
Package pdftex.def Info: FundoUFPR2.png  used on input line 190.
(pdftex.def)             Requested size: 458.39076pt x 256.0748pt.
[3

]
File: FundoUFPR2.png Graphic file (type png)
<use FundoUFPR2.png>
Package pdftex.def Info: FundoUFPR2.png  used on input line 211.
(pdftex.def)             Requested size: 458.39076pt x 256.0748pt.
[4

]
File: FundoUFPR2.png Graphic file (type png)
<use FundoUFPR2.png>
Package pdftex.def Info: FundoUFPR2.png  used on input line 239.
(pdftex.def)             Requested size: 458.39076pt x 256.0748pt.
[5

]
LaTeX Font Info:    External font `lmex10' loaded for size
(Font)              <10> on input line 271.
LaTeX Font Info:    External font `lmex10' loaded for size
(Font)              <7> on input line 271.
LaTeX Font Info:    External font `lmex10' loaded for size
(Font)              <5> on input line 271.
LaTeX Font Info:    Font shape `T1/phv/m/it' in size <10> not available
(Font)              Font shape `T1/phv/m/sl' tried instead on input line 271.
File: FundoUFPR2.png Graphic file (type png)
<use FundoUFPR2.png>
Package pdftex.def Info: FundoUFPR2.png  used on input line 271.
(pdftex.def)             Requested size: 458.39076pt x 256.0748pt.
[6

]
File: FundoUFPR2.png Graphic file (type png)
<use FundoUFPR2.png>
Package pdftex.def Info: FundoUFPR2.png  used on input line 303.
(pdftex.def)             Requested size: 458.39076pt x 256.0748pt.
[7

]
File: FundoUFPR2.png Graphic file (type png)
<use FundoUFPR2.png>
Package pdftex.def Info: FundoUFPR2.png  used on input line 325.
(pdftex.def)             Requested size: 458.39076pt x 256.0748pt.
[8

]
<01-presentation_files/figure-beamer/diagram.sfn-1.pdf, id=91, 275.0275pt x 149
.55875pt>
File: 01-presentation_files/figure-beamer/diagram.sfn-1.pdf Graphic file (type 
pdf)
<use 01-presentation_files/figure-beamer/diagram.sfn-1.pdf>
Package pdftex.def Info: 01-presentation_files/figure-beamer/diagram.sfn-1.pdf 
 used on input line 339.
(pdftex.def)             Requested size: 275.02682pt x 149.55838pt.
File: FundoUFPR2.png Graphic file (type png)
<use FundoUFPR2.png>
Package pdftex.def Info: FundoUFPR2.png  used on input line 339.
(pdftex.def)             Requested size: 458.39076pt x 256.0748pt.
[9

 <./01-presentation_files/figure-beamer/diagram.sfn-1.pdf>]
File: FundoUFPR2.png Graphic file (type png)
<use FundoUFPR2.png>
Package pdftex.def Info: FundoUFPR2.png  used on input line 379.
(pdftex.def)             Requested size: 458.39076pt x 256.0748pt.
[10

]
File: FundoUFPR2.png Graphic file (type png)
<use FundoUFPR2.png>
Package pdftex.def Info: FundoUFPR2.png  used on input line 414.
(pdftex.def)             Requested size: 458.39076pt x 256.0748pt.
[11

]
<01-presentation_files/figure-beamer/count.banks-1.pdf, id=146, 207.77625pt x 1
33.49875pt>
File: 01-presentation_files/figure-beamer/count.banks-1.pdf Graphic file (type 
pdf)
<use 01-presentation_files/figure-beamer/count.banks-1.pdf>
Package pdftex.def Info: 01-presentation_files/figure-beamer/count.banks-1.pdf 
 used on input line 436.
(pdftex.def)             Requested size: 207.77573pt x 133.4984pt.
File: FundoUFPR2.png Graphic file (type png)
<use FundoUFPR2.png>
Package pdftex.def Info: FundoUFPR2.png  used on input line 436.
(pdftex.def)             Requested size: 458.39076pt x 256.0748pt.
[12

 <./01-presentation_files/figure-beamer/count.banks-1.pdf>]
<01-presentation_files/figure-beamer/kind.banks-1.pdf, id=162, 354.32375pt x 16
4.615pt>
File: 01-presentation_files/figure-beamer/kind.banks-1.pdf Graphic file (type p
df)
<use 01-presentation_files/figure-beamer/kind.banks-1.pdf>
Package pdftex.def Info: 01-presentation_files/figure-beamer/kind.banks-1.pdf  
used on input line 450.
(pdftex.def)             Requested size: 354.32288pt x 164.6146pt.
File: FundoUFPR2.png Graphic file (type png)
<use FundoUFPR2.png>
Package pdftex.def Info: FundoUFPR2.png  used on input line 450.
(pdftex.def)             Requested size: 458.39076pt x 256.0748pt.
[13

 <./01-presentation_files/figure-beamer/kind.banks-1.pdf>]
File: FundoUFPR2.png Graphic file (type png)
<use FundoUFPR2.png>
Package pdftex.def Info: FundoUFPR2.png  used on input line 478.
(pdftex.def)             Requested size: 458.39076pt x 256.0748pt.
[14

]
File: FundoUFPR2.png Graphic file (type png)
<use FundoUFPR2.png>
Package pdftex.def Info: FundoUFPR2.png  used on input line 513.
(pdftex.def)             Requested size: 458.39076pt x 256.0748pt.
[15

]
<01-presentation_files/figure-beamer/control.banks-1.pdf, id=194, 291.0875pt x 
164.615pt>
File: 01-presentation_files/figure-beamer/control.banks-1.pdf Graphic file (typ
e pdf)
<use 01-presentation_files/figure-beamer/control.banks-1.pdf>
Package pdftex.def Info: 01-presentation_files/figure-beamer/control.banks-1.pd
f  used on input line 535.
(pdftex.def)             Requested size: 291.08678pt x 164.6146pt.
File: FundoUFPR2.png Graphic file (type png)
<use FundoUFPR2.png>
Package pdftex.def Info: FundoUFPR2.png  used on input line 535.
(pdftex.def)             Requested size: 458.39076pt x 256.0748pt.
[16

 <./01-presentation_files/figure-beamer/control.banks-1.pdf>]
File: FundoUFPR2.png Graphic file (type png)
<use FundoUFPR2.png>
Package pdftex.def Info: FundoUFPR2.png  used on input line 562.
(pdftex.def)             Requested size: 458.39076pt x 256.0748pt.
[17

]
<01-presentation_files/figure-beamer/credit.pib-1.pdf, id=217, 209.78375pt x 13
3.49875pt>
File: 01-presentation_files/figure-beamer/credit.pib-1.pdf Graphic file (type p
df)
<use 01-presentation_files/figure-beamer/credit.pib-1.pdf>
Package pdftex.def Info: 01-presentation_files/figure-beamer/credit.pib-1.pdf  
used on input line 584.
(pdftex.def)             Requested size: 209.78322pt x 133.4984pt.
File: FundoUFPR2.png Graphic file (type png)
<use FundoUFPR2.png>
Package pdftex.def Info: FundoUFPR2.png  used on input line 584.
(pdftex.def)             Requested size: 458.39076pt x 256.0748pt.
[18

 <./01-presentation_files/figure-beamer/credit.pib-1.pdf>]
<01-presentation_files/figure-beamer/credit balance-1.pdf, id=232, 282.05376pt 
x 133.49875pt>
File: 01-presentation_files/figure-beamer/credit balance-1.pdf Graphic file (ty
pe pdf)
<use 01-presentation_files/figure-beamer/credit balance-1.pdf>
Package pdftex.def Info: 01-presentation_files/figure-beamer/credit balance-1.p
df  used on input line 599.
(pdftex.def)             Requested size: 282.05305pt x 133.4984pt.
File: FundoUFPR2.png Graphic file (type png)
<use FundoUFPR2.png>
Package pdftex.def Info: FundoUFPR2.png  used on input line 599.
(pdftex.def)             Requested size: 458.39076pt x 256.0748pt.
[19

 <./01-presentation_files/figure-beamer/credit balance-1.pdf>]
<01-presentation_files/figure-beamer/balance dl-1.pdf, id=247, 281.05pt x 124.4
65pt>
File: 01-presentation_files/figure-beamer/balance dl-1.pdf Graphic file (type p
df)
<use 01-presentation_files/figure-beamer/balance dl-1.pdf>
Package pdftex.def Info: 01-presentation_files/figure-beamer/balance dl-1.pdf  
used on input line 614.
(pdftex.def)             Requested size: 281.0493pt x 124.46469pt.
File: FundoUFPR2.png Graphic file (type png)
<use FundoUFPR2.png>
Package pdftex.def Info: FundoUFPR2.png  used on input line 614.
(pdftex.def)             Requested size: 458.39076pt x 256.0748pt.
[20

 <./01-presentation_files/figure-beamer/balance dl-1.pdf>]
File: FundoUFPR2.png Graphic file (type png)
<use FundoUFPR2.png>
Package pdftex.def Info: FundoUFPR2.png  used on input line 648.
(pdftex.def)             Requested size: 458.39076pt x 256.0748pt.
[21

]
File: FundoUFPR2.png Graphic file (type png)
<use FundoUFPR2.png>
Package pdftex.def Info: FundoUFPR2.png  used on input line 675.
(pdftex.def)             Requested size: 458.39076pt x 256.0748pt.
[22

]
<01-presentation_files/figure-beamer/mpplot-1.pdf, id=273, 282.05376pt x 159.59
625pt>
File: 01-presentation_files/figure-beamer/mpplot-1.pdf Graphic file (type pdf)
<use 01-presentation_files/figure-beamer/mpplot-1.pdf>
Package pdftex.def Info: 01-presentation_files/figure-beamer/mpplot-1.pdf  used
 on input line 690.
(pdftex.def)             Requested size: 282.05305pt x 159.59584pt.
File: FundoUFPR2.png Graphic file (type png)
<use FundoUFPR2.png>
Package pdftex.def Info: FundoUFPR2.png  used on input line 690.
(pdftex.def)             Requested size: 458.39076pt x 256.0748pt.
[23

 <./01-presentation_files/figure-beamer/mpplot-1.pdf>]
File: FundoUFPR2.png Graphic file (type png)
<use FundoUFPR2.png>
Package pdftex.def Info: FundoUFPR2.png  used on input line 716.
(pdftex.def)             Requested size: 458.39076pt x 256.0748pt.
[24

]
File: FundoUFPR2.png Graphic file (type png)
<use FundoUFPR2.png>
Package pdftex.def Info: FundoUFPR2.png  used on input line 745.
(pdftex.def)             Requested size: 458.39076pt x 256.0748pt.
[25

]
File: FundoUFPR2.png Graphic file (type png)
<use FundoUFPR2.png>
Package pdftex.def Info: FundoUFPR2.png  used on input line 776.
(pdftex.def)             Requested size: 458.39076pt x 256.0748pt.
[26

]
File: FundoUFPR2.png Graphic file (type png)
<use FundoUFPR2.png>
Package pdftex.def Info: FundoUFPR2.png  used on input line 808.
(pdftex.def)             Requested size: 458.39076pt x 256.0748pt.
[27

]
<01-presentation_files/figure-beamer/diagram.otic-1.pdf, id=324, 299.1175pt x 9
6.36pt>
File: 01-presentation_files/figure-beamer/diagram.otic-1.pdf Graphic file (type
 pdf)
<use 01-presentation_files/figure-beamer/diagram.otic-1.pdf>
Package pdftex.def Info: 01-presentation_files/figure-beamer/diagram.otic-1.pdf
  used on input line 825.
(pdftex.def)             Requested size: 299.11676pt x 96.35974pt.
File: FundoUFPR2.png Graphic file (type png)
<use FundoUFPR2.png>
Package pdftex.def Info: FundoUFPR2.png  used on input line 825.
(pdftex.def)             Requested size: 458.39076pt x 256.0748pt.
[28

 <./01-presentation_files/figure-beamer/diagram.otic-1.pdf>]
File: FundoUFPR2.png Graphic file (type png)
<use FundoUFPR2.png>
Package pdftex.def Info: FundoUFPR2.png  used on input line 865.
(pdftex.def)             Requested size: 458.39076pt x 256.0748pt.
[29

]
<01-presentation_files/figure-beamer/diagram.carac-1.pdf, id=353, 297.11pt x 13
2.495pt>
File: 01-presentation_files/figure-beamer/diagram.carac-1.pdf Graphic file (typ
e pdf)
<use 01-presentation_files/figure-beamer/diagram.carac-1.pdf>
Package pdftex.def Info: 01-presentation_files/figure-beamer/diagram.carac-1.pd
f  used on input line 882.
(pdftex.def)             Requested size: 297.10927pt x 132.49466pt.
File: FundoUFPR2.png Graphic file (type png)
<use FundoUFPR2.png>
Package pdftex.def Info: FundoUFPR2.png  used on input line 882.
(pdftex.def)             Requested size: 458.39076pt x 256.0748pt.
[30

 <./01-presentation_files/figure-beamer/diagram.carac-1.pdf>]
File: FundoUFPR2.png Graphic file (type png)
<use FundoUFPR2.png>
Package pdftex.def Info: FundoUFPR2.png  used on input line 912.
(pdftex.def)             Requested size: 458.39076pt x 256.0748pt.
[31

]
File: FundoUFPR2.png Graphic file (type png)
<use FundoUFPR2.png>
Package pdftex.def Info: FundoUFPR2.png  used on input line 946.
(pdftex.def)             Requested size: 458.39076pt x 256.0748pt.
[32

]
File: FundoUFPR2.png Graphic file (type png)
<use FundoUFPR2.png>
Package pdftex.def Info: FundoUFPR2.png  used on input line 979.
(pdftex.def)             Requested size: 458.39076pt x 256.0748pt.
[33

]
File: FundoUFPR2.png Graphic file (type png)
<use FundoUFPR2.png>
Package pdftex.def Info: FundoUFPR2.png  used on input line 1001.
(pdftex.def)             Requested size: 458.39076pt x 256.0748pt.
[34

]
File: FundoUFPR2.png Graphic file (type png)
<use FundoUFPR2.png>
Package pdftex.def Info: FundoUFPR2.png  used on input line 1031.
(pdftex.def)             Requested size: 458.39076pt x 256.0748pt.
[35

]
File: FundoUFPR2.png Graphic file (type png)
<use FundoUFPR2.png>
Package pdftex.def Info: FundoUFPR2.png  used on input line 1049.
(pdftex.def)             Requested size: 458.39076pt x 256.0748pt.
[36

]
<01-presentation_files/figure-beamer/spread.m.1994.2012-1.pdf, id=429, 209.7837
5pt x 120.45pt>
File: 01-presentation_files/figure-beamer/spread.m.1994.2012-1.pdf Graphic file
 (type pdf)
<use 01-presentation_files/figure-beamer/spread.m.1994.2012-1.pdf>
Package pdftex.def Info: 01-presentation_files/figure-beamer/spread.m.1994.2012
-1.pdf  used on input line 1064.
(pdftex.def)             Requested size: 209.78322pt x 120.44969pt.
File: FundoUFPR2.png Graphic file (type png)
<use FundoUFPR2.png>
Package pdftex.def Info: FundoUFPR2.png  used on input line 1064.
(pdftex.def)             Requested size: 458.39076pt x 256.0748pt.
[37

 <./01-presentation_files/figure-beamer/spread.m.1994.2012-1.pdf>]
File: FundoUFPR2.png Graphic file (type png)
<use FundoUFPR2.png>
Package pdftex.def Info: FundoUFPR2.png  used on input line 1096.
(pdftex.def)             Requested size: 458.39076pt x 256.0748pt.
[38

]
File: FundoUFPR2.png Graphic file (type png)
<use FundoUFPR2.png>
Package pdftex.def Info: FundoUFPR2.png  used on input line 1131.
(pdftex.def)             Requested size: 458.39076pt x 256.0748pt.
[39

]
<01-presentation_files/figure-beamer/spread.icc-1.pdf, id=460, 354.32375pt x 15
8.5925pt>
File: 01-presentation_files/figure-beamer/spread.icc-1.pdf Graphic file (type p
df)
<use 01-presentation_files/figure-beamer/spread.icc-1.pdf>
Package pdftex.def Info: 01-presentation_files/figure-beamer/spread.icc-1.pdf  
used on input line 1140.
(pdftex.def)             Requested size: 354.32288pt x 158.59209pt.
File: FundoUFPR2.png Graphic file (type png)
<use FundoUFPR2.png>
Package pdftex.def Info: FundoUFPR2.png  used on input line 1140.
(pdftex.def)             Requested size: 458.39076pt x 256.0748pt.
[40

 <./01-presentation_files/figure-beamer/spread.icc-1.pdf>]
<01-presentation_files/figure-beamer/spread.moct-1.pdf, id=474, 354.32375pt x 1
58.5925pt>
File: 01-presentation_files/figure-beamer/spread.moct-1.pdf Graphic file (type 
pdf)
<use 01-presentation_files/figure-beamer/spread.moct-1.pdf>
Package pdftex.def Info: 01-presentation_files/figure-beamer/spread.moct-1.pdf 
 used on input line 1149.
(pdftex.def)             Requested size: 354.32288pt x 158.59209pt.
File: FundoUFPR2.png Graphic file (type png)
<use FundoUFPR2.png>
Package pdftex.def Info: FundoUFPR2.png  used on input line 1149.
(pdftex.def)             Requested size: 458.39076pt x 256.0748pt.
[41

 <./01-presentation_files/figure-beamer/spread.moct-1.pdf>]
<01-presentation_files/figure-beamer/d.spread.dim-1.pdf, id=488, 148.555pt x 14
8.555pt>
File: 01-presentation_files/figure-beamer/d.spread.dim-1.pdf Graphic file (type
 pdf)
<use 01-presentation_files/figure-beamer/d.spread.dim-1.pdf>
Package pdftex.def Info: 01-presentation_files/figure-beamer/d.spread.dim-1.pdf
  used on input line 1172.
(pdftex.def)             Requested size: 148.55463pt x 148.55463pt.
File: FundoUFPR2.png Graphic file (type png)
<use FundoUFPR2.png>
Package pdftex.def Info: FundoUFPR2.png  used on input line 1172.
(pdftex.def)             Requested size: 458.39076pt x 256.0748pt.
[42

 <./01-presentation_files/figure-beamer/d.spread.dim-1.pdf>]
<01-presentation_files/figure-beamer/icc-1.pdf, id=506, 209.78375pt x 97.36375p
t>
File: 01-presentation_files/figure-beamer/icc-1.pdf Graphic file (type pdf)
<use 01-presentation_files/figure-beamer/icc-1.pdf>
Package pdftex.def Info: 01-presentation_files/figure-beamer/icc-1.pdf  used on
 input line 1195.
(pdftex.def)             Requested size: 209.78322pt x 97.3635pt.
File: FundoUFPR2.png Graphic file (type png)
<use FundoUFPR2.png>
Package pdftex.def Info: FundoUFPR2.png  used on input line 1195.
(pdftex.def)             Requested size: 458.39076pt x 256.0748pt.
[43

 <./01-presentation_files/figure-beamer/icc-1.pdf>]
File: FundoUFPR2.png Graphic file (type png)
<use FundoUFPR2.png>
Package pdftex.def Info: FundoUFPR2.png  used on input line 1220.
(pdftex.def)             Requested size: 458.39076pt x 256.0748pt.
[44

]
File: FundoUFPR2.png Graphic file (type png)
<use FundoUFPR2.png>
Package pdftex.def Info: FundoUFPR2.png  used on input line 1254.
(pdftex.def)             Requested size: 458.39076pt x 256.0748pt.
[45

]
File: FundoUFPR2.png Graphic file (type png)
<use FundoUFPR2.png>
Package pdftex.def Info: FundoUFPR2.png  used on input line 1280.
(pdftex.def)             Requested size: 458.39076pt x 256.0748pt.
[46

]
File: FundoUFPR2.png Graphic file (type png)
<use FundoUFPR2.png>
Package pdftex.def Info: FundoUFPR2.png  used on input line 1309.
(pdftex.def)             Requested size: 458.39076pt x 256.0748pt.
[47

]
File: FundoUFPR2.png Graphic file (type png)
<use FundoUFPR2.png>
Package pdftex.def Info: FundoUFPR2.png  used on input line 1341.
(pdftex.def)             Requested size: 458.39076pt x 256.0748pt.
[48

]
File: FundoUFPR2.png Graphic file (type png)
<use FundoUFPR2.png>
Package pdftex.def Info: FundoUFPR2.png  used on input line 1366.
(pdftex.def)             Requested size: 458.39076pt x 256.0748pt.
[49

]
File: FundoUFPR2.png Graphic file (type png)
<use FundoUFPR2.png>
Package pdftex.def Info: FundoUFPR2.png  used on input line 1402.
(pdftex.def)             Requested size: 458.39076pt x 256.0748pt.
[50

]
File: FundoUFPR2.png Graphic file (type png)
<use FundoUFPR2.png>
Package pdftex.def Info: FundoUFPR2.png  used on input line 1435.
(pdftex.def)             Requested size: 458.39076pt x 256.0748pt.
[51

]
File: FundoUFPR2.png Graphic file (type png)
<use FundoUFPR2.png>
Package pdftex.def Info: FundoUFPR2.png  used on input line 1464.
(pdftex.def)             Requested size: 458.39076pt x 256.0748pt.
[52

]
File: FundoUFPR2.png Graphic file (type png)
<use FundoUFPR2.png>
Package pdftex.def Info: FundoUFPR2.png  used on input line 1493.
(pdftex.def)             Requested size: 458.39076pt x 256.0748pt.
[53

]
File: FundoUFPR2.png Graphic file (type png)
<use FundoUFPR2.png>
Package pdftex.def Info: FundoUFPR2.png  used on input line 1520.
(pdftex.def)             Requested size: 458.39076pt x 256.0748pt.
[54

]
Overfull \vbox (0.9789pt too high) detected at line 1553
 []

File: FundoUFPR2.png Graphic file (type png)
<use FundoUFPR2.png>
Package pdftex.def Info: FundoUFPR2.png  used on input line 1553.
(pdftex.def)             Requested size: 458.39076pt x 256.0748pt.
[55

]
File: FundoUFPR2.png Graphic file (type png)
<use FundoUFPR2.png>
Package pdftex.def Info: FundoUFPR2.png  used on input line 1576.
(pdftex.def)             Requested size: 458.39076pt x 256.0748pt.
[56

]
\openout4 = `01-presentation.vrb'.

(./01-presentation.vrb
LaTeX Font Info:    Font shape `T1/phv/b/it' in size <10.95> not available
(Font)              Font shape `T1/phv/b/sl' tried instead on input line 9.
LaTeX Font Info:    Trying to load font information for T1+lmtt on input line 1
3.
(/Users/jacksontorres/Library/TinyTeX/texmf-dist/tex/latex/lm/t1lmtt.fd
File: t1lmtt.fd 2009/10/30 v1.6 Font defs for Latin Modern
)
LaTeX Font Info:    Font shape `T1/phv/b/it' in size <10> not available
(Font)              Font shape `T1/phv/b/sl' tried instead on input line 32.
)
File: FundoUFPR2.png Graphic file (type png)
<use FundoUFPR2.png>
Package pdftex.def Info: FundoUFPR2.png  used on input line 1615.
(pdftex.def)             Requested size: 458.39076pt x 256.0748pt.
[57

]
File: FundoUFPR2.png Graphic file (type png)
<use FundoUFPR2.png>
Package pdftex.def Info: FundoUFPR2.png  used on input line 1649.
(pdftex.def)             Requested size: 458.39076pt x 256.0748pt.
[58

]
File: FundoUFPR2.png Graphic file (type png)
<use FundoUFPR2.png>
Package pdftex.def Info: FundoUFPR2.png  used on input line 1691.
(pdftex.def)             Requested size: 458.39076pt x 256.0748pt.
[59

]
File: FundoUFPR2.png Graphic file (type png)
<use FundoUFPR2.png>
Package pdftex.def Info: FundoUFPR2.png  used on input line 1726.
(pdftex.def)             Requested size: 458.39076pt x 256.0748pt.
[60

]
File: FundoUFPR2.png Graphic file (type png)
<use FundoUFPR2.png>
Package pdftex.def Info: FundoUFPR2.png  used on input line 1755.
(pdftex.def)             Requested size: 458.39076pt x 256.0748pt.
[61

]
File: FundoUFPR2.png Graphic file (type png)
<use FundoUFPR2.png>
Package pdftex.def Info: FundoUFPR2.png  used on input line 1777.
(pdftex.def)             Requested size: 458.39076pt x 256.0748pt.
[62

]
File: FundoUFPR2.png Graphic file (type png)
<use FundoUFPR2.png>
Package pdftex.def Info: FundoUFPR2.png  used on input line 1807.
(pdftex.def)             Requested size: 458.39076pt x 256.0748pt.
[63

]
File: FundoUFPR2.png Graphic file (type png)
<use FundoUFPR2.png>
Package pdftex.def Info: FundoUFPR2.png  used on input line 1832.
(pdftex.def)             Requested size: 458.39076pt x 256.0748pt.
[64

]
<~/Desktop/04-DISSERTATION/18-presentation/00-hipoteses-1.png, id=669, 455.301p
t x 256.0767pt>
File: ~/Desktop/04-DISSERTATION/18-presentation/00-hipoteses-1.png Graphic file
 (type png)
<use ~/Desktop/04-DISSERTATION/18-presentation/00-hipoteses-1.png>
Package pdftex.def Info: ~/Desktop/04-DISSERTATION/18-presentation/00-hipoteses
-1.png  used on input line 1847.
(pdftex.def)             Requested size: 338.59023pt x 190.43939pt.
File: FundoUFPR2.png Graphic file (type png)
<use FundoUFPR2.png>
Package pdftex.def Info: FundoUFPR2.png  used on input line 1847.
(pdftex.def)             Requested size: 458.39076pt x 256.0748pt.
[65

 </Users/jacksontorres/Desktop/04-DISSERTATION/18-presentation/00-hipoteses-1.p
ng>]
<~/Desktop/04-DISSERTATION/18-presentation/00-hipoteses-2.png, id=677, 455.301p
t x 256.0767pt>
File: ~/Desktop/04-DISSERTATION/18-presentation/00-hipoteses-2.png Graphic file
 (type png)
<use ~/Desktop/04-DISSERTATION/18-presentation/00-hipoteses-2.png>
Package pdftex.def Info: ~/Desktop/04-DISSERTATION/18-presentation/00-hipoteses
-2.png  used on input line 1862.
(pdftex.def)             Requested size: 338.59023pt x 190.43939pt.
File: FundoUFPR2.png Graphic file (type png)
<use FundoUFPR2.png>
Package pdftex.def Info: FundoUFPR2.png  used on input line 1862.
(pdftex.def)             Requested size: 458.39076pt x 256.0748pt.
[66

 </Users/jacksontorres/Desktop/04-DISSERTATION/18-presentation/00-hipoteses-2.p
ng>]
<~/Desktop/04-DISSERTATION/18-presentation/00-hipoteses-3.png, id=685, 455.301p
t x 256.0767pt>
File: ~/Desktop/04-DISSERTATION/18-presentation/00-hipoteses-3.png Graphic file
 (type png)
<use ~/Desktop/04-DISSERTATION/18-presentation/00-hipoteses-3.png>
Package pdftex.def Info: ~/Desktop/04-DISSERTATION/18-presentation/00-hipoteses
-3.png  used on input line 1877.
(pdftex.def)             Requested size: 338.59023pt x 190.43939pt.
File: FundoUFPR2.png Graphic file (type png)
<use FundoUFPR2.png>
Package pdftex.def Info: FundoUFPR2.png  used on input line 1877.
(pdftex.def)             Requested size: 458.39076pt x 256.0748pt.
[67

 </Users/jacksontorres/Desktop/04-DISSERTATION/18-presentation/00-hipoteses-3.p
ng>]
<~/Desktop/04-DISSERTATION/12-exportedfigures/data.table.png, id=695, 139.2402p
t x 117.3183pt>
File: ~/Desktop/04-DISSERTATION/12-exportedfigures/data.table.png Graphic file 
(type png)
<use ~/Desktop/04-DISSERTATION/12-exportedfigures/data.table.png>
Package pdftex.def Info: ~/Desktop/04-DISSERTATION/12-exportedfigures/data.tabl
e.png  used on input line 1899.
(pdftex.def)             Requested size: 278.83578pt x 234.97076pt.

Overfull \vbox (60.53835pt too high) detected at line 1899
 []

File: FundoUFPR2.png Graphic file (type png)
<use FundoUFPR2.png>
Package pdftex.def Info: FundoUFPR2.png  used on input line 1899.
(pdftex.def)             Requested size: 458.39076pt x 256.0748pt.
[68

 </Users/jacksontorres/Desktop/04-DISSERTATION/12-exportedfigures/data.table.pn
g>]
Overfull \vbox (881.68755pt too high) detected at line 2034
 []

File: FundoUFPR2.png Graphic file (type png)
<use FundoUFPR2.png>
Package pdftex.def Info: FundoUFPR2.png  used on input line 2034.
(pdftex.def)             Requested size: 458.39076pt x 256.0748pt.
[69

]
\tf@nav=\write8
\openout8 = `01-presentation.nav'.

\tf@toc=\write9
\openout9 = `01-presentation.toc'.

\tf@snm=\write10
\openout10 = `01-presentation.snm'.

(./01-presentation.aux)
Package rerunfilecheck Info: File `01-presentation.out' has not changed.
(rerunfilecheck)             Checksum: D41D8CD98F00B204E9800998ECF8427E;0.
Package logreq Info: Writing requests to '01-presentation.run.xml'.
\openout1 = `01-presentation.run.xml'.

 ) 
Here is how much of TeX's memory you used:
 36155 strings out of 480963
 702580 string characters out of 5905705
 1490608 words of memory out of 5000000
 52102 multiletter control sequences out of 15000+600000
 479842 words of font info for 217 fonts, out of 8000000 for 9000
 16 hyphenation exceptions out of 8191
 112i,11n,116p,748b,4103s stack positions out of 5000i,500n,10000p,200000b,80000s
{/Users/jacksontorres/Library/TinyTeX/texmf-dist/fonts/enc/dvips/lm/lm-ec.enc
}{/Users/jacksontorres/Library/TinyTeX/texmf-dist/fonts/enc/dvips/base/8r.enc}{
/Users/jacksontorres/Library/TinyTeX/texmf-dist/fonts/enc/dvips/lm/lm-mathit.en
c}{/Users/jacksontorres/Library/TinyTeX/texmf-dist/fonts/enc/dvips/lm/lm-mathsy
.enc}{/Users/jacksontorres/Library/TinyTeX/texmf-dist/fonts/enc/dvips/lm/lm-rm.
enc}{/Users/jacksontorres/Library/TinyTeX/texmf-dist/fonts/enc/dvips/lm/lm-math
ex.enc}</Users/jacksontorres/Library/TinyTeX/texmf-dist/fonts/type1/public/lm/l
mex10.pfb></Users/jacksontorres/Library/TinyTeX/texmf-dist/fonts/type1/public/l
m/lmmi10.pfb></Users/jacksontorres/Library/TinyTeX/texmf-dist/fonts/type1/publi
c/lm/lmmi6.pfb></Users/jacksontorres/Library/TinyTeX/texmf-dist/fonts/type1/pub
lic/lm/lmmi7.pfb></Users/jacksontorres/Library/TinyTeX/texmf-dist/fonts/type1/p
ublic/lm/lmmi8.pfb></Users/jacksontorres/Library/TinyTeX/texmf-dist/fonts/type1
/public/lm/lmr10.pfb></Users/jacksontorres/Library/TinyTeX/texmf-dist/fonts/typ
e1/public/lm/lmr8.pfb></Users/jacksontorres/Library/TinyTeX/texmf-dist/fonts/ty
pe1/public/lm/lmsy10.pfb></Users/jacksontorres/Library/TinyTeX/texmf-dist/fonts
/type1/public/lm/lmsy8.pfb></Users/jacksontorres/Library/TinyTeX/texmf-dist/fon
ts/type1/public/lm/lmtt10.pfb></Users/jacksontorres/Library/TinyTeX/texmf-dist/
fonts/type1/public/amsfonts/symbols/msam10.pfb></Users/jacksontorres/Library/Ti
nyTeX/texmf-dist/fonts/type1/urw/helvetic/uhvb8a.pfb></Users/jacksontorres/Libr
ary/TinyTeX/texmf-dist/fonts/type1/urw/helvetic/uhvbo8a.pfb></Users/jacksontorr
es/Library/TinyTeX/texmf-dist/fonts/type1/urw/helvetic/uhvr8a.pfb></Users/jacks
ontorres/Library/TinyTeX/texmf-dist/fonts/type1/urw/helvetic/uhvro8a.pfb>
Output written on 01-presentation.pdf (69 pages, 692602 bytes).
PDF statistics:
 840 PDF objects out of 1000 (max. 8388607)
 681 compressed objects within 7 object streams
 238 named destinations out of 1000 (max. 500000)
 65684 words of extra memory for PDF output out of 74296 (max. 10000000)

